9.91e-07 0
0.100313 0
0.200406 0
0.300817 0
0.40102 0
0.501109 0
0.602347 0
0.702952 0
0.803199 0
0.90358 0
1.00368 0
1.10377 0
1.20388 0
1.30398 0
1.40435 0
1.50473 0
1.60484 0
1.70497 0
1.80508 0
1.90515 0
2.00524 1
2.10533 1
2.2054 1
2.30547 1
2.40558 1
2.50569 1
2.60581 1
2.70588 1
2.80598 1
2.90609 1
3.00618 2
3.10626 2
3.20639 2
3.30647 2
3.4066 2
3.5067 2
3.60679 2
3.7069 2
3.807 2
3.90711 2
4.00719 3
4.10726 3
4.20735 3
4.30743 3
4.40751 3
4.50762 3
4.60772 3
4.70781 3
4.80791 3
4.90799 3
5.00808 4
5.10816 4
5.20826 4
5.3084 4
5.40851 4
5.50863 4
5.60874 4
5.70884 4
5.80893 4
5.90902 4
6.0091 5
6.1092 5
6.20929 5
6.30939 5
6.40948 5
6.50957 5
6.60966 5
6.70975 5
6.80984 5
6.90993 5
7.01001 6
7.1101 6
7.21018 6
7.31027 6
7.41036 6
7.51044 6
7.61052 6
7.71061 6
7.81069 6
7.91078 6
8.01086 7
8.11095 7
8.21103 7
8.31113 7
8.41123 7
8.51133 7
8.61143 7
8.71152 7
8.81159 7
8.91167 7
9.01175 8
9.11184 8
9.21194 8
9.31203 8
9.41212 8
9.5122 8
9.61229 8
9.71239 8
9.81246 8
9.91255 8
10.0126 9
10.1127 9
10.2128 9
10.3134 9
10.4135 9
10.5137 9
10.6138 9
10.7146 9
10.8149 9
10.9156 9
11.0157 10
11.1157 10
11.2158 10
11.3159 10
11.416 10
11.5161 10
11.6162 10
11.7163 10
11.8167 10
11.9168 10
12.017 10
12.117 10
12.2171 10
12.3172 10
12.4173 10
12.5174 10
12.6175 10
12.7176 10
12.8177 10
12.9177 10
13.0178 9
13.1179 9
13.218 9
13.3181 9
13.4182 9
13.5183 9
13.6184 9
13.7185 9
13.8186 9
13.9187 9
14.0188 8
14.1189 8
14.219 8
14.3191 8
14.4191 8
14.5192 8
14.6193 8
14.7194 8
14.8195 8
14.9196 8
15.0197 7
15.1197 7
15.2198 7
15.3199 7
15.42 7
15.52 7
15.6201 7
15.7202 7
15.8203 7
15.9204 7
16.0205 6
16.1205 6
16.2206 6
16.3208 6
16.4209 6
16.5209 6
16.621 6
16.7212 6
16.8212 6
16.9213 6
17.0214 5
17.1215 5
17.2216 5
17.3217 5
17.4217 5
17.5218 5
17.6219 5
17.722 5
17.8221 5
17.9222 5
18.0223 4
18.1223 4
18.2224 4
18.3225 4
18.4226 4
18.5226 4
18.6227 4
18.7228 4
18.8229 4
18.9229 4
19.023 3
19.1231 3
19.2232 3
19.3232 3
19.4233 3
19.5234 3
19.6235 3
19.7236 3
19.8236 3
19.9237 3
20.0238 2
20.1239 2
20.2239 2
20.324 2
20.4241 2
20.5245 2
20.6248 2
20.725 2
20.8255 2
20.9255 2
21.0256 1
21.1257 1
21.2258 1
21.3259 1
21.426 1
21.5261 1
21.6262 1
21.7264 1
21.8265 1
21.9266 1
22.0267 1
22.1268 1
22.2269 1
22.327 1
22.4271 1
22.5272 1
22.6272 1
22.7273 1
22.8274 1
22.9275 1
23.0275 1
23.1276 1
23.2277 1
23.3277 1
23.4278 1
23.5279 1
23.628 1
23.7281 1
23.8282 1
23.9283 1
24.0284 1
24.1284 1
24.2285 1
24.3286 1
24.4287 1
24.5288 1
24.6289 1
24.7289 1
24.829 1
24.9291 1
25.0292 1
25.1293 1
25.2293 1
25.3294 1
25.4295 1
25.5296 1
25.6297 1
25.7298 1
25.8299 1
25.93 1
26.0301 2
26.1302 2
26.2302 2
26.3303 2
26.4304 2
26.5305 2
26.6306 2
26.7307 2
26.8307 2
26.9308 2
27.0309 3
27.131 3
27.231 3
27.3311 3
27.4312 3
27.5313 3
27.6313 3
27.7314 3
27.8315 3
27.9315 3
28.0316 4
28.1317 4
28.2318 4
28.3319 4
28.4319 4
28.532 4
28.6321 4
28.7322 4
28.8323 4
28.9324 4
29.0324 5
29.1325 5
29.2326 5
29.3327 5
29.4328 5
29.5329 5
29.6329 5
29.733 5
29.8331 5
29.9332 5
30.0333 6
30.1333 6
30.2334 6
30.3335 6
30.4336 6
30.5337 6
30.6338 6
30.734 6
30.8341 6
30.9342 6
31.0343 7
31.1353 7
31.2363 7
31.3365 7
31.4366 7
31.5367 7
31.6367 7
31.7368 7
31.837 7
31.9371 7
32.0372 8
32.1373 8
32.2374 8
32.3375 8
32.4376 8
32.5377 8
32.6378 8
32.7378 8
32.8379 8
32.938 8
33.0381 9
33.1381 9
33.2382 9
33.3383 9
33.4384 9
33.5385 9
33.6385 9
33.7386 9
33.8387 9
33.9388 9
34.0388 10
34.1389 10
34.239 10
34.3391 10
34.4392 10
34.5393 10
34.6394 10
34.7394 10
34.8395 10
34.9396 10
35.0397 10
35.1398 10
35.2399 10
35.34 10
35.44 10
35.5401 10
35.6402 10
35.7403 10
35.8403 10
35.9404 10
36.0405 9
36.1406 9
36.2407 9
36.3408 9
36.4409 9
36.5409 9
36.641 9
36.7411 9
36.8412 9
36.9412 9
37.0414 8
37.1415 8
37.2416 8
37.3417 8
37.4418 8
37.5419 8
37.642 8
37.742 8
37.8421 8
37.9422 8
38.0423 7
38.1423 7
38.2424 7
38.3425 7
38.4426 7
38.5427 7
38.6427 7
38.7428 7
38.8429 7
38.943 7
39.043 6
39.1431 6
39.2432 6
39.3433 6
39.4434 6
39.5434 6
39.6435 6
39.7436 6
39.8437 6
39.9438 6
40.0439 5
40.1439 5
40.244 5
40.3441 5
40.4442 5
40.5443 5
40.6443 5
40.7444 5
40.8445 5
40.945 5
41.0451 4
41.1452 4
41.2457 4
41.3458 4
41.4459 4
41.546 4
41.6461 4
41.7462 4
41.8462 4
41.9463 4
42.0464 3
42.1465 3
42.2466 3
42.3467 3
42.4469 3
42.547 3
42.6471 3
42.7472 3
42.8474 3
42.9475 3
43.0476 2
43.1477 2
43.2477 2
43.3478 2
43.4479 2
43.548 2
43.6481 2
43.7481 2
43.8482 2
43.9483 2
44.0484 1
44.1485 1
44.2486 1
44.3487 1
44.4487 1
44.5488 1
44.6489 1
44.749 1
44.8491 1
44.9492 1
45.0493 1
45.1494 1
45.2495 1
45.3496 1
45.4497 1
45.5498 1
45.6499 1
45.75 1
45.8501 1
45.9502 1
46.0503 1
46.1504 1
46.2505 1
46.3505 1
46.4506 1
46.5507 1
46.6509 1
46.751 1
46.8511 1
46.9511 1
47.0512 1
47.1513 1
47.2514 1
47.3515 1
47.4516 1
47.5516 1
47.6517 1
47.7518 1
47.8519 1
47.9519 1
48.052 1
48.1521 1
48.2522 1
48.3523 1
48.4523 1
48.5525 1
48.6526 1
48.7527 1
48.8528 1
48.9528 1
49.0529 1
49.153 1
49.2531 1
49.3532 1
49.4532 1
49.5533 1
49.6534 1
49.7535 1
49.8536 1
49.9537 1
50.0538 2
50.1539 2
50.2539 2
50.354 2
50.4541 2
50.5542 2
50.6542 2
50.7543 2
50.8544 2
50.9545 2
51.0546 3
51.1546 3
51.2548 3
51.3549 3
51.455 3
51.555 3
51.6551 3
51.7575 3
51.8576 3
51.9581 3
52.0582 4
52.1587 4
52.2587 4
52.3595 4
52.4596 4
52.5597 4
52.6598 4
52.76 4
52.8601 4
52.9602 4
53.0602 5
53.1603 5
53.2604 5
53.3605 5
53.4606 5
53.5607 5
53.6608 5
53.7608 5
53.8609 5
53.961 5
54.0611 6
54.1611 6
54.2612 6
54.3613 6
54.4614 6
54.5615 6
54.6616 6
54.7617 6
54.8618 6
54.9618 6
55.0619 7
55.162 7
55.2621 7
55.3622 7
55.4622 7
55.5623 7
55.6624 7
55.7625 7
55.8626 7
55.9626 7
56.0627 8
56.1628 8
56.2629 8
56.363 8
56.4631 8
56.5632 8
56.6633 8
56.7633 8
56.8634 8
56.9635 8
57.0636 9
57.1637 9
57.2638 9
57.3638 9
57.4639 9
57.564 9
57.6641 9
57.7641 9
57.8642 9
57.9643 9
58.0644 10
58.1645 10
58.2646 10
58.3647 10
58.4647 10
58.5648 10
58.6649 10
58.765 10
58.8651 10
58.9652 10
59.0653 10
59.1654 10
59.2655 10
59.3655 10
59.4656 10
59.5657 10
59.6658 10
59.7658 10
