8.22e-07 0
0.100711 0
0.200815 0
0.300903 0
0.400991 0
0.501069 0
0.601141 0
0.701212 0
0.801282 0
0.901351 0
1.00142 1
1.10149 1
1.20156 1
1.30163 1
1.40172 1
1.50179 1
1.60188 1
1.70194 1
1.80202 1
1.90211 1
2.00224 2
2.10233 2
2.20242 2
2.30251 2
2.40258 2
2.5027 2
2.60281 2
2.70288 2
2.80296 2
2.90305 2
3.00317 3
3.10327 3
3.20335 3
3.30343 3
3.40353 3
3.50361 3
3.60372 3
3.70384 3
3.80397 3
3.90408 3
4.00415 4
4.10423 4
4.20432 4
4.30443 4
4.40451 4
4.50459 4
4.60467 4
4.70474 4
4.80488 4
4.905 4
5.00513 5
5.10588 5
5.20599 5
5.30611 5
5.40625 5
5.50634 5
5.60649 5
5.70668 5
5.80678 5
5.9069 5
6.00721 6
6.10737 6
6.20744 6
6.30761 6
6.40846 6
6.50857 6
6.60868 6
6.70879 6
6.80889 6
6.90899 6
7.00907 7
7.10915 7
7.20923 7
7.30931 7
7.40939 7
7.50946 7
7.60954 7
7.70962 7
7.80969 7
7.90979 7
8.0099 8
8.10999 8
8.21007 8
8.31016 8
8.41026 8
8.51037 8
8.61045 8
8.71055 8
8.81063 8
8.91071 8
9.01078 9
9.11085 9
9.21092 9
9.31101 9
9.41113 9
9.51125 9
9.61134 9
9.71142 9
9.8115 9
9.91158 9
10.0117 10
10.1117 10
10.2118 10
10.3119 10
10.412 10
10.512 10
10.6121 10
10.7122 10
10.8123 10
10.9124 10
11.0125 11
11.1126 11
11.2127 11
11.3128 11
11.4129 11
11.5129 11
11.6131 11
11.7132 11
11.8132 11
11.9133 11
12.0134 10
12.1135 10
12.2136 10
12.3137 10
12.4138 10
12.5138 10
12.6139 10
12.714 10
12.8141 10
12.9142 10
13.0143 9
13.1144 9
13.2145 9
13.3146 9
13.4147 9
13.5148 9
13.6149 9
13.715 9
13.815 9
13.9151 9
14.0152 8
14.1153 8
14.2153 8
14.3154 8
14.4155 8
14.5156 8
14.6157 8
14.7157 8
14.8158 8
14.9159 8
15.0159 7
15.116 7
15.2161 7
15.3162 7
15.4166 7
15.5167 7
15.6168 7
15.717 7
15.8171 7
15.9172 7
16.0173 6
16.1187 6
16.2188 6
16.3189 6
16.4189 6
16.519 6
16.6197 6
16.7198 6
16.82 6
16.9201 6
17.0202 5
17.1203 5
17.2204 5
17.3205 5
17.4206 5
17.5206 5
17.6207 5
17.7208 5
17.8209 5
17.921 5
18.021 4
18.1211 4
18.2212 4
18.3213 4
18.4214 4
18.5214 4
18.6215 4
18.7216 4
18.8218 4
18.9218 4
19.0219 3
19.122 3
19.2221 3
19.3222 3
19.4223 3
19.5223 3
19.6224 3
19.7225 3
19.8226 3
19.9226 3
20.0227 2
20.1228 2
20.2229 2
20.3229 2
20.423 2
20.5231 2
20.6232 2
20.7233 2
20.8234 2
20.9235 2
21.0236 1
21.1237 1
21.2238 1
21.3238 1
21.4239 1
21.524 1
21.6241 1
21.7242 1
21.8243 1
21.9244 1
22.0245 1
22.1246 1
22.2247 1
22.3248 1
22.4248 1
22.5249 1
22.625 1
22.7251 1
22.8252 1
22.9252 1
23.0253 1
23.1254 1
23.2255 1
23.3256 1
23.4257 1
23.5259 1
23.626 1
23.7261 1
23.8262 1
23.9263 1
24.0264 2
24.1264 2
24.2265 2
24.3266 2
24.4267 2
24.5267 2
24.6268 2
24.7269 2
24.827 2
24.927 2
25.0271 3
25.1272 3
25.2273 3
25.3274 3
25.4274 3
25.5275 3
25.6276 3
25.7276 3
25.8279 3
25.9285 3
26.0286 4
26.1287 4
26.2296 4
26.3297 4
26.4298 4
26.5299 4
26.63 4
26.7301 4
26.8303 4
26.9304 4
27.0304 5
27.1305 5
27.2306 5
27.3308 5
27.4309 5
27.531 5
27.631 5
27.7311 5
27.8312 5
27.9313 5
28.0314 6
28.1315 6
28.2315 6
28.3316 6
28.4317 6
28.5318 6
28.6319 6
28.732 6
28.8321 6
28.9321 6
29.0322 7
29.1323 7
29.2324 7
29.3324 7
29.4325 7
29.5326 7
29.6327 7
29.7328 7
29.8329 7
29.9329 7
30.033 8
30.1331 8
30.2332 8
30.3333 8
30.4333 8
30.5334 8
30.6335 8
30.7336 8
30.8337 8
30.9338 8
31.0338 9
31.1339 9
31.234 9
31.3341 9
31.4342 9
31.5343 9
31.6344 9
31.7345 9
31.8345 9
31.9346 9
32.0347 10
32.1348 10
32.2349 10
32.335 10
32.4351 10
32.5352 10
32.6353 10
32.7355 10
32.8356 10
32.9357 10
33.0357 11
33.1358 11
33.2359 11
33.336 11
33.436 11
33.5361 11
33.6362 11
33.7363 11
33.8364 11
33.9365 11
34.0366 10
34.1367 10
34.2368 10
34.3369 10
34.437 10
34.5371 10
34.6372 10
34.7373 10
34.8373 10
34.9374 10
35.0375 9
35.1376 9
35.2377 9
35.3378 9
35.4379 9
35.538 9
35.6381 9
35.7381 9
35.8388 9
35.9392 9
36.0393 8
36.1394 8
36.2395 8
36.3397 8
36.4398 8
36.54 8
36.6402 8
36.7403 8
36.8406 8
36.9407 8
37.0408 7
37.1409 7
37.241 7
37.3411 7
37.4413 7
37.5414 7
37.6415 7
37.7416 7
37.8417 7
37.9417 7
38.0418 6
38.1419 6
38.242 6
38.342 6
38.4421 6
38.5422 6
38.6423 6
38.7423 6
38.8424 6
38.9425 6
39.0426 5
39.1427 5
39.2428 5
39.3429 5
39.443 5
39.543 5
39.6431 5
39.7432 5
39.8433 5
39.9434 5
40.0435 4
40.1436 4
40.2437 4
40.3437 4
40.4438 4
40.5439 4
40.644 4
40.744 4
40.8441 4
40.9442 4
41.0443 3
41.1444 3
41.2444 3
41.3445 3
41.4446 3
41.5447 3
41.6448 3
41.7448 3
41.8449 3
41.945 3
42.0451 2
42.1451 2
42.2452 2
42.3453 2
42.4454 2
42.5455 2
42.6455 2
42.7456 2
42.8457 2
42.9458 2
43.0458 1
43.1459 1
43.246 1
43.3461 1
43.4461 1
43.5462 1
43.6463 1
43.7464 1
43.8465 1
43.9465 1
44.0466 1
44.1467 1
44.2468 1
44.3469 1
44.4469 1
44.547 1
44.6471 1
44.7472 1
44.8472 1
44.9473 1
45.0474 1
45.1475 1
45.2476 1
45.3477 1
45.4477 1
45.5478 1
45.6479 1
45.748 1
45.8481 1
45.9481 1
46.0483 2
46.1484 2
46.2485 2
46.3487 2
46.4488 2
46.5498 2
46.6501 2
46.7502 2
46.8509 2
46.9514 2
47.0523 3
47.1526 3
47.2527 3
47.3529 3
47.453 3
47.5531 3
47.6533 3
47.7534 3
47.8535 3
47.9536 3
48.0536 4
48.1538 4
48.2539 4
48.354 4
48.4541 4
48.5541 4
48.6542 4
48.7543 4
48.8544 4
48.9544 4
49.0545 5
49.1546 5
49.2546 5
49.3547 5
49.4548 5
49.5549 5
49.6549 5
49.755 5
49.8551 5
49.9552 5
50.0552 6
50.1553 6
50.2554 6
50.3554 6
50.4555 6
50.5556 6
50.6556 6
50.7557 6
50.8558 6
50.9559 6
51.056 7
51.1561 7
51.2561 7
51.3562 7
51.4563 7
51.5564 7
51.6564 7
51.7565 7
51.8566 7
51.9567 7
52.0568 8
52.157 8
52.257 8
52.3571 8
52.4572 8
52.5573 8
52.6574 8
52.7575 8
52.8576 8
52.9577 8
53.0578 9
53.1579 9
53.2579 9
53.358 9
53.4581 9
53.5582 9
53.6583 9
53.7583 9
53.8584 9
53.9585 9
54.0586 10
54.1586 10
54.2587 10
54.3588 10
54.4589 10
54.5589 10
54.659 10
54.7591 10
54.8592 10
54.9592 10
55.0593 11
55.1594 11
55.2595 11
55.3595 11
55.4596 11
55.5597 11
55.6598 11
55.7598 11
