2.234e-06 0
0.100612 0
0.2007 0
0.30078 0
0.400842 0
0.500936 0
0.601015 0
0.701116 0
0.801201 0
0.90128 0
1.00136 0
1.10143 0
1.20151 0
1.3016 0
1.40169 0
1.50177 0
1.60185 0
1.70192 0
1.80199 0
1.90206 0
2.00215 1
2.10223 1
2.20231 1
2.30238 1
2.40245 1
2.50253 1
2.60263 1
2.70271 1
2.80282 1
2.9029 1
3.00297 2
3.10304 2
3.20313 2
3.3032 2
3.40327 2
3.50335 2
3.60343 2
3.70351 2
3.80358 2
3.90365 2
4.00374 3
4.10382 3
4.2039 3
4.30398 3
4.40405 3
4.50414 3
4.60422 3
4.70429 3
4.80438 3
4.90446 3
5.00454 4
5.10461 4
5.20467 4
5.30476 4
5.40484 4
5.50491 4
5.60499 4
5.70507 4
5.80515 4
5.90542 4
6.00553 5
6.10561 5
6.20569 5
6.30576 5
6.40584 5
6.50594 5
6.60603 5
6.7061 5
6.80617 5
6.90756 5
7.00798 6
7.10817 6
7.20828 6
7.30858 6
7.40897 6
7.50907 6
7.60919 6
7.70928 6
7.80936 6
7.90946 6
8.00956 7
8.10966 7
8.20977 7
8.30985 7
8.40992 7
8.51 7
8.61008 7
8.71015 7
8.81023 7
8.91031 7
9.01039 8
9.11046 8
9.21054 8
9.31062 8
9.4107 8
9.51078 8
9.61086 8
9.71094 8
9.81101 8
9.91111 8
10.0112 9
10.1113 9
10.2114 9
10.3114 9
10.4115 9
10.5116 9
10.6117 9
10.7117 9
10.8118 9
10.9119 9
11.012 10
11.1121 10
11.2121 10
11.3122 10
11.4123 10
11.5124 10
11.6125 10
11.7126 10
11.8126 10
11.9127 10
12.0128 10
12.1129 10
12.213 10
12.3131 10
12.4131 10
12.5132 10
12.6133 10
12.7134 10
12.8135 10
12.9135 10
13.0136 9
13.1137 9
13.2138 9
13.3139 9
13.4139 9
13.514 9
13.6141 9
13.7142 9
13.8143 9
13.9143 9
14.0144 8
14.1145 8
14.2146 8
14.3147 8
14.4147 8
14.5148 8
14.6149 8
14.715 8
14.815 8
14.9151 8
15.0152 7
15.1153 7
15.2154 7
15.3155 7
15.4155 7
15.5156 7
15.6157 7
15.7158 7
15.8159 7
15.9159 7
16.016 6
16.1161 6
16.2162 6
16.3163 6
16.4164 6
16.5167 6
16.6168 6
16.7169 6
16.8171 6
16.9172 6
17.0172 5
17.1173 5
17.2175 5
17.3176 5
17.4177 5
17.5182 5
17.6184 5
17.7184 5
17.8185 5
17.9186 5
18.0187 4
18.1187 4
18.2188 4
18.3189 4
18.4189 4
18.519 4
18.6191 4
18.7192 4
18.8192 4
18.9193 4
19.0194 3
19.1195 3
19.2196 3
19.3196 3
19.4197 3
19.5198 3
19.6199 3
19.72 3
19.82 3
19.9201 3
20.0202 2
20.1203 2
20.2203 2
20.3204 2
20.4205 2
20.5206 2
20.6207 2
20.7208 2
20.8208 2
20.9209 2
21.021 1
21.1211 1
21.2211 1
21.3212 1
21.4213 1
21.5214 1
21.6215 1
21.7215 1
21.8216 1
21.9217 1
22.0218 1
22.1218 1
22.2219 1
22.322 1
22.422 1
22.5221 1
22.6222 1
22.7223 1
22.8224 1
22.9225 1
23.0226 1
23.1227 1
23.2227 1
23.3228 1
23.4229 1
23.523 1
23.623 1
23.7231 1
23.8232 1
23.9233 1
24.0234 1
24.1234 1
24.2235 1
24.3236 1
24.4237 1
24.5237 1
24.6238 1
24.7239 1
24.824 1
24.9241 1
25.0241 1
25.1242 1
25.2243 1
25.3244 1
25.4245 1
25.5245 1
25.6246 1
25.7247 1
25.8248 1
25.9248 1
26.0249 2
26.125 2
26.2251 2
26.3251 2
26.4252 2
26.5253 2
26.6257 2
26.7258 2
26.8259 2
26.9262 2
27.0263 3
27.1264 3
27.2265 3
27.327 3
27.4271 3
27.5278 3
27.6279 3
27.728 3
27.8281 3
27.9282 3
28.0282 4
28.1283 4
28.2284 4
28.3285 4
28.4286 4
28.5287 4
28.6288 4
28.7289 4
28.8289 4
28.929 4
29.0291 5
29.1292 5
29.2293 5
29.3294 5
29.4294 5
29.5295 5
29.6296 5
29.7297 5
29.8298 5
29.9299 5
30.03 6
30.1301 6
30.2301 6
30.3302 6
30.4303 6
30.5304 6
30.6305 6
30.7306 6
30.8307 6
30.9307 6
31.0308 7
31.1309 7
31.231 7
31.331 7
31.4311 7
31.5312 7
31.6313 7
31.7313 7
31.8314 7
31.9315 7
32.0316 8
32.1317 8
32.2318 8
32.3319 8
32.432 8
32.532 8
32.6321 8
32.7322 8
32.8323 8
32.9324 8
33.0325 9
33.1325 9
33.2326 9
33.3327 9
33.4328 9
33.5328 9
33.6329 9
33.733 9
33.8331 9
33.9331 9
34.0332 10
34.1333 10
34.2334 10
34.3335 10
34.4335 10
34.5336 10
34.6337 10
34.7337 10
34.8338 10
34.9339 10
35.034 10
35.1341 10
35.2341 10
35.3342 10
35.4343 10
35.5344 10
35.6344 10
35.7345 10
35.8346 10
35.9347 10
36.0348 9
36.1348 9
36.2349 9
36.335 9
36.4351 9
36.5361 9
36.6362 9
36.7362 9
36.8363 9
36.9364 9
37.0365 8
37.1366 8
37.2372 8
37.3373 8
37.4374 8
37.5379 8
37.638 8
37.7381 8
37.8383 8
37.9384 8
38.0388 7
38.1389 7
38.239 7
38.3391 7
38.4391 7
38.5392 7
38.6393 7
38.7394 7
38.8394 7
38.9395 7
39.0396 6
39.1397 6
39.2398 6
39.3398 6
39.4399 6
39.54 6
39.6401 6
39.7401 6
39.8402 6
39.9403 6
40.0404 5
40.1404 5
40.2405 5
40.3406 5
40.4407 5
40.5407 5
40.6408 5
40.7409 5
40.841 5
40.9411 5
41.0411 4
41.1412 4
41.2413 4
41.3414 4
41.4414 4
41.5415 4
41.6416 4
41.7417 4
41.8418 4
41.9418 4
42.0419 3
42.142 3
42.242 3
42.3421 3
42.4422 3
42.5423 3
42.6424 3
42.7424 3
42.8425 3
42.9426 3
43.0427 2
43.1427 2
43.2428 2
43.3429 2
43.443 2
43.5431 2
43.6432 2
43.7432 2
43.8433 2
43.9434 2
44.0435 1
44.1436 1
44.2436 1
44.3437 1
44.4438 1
44.5439 1
44.6439 1
44.7441 1
44.8442 1
44.9443 1
45.0443 1
45.1444 1
45.2445 1
45.3446 1
45.4446 1
45.5447 1
45.6448 1
45.7449 1
45.845 1
45.945 1
46.0451 1
46.1452 1
46.2453 1
46.3453 1
46.4454 1
46.5455 1
46.6456 1
46.7457 1
46.8458 1
46.9463 1
47.0474 1
47.1475 1
47.2476 1
47.3477 1
47.4478 1
47.5478 1
47.6479 1
47.748 1
47.8484 1
47.9485 1
48.049 1
48.1491 1
48.2492 1
48.3492 1
48.4493 1
48.5494 1
48.6495 1
48.7495 1
48.8496 1
48.9497 1
49.0498 2
49.1498 2
49.2499 2
49.35 2
49.4501 2
49.5502 2
49.6503 2
49.7503 2
49.8504 2
49.9505 2
50.0506 3
50.1507 3
50.2507 3
50.3508 3
50.4509 3
50.551 3
50.651 3
50.7511 3
50.8512 3
50.9513 3
51.0514 4
51.1514 4
51.2515 4
51.3516 4
51.4517 4
51.5517 4
51.6518 4
51.7519 4
51.852 4
51.9521 4
52.0521 5
52.1522 5
52.2523 5
52.3524 5
52.4524 5
52.5525 5
52.6526 5
52.7527 5
52.8527 5
52.9528 5
53.0529 6
53.153 6
53.2531 6
53.3531 6
53.4532 6
53.5533 6
53.6534 6
53.7534 6
53.8535 6
53.9536 6
54.0537 7
54.1538 7
54.2539 7
54.354 7
54.4541 7
54.5542 7
54.6543 7
54.7543 7
54.8544 7
54.9545 7
55.0546 8
55.1547 8
55.2548 8
55.3549 8
55.455 8
55.555 8
55.6551 8
55.7552 8
55.8553 8
55.9553 8
56.0554 9
56.1555 9
56.2556 9
56.3557 9
56.4557 9
56.5558 9
56.6559 9
56.756 9
56.8561 9
56.9568 9
57.0569 10
57.1571 10
57.2574 10
57.3575 10
57.4577 10
57.5578 10
57.6579 10
57.758 10
57.8581 10
57.9581 10
58.0583 10
58.1584 10
58.259 10
58.3591 10
58.4592 10
58.5593 10
58.6594 10
58.7594 10
58.8595 10
