3.636e-06 0
0.101003 0
0.201084 0
0.301163 0
0.401241 0
0.501316 0
0.601402 0
0.701483 0
0.801581 0
0.901664 0
1.00175 1
1.10187 1
1.20198 1
1.30206 1
1.40214 1
1.50222 1
1.60231 1
1.70243 1
1.80255 1
1.90263 1
2.00271 2
2.10279 2
2.20287 2
2.30294 2
2.403 2
2.50308 2
2.60316 2
2.70324 2
2.80339 2
2.90348 2
3.00357 3
3.10364 3
3.20371 3
3.30379 3
3.40397 3
3.50426 3
3.60437 3
3.70484 3
3.80493 3
3.90503 3
4.00513 4
4.10523 4
4.20683 4
4.30691 4
4.40747 4
4.50754 4
4.60764 4
4.70775 4
4.80785 4
4.90795 4
5.00802 5
5.1081 5
5.20817 5
5.30825 5
5.40831 5
5.50839 5
5.60848 5
5.70856 5
5.80864 5
5.90871 5
6.00878 6
6.10885 6
6.20892 6
6.309 6
6.40907 6
6.50914 6
6.60921 6
6.70929 6
6.80936 6
6.90943 6
7.00951 7
7.10959 7
7.20967 7
7.30978 7
7.40987 7
7.50996 7
7.61003 7
7.71011 7
7.81018 7
7.91027 7
8.01034 8
8.11041 8
8.21049 8
8.3106 8
8.41071 8
8.51081 8
8.61088 8
8.71098 8
8.81108 8
8.91116 8
9.01123 9
9.11131 9
9.21137 9
9.31145 9
9.41152 9
9.51159 9
9.61166 9
9.71174 9
9.81181 9
9.91188 9
10.012 10
10.112 10
10.2121 10
10.3122 10
10.4122 10
10.5123 10
10.6124 10
10.7125 10
10.8126 10
10.9126 10
11.0127 11
11.1128 11
11.2129 11
11.313 11
11.413 11
11.5131 11
11.6132 11
11.7132 11
11.8133 11
11.9134 11
12.0135 10
12.1135 10
12.2136 10
12.3137 10
12.4138 10
12.5139 10
12.6139 10
12.714 10
12.8141 10
12.9142 10
13.0142 9
13.1143 9
13.2144 9
13.3145 9
13.4146 9
13.5147 9
13.6154 9
13.7155 9
13.8156 9
13.9161 9
14.0165 8
14.1166 8
14.2167 8
14.3168 8
14.417 8
14.5174 8
14.6174 8
14.7175 8
14.8177 8
14.9177 8
15.0178 7
15.1179 7
15.218 7
15.3181 7
15.4182 7
15.5182 7
15.6183 7
15.7184 7
15.8185 7
15.9185 7
16.0186 6
16.1187 6
16.2188 6
16.3188 6
16.4189 6
16.519 6
16.6191 6
16.7192 6
16.8192 6
16.9193 6
17.0194 5
17.1195 5
17.2196 5
17.3197 5
17.4197 5
17.5198 5
17.6199 5
17.72 5
17.82 5
17.9201 5
18.0202 4
18.1202 4
18.2203 4
18.3204 4
18.4205 4
18.5205 4
18.6206 4
18.7207 4
18.8208 4
18.9209 4
19.021 3
19.1211 3
19.2211 3
19.3212 3
19.4213 3
19.5214 3
19.6215 3
19.7216 3
19.8217 3
19.9218 3
20.0218 2
20.1219 2
20.222 2
20.3221 2
20.4222 2
20.5223 2
20.6224 2
20.7225 2
20.8225 2
20.9226 2
21.0227 1
21.1228 1
21.2229 1
21.3229 1
21.423 1
21.5231 1
21.6232 1
21.7232 1
21.8233 1
21.9234 1
22.0234 1
22.1235 1
22.2236 1
22.3237 1
22.4237 1
22.5238 1
22.6239 1
22.724 1
22.8275 1
22.9276 1
23.0277 2
23.1278 2
23.2278 2
23.3279 2
23.428 2
23.5281 2
23.6282 2
23.7284 2
23.8291 2
23.9293 2
24.0297 3
24.1298 3
24.2299 3
24.33 3
24.4303 3
24.5304 3
24.6305 3
24.7306 3
24.8315 3
24.9316 3
25.0316 4
25.1317 4
25.2319 4
25.332 4
25.4321 4
25.5322 4
25.6322 4
25.7323 4
25.8324 4
25.9324 4
26.0325 5
26.1326 5
26.2327 5
26.3328 5
26.4329 5
26.5329 5
26.633 5
26.7331 5
26.8332 5
26.9332 5
27.0333 6
27.1334 6
27.2335 6
27.3336 6
27.4336 6
27.5337 6
27.6338 6
27.7339 6
27.8339 6
27.934 6
28.0341 7
28.1341 7
28.2342 7
28.3343 7
28.4344 7
28.5344 7
28.6345 7
28.7346 7
28.8347 7
28.9347 7
29.0348 8
29.1349 8
29.235 8
29.335 8
29.4351 8
29.5352 8
29.6353 8
29.7354 8
29.8355 8
29.9356 8
30.0357 9
30.1358 9
30.2359 9
30.3359 9
30.436 9
30.5361 9
30.6362 9
30.7363 9
30.8364 9
30.9365 9
31.0366 10
31.1367 10
31.2367 10
31.3368 10
31.4369 10
31.537 10
31.6371 10
31.7372 10
31.8372 10
31.9373 10
32.0374 11
32.1375 11
32.2375 11
32.3376 11
32.4377 11
32.5378 11
32.6379 11
32.738 11
32.838 11
32.9381 11
33.0382 10
33.1383 10
33.2383 10
33.3384 10
33.4385 10
33.5386 10
33.6387 10
33.7388 10
33.8394 10
33.9395 10
34.0398 9
34.14 9
34.2402 9
34.3407 9
34.4408 9
34.5409 9
34.641 9
34.7411 9
34.8412 9
34.9413 9
35.0422 8
35.1423 8
35.2424 8
35.3426 8
35.4427 8
35.5428 8
35.6429 8
35.743 8
35.843 8
35.9431 8
36.0432 7
36.1433 7
36.2434 7
36.3434 7
36.4435 7
36.5436 7
36.6437 7
36.7438 7
36.8439 7
36.944 7
37.0441 6
37.1442 6
37.2443 6
37.3444 6
37.4445 6
37.5445 6
37.6446 6
37.7447 6
37.8448 6
37.9449 6
38.0449 5
38.145 5
38.2451 5
38.3452 5
38.4453 5
38.5455 5
38.6456 5
38.7456 5
38.8457 5
38.9458 5
39.0459 4
39.146 4
39.2461 4
39.3462 4
39.4463 4
39.5464 4
39.6464 4
39.7465 4
39.8466 4
39.9467 4
40.0468 3
40.1469 3
40.247 3
40.3471 3
40.4472 3
40.5472 3
40.6473 3
40.7474 3
40.8475 3
40.9476 3
41.0477 2
41.1478 2
41.2479 2
41.348 2
41.4481 2
41.5482 2
41.6484 2
41.7485 2
41.8486 2
41.9487 2
42.0488 1
42.1489 1
42.249 1
42.349 1
42.4491 1
42.5492 1
42.6493 1
42.7493 1
42.8494 1
42.9495 1
43.0496 1
43.1496 1
43.2497 1
43.3498 1
43.4499 1
43.5499 1
43.6501 1
43.7501 1
43.8502 1
43.9503 1
44.0504 2
44.1505 2
44.2506 2
44.3506 2
44.4508 2
44.5508 2
44.6517 2
44.7518 2
44.8518 2
44.952 2
45.0522 3
45.1523 3
45.2524 3
45.3525 3
45.4526 3
45.5532 3
45.6535 3
45.754 3
45.8541 3
45.9542 3
46.0542 2
46.1543 2
46.2544 2
46.3545 2
46.4546 2
46.5547 2
46.6548 2
46.7549 2
46.8549 2
46.955 2
47.0551 3
47.1552 3
47.2552 3
47.3553 3
47.4554 3
47.5555 3
47.6555 3
47.7556 3
47.8557 3
47.9558 3
48.0559 4
48.1559 4
48.256 4
48.3561 4
48.4562 4
48.5563 4
48.6564 4
48.7565 4
48.8566 4
48.9566 4
49.0567 5
49.1568 5
49.2569 5
49.3569 5
49.4571 5
49.5572 5
49.6573 5
49.7574 5
49.8575 5
49.9576 5
50.0578 6
50.1578 6
50.2579 6
50.358 6
50.4581 6
50.5582 6
50.6583 6
50.7584 6
50.8584 6
50.9585 6
51.0586 7
51.1587 7
51.2588 7
51.3589 7
51.459 7
51.5591 7
51.6592 7
51.7592 7
51.8593 7
51.9594 7
52.0595 8
52.1596 8
52.2597 8
52.3598 8
52.4599 8
52.5599 8
52.66 8
52.7601 8
52.8602 8
52.9603 8
53.0604 9
53.1605 9
53.2605 9
53.3606 9
53.4607 9
53.5608 9
53.6609 9
53.761 9
53.8611 9
53.9611 9
54.0612 10
54.1613 10
54.2614 10
54.3614 10
54.4619 10
54.562 10
54.6621 10
54.7622 10
54.8623 10
54.9624 10
55.0627 11
55.1628 11
55.2629 11
55.3632 11
55.4633 11
