1.001e-06 0
0.100363 0
0.200711 0
0.300819 0
0.400918 0
0.501111 0
0.601178 0
0.701262 0
0.801355 0
0.901462 0
1.00156 0
1.10165 0
1.20184 0
1.30236 0
1.40245 0
1.5026 0
1.60267 0
1.70331 0
1.80343 0
1.90353 0
2.00361 1
2.10368 1
2.20376 1
2.30384 1
2.40391 1
2.50399 1
2.60407 1
2.70414 1
2.80422 1
2.9043 1
3.00439 2
3.10448 2
3.20455 2
3.30463 2
3.40471 2
3.50478 2
3.60485 2
3.70496 2
3.80504 2
3.90513 2
4.00522 3
4.1053 3
4.20537 3
4.30545 3
4.40552 3
4.50559 3
4.6057 3
4.7058 3
4.80588 3
4.90596 3
5.00604 4
5.10612 4
5.20619 4
5.30627 4
5.40634 4
5.50642 4
5.6065 4
5.70658 4
5.80665 4
5.90673 4
6.00681 5
6.10688 5
6.20696 5
6.30704 5
6.40711 5
6.5072 5
6.60727 5
6.70735 5
6.80743 5
6.9075 5
7.00757 6
7.10765 6
7.20773 6
7.30781 6
7.40789 6
7.50797 6
7.60805 6
7.70813 6
7.8082 6
7.90827 6
8.00835 7
8.10843 7
8.20851 7
8.30859 7
8.40867 7
8.50874 7
8.60882 7
8.70892 7
8.80904 7
8.90912 7
9.00919 8
9.10927 8
9.20935 8
9.30943 8
9.40951 8
9.50959 8
9.60966 8
9.70975 8
9.80984 8
9.90992 8
10.01 9
10.1101 9
10.2101 9
10.3102 9
10.4103 9
10.5104 9
10.6105 9
10.7109 9
10.8112 9
10.9113 9
11.0114 10
11.1116 10
11.2117 10
11.3118 10
11.4121 10
11.5122 10
11.6126 10
11.7128 10
11.8133 10
11.9134 10
12.0135 10
12.1136 10
12.2137 10
12.3138 10
12.4139 10
12.5139 10
12.614 10
12.7141 10
12.8141 10
12.9142 10
13.0143 9
13.1144 9
13.2145 9
13.3146 9
13.4146 9
13.5147 9
13.6148 9
13.7149 9
13.8149 9
13.915 9
14.0151 8
14.1152 8
14.2153 8
14.3153 8
14.4154 8
14.5155 8
14.6156 8
14.7157 8
14.8157 8
14.9158 8
15.0159 7
15.116 7
15.216 7
15.3161 7
15.4162 7
15.5163 7
15.6164 7
15.7164 7
15.8165 7
15.9166 7
16.0167 6
16.1168 6
16.2168 6
16.3169 6
16.417 6
16.5171 6
16.6171 6
16.7172 6
16.8173 6
16.9174 6
17.0175 5
17.1175 5
17.2176 5
17.3177 5
17.4178 5
17.5179 5
17.618 5
17.718 5
17.8182 5
17.9182 5
18.0183 4
18.1184 4
18.2185 4
18.3186 4
18.4187 4
18.5188 4
18.6189 4
18.719 4
18.819 4
18.9191 4
19.0193 3
19.1194 3
19.2195 3
19.3196 3
19.4197 3
19.5198 3
19.6199 3
19.72 3
19.8201 3
19.9202 3
20.0203 2
20.1204 2
20.2205 2
20.3206 2
20.4207 2
20.5207 2
20.6216 2
20.7217 2
20.8218 2
20.9219 2
21.0221 1
21.1222 1
21.2223 1
21.3229 1
21.4233 1
21.5234 1
21.6235 1
21.7236 1
21.8238 1
21.9239 1
22.024 1
22.124 1
22.2241 1
22.3242 1
22.4243 1
22.5244 1
22.6245 1
22.7246 1
22.8247 1
22.9248 1
23.0248 1
23.1249 1
23.225 1
23.3251 1
23.4252 1
23.5253 1
23.6253 1
23.7254 1
23.8255 1
23.9255 1
24.0256 1
24.1257 1
24.2258 1
24.3259 1
24.4259 1
24.526 1
24.6261 1
24.7262 1
24.8263 1
24.9263 1
25.0264 1
25.1265 1
25.2266 1
25.3266 1
25.4267 1
25.5268 1
25.6269 1
25.727 1
25.827 1
25.9271 1
26.0272 2
26.1273 2
26.2274 2
26.3274 2
26.4275 2
26.5276 2
26.6277 2
26.7277 2
26.8278 2
26.9279 2
27.028 3
27.1281 3
27.2281 3
27.3282 3
27.4283 3
27.5284 3
27.6285 3
27.7286 3
27.8286 3
27.9287 3
28.0288 4
28.1288 4
28.2289 4
28.329 4
28.4291 4
28.5291 4
28.6292 4
28.7293 4
28.8294 4
28.9295 4
29.0295 5
29.1296 5
29.2297 5
29.3298 5
29.4299 5
29.53 5
29.6301 5
29.7301 5
29.8302 5
29.9303 5
30.0304 6
30.1305 6
30.2305 6
30.3306 6
30.4307 6
30.5308 6
30.6309 6
30.7311 6
30.8317 6
30.9317 6
31.0318 7
31.1319 7
31.232 7
31.3321 7
31.4322 7
31.5326 7
31.6328 7
31.733 7
31.8331 7
31.9333 7
32.0335 8
32.1338 8
32.2339 8
32.334 8
32.4341 8
32.5341 8
32.6342 8
32.7343 8
32.8344 8
32.9345 8
33.0345 9
33.1346 9
33.2347 9
33.3348 9
33.4349 9
33.535 9
33.635 9
33.7351 9
33.8352 9
33.9353 9
34.0354 10
34.1355 10
34.2356 10
34.3357 10
34.4358 10
34.5358 10
34.6359 10
34.736 10
34.8361 10
34.9362 10
35.0363 10
35.1363 10
35.2364 10
35.3365 10
35.4366 10
35.5367 10
35.6368 10
35.7369 10
35.8369 10
35.937 10
36.0371 9
36.1372 9
36.2373 9
36.3373 9
36.4374 9
36.5375 9
36.6376 9
36.7377 9
36.8378 9
36.9378 9
37.0379 8
37.138 8
37.2381 8
37.3382 8
37.4382 8
37.5383 8
37.6384 8
37.7385 8
37.8386 8
37.9386 8
38.0387 7
38.1388 7
38.2389 7
38.3391 7
38.4392 7
38.5393 7
38.6394 7
38.7394 7
38.8395 7
38.9396 7
39.0397 6
39.1398 6
39.2398 6
39.3399 6
39.44 6
39.5401 6
39.6402 6
39.7403 6
39.8404 6
39.9404 6
40.0405 5
40.1406 5
40.2407 5
40.3407 5
40.4408 5
40.5409 5
40.641 5
40.7411 5
40.8419 5
40.9421 5
41.0427 4
41.1428 4
41.2429 4
41.3431 4
41.444 4
41.5441 4
41.6444 4
41.7445 4
41.8446 4
41.9447 4
42.0456 3
42.1456 3
42.2458 3
42.3459 3
42.446 3
42.5461 3
42.6462 3
42.7463 3
42.8464 3
42.9464 3
43.0465 2
43.1466 2
43.2467 2
43.3467 2
43.4468 2
43.5469 2
43.647 2
43.747 2
43.8471 2
43.9472 2
44.0473 1
44.1474 1
44.2474 1
44.3475 1
44.4476 1
44.5477 1
44.6477 1
44.7478 1
44.8479 1
44.948 1
45.048 1
45.1481 1
45.2482 1
45.3482 1
45.4483 1
45.5484 1
45.6485 1
45.7486 1
45.8487 1
45.9487 1
46.0488 1
46.1489 1
46.249 1
46.349 1
46.4491 1
46.5492 1
46.6492 1
46.7493 1
46.8494 1
46.9495 1
47.0496 1
47.1497 1
47.2497 1
47.3498 1
47.4499 1
47.55 1
47.65 1
47.7501 1
47.8502 1
47.9503 1
48.0504 1
48.1504 1
48.2505 1
48.3506 1
48.4507 1
48.5507 1
48.6508 1
48.7509 1
48.851 1
48.9511 1
49.0512 1
49.1512 1
49.2513 1
49.3514 1
49.4515 1
49.5516 1
49.6516 1
49.7517 1
49.8518 1
49.9519 1
50.052 2
50.152 2
50.2521 2
50.3522 2
50.4522 2
50.5523 2
50.6524 2
50.7525 2
50.8525 2
50.9526 2
51.0527 3
51.1528 3
51.253 3
51.3536 3
51.4537 3
51.5542 3
51.6543 3
51.7544 3
51.8545 3
51.9546 3
52.0548 4
52.1548 4
52.2551 4
52.3552 4
52.4553 4
52.5554 4
52.6554 4
52.7555 4
52.8556 4
52.9556 4
53.0557 5
53.1558 5
53.2559 5
53.356 5
53.4561 5
53.5562 5
53.6563 5
53.7564 5
53.8564 5
53.9565 5
54.0566 6
54.1567 6
54.2567 6
54.3568 6
54.4569 6
54.557 6
54.657 6
54.7571 6
54.8572 6
54.9573 6
55.0573 7
55.1574 7
55.2575 7
55.3576 7
55.4576 7
55.5577 7
55.6578 7
55.7578 7
55.8579 7
55.958 7
56.0581 8
56.1581 8
56.2582 8
56.3583 8
56.4584 8
56.5584 8
56.6585 8
56.7586 8
56.8587 8
56.9588 8
57.0588 9
57.1589 9
57.259 9
57.3591 9
57.4592 9
57.5592 9
57.6593 9
57.7594 9
57.8595 9
57.9595 9
58.0596 10
58.1597 10
58.2598 10
58.3599 10
58.46 10
58.56 10
58.6601 10
58.7602 10
58.8603 10
58.9603 10
59.0604 10
59.1605 10
59.2606 10
59.3607 10
59.4608 10
59.5609 10
59.661 10
59.761 10
