2.064e-06 0
0.100578 0
0.200657 0
0.300732 0
0.400811 0
0.500894 0
0.601001 0
0.701076 0
0.801153 0
0.901239 0
1.00131 0
1.10139 0
1.20146 0
1.30154 0
1.40161 0
1.50169 0
1.60177 0
1.70184 0
1.80192 0
1.90199 0
2.0021 1
2.10221 1
2.20231 1
2.30239 1
2.40248 1
2.50255 1
2.60263 1
2.7027 1
2.80277 1
2.90284 1
3.00294 2
3.10306 2
3.20316 2
3.30325 2
3.40337 2
3.50347 2
3.60354 2
3.70362 2
3.80369 2
3.90377 2
4.00385 3
4.10393 3
4.204 3
4.30407 3
4.40414 3
4.50421 3
4.60428 3
4.70436 3
4.80442 3
4.90449 3
5.00457 4
5.10465 4
5.20473 4
5.3048 4
5.40488 4
5.50497 4
5.60504 4
5.70513 4
5.80522 4
5.90532 4
6.0054 5
6.10547 5
6.20554 5
6.30561 5
6.40569 5
6.50576 5
6.60583 5
6.7059 5
6.80598 5
6.90606 5
7.00614 6
7.10621 6
7.20629 6
7.30635 6
7.40642 6
7.50649 6
7.60657 6
7.70665 6
7.80673 6
7.90679 6
8.00686 7
8.10693 7
8.20704 7
8.30776 7
8.40787 7
8.50805 7
8.60815 7
8.70823 7
8.80874 7
8.90883 7
9.00893 8
9.10945 8
9.20952 8
9.30959 8
9.40968 8
9.50978 8
9.60989 8
9.70998 8
9.81006 8
9.91015 8
10.0103 9
10.1104 9
10.2104 9
10.3105 9
10.4106 9
10.5107 9
10.6108 9
10.7109 9
10.811 9
10.911 9
11.0111 10
11.1112 10
11.2113 10
11.3113 10
11.4114 10
11.5115 10
11.6116 10
11.7117 10
11.8117 10
11.9118 10
12.0119 10
12.112 10
12.212 10
12.3121 10
12.4122 10
12.5123 10
12.6124 10
12.7124 10
12.8125 10
12.9126 10
13.0127 9
13.1127 9
13.2128 9
13.3129 9
13.413 9
13.5131 9
13.6132 9
13.7133 9
13.8134 9
13.9134 9
14.0135 8
14.1136 8
14.2137 8
14.3138 8
14.4138 8
14.5139 8
14.614 8
14.7141 8
14.8141 8
14.9142 8
15.0143 7
15.1144 7
15.2145 7
15.3146 7
15.4146 7
15.5147 7
15.6148 7
15.7149 7
15.815 7
15.9151 7
16.0151 6
16.1152 6
16.2153 6
16.3154 6
16.4154 6
16.5155 6
16.6156 6
16.7157 6
16.8158 6
16.9159 6
17.0159 5
17.116 5
17.2161 5
17.3162 5
17.4162 5
17.5163 5
17.6164 5
17.7165 5
17.8166 5
17.9167 5
18.0168 4
18.1169 4
18.217 4
18.3171 4
18.4183 4
18.5184 4
18.6185 4
18.7186 4
18.8187 4
18.9188 4
19.0189 3
19.1194 3
19.22 3
19.3202 3
19.4203 3
19.5204 3
19.6205 3
19.7206 3
19.8207 3
19.9208 3
20.021 2
20.1211 2
20.2212 2
20.3212 2
20.4214 2
20.5214 2
20.6215 2
20.7216 2
20.8217 2
20.9217 2
21.0218 1
21.122 1
21.2221 1
21.3222 1
21.4222 1
21.5223 1
21.6224 1
21.7225 1
21.8225 1
21.9226 1
22.0227 1
22.1227 1
22.2228 1
22.3229 1
22.423 1
22.523 1
22.6231 1
22.7232 1
22.8233 1
22.9234 1
23.0234 1
23.1235 1
23.2236 1
23.3237 1
23.4238 1
23.5239 1
23.6239 1
23.724 1
23.8241 1
23.9242 1
24.0243 1
24.1243 1
24.2244 1
24.3245 1
24.4246 1
24.5247 1
24.6248 1
24.7248 1
24.8249 1
24.925 1
25.0251 1
25.1252 1
25.2253 1
25.3253 1
25.4254 1
25.5255 1
25.6256 1
25.7257 1
25.8258 1
25.9259 1
26.026 2
26.1261 2
26.2262 2
26.3263 2
26.4263 2
26.5264 2
26.6265 2
26.7265 2
26.8266 2
26.9267 2
27.0268 3
27.1268 3
27.2269 3
27.327 3
27.4271 3
27.5271 3
27.6272 3
27.7273 3
27.8274 3
27.9275 3
28.0275 4
28.1276 4
28.2277 4
28.3278 4
28.4278 4
28.5279 4
28.628 4
28.7284 4
28.8285 4
28.929 4
29.0291 5
29.1293 5
29.2294 5
29.3299 5
29.4299 5
29.53 5
29.6301 5
29.7305 5
29.8306 5
29.9307 5
30.031 6
30.1311 6
30.2312 6
30.3313 6
30.4314 6
30.5315 6
30.6316 6
30.7317 6
30.8317 6
30.9318 6
31.0319 7
31.132 7
31.2321 7
31.3321 7
31.4322 7
31.5323 7
31.6324 7
31.7324 7
31.8325 7
31.9326 7
32.0327 8
32.1327 8
32.2328 8
32.3329 8
32.433 8
32.5331 8
32.6331 8
32.7332 8
32.8333 8
32.9334 8
33.0334 9
33.1335 9
33.2337 9
33.3338 9
33.4338 9
33.5339 9
33.634 9
33.7341 9
33.8341 9
33.9342 9
34.0343 10
34.1344 10
34.2344 10
34.3345 10
34.4346 10
34.5346 10
34.6347 10
34.7348 10
34.8349 10
34.9349 10
35.035 10
35.1351 10
35.2352 10
35.3353 10
35.4353 10
35.5354 10
35.6355 10
35.7356 10
35.8357 10
35.9358 10
36.0359 9
36.136 9
36.2361 9
36.3361 9
36.4362 9
36.5363 9
36.6364 9
36.7365 9
36.8365 9
36.9366 9
37.0367 8
37.1368 8
37.2368 8
37.3369 8
37.437 8
37.5371 8
37.6372 8
37.7373 8
37.8373 8
37.9374 8
38.0375 7
38.1376 7
38.2377 7
38.3377 7
38.4378 7
38.5379 7
38.638 7
38.7381 7
38.8382 7
38.9383 7
39.0384 6
39.1385 6
39.2386 6
39.3389 6
39.4397 6
39.54 6
39.6412 6
39.7413 6
39.8414 6
39.9418 6
40.0418 5
40.142 5
40.2421 5
40.3422 5
40.4423 5
40.5423 5
40.6424 5
40.7425 5
40.8426 5
40.9426 5
41.0427 4
41.1428 4
41.2429 4
41.343 4
41.4431 4
41.5431 4
41.6432 4
41.7433 4
41.8434 4
41.9435 4
42.0435 3
42.1436 3
42.2437 3
42.3438 3
42.4439 3
42.544 3
42.644 3
42.7441 3
42.8442 3
42.9443 3
43.0444 2
43.1444 2
43.2445 2
43.3446 2
43.4447 2
43.5448 2
43.6448 2
43.7449 2
43.845 2
43.9451 2
44.0451 1
44.1452 1
44.2453 1
44.3454 1
44.4454 1
44.5455 1
44.6456 1
44.7457 1
44.8458 1
44.9458 1
45.0459 1
45.146 1
45.2461 1
45.3462 1
45.4462 1
45.5463 1
45.6464 1
45.7465 1
45.8466 1
45.9467 1
46.0467 1
46.1468 1
46.2469 1
46.347 1
46.447 1
46.5471 1
46.6472 1
46.7473 1
46.8474 1
46.9475 1
47.0476 1
47.1476 1
47.2477 1
47.3478 1
47.4479 1
47.548 1
47.6481 1
47.7482 1
47.8483 1
47.9484 1
48.0484 1
48.1485 1
48.2487 1
48.3488 1
48.4489 1
48.549 1
48.649 1
48.7491 1
48.8492 1
48.9496 1
49.0502 2
49.1503 2
49.2504 2
49.3505 2
49.4506 2
49.5507 2
49.6507 2
49.7513 2
49.8513 2
49.9523 2
50.0523 3
50.1525 3
50.2525 3
50.3536 3
50.4537 3
50.5538 3
50.6539 3
50.754 3
50.8541 3
50.9542 3
51.0542 4
51.1543 4
51.2544 4
51.3545 4
51.4546 4
51.5546 4
51.6547 4
51.7548 4
51.8549 4
51.955 4
52.055 5
52.1551 5
52.2552 5
52.3553 5
52.4554 5
52.5555 5
52.6555 5
52.7557 5
52.8557 5
52.9558 5
53.0559 6
53.156 6
53.2561 6
53.3562 6
53.4563 6
53.5564 6
53.6565 6
53.7566 6
53.8567 6
53.9568 6
54.0568 7
54.1569 7
54.257 7
54.3571 7
54.4571 7
54.5572 7
54.6573 7
54.7574 7
54.8575 7
54.9575 7
55.0576 8
55.1577 8
55.2578 8
55.3579 8
55.458 8
55.558 8
55.6581 8
55.7582 8
55.8582 8
55.9583 8
56.0584 9
56.1585 9
56.2585 9
56.3586 9
56.4587 9
56.5588 9
56.6589 9
56.759 9
56.8591 9
56.9591 9
57.0592 10
57.1593 10
57.2594 10
57.3595 10
57.4595 10
57.5596 10
57.6597 10
57.7598 10
57.8599 10
57.9599 10
58.06 10
58.1601 10
58.2602 10
58.3602 10
58.4603 10
58.5604 10
58.6605 10
58.7606 10
58.8607 10
