2.214e-06 0
0.10026 0
0.200336 0
0.300413 0
0.400512 0
0.500612 0
0.600679 0
0.700744 0
0.800813 0
0.900882 0
1.00095 0
1.10102 0
1.20109 0
1.30137 0
1.40219 0
1.50228 0
1.60321 0
1.70347 0
1.80356 0
1.90402 0
2.00453 1
2.1046 1
2.20466 1
2.30548 1
2.40559 1
2.5057 1
2.60581 1
2.70656 1
2.80666 1
2.90676 1
3.00686 2
3.10696 2
3.20704 2
3.30713 2
3.4072 2
3.50727 2
3.60735 2
3.70743 2
3.80752 2
3.90759 2
4.00766 3
4.10773 3
4.20781 3
4.30788 3
4.40796 3
4.50807 3
4.60819 3
4.70829 3
4.80837 3
4.90844 3
5.00851 4
5.10858 4
5.20865 4
5.30872 4
5.40879 4
5.50886 4
5.60893 4
5.709 4
5.80908 4
5.90914 4
6.00921 5
6.1093 5
6.20938 5
6.30945 5
6.40952 5
6.50959 5
6.60966 5
6.70974 5
6.80981 5
6.90988 5
7.00995 6
7.11002 6
7.21009 6
7.31017 6
7.41024 6
7.51031 6
7.61038 6
7.71045 6
7.81052 6
7.9106 6
8.01067 7
8.11074 7
8.21081 7
8.3109 7
8.41103 7
8.51116 7
8.6113 7
8.71142 7
8.81145 7
8.91152 7
9.01162 8
9.1117 8
9.21178 8
9.31185 8
9.41192 8
9.512 8
9.61207 8
9.71215 8
9.81222 8
9.91229 8
10.0124 9
10.1124 9
10.2125 9
10.3126 9
10.4127 9
10.5127 9
10.6128 9
10.7129 9
10.813 9
10.9131 9
11.0132 9
11.1133 9
11.2133 9
11.3134 9
11.4135 9
11.5136 9
11.6137 9
11.7138 9
11.8139 9
11.9144 9
12.015 9
12.115 9
12.2154 9
12.3154 9
12.4157 9
12.5159 9
12.6159 9
12.7163 9
12.8164 9
12.9167 9
13.0168 8
13.1169 8
13.217 8
13.3171 8
13.4173 8
13.5173 8
13.6174 8
13.7175 8
13.8176 8
13.9176 8
14.0177 7
14.1178 7
14.2179 7
14.318 7
14.4181 7
14.5182 7
14.6184 7
14.7185 7
14.8186 7
14.9187 7
15.0187 6
15.1188 6
15.2189 6
15.319 6
15.4191 6
15.5192 6
15.6192 6
15.7193 6
15.8194 6
15.9195 6
16.0195 5
16.1196 5
16.2197 5
16.3198 5
16.4199 5
16.5199 5
16.62 5
16.7201 5
16.8202 5
16.9203 5
17.0203 4
17.1204 4
17.2205 4
17.3206 4
17.4207 4
17.5207 4
17.6208 4
17.7209 4
17.821 4
17.9211 4
18.0211 3
18.1212 3
18.2213 3
18.3214 3
18.4215 3
18.5215 3
18.6216 3
18.7217 3
18.8217 3
18.9218 3
19.0219 2
19.122 2
19.2221 2
19.3222 2
19.4222 2
19.5223 2
19.6224 2
19.7225 2
19.8226 2
19.9227 2
20.0228 1
20.1229 1
20.2229 1
20.323 1
20.4231 1
20.5232 1
20.6232 1
20.7233 1
20.8234 1
20.9235 1
21.0236 1
21.1236 1
21.2237 1
21.3238 1
21.4239 1
21.5239 1
21.624 1
21.7241 1
21.8246 1
21.9249 1
22.0251 1
22.1256 1
22.2257 1
22.3264 1
22.4264 1
22.5272 1
22.6276 1
22.7277 1
22.8278 1
22.9279 1
23.028 1
23.1282 1
23.2285 1
23.329 1
23.4291 1
23.5292 1
23.6292 1
23.7293 1
23.8294 1
23.9295 1
24.0296 1
24.1296 1
24.2297 1
24.3298 1
24.4299 1
24.53 1
24.6301 1
24.7301 1
24.8302 1
24.9303 1
25.0304 1
25.1304 1
25.2305 1
25.3306 1
25.4307 1
25.5308 1
25.6309 1
25.7309 1
25.831 1
25.9311 1
26.0312 2
26.1313 2
26.2314 2
26.3314 2
26.4315 2
26.5316 2
26.6317 2
26.7318 2
26.8319 2
26.932 2
27.032 3
27.1321 3
27.2322 3
27.3323 3
27.4323 3
27.5324 3
27.6325 3
27.7326 3
27.8327 3
27.9328 3
28.0328 4
28.1329 4
28.233 4
28.3331 4
28.4331 4
28.5332 4
28.6333 4
28.7334 4
28.8334 4
28.9335 4
29.0336 5
29.1337 5
29.2338 5
29.3339 5
29.4339 5
29.534 5
29.6341 5
29.7342 5
29.8343 5
29.9343 5
30.0344 6
30.1345 6
30.2346 6
30.3347 6
30.4348 6
30.5349 6
30.635 6
30.7351 6
30.8352 6
30.9353 6
31.0353 7
31.1354 7
31.2355 7
31.3356 7
31.4357 7
31.5357 7
31.6358 7
31.7359 7
31.836 7
31.9362 7
32.0362 8
32.1367 8
32.2368 8
32.3369 8
32.4376 8
32.5377 8
32.6378 8
32.7379 8
32.8381 8
32.9383 8
33.0385 9
33.1386 9
33.2387 9
33.3388 9
33.4388 9
33.5389 9
33.639 9
33.7391 9
33.8392 9
33.9393 9
34.0393 9
34.1394 9
34.2395 9
34.3396 9
34.4397 9
34.5397 9
34.6398 9
34.7399 9
34.84 9
34.9401 9
35.0401 9
35.1402 9
35.2403 9
35.3404 9
35.4404 9
35.5405 9
35.6406 9
35.7407 9
35.8408 9
35.9408 9
36.0409 9
36.141 9
36.2411 9
36.3412 9
36.4413 9
36.5413 9
36.6414 9
36.7415 9
36.8416 9
36.9417 9
37.0417 8
37.1418 8
37.2419 8
37.342 8
37.4421 8
37.5421 8
37.6422 8
37.7423 8
37.8424 8
37.9424 8
38.0425 7
38.1426 7
38.2427 7
38.3428 7
38.4429 7
38.5429 7
38.643 7
38.7431 7
38.8432 7
38.9433 7
39.0433 6
39.1434 6
39.2435 6
39.3436 6
39.4436 6
39.5437 6
39.6438 6
39.7439 6
39.8439 6
39.944 6
40.0441 5
40.1442 5
40.2442 5
40.3443 5
40.4444 5
40.5445 5
40.6446 5
40.7446 5
40.8447 5
40.9448 5
41.0449 4
41.145 4
41.245 4
41.3451 4
41.4452 4
41.5453 4
41.6454 4
41.7454 4
41.8455 4
41.9456 4
42.0457 3
42.1458 3
42.2458 3
42.3459 3
42.4461 3
42.5466 3
42.6467 3
42.7473 3
42.8475 3
42.9478 3
43.0479 2
43.1484 2
43.2485 2
43.3486 2
43.4487 2
43.5488 2
43.6489 2
43.749 2
43.8491 2
43.9492 2
44.0493 1
44.1493 1
44.2494 1
44.3495 1
44.4495 1
44.5496 1
44.6497 1
44.7498 1
44.8498 1
44.9499 1
45.05 1
45.15 1
45.2501 1
45.3502 1
45.4502 1
45.5503 1
45.6504 1
45.7505 1
45.8505 1
45.9506 1
46.0507 1
46.1508 1
46.2509 1
46.351 1
46.4511 1
46.5512 1
46.6513 1
46.7514 1
46.8515 1
46.9515 1
47.0516 1
47.1517 1
47.2518 1
47.3519 1
47.4519 1
47.552 1
47.6521 1
47.7522 1
47.8523 1
47.9523 1
48.0524 1
48.1525 1
48.2526 1
48.3527 1
48.4528 1
48.5528 1
48.6529 1
48.753 1
48.8531 1
48.9532 1
49.0533 1
49.1533 1
49.2534 1
49.3535 1
49.4536 1
49.5537 1
49.6538 1
49.7538 1
49.8539 1
49.954 1
50.0541 2
50.1542 2
50.2542 2
50.3543 2
50.4544 2
50.5545 2
50.6545 2
50.7546 2
50.8547 2
50.9548 2
51.0548 3
51.1549 3
51.255 3
51.3551 3
51.4552 3
51.5552 3
51.6553 3
51.7554 3
51.8555 3
51.9556 3
52.0557 4
52.1558 4
52.2562 4
52.3563 4
52.4564 4
52.5565 4
52.6569 4
52.7578 4
52.8579 4
52.9584 4
53.059 5
53.1591 5
53.2593 5
53.3593 5
53.4594 5
53.5597 5
53.6601 5
53.7601 5
53.8602 5
53.9603 5
54.0604 6
54.1605 6
54.2605 6
54.3606 6
54.4607 6
54.5608 6
54.6608 6
54.7609 6
54.861 6
54.9611 6
55.0611 7
55.1612 7
55.2613 7
55.3614 7
55.4614 7
55.5615 7
55.6616 7
55.7617 7
55.8618 7
55.9618 7
56.0619 8
56.162 8
56.2621 8
56.3622 8
56.4622 8
56.5623 8
56.6624 8
56.7625 8
56.8625 8
56.9626 8
57.0627 9
57.1628 9
57.2628 9
57.3629 9
57.463 9
57.5631 9
57.6632 9
57.7632 9
57.8633 9
57.9634 9
58.0635 10
58.1635 10
58.2636 10
58.3637 10
58.4638 10
58.5638 10
58.6639 10
58.764 10
58.8641 10
58.9642 10
59.0642 10
59.1643 10
59.2644 10
59.3645 10
59.4646 10
59.5646 10
59.6647 10
59.7648 10
