2.164e-06 0
0.100371 0
0.200454 0
0.300537 0
0.400611 0
0.500682 0
0.601046 0
0.701113 0
0.801453 0
0.90155 0
1.00163 1
1.10174 1
1.20207 1
1.30214 1
1.40237 1
1.50268 1
1.60276 1
1.70302 1
1.80367 1
1.90451 1
2.00459 2
2.10669 2
2.20677 2
2.30688 2
2.40698 2
2.50709 2
2.60718 2
2.70727 2
2.80734 2
2.90741 2
3.0075 3
3.10759 3
3.20767 3
3.30775 3
3.40783 3
3.50791 3
3.60799 3
3.70806 3
3.80814 3
3.90822 3
4.0083 4
4.10837 4
4.20844 4
4.30852 4
4.4086 4
4.50867 4
4.60875 4
4.70882 4
4.80889 4
4.90897 4
5.00905 5
5.10913 5
5.20921 5
5.30928 5
5.40937 5
5.50946 5
5.60953 5
5.7096 5
5.80968 5
5.90976 5
6.00986 6
6.10994 6
6.21001 6
6.31008 6
6.41017 6
6.51025 6
6.61032 6
6.71039 6
6.81047 6
6.91054 6
7.01062 7
7.1107 7
7.21077 7
7.31087 7
7.41096 7
7.51107 7
7.61115 7
7.71122 7
7.8113 7
7.91139 7
8.01148 8
8.11156 8
8.21163 8
8.3117 8
8.41178 8
8.51186 8
8.61193 8
8.712 8
8.81208 8
8.91216 8
9.01224 9
9.11231 9
9.21239 9
9.31246 9
9.41255 9
9.51263 9
9.6127 9
9.71278 9
9.81287 9
9.91295 9
10.013 10
10.1131 10
10.2132 10
10.3133 10
10.4134 10
10.5135 10
10.6135 10
10.7136 10
10.8139 10
10.914 10
11.0141 10
11.1142 10
11.2144 10
11.3144 10
11.4145 10
11.5146 10
11.6147 10
11.7148 10
11.8149 10
11.9154 10
12.0156 9
12.1157 9
12.2159 9
12.316 9
12.4163 9
12.5164 9
12.6165 9
12.7166 9
12.8167 9
12.9167 9
13.0168 8
13.1169 8
13.217 8
13.3171 8
13.4171 8
13.5172 8
13.6173 8
13.7174 8
13.8174 8
13.9175 8
14.0176 7
14.1177 7
14.2178 7
14.3179 7
14.4179 7
14.518 7
14.6181 7
14.7182 7
14.8183 7
14.9184 7
15.0185 6
15.1185 6
15.2186 6
15.3187 6
15.4188 6
15.5189 6
15.6189 6
15.719 6
15.8191 6
15.9192 6
16.0193 5
16.1194 5
16.2194 5
16.3195 5
16.4196 5
16.5197 5
16.6198 5
16.7198 5
16.8199 5
16.92 5
17.0201 4
17.1202 4
17.2202 4
17.3203 4
17.4204 4
17.5205 4
17.6205 4
17.7206 4
17.8207 4
17.9208 4
18.0209 3
18.1209 3
18.221 3
18.3211 3
18.4212 3
18.5213 3
18.6213 3
18.7214 3
18.8215 3
18.9216 3
19.0216 2
19.1217 2
19.2218 2
19.3219 2
19.4219 2
19.522 2
19.6221 2
19.7222 2
19.8223 2
19.9223 2
20.0225 1
20.1226 1
20.2227 1
20.3227 1
20.4228 1
20.5229 1
20.623 1
20.7231 1
20.8232 1
20.9232 1
21.0233 1
21.1235 1
21.2236 1
21.3237 1
21.4242 1
21.5243 1
21.6244 1
21.7245 1
21.8246 1
21.9247 1
22.0248 1
22.1249 1
22.2253 1
22.3254 1
22.4261 1
22.5263 1
22.6274 1
22.7275 1
22.8276 1
22.9277 1
23.0278 1
23.1279 1
23.228 1
23.3281 1
23.4281 1
23.5282 1
23.6283 1
23.7284 1
23.8284 1
23.9285 1
24.0286 2
24.1287 2
24.2288 2
24.3289 2
24.4289 2
24.529 2
24.6291 2
24.7292 2
24.8292 2
24.9293 2
25.0294 3
25.1295 3
25.2295 3
25.3296 3
25.4297 3
25.5298 3
25.6298 3
25.7299 3
25.83 3
25.9301 3
26.0302 4
26.1303 4
26.2303 4
26.3304 4
26.4305 4
26.5306 4
26.6306 4
26.7307 4
26.8308 4
26.9309 4
27.031 5
27.131 5
27.2311 5
27.3312 5
27.4313 5
27.5313 5
27.6314 5
27.7315 5
27.8315 5
27.9316 5
28.0317 6
28.1318 6
28.2318 6
28.3319 6
28.432 6
28.5321 6
28.6321 6
28.7322 6
28.8323 6
28.9324 6
29.0324 7
29.1325 7
29.2326 7
29.3326 7
29.4327 7
29.5328 7
29.6329 7
29.7329 7
29.833 7
29.9331 7
30.0332 8
30.1332 8
30.2333 8
30.3334 8
30.4335 8
30.5335 8
30.6336 8
30.7337 8
30.8338 8
30.9338 8
31.0339 9
31.134 9
31.2341 9
31.3342 9
31.4343 9
31.5347 9
31.635 9
31.7351 9
31.8352 9
31.9353 9
32.0354 10
32.1356 10
32.2357 10
32.3358 10
32.4358 10
32.536 10
32.6361 10
32.7368 10
32.8369 10
32.9369 10
33.037 11
33.1373 11
33.2374 11
33.3375 11
33.4376 11
33.5377 11
33.6378 11
33.7378 11
33.8379 11
33.938 11
34.0381 10
34.1382 10
34.2383 10
34.3384 10
34.4384 10
34.5385 10
34.6386 10
34.7387 10
34.8387 10
34.9388 10
35.0389 9
35.1389 9
35.239 9
35.3391 9
35.4392 9
35.5392 9
35.6393 9
35.7394 9
35.8395 9
35.9396 9
36.0396 8
36.1397 8
36.2398 8
36.3399 8
36.4399 8
36.54 8
36.6401 8
36.7402 8
36.8403 8
36.9403 8
37.0404 7
37.1405 7
37.2406 7
37.3406 7
37.4408 7
37.5408 7
37.6409 7
37.741 7
37.8411 7
37.9412 7
38.0412 6
38.1413 6
38.2414 6
38.3415 6
38.4415 6
38.5416 6
38.6417 6
38.7418 6
38.8418 6
38.9419 6
39.042 5
39.1421 5
39.2422 5
39.3422 5
39.4423 5
39.5424 5
39.6425 5
39.7425 5
39.8426 5
39.9427 5
40.0428 4
40.1428 4
40.2429 4
40.3429 4
40.443 4
40.5431 4
40.6432 4
40.7433 4
40.8434 4
40.9435 4
41.0436 3
41.1437 3
41.2437 3
41.3438 3
41.4439 3
41.544 3
41.644 3
41.7441 3
41.8442 3
41.9443 3
42.0444 2
42.1445 2
42.2446 2
42.3449 2
42.4455 2
42.5456 2
42.6459 2
42.746 2
42.8461 2
42.9467 2
43.0468 1
43.1473 1
43.2476 1
43.3482 1
43.4498 1
43.5499 1
43.65 1
43.7501 1
43.8502 1
43.9503 1
44.0504 1
44.1505 1
44.2506 1
44.3506 1
44.4507 1
44.5508 1
44.6509 1
44.7509 1
44.851 1
44.9511 1
45.0512 1
45.1513 1
45.2513 1
45.3514 1
45.4515 1
45.5516 1
45.6517 1
45.7518 1
45.8519 1
45.952 1
46.052 1
46.1521 1
46.2522 1
46.3523 1
46.4523 1
46.5524 1
46.6525 1
46.7526 1
46.8526 1
46.9527 1
47.0528 2
47.1529 2
47.2529 2
47.353 2
47.4531 2
47.5532 2
47.6533 2
47.7534 2
47.8534 2
47.9535 2
48.0536 3
48.1537 3
48.2537 3
48.3538 3
48.4539 3
48.554 3
48.6541 3
48.7542 3
48.8542 3
48.9543 3
49.0544 4
49.1545 4
49.2546 4
49.3546 4
49.4547 4
49.5548 4
49.6549 4
49.7549 4
49.855 4
49.9551 4
50.0552 5
50.1552 5
50.2553 5
50.3554 5
50.4555 5
50.5556 5
50.6556 5
50.7557 5
50.8558 5
50.9559 5
51.056 6
51.156 6
51.2561 6
51.3562 6
51.4563 6
51.5563 6
51.6564 6
51.7565 6
51.8566 6
51.9567 6
52.0567 7
52.1568 7
52.2569 7
52.357 7
52.4571 7
52.5572 7
52.6573 7
52.7578 7
52.8579 7
52.958 7
53.0582 8
53.1582 8
53.2587 8
53.3588 8
53.4591 8
53.5592 8
53.6593 8
53.7594 8
53.8595 8
53.9596 8
54.0597 9
54.1598 9
54.26 9
54.3601 9
54.4601 9
54.5602 9
54.6603 9
54.7604 9
54.8604 9
54.9605 9
55.0606 10
55.1607 10
55.2607 10
55.3608 10
55.4609 10
55.561 10
55.6611 10
55.7612 10
55.8613 10
55.9613 10
56.0614 11
56.1615 11
56.2616 11
56.3617 11
56.4618 11
56.5619 11
56.662 11
56.7621 11
