1.804e-06 0
0.100263 0
0.200366 0
0.300484 0
0.401081 0
0.501186 0
0.601274 0
0.701373 0
0.801483 0
0.901582 0
1.00168 1
1.10179 1
1.20186 1
1.30194 1
1.40202 1
1.50212 1
1.6022 1
1.70227 1
1.80235 1
1.90242 1
2.0025 2
2.10258 2
2.20265 2
2.30273 2
2.40282 2
2.50291 2
2.60299 2
2.70307 2
2.80314 2
2.90322 2
3.00329 3
3.10339 3
3.20348 3
3.30356 3
3.40364 3
3.50371 3
3.60378 3
3.70386 3
3.80397 3
3.90408 3
4.00419 4
4.10427 4
4.20434 4
4.30442 4
4.4045 4
4.50459 4
4.60469 4
4.70477 4
4.80485 4
4.90493 4
5.00501 5
5.10509 5
5.20517 5
5.30525 5
5.40533 5
5.5054 5
5.60548 5
5.70556 5
5.80564 5
5.90575 5
6.00586 6
6.10596 6
6.20608 6
6.30619 6
6.4063 6
6.50641 6
6.60651 6
6.70659 6
6.80667 6
6.90675 6
7.00683 7
7.10691 7
7.20701 7
7.3071 7
7.40719 7
7.5073 7
7.60739 7
7.70747 7
7.80757 7
7.90768 7
8.00776 8
8.10784 8
8.20793 8
8.30804 8
8.40818 8
8.50827 8
8.60835 8
8.70844 8
8.80855 8
8.90866 8
9.00876 9
9.10883 9
9.20921 9
9.3093 9
9.40968 9
9.50975 9
9.60984 9
9.70993 9
9.81027 9
9.91053 9
10.0106 10
10.1107 10
10.211 10
10.3111 10
10.4112 10
10.5113 10
10.6114 10
10.7115 10
10.8116 10
10.9117 10
11.0118 11
11.1119 11
11.2121 11
11.3122 11
11.4123 11
11.5124 11
11.6125 11
11.7126 11
11.8127 11
11.9127 11
12.0128 10
12.1129 10
12.213 10
12.3131 10
12.4132 10
12.5133 10
12.6134 10
12.7134 10
12.8135 10
12.9136 10
13.0137 9
13.1138 9
13.2138 9
13.3139 9
13.414 9
13.5141 9
13.6142 9
13.7143 9
13.8143 9
13.9144 9
14.0145 8
14.1146 8
14.2146 8
14.3147 8
14.4148 8
14.5149 8
14.615 8
14.7151 8
14.8152 8
14.9152 8
15.0153 7
15.1154 7
15.2155 7
15.3155 7
15.4157 7
15.5158 7
15.6159 7
15.716 7
15.8161 7
15.9162 7
16.0163 6
16.1164 6
16.2165 6
16.3166 6
16.4167 6
16.5167 6
16.6168 6
16.7169 6
16.817 6
16.9171 6
17.0171 5
17.1172 5
17.2173 5
17.3174 5
17.4174 5
17.5175 5
17.6176 5
17.7176 5
17.8177 5
17.9178 5
18.0179 4
18.1179 4
18.2181 4
18.3182 4
18.4182 4
18.5183 4
18.6184 4
18.7185 4
18.8186 4
18.9187 4
19.0187 3
19.1188 3
19.2189 3
19.319 3
19.4191 3
19.5194 3
19.6195 3
19.7196 3
19.8197 3
19.9198 3
20.0199 2
20.12 2
20.2203 2
20.3207 2
20.4216 2
20.5218 2
20.6218 2
20.7219 2
20.822 2
20.9222 2
21.0223 1
21.1224 1
21.2225 1
21.3226 1
21.4227 1
21.5228 1
21.6229 1
21.7229 1
21.823 1
21.9231 1
22.0232 1
22.1233 1
22.2234 1
22.3235 1
22.4235 1
22.5236 1
22.6237 1
22.7238 1
22.8238 1
22.9239 1
23.0241 2
23.1242 2
23.2243 2
23.3243 2
23.4244 2
23.5245 2
23.6246 2
23.7247 2
23.8248 2
23.9249 2
24.025 3
24.125 3
24.2251 3
24.3252 3
24.4253 3
24.5254 3
24.6255 3
24.7256 3
24.8256 3
24.9257 3
25.0258 3
25.1259 3
25.226 3
25.326 3
25.4261 3
25.5262 3
25.6263 3
25.7263 3
25.8264 3
25.9265 3
26.0266 4
26.1267 4
26.2268 4
26.3269 4
26.4269 4
26.527 4
26.6271 4
26.7272 4
26.8273 4
26.9274 4
27.0275 5
27.1275 5
27.2276 5
27.3277 5
27.4278 5
27.5279 5
27.6279 5
27.728 5
27.8281 5
27.9282 5
28.0282 6
28.1283 6
28.2284 6
28.3284 6
28.4285 6
28.5286 6
28.6287 6
28.7287 6
28.8288 6
28.9289 6
29.0289 7
29.129 7
29.2291 7
29.3292 7
29.4293 7
29.5293 7
29.6294 7
29.7295 7
29.8299 7
29.9301 7
30.0304 8
30.1305 8
30.2305 8
30.3307 8
30.4308 8
30.531 8
30.6311 8
30.7312 8
30.8313 8
30.9314 8
31.0321 9
31.1331 9
31.2332 9
31.3333 9
31.4334 9
31.5335 9
31.6336 9
31.7337 9
31.8338 9
31.9339 9
32.0339 10
32.134 10
32.2341 10
32.3342 10
32.4343 10
32.5344 10
32.6345 10
32.7345 10
32.8346 10
32.9347 10
33.0348 11
33.1349 11
33.235 11
33.335 11
33.4352 11
33.5353 11
33.6354 11
33.7355 11
33.8356 11
33.9357 11
34.0357 10
34.1358 10
34.2359 10
34.336 10
34.4361 10
34.5362 10
34.6362 10
34.7363 10
34.8364 10
34.9365 10
35.0366 9
35.1367 9
35.2368 9
35.3369 9
35.4371 9
35.5372 9
35.6373 9
35.7374 9
35.8376 9
35.9377 9
36.0378 8
36.1379 8
36.238 8
36.3381 8
36.4382 8
36.5383 8
36.6383 8
36.7384 8
36.8385 8
36.9386 8
37.0387 7
37.1388 7
37.2389 7
37.339 7
37.439 7
37.5391 7
37.6392 7
37.7393 7
37.8394 7
37.9394 7
38.0395 6
38.1396 6
38.2397 6
38.3398 6
38.4399 6
38.54 6
38.6401 6
38.7402 6
38.8403 6
38.9404 6
39.0405 5
39.1406 5
39.2407 5
39.3408 5
39.4409 5
39.541 5
39.641 5
39.7411 5
39.8412 5
39.9412 5
40.0413 4
40.1414 4
40.2415 4
40.342 4
40.4421 4
40.5422 4
40.6423 4
40.7424 4
40.8426 4
40.9427 4
41.0428 3
41.1429 3
41.243 3
41.3435 3
41.4436 3
41.5437 3
41.6438 3
41.7439 3
41.844 3
41.9441 3
42.0442 2
42.1443 2
42.2444 2
42.3445 2
42.4446 2
42.5447 2
42.6447 2
42.7448 2
42.8449 2
42.945 2
43.0451 1
43.1452 1
43.2453 1
43.3454 1
43.4455 1
43.5455 1
43.6456 1
43.7458 1
43.8459 1
43.9459 1
44.046 1
44.1462 1
44.2463 1
44.3464 1
44.4465 1
44.5466 1
44.6467 1
44.7468 1
44.8468 1
44.9469 1
45.047 1
45.1471 1
45.2471 1
45.3472 1
45.4473 1
45.5474 1
45.6474 1
45.7475 1
45.8476 1
45.9477 1
46.0478 2
46.1479 2
46.248 2
46.348 2
46.4481 2
46.5482 2
46.6483 2
46.7483 2
46.8484 2
46.9485 2
47.0486 3
47.1486 3
47.2487 3
47.3488 3
47.4489 3
47.549 3
47.6491 3
47.7492 3
47.8492 3
47.9493 3
48.0494 4
48.1495 4
48.2495 4
48.3496 4
48.4497 4
48.5498 4
48.6499 4
48.75 4
48.8501 4
48.9502 4
49.0503 5
49.1504 5
49.2505 5
49.3506 5
49.4507 5
49.5508 5
49.6508 5
49.7509 5
49.851 5
49.9511 5
50.0512 6
50.1512 6
50.2513 6
50.3514 6
50.4522 6
50.5523 6
50.6524 6
50.7525 6
50.854 6
50.9541 6
51.0542 7
51.1543 7
51.2545 7
51.3546 7
51.4547 7
51.5549 7
51.6552 7
51.7553 7
51.8554 7
51.9556 7
52.0557 8
52.1558 8
52.2559 8
52.356 8
52.4561 8
52.5562 8
52.6563 8
52.7564 8
52.8565 8
52.9565 8
53.0566 9
53.1567 9
53.2568 9
53.3569 9
53.457 9
53.557 9
53.6571 9
53.7572 9
53.8573 9
53.9574 9
54.0575 10
54.1576 10
54.2577 10
54.3578 10
54.4578 10
54.558 10
54.6581 10
54.7582 10
54.8583 10
54.9584 10
55.0585 11
55.1586 11
55.2587 11
55.3588 11
55.4589 11
55.559 11
55.6591 11
55.7592 11
