3.767e-06 0
0.100524 0
0.200621 0
0.300689 0
0.400758 0
0.500829 0
0.600902 0
0.700988 0
0.801062 0
0.901136 0
1.00121 0
1.10128 0
1.20137 0
1.30144 0
1.40153 0
1.50161 0
1.60168 0
1.70175 0
1.80183 0
1.90194 0
2.00206 1
2.10213 1
2.20221 1
2.30232 1
2.40242 1
2.50251 1
2.60259 1
2.70268 1
2.8028 1
2.90288 1
3.00367 2
3.1043 2
3.20441 2
3.3047 2
3.40483 2
3.50523 2
3.60599 2
3.70645 2
3.80656 2
3.90668 2
4.0068 3
4.1069 3
4.20701 3
4.30708 3
4.40746 3
4.50755 3
4.60765 3
4.70777 3
4.80787 3
4.90796 3
5.00806 4
5.10817 4
5.20825 4
5.30833 4
5.40841 4
5.50849 4
5.60857 4
5.70865 4
5.80873 4
5.90881 4
6.00891 5
6.10902 5
6.2091 5
6.30917 5
6.40925 5
6.50932 5
6.6094 5
6.70947 5
6.80955 5
6.90962 5
7.0097 6
7.10978 6
7.20986 6
7.30994 6
7.41003 6
7.5101 6
7.61018 6
7.71025 6
7.81033 6
7.91041 6
8.01048 7
8.11056 7
8.21063 7
8.31071 7
8.4108 7
8.51092 7
8.61103 7
8.71113 7
8.81121 7
8.91129 7
9.01137 8
9.11145 8
9.21154 8
9.31161 8
9.4117 8
9.51179 8
9.6119 8
9.712 8
9.81208 8
9.91217 8
10.0123 9
10.1124 9
10.2125 9
10.3126 9
10.4127 9
10.5128 9
10.6128 9
10.7129 9
10.813 9
10.9131 9
11.0132 10
11.1133 10
11.2134 10
11.3134 10
11.4135 10
11.5136 10
11.6137 10
11.7138 10
11.8139 10
11.9139 10
12.014 10
12.1141 10
12.2142 10
12.3143 10
12.4144 10
12.5144 10
12.6145 10
12.7146 10
12.8147 10
12.9147 10
13.0148 9
13.1149 9
13.215 9
13.3151 9
13.4152 9
13.5153 9
13.6158 9
13.7158 9
13.8159 9
13.9163 9
14.0164 8
14.1165 8
14.217 8
14.3171 8
14.4172 8
14.5173 8
14.6174 8
14.7175 8
14.8176 8
14.9178 8
15.0179 7
15.118 7
15.2181 7
15.3182 7
15.4183 7
15.5183 7
15.6184 7
15.7185 7
15.8186 7
15.9187 7
16.0187 6
16.1188 6
16.2189 6
16.319 6
16.4191 6
16.5192 6
16.6193 6
16.7193 6
16.8194 6
16.9195 6
17.0196 5
17.1197 5
17.2198 5
17.3198 5
17.4199 5
17.52 5
17.6201 5
17.7202 5
17.8203 5
17.9204 5
18.0205 4
18.1206 4
18.2207 4
18.3208 4
18.4209 4
18.521 4
18.6211 4
18.7212 4
18.8213 4
18.9214 4
19.0215 3
19.1215 3
19.2216 3
19.3217 3
19.4218 3
19.5218 3
19.6219 3
19.722 3
19.8221 3
19.9222 3
20.0222 2
20.1223 2
20.2224 2
20.3225 2
20.4225 2
20.5226 2
20.6227 2
20.7228 2
20.8229 2
20.923 2
21.023 1
21.1231 1
21.2232 1
21.3233 1
21.4234 1
21.5234 1
21.6235 1
21.7236 1
21.8237 1
21.9238 1
22.0238 1
22.1239 1
22.224 1
22.3241 1
22.4241 1
22.5242 1
22.6243 1
22.7244 1
22.8245 1
22.9246 1
23.0247 1
23.1248 1
23.2248 1
23.3249 1
23.425 1
23.5268 1
23.6272 1
23.7273 1
23.8274 1
23.9275 1
24.0276 1
24.1277 1
24.2278 1
24.3279 1
24.4282 1
24.5283 1
24.6284 1
24.7285 1
24.8286 1
24.9288 1
25.0294 1
25.1295 1
25.2296 1
25.3297 1
25.4298 1
25.5299 1
25.6299 1
25.73 1
25.8301 1
25.9302 1
26.0303 2
26.1304 2
26.2304 2
26.3305 2
26.4306 2
26.5307 2
26.6308 2
26.7308 2
26.8309 2
26.931 2
27.0311 3
27.1312 3
27.2313 3
27.3314 3
27.4315 3
27.5317 3
27.6318 3
27.7319 3
27.832 3
27.9321 3
28.0323 4
28.1324 4
28.2325 4
28.3326 4
28.4327 4
28.5327 4
28.6328 4
28.7329 4
28.833 4
28.9331 4
29.0332 5
29.1333 5
29.2333 5
29.3334 5
29.4335 5
29.5336 5
29.6336 5
29.7337 5
29.8338 5
29.9339 5
30.0339 6
30.134 6
30.2341 6
30.3341 6
30.4342 6
30.5343 6
30.6344 6
30.7345 6
30.8345 6
30.9346 6
31.0347 7
31.1347 7
31.2348 7
31.3349 7
31.435 7
31.5351 7
31.6351 7
31.7352 7
31.8353 7
31.9354 7
32.0355 8
32.1355 8
32.2356 8
32.3357 8
32.4358 8
32.5358 8
32.6359 8
32.736 8
32.8361 8
32.9361 8
33.0362 9
33.1363 9
33.2364 9
33.3365 9
33.4366 9
33.5367 9
33.6368 9
33.7368 9
33.8369 9
33.9372 9
34.0374 10
34.1375 10
34.2376 10
34.3376 10
34.438 10
34.5381 10
34.6383 10
34.7385 10
34.8387 10
34.9388 10
35.0389 10
35.1391 10
35.2392 10
35.3396 10
35.4397 10
35.5398 10
35.6399 10
35.74 10
35.84 10
35.9401 10
36.0402 9
36.1403 9
36.2404 9
36.3405 9
36.4406 9
36.5407 9
36.6408 9
36.7409 9
36.841 9
36.9411 9
37.0412 8
37.1413 8
37.2414 8
37.3415 8
37.4415 8
37.5416 8
37.6417 8
37.7418 8
37.8419 8
37.9419 8
38.042 7
38.1421 7
38.2421 7
38.3422 7
38.4423 7
38.5424 7
38.6424 7
38.7425 7
38.8426 7
38.9427 7
39.0428 6
39.1428 6
39.2429 6
39.343 6
39.4431 6
39.5431 6
39.6432 6
39.7433 6
39.8434 6
39.9434 6
40.0435 5
40.1436 5
40.2437 5
40.3437 5
40.4438 5
40.5439 5
40.644 5
40.7441 5
40.8442 5
40.9443 5
41.0444 4
41.1445 4
41.2446 4
41.3446 4
41.4447 4
41.5448 4
41.645 4
41.745 4
41.8451 4
41.9452 4
42.0453 3
42.1454 3
42.2454 3
42.3455 3
42.4456 3
42.5457 3
42.6458 3
42.7459 3
42.846 3
42.9461 3
43.0462 2
43.1463 2
43.2463 2
43.3464 2
43.4465 2
43.5466 2
43.6466 2
43.7467 2
43.8468 2
43.9469 2
44.0469 1
44.147 1
44.2471 1
44.3472 1
44.4472 1
44.5473 1
44.6474 1
44.7475 1
44.8476 1
44.9478 1
45.0479 1
45.149 1
45.2491 1
45.3495 1
45.4513 1
45.5514 1
45.6516 1
45.7517 1
45.8518 1
45.9519 1
46.0519 1
46.152 1
46.2521 1
46.3522 1
46.4523 1
46.5523 1
46.6524 1
46.7525 1
46.8525 1
46.9526 1
47.0527 1
47.155 1
47.2551 1
47.3552 1
47.4553 1
47.5553 1
47.6554 1
47.7555 1
47.8556 1
47.9556 1
48.0557 1
48.1558 1
48.2559 1
48.3559 1
48.456 1
48.5561 1
48.6562 1
48.7563 1
48.8564 1
48.9564 1
49.0565 1
49.1566 1
49.2567 1
49.3568 1
49.4568 1
49.5569 1
49.657 1
49.7571 1
49.8571 1
49.9572 1
50.0573 2
50.1574 2
50.2575 2
50.3576 2
50.4576 2
50.5577 2
50.6578 2
50.7578 2
50.8579 2
50.958 2
51.0581 3
51.1582 3
51.2582 3
51.3583 3
51.4584 3
51.5585 3
51.6585 3
51.7586 3
51.8587 3
51.9587 3
52.0588 4
52.1589 4
52.259 4
52.359 4
52.4591 4
52.5592 4
52.6593 4
52.7594 4
52.8595 4
52.9596 4
53.0597 5
53.1598 5
53.2599 5
53.36 5
53.4601 5
53.5602 5
53.6603 5
53.7604 5
53.8605 5
53.9606 5
54.0606 6
54.1607 6
54.2608 6
54.3609 6
54.461 6
54.561 6
54.6611 6
54.7612 6
54.8616 6
54.9619 6
55.0634 7
55.1635 7
55.2636 7
55.3637 7
55.4638 7
55.5639 7
55.6641 7
55.7642 7
55.8643 7
55.9646 7
56.0647 8
56.165 8
56.265 8
56.3651 8
56.4652 8
56.5653 8
56.6655 8
56.7656 8
56.8656 8
56.9657 8
57.0659 9
57.1659 9
57.266 9
57.3661 9
57.4662 9
57.5663 9
57.6663 9
57.7664 9
57.8665 9
57.9666 9
58.0667 10
58.1668 10
58.2668 10
58.3669 10
58.467 10
58.5671 10
58.6672 10
58.7673 10
58.8673 10
58.9674 10
59.0675 10
59.1676 10
59.2677 10
59.3678 10
59.4679 10
59.568 10
59.6681 10
59.7681 10
