2.204e-06 0
0.100911 0
0.201001 0
0.301075 0
0.401143 0
0.501217 0
0.601297 0
0.701378 0
0.801453 0
0.901525 0
1.0016 0
1.10168 0
1.20175 0
1.30182 0
1.4019 0
1.50199 0
1.6021 0
1.70219 0
1.80228 0
1.90236 0
2.00243 1
2.1025 1
2.20257 1
2.30264 1
2.40271 1
2.50278 1
2.60287 1
2.703 1
2.80311 1
2.9032 1
3.00328 2
3.10335 2
3.20343 2
3.30354 2
3.40367 2
3.50377 2
3.60385 2
3.70393 2
3.80399 2
3.90407 2
4.00414 3
4.10423 3
4.2043 3
4.30438 3
4.40445 3
4.50452 3
4.60459 3
4.70467 3
4.80473 3
4.90481 3
5.0056 4
5.10569 4
5.20587 4
5.30599 4
5.40608 4
5.50616 4
5.60626 4
5.70634 4
5.80675 4
5.90684 4
6.0079 5
6.10797 5
6.20805 5
6.30815 5
6.40824 5
6.50833 5
6.60843 5
6.70851 5
6.80862 5
6.90871 5
7.00878 6
7.10886 6
7.20893 6
7.30901 6
7.4091 6
7.50918 6
7.60925 6
7.70933 6
7.8094 6
7.90947 6
8.00954 7
8.10961 7
8.2097 7
8.3098 7
8.4099 7
8.50998 7
8.61007 7
8.71015 7
8.81023 7
8.9103 7
9.01038 8
9.11047 8
9.21056 8
9.31063 8
9.41071 8
9.51078 8
9.61086 8
9.71094 8
9.81102 8
9.91109 8
10.0112 9
10.1112 9
10.2113 9
10.3114 9
10.4115 9
10.5115 9
10.6117 9
10.7117 9
10.8118 9
10.9119 9
11.012 10
11.1121 10
11.2122 10
11.3123 10
11.4123 10
11.5124 10
11.6125 10
11.7126 10
11.8126 10
11.9127 10
12.0128 10
12.1129 10
12.213 10
12.3131 10
12.4131 10
12.5132 10
12.6133 10
12.7134 10
12.8134 10
12.9135 10
13.0136 9
13.1137 9
13.2138 9
13.3139 9
13.414 9
13.514 9
13.6141 9
13.7142 9
13.8143 9
13.9144 9
14.0145 8
14.1145 8
14.2146 8
14.3147 8
14.4148 8
14.5149 8
14.615 8
14.715 8
14.8152 8
14.9153 8
15.0153 7
15.1154 7
15.2155 7
15.3156 7
15.4156 7
15.5157 7
15.6158 7
15.7159 7
15.816 7
15.9161 7
16.0162 6
16.1163 6
16.2164 6
16.3169 6
16.417 6
16.5171 6
16.6172 6
16.7172 6
16.8175 6
16.9176 6
17.0177 5
17.1178 5
17.2179 5
17.318 5
17.4181 5
17.5182 5
17.6183 5
17.7184 5
17.8184 5
17.9185 5
18.0186 4
18.1187 4
18.2188 4
18.3188 4
18.4189 4
18.519 4
18.6191 4
18.7191 4
18.8192 4
18.9193 4
19.0194 3
19.1194 3
19.2195 3
19.3196 3
19.4197 3
19.5197 3
19.6198 3
19.7199 3
19.82 3
19.92 3
20.0201 2
20.1202 2
20.2203 2
20.3203 2
20.4204 2
20.5205 2
20.6206 2
20.7206 2
20.8207 2
20.9208 2
21.0209 1
21.121 1
21.221 1
21.3211 1
21.4212 1
21.5213 1
21.6214 1
21.7214 1
21.8215 1
21.9216 1
22.0217 1
22.1217 1
22.2218 1
22.3219 1
22.422 1
22.5221 1
22.6222 1
22.7223 1
22.8224 1
22.9225 1
23.0226 1
23.1226 1
23.2227 1
23.3228 1
23.4228 1
23.5229 1
23.623 1
23.7231 1
23.8232 1
23.9233 1
24.0233 1
24.1234 1
24.2235 1
24.3235 1
24.4236 1
24.5237 1
24.6238 1
24.7239 1
24.8239 1
24.924 1
25.0241 1
25.1242 1
25.2243 1
25.3243 1
25.4244 1
25.5245 1
25.6246 1
25.7247 1
25.8248 1
25.9249 1
26.0249 2
26.125 2
26.2251 2
26.3253 2
26.4256 2
26.5263 2
26.6264 2
26.7265 2
26.8273 2
26.9274 2
27.0275 3
27.1276 3
27.2277 3
27.3278 3
27.4279 3
27.528 3
27.6281 3
27.7281 3
27.8282 3
27.9283 3
28.0284 4
28.1285 4
28.2286 4
28.3287 4
28.4288 4
28.5288 4
28.6289 4
28.729 4
28.8291 4
28.9292 4
29.0293 5
29.1294 5
29.2295 5
29.3296 5
29.4297 5
29.5298 5
29.6299 5
29.73 5
29.8301 5
29.9302 5
30.0303 6
30.1303 6
30.2304 6
30.3305 6
30.4306 6
30.5306 6
30.6307 6
30.7308 6
30.8309 6
30.931 6
31.0311 7
31.1312 7
31.2312 7
31.3313 7
31.4314 7
31.5315 7
31.6316 7
31.7317 7
31.8318 7
31.9319 7
32.032 8
32.1321 8
32.2322 8
32.3323 8
32.4324 8
32.5325 8
32.6326 8
32.7327 8
32.8328 8
32.9328 8
33.0329 9
33.133 9
33.2331 9
33.3331 9
33.4332 9
33.5333 9
33.6334 9
33.7335 9
33.8336 9
33.9336 9
34.0337 10
34.1338 10
34.2339 10
34.334 10
34.4341 10
34.5341 10
34.6342 10
34.7343 10
34.8344 10
34.9344 10
35.0345 10
35.1346 10
35.2347 10
35.3347 10
35.4348 10
35.5349 10
35.635 10
35.7352 10
35.8353 10
35.9354 10
36.0355 9
36.1359 9
36.236 9
36.3361 9
36.4379 9
36.538 9
36.6381 9
36.7384 9
36.8385 9
36.9386 9
37.0387 8
37.1395 8
37.2396 8
37.3397 8
37.4398 8
37.5399 8
37.64 8
37.7401 8
37.8411 8
37.9412 8
38.0413 7
38.1414 7
38.2415 7
38.3416 7
38.4417 7
38.5418 7
38.6418 7
38.7419 7
38.842 7
38.9421 7
39.0422 6
39.1423 6
39.2424 6
39.3425 6
39.4426 6
39.5427 6
39.6427 6
39.7429 6
39.843 6
39.943 6
40.0431 5
40.1432 5
40.2433 5
40.3434 5
40.4435 5
40.5435 5
40.6436 5
40.7437 5
40.8438 5
40.9439 5
41.044 4
41.1441 4
41.2442 4
41.3443 4
41.4444 4
41.5445 4
41.6446 4
41.7447 4
41.8447 4
41.9448 4
42.0449 3
42.145 3
42.2452 3
42.3453 3
42.4454 3
42.5455 3
42.6456 3
42.7457 3
42.8458 3
42.9459 3
43.046 2
43.146 2
43.2461 2
43.3462 2
43.4463 2
43.5464 2
43.6465 2
43.7466 2
43.8467 2
43.9468 2
44.0469 1
44.1469 1
44.247 1
44.3471 1
44.4472 1
44.5472 1
44.6473 1
44.7474 1
44.8475 1
44.9475 1
45.0476 1
45.1477 1
45.2478 1
45.3478 1
45.4479 1
45.548 1
45.6481 1
45.7482 1
45.8482 1
45.9483 1
46.0484 1
46.1485 1
46.2485 1
46.3486 1
46.4487 1
46.5488 1
46.6489 1
46.7489 1
46.849 1
46.9496 1
47.0497 1
47.1498 1
47.25 1
47.3501 1
47.4506 1
47.5506 1
47.6511 1
47.7512 1
47.8533 1
47.9534 1
48.0535 1
48.1536 1
48.2545 1
48.3546 1
48.4548 1
48.5549 1
48.655 1
48.7551 1
48.8551 1
48.9552 1
49.0553 1
49.1554 1
49.2555 1
49.3556 1
49.4557 1
49.5558 1
49.6559 1
49.756 1
49.8561 1
49.9562 1
50.0562 2
50.1563 2
50.2564 2
50.3565 2
50.4566 2
50.5567 2
50.6567 2
50.7568 2
50.8569 2
50.957 2
51.0571 3
51.1571 3
51.2572 3
51.3573 3
51.4574 3
51.5574 3
51.6575 3
51.7576 3
51.8577 3
51.9578 3
52.0579 4
52.1579 4
52.258 4
52.3581 4
52.4582 4
52.5582 4
52.6583 4
52.7584 4
52.8585 4
52.9585 4
53.0586 5
53.1587 5
53.2588 5
53.3588 5
53.4589 5
53.559 5
53.6591 5
53.7592 5
53.8593 5
53.9594 5
54.0595 6
54.1596 6
54.2596 6
54.3597 6
54.4598 6
54.5599 6
54.6599 6
54.76 6
54.8601 6
54.9602 6
55.0603 7
55.1604 7
55.2605 7
55.3606 7
55.4606 7
55.5607 7
55.6608 7
55.7609 7
55.861 7
55.9611 7
56.0612 8
56.1613 8
56.2614 8
56.3614 8
56.4615 8
56.5616 8
56.6617 8
56.7619 8
56.8619 8
56.962 8
57.0621 9
57.1622 9
57.2623 9
57.364 9
57.4641 9
57.5642 9
57.6643 9
57.7647 9
57.8648 9
57.9649 9
58.065 10
58.165 10
58.2656 10
58.3656 10
58.4657 10
58.5661 10
58.6662 10
58.7663 10
58.8664 10
58.9665 10
59.0666 10
59.1666 10
59.2667 10
59.3668 10
59.4669 10
59.567 10
59.6671 10
59.7672 10
