3.086e-06 0
0.101197 0
0.201298 0
0.301394 0
0.401519 0
0.50162 0
0.601707 0
0.701791 0
0.801873 0
0.901956 0
1.00204 0
1.10211 0
1.20217 0
1.30224 0
1.40231 0
1.50239 0
1.60246 0
1.70254 0
1.80262 0
1.90269 0
2.00277 1
2.10285 1
2.20292 1
2.30301 1
2.4031 1
2.50321 1
2.60333 1
2.70345 1
2.80355 1
2.90367 1
3.00377 2
3.10385 2
3.20395 2
3.30403 2
3.40411 2
3.50421 2
3.6043 2
3.7044 2
3.80452 2
3.90462 2
4.00472 3
4.10483 3
4.20494 3
4.30503 3
4.40512 3
4.50522 3
4.6053 3
4.70538 3
4.80548 3
4.90563 3
5.00574 4
5.10585 4
5.20594 4
5.30603 4
5.40611 4
5.50618 4
5.60626 4
5.70634 4
5.80642 4
5.90649 4
6.00658 5
6.10667 5
6.20676 5
6.30694 5
6.40703 5
6.50713 5
6.60724 5
6.70741 5
6.80749 5
6.90759 5
7.0077 6
7.10779 6
7.20788 6
7.30798 6
7.40807 6
7.50814 6
7.60821 6
7.70845 6
7.80855 6
7.90864 6
8.00875 7
8.10885 7
8.20895 7
8.30903 7
8.4091 7
8.50917 7
8.60925 7
8.70932 7
8.80939 7
8.90946 7
9.00954 8
9.10961 8
9.20968 8
9.30975 8
9.40983 8
9.5099 8
9.60999 8
9.7101 8
9.81019 8
9.91029 8
10.0104 9
10.1105 9
10.2105 9
10.3106 9
10.4107 9
10.5108 9
10.6109 9
10.711 9
10.8111 9
10.9111 9
11.0112 10
11.1113 10
11.2114 10
11.3115 10
11.4116 10
11.5117 10
11.6118 10
11.7118 10
11.8119 10
11.912 10
12.0121 9
12.1121 9
12.2122 9
12.3123 9
12.4124 9
12.5125 9
12.6125 9
12.7126 9
12.8127 9
12.9128 9
13.0129 8
13.113 8
13.2131 8
13.3132 8
13.4133 8
13.5134 8
13.6135 8
13.7136 8
13.8137 8
13.9138 8
14.0139 7
14.114 7
14.214 7
14.3141 7
14.4142 7
14.5143 7
14.6144 7
14.7145 7
14.8145 7
14.9146 7
15.0147 6
15.1148 6
15.2149 6
15.315 6
15.4151 6
15.5151 6
15.6152 6
15.7153 6
15.8154 6
15.9155 6
16.0156 5
16.1157 5
16.2158 5
16.3159 5
16.4161 5
16.5162 5
16.6163 5
16.7199 5
16.82 5
16.9201 5
17.0202 4
17.1204 4
17.2205 4
17.3206 4
17.4208 4
17.5209 4
17.621 4
17.7211 4
17.8255 4
17.9256 4
18.0257 3
18.1258 3
18.2259 3
18.326 3
18.4261 3
18.5262 3
18.6263 3
18.7264 3
18.8265 3
18.9265 3
19.0266 2
19.1267 2
19.2268 2
19.3269 2
19.4269 2
19.527 2
19.6271 2
19.7272 2
19.8273 2
19.9274 2
20.0274 1
20.1275 1
20.2276 1
20.3277 1
20.4277 1
20.5279 1
20.628 1
20.7281 1
20.8282 1
20.9283 1
21.0283 1
21.1284 1
21.2285 1
21.3286 1
21.4287 1
21.5288 1
21.6289 1
21.729 1
21.8291 1
21.9292 1
22.0292 1
22.1293 1
22.2294 1
22.3295 1
22.4296 1
22.5297 1
22.6298 1
22.7299 1
22.83 1
22.9301 1
23.0302 1
23.1303 1
23.2304 1
23.3305 1
23.4306 1
23.5307 1
23.6308 1
23.7309 1
23.831 1
23.9311 1
24.0311 1
24.1312 1
24.2313 1
24.3314 1
24.4315 1
24.5316 1
24.6316 1
24.7317 1
24.8318 1
24.9319 1
25.032 1
25.1321 1
25.2322 1
25.3323 1
25.4324 1
25.5324 1
25.6325 1
25.7326 1
25.8327 1
25.9328 1
26.0329 2
26.1329 2
26.233 2
26.3331 2
26.4332 2
26.5332 2
26.6333 2
26.7334 2
26.8334 2
26.9344 2
27.0345 3
27.1346 3
27.2347 3
27.3348 3
27.4361 3
27.5362 3
27.6363 3
27.7364 3
27.8365 3
27.9366 3
28.0367 4
28.1369 4
28.2369 4
28.3371 4
28.4372 4
28.5373 4
28.6374 4
28.7375 4
28.8375 4
28.9376 4
29.0377 5
29.1378 5
29.2379 5
29.3381 5
29.4381 5
29.5382 5
29.6383 5
29.7384 5
29.8384 5
29.9385 5
30.0386 6
30.1387 6
30.2388 6
30.3389 6
30.439 6
30.539 6
30.6391 6
30.7392 6
30.8393 6
30.9393 6
31.0394 7
31.1395 7
31.2396 7
31.3397 7
31.4397 7
31.5398 7
31.6399 7
31.74 7
31.8401 7
31.9401 7
32.0402 8
32.1403 8
32.2404 8
32.3404 8
32.4405 8
32.5406 8
32.6407 8
32.7408 8
32.8409 8
32.941 8
33.0411 9
33.1412 9
33.2413 9
33.3414 9
33.4414 9
33.5415 9
33.6416 9
33.7417 9
33.8417 9
33.9418 9
34.0419 10
34.142 10
34.242 10
34.3421 10
34.4422 10
34.5423 10
34.6424 10
34.7424 10
34.8425 10
34.9426 10
35.0427 10
35.1427 10
35.2428 10
35.3429 10
35.443 10
35.543 10
35.6431 10
35.7432 10
35.8433 10
35.9433 10
36.0434 9
36.1435 9
36.2436 9
36.3436 9
36.4437 9
36.5438 9
36.6439 9
36.7439 9
36.844 9
36.9441 9
37.0442 8
37.1442 8
37.2448 8
37.3449 8
37.4452 8
37.5453 8
37.6454 8
37.7454 8
37.8455 8
37.9456 8
38.046 7
38.1461 7
38.2462 7
38.3464 7
38.4464 7
38.5465 7
38.6467 7
38.7468 7
38.8469 7
38.947 7
39.0471 6
39.1472 6
39.2472 6
39.3473 6
39.4474 6
39.5475 6
39.6476 6
39.7477 6
39.8477 6
39.9478 6
40.0479 5
40.148 5
40.2481 5
40.3481 5
40.4482 5
40.5483 5
40.6484 5
40.7484 5
40.8485 5
40.9486 5
41.0487 4
41.1487 4
41.2488 4
41.3489 4
41.449 4
41.5491 4
41.6492 4
41.7492 4
41.8493 4
41.9494 4
42.0495 3
42.1496 3
42.2497 3
42.3498 3
42.4498 3
42.5499 3
42.65 3
42.7501 3
42.8501 3
42.9502 3
43.0503 2
43.1504 2
43.2505 2
43.3505 2
43.4506 2
43.5507 2
43.6508 2
43.7508 2
43.8509 2
43.951 2
44.0511 1
44.1511 1
44.2512 1
44.3513 1
44.4514 1
44.5515 1
44.6515 1
44.7516 1
44.8517 1
44.9518 1
45.0518 1
45.1519 1
45.252 1
45.3521 1
45.4522 1
45.5522 1
45.6523 1
45.7524 1
45.8525 1
45.9526 1
46.0526 1
46.1527 1
46.2528 1
46.3529 1
46.453 1
46.5531 1
46.6532 1
46.7532 1
46.8533 1
46.9534 1
47.0535 1
47.1535 1
47.2536 1
47.3537 1
47.4538 1
47.5541 1
47.6542 1
47.7543 1
47.8544 1
47.9545 1
48.0546 1
48.1547 1
48.2548 1
48.3549 1
48.455 1
48.5551 1
48.6552 1
48.7553 1
48.8553 1
48.9571 1
49.0572 1
49.1573 1
49.2574 1
49.3575 1
49.4576 1
49.5577 1
49.6577 1
49.7578 1
49.8579 1
49.958 1
50.0581 2
50.1582 2
50.2582 2
50.3583 2
50.4584 2
50.5585 2
50.6586 2
50.7587 2
50.8587 2
50.9588 2
51.0589 3
51.159 3
51.2591 3
51.3592 3
51.4592 3
51.5593 3
51.6594 3
51.7595 3
51.8596 3
51.9596 3
52.0597 4
52.1598 4
52.2599 4
52.36 4
52.46 4
52.5601 4
52.6602 4
52.7603 4
52.8603 4
52.9604 4
53.0605 5
53.1606 5
53.2607 5
53.3608 5
53.4608 5
53.5609 5
53.661 5
53.7611 5
53.8612 5
53.9612 5
54.0613 6
54.1614 6
54.2615 6
54.3615 6
54.4616 6
54.5617 6
54.6618 6
54.7618 6
54.8619 6
54.962 6
55.0621 7
55.1622 7
55.2622 7
55.3623 7
55.4624 7
55.5625 7
55.6625 7
55.7626 7
55.8627 7
55.9628 7
56.0628 8
56.1629 8
56.263 8
56.3631 8
56.4631 8
56.5632 8
56.6633 8
56.7634 8
56.8634 8
56.9635 8
57.0636 9
57.1637 9
57.2638 9
57.3639 9
57.4639 9
57.564 9
57.6641 9
57.7642 9
57.8643 9
57.9643 9
58.0644 10
58.1645 10
58.2647 10
58.3647 10
58.4648 10
58.5649 10
58.665 10
58.7651 10
58.8652 10
58.9657 10
59.0662 9
59.1662 9
59.2668 9
59.3669 9
59.4674 9
59.5674 9
59.6675 9
59.7676 9
59.8677 9
