2.204e-06 0
0.100908 0
0.200999 0
0.301071 0
0.401147 0
0.501213 0
0.601299 0
0.70139 0
0.801489 0
0.901575 0
1.00165 0
1.10173 0
1.20181 0
1.30189 0
1.40197 0
1.50204 0
1.60213 0
1.70226 0
1.80237 0
1.90249 0
2.00257 1
2.10266 1
2.20276 1
2.30284 1
2.40291 1
2.50298 1
2.60307 1
2.70315 1
2.80322 1
2.9033 1
3.0034 2
3.10349 2
3.20357 2
3.30366 2
3.40377 2
3.50389 2
3.60401 2
3.7041 2
3.80417 2
3.90425 2
4.00433 3
4.10442 3
4.20449 3
4.30458 3
4.40466 3
4.50474 3
4.60483 3
4.70493 3
4.805 3
4.90508 3
5.00515 4
5.10523 4
5.2053 4
5.30537 4
5.40545 4
5.50553 4
5.6056 4
5.70567 4
5.80575 4
5.90582 4
6.00589 5
6.10596 5
6.20603 5
6.30611 5
6.40618 5
6.50627 5
6.60634 5
6.70643 5
6.8065 5
6.90662 5
7.0067 6
7.10678 6
7.20685 6
7.30692 6
7.40699 6
7.50706 6
7.60713 6
7.70722 6
7.8073 6
7.90738 6
8.00749 7
8.10759 7
8.20767 7
8.30782 7
8.40793 7
8.50805 7
8.60818 7
8.70828 7
8.80839 7
8.90851 7
9.0086 8
9.10873 8
9.20883 8
9.30892 8
9.40902 8
9.50914 8
9.60925 8
9.70935 8
9.80945 8
9.90956 8
10.0096 9
10.1097 9
10.2098 9
10.3099 9
10.41 9
10.5101 9
10.6102 9
10.7103 9
10.8104 9
10.9105 9
11.0106 10
11.1107 10
11.2108 10
11.3108 10
11.4109 10
11.511 10
11.6111 10
11.7112 10
11.8113 10
11.9114 10
12.0115 9
12.1116 9
12.2117 9
12.3117 9
12.4118 9
12.5119 9
12.612 9
12.7121 9
12.8122 9
12.9123 9
13.0123 8
13.1124 8
13.2125 8
13.3126 8
13.4127 8
13.5128 8
13.6128 8
13.7129 8
13.813 8
13.9131 8
14.0132 7
14.1133 7
14.2134 7
14.3134 7
14.4135 7
14.5136 7
14.6137 7
14.7138 7
14.8139 7
14.914 7
15.014 6
15.1141 6
15.2142 6
15.3143 6
15.4144 6
15.5145 6
15.6145 6
15.7146 6
15.8147 6
15.9148 6
16.0148 5
16.1149 5
16.215 5
16.315 5
16.4151 5
16.5152 5
16.6153 5
16.7153 5
16.8154 5
16.9155 5
17.0156 4
17.1156 4
17.2157 4
17.3158 4
17.4159 4
17.5159 4
17.616 4
17.7161 4
17.8162 4
17.9163 4
18.0164 3
18.1165 3
18.2166 3
18.3167 3
18.4168 3
18.5168 3
18.6169 3
18.717 3
18.8171 3
18.9175 3
19.0176 2
19.1178 2
19.2178 2
19.318 2
19.4193 2
19.5194 2
19.6199 2
19.72 2
19.8203 2
19.9203 2
20.0204 1
20.1205 1
20.2206 1
20.3206 1
20.4207 1
20.5208 1
20.6209 1
20.721 1
20.821 1
20.9211 1
21.0212 1
21.1213 1
21.2214 1
21.3215 1
21.4216 1
21.5217 1
21.6218 1
21.7219 1
21.822 1
21.9221 1
22.0221 1
22.1222 1
22.2223 1
22.3224 1
22.4225 1
22.5226 1
22.6227 1
22.7228 1
22.8229 1
22.923 1
23.023 1
23.1231 1
23.2232 1
23.3233 1
23.4234 1
23.5234 1
23.6235 1
23.7236 1
23.8237 1
23.9238 1
24.0238 1
24.1239 1
24.224 1
24.3241 1
24.4242 1
24.5243 1
24.6244 1
24.7245 1
24.8246 1
24.9247 1
25.0248 1
25.1249 1
25.2249 1
25.325 1
25.4251 1
25.5252 1
25.6253 1
25.7254 1
25.8254 1
25.9256 1
26.0257 2
26.1258 2
26.2258 2
26.3259 2
26.426 2
26.5261 2
26.6262 2
26.7263 2
26.8264 2
26.9265 2
27.0266 3
27.1267 3
27.2268 3
27.3269 3
27.4269 3
27.527 3
27.6271 3
27.7272 3
27.8273 3
27.9274 3
28.0275 4
28.1276 4
28.2276 4
28.3277 4
28.4278 4
28.5279 4
28.6279 4
28.728 4
28.8281 4
28.9282 4
29.0283 5
29.1287 5
29.2287 5
29.3288 5
29.429 5
29.5291 5
29.6292 5
29.7293 5
29.8299 5
29.93 5
30.0305 6
30.1306 6
30.2307 6
30.3308 6
30.4308 6
30.5312 6
30.6313 6
30.7314 6
30.8315 6
30.9316 6
31.0317 7
31.1318 7
31.2318 7
31.3319 7
31.432 7
31.5321 7
31.6321 7
31.7322 7
31.8323 7
31.9324 7
32.0325 8
32.1326 8
32.2327 8
32.3327 8
32.4328 8
32.5329 8
32.633 8
32.7331 8
32.8331 8
32.9332 8
33.0333 9
33.1334 9
33.2334 9
33.3335 9
33.4336 9
33.5337 9
33.6338 9
33.7338 9
33.8339 9
33.934 9
34.0341 10
34.1342 10
34.2343 10
34.3344 10
34.4345 10
34.5346 10
34.6346 10
34.7347 10
34.8348 10
34.9349 10
35.0349 10
35.135 10
35.2351 10
35.3352 10
35.4353 10
35.5354 10
35.6354 10
35.7355 10
35.8356 10
35.9357 10
36.0358 9
36.1359 9
36.236 9
36.3361 9
36.4361 9
36.5362 9
36.6363 9
36.7364 9
36.8365 9
36.9366 9
37.0366 8
37.1367 8
37.2368 8
37.3369 8
37.437 8
37.5371 8
37.6372 8
37.7373 8
37.8373 8
37.9374 8
38.0375 7
38.1376 7
38.2377 7
38.3378 7
38.4379 7
38.5379 7
38.638 7
38.7381 7
38.8382 7
38.9383 7
39.0384 6
39.1384 6
39.2385 6
39.3386 6
39.4387 6
39.5388 6
39.6396 6
39.7403 6
39.8403 6
39.9413 6
40.0414 5
40.1415 5
40.2416 5
40.3417 5
40.4418 5
40.542 5
40.6421 5
40.7422 5
40.8423 5
40.9423 5
41.0424 4
41.1426 4
41.2426 4
41.3427 4
41.4428 4
41.5429 4
41.643 4
41.7431 4
41.8432 4
41.9433 4
42.0433 3
42.1434 3
42.2435 3
42.3436 3
42.4436 3
42.5437 3
42.6438 3
42.7438 3
42.8439 3
42.944 3
43.0441 2
43.1441 2
43.2442 2
43.3443 2
43.4444 2
43.5446 2
43.6447 2
43.7447 2
43.8448 2
43.9449 2
44.045 1
44.1451 1
44.2451 1
44.3452 1
44.4453 1
44.5454 1
44.6454 1
44.7455 1
44.8456 1
44.9457 1
45.0457 1
45.1458 1
45.2459 1
45.3459 1
45.446 1
45.5461 1
45.6462 1
45.7462 1
45.8463 1
45.9464 1
46.0465 1
46.1465 1
46.2466 1
46.3467 1
46.4468 1
46.5468 1
46.6469 1
46.747 1
46.8471 1
46.9472 1
47.0472 1
47.1473 1
47.2474 1
47.3475 1
47.4476 1
47.5476 1
47.6477 1
47.7478 1
47.8479 1
47.948 1
48.0481 1
48.1481 1
48.2482 1
48.3483 1
48.4484 1
48.5484 1
48.6486 1
48.7487 1
48.8488 1
48.9489 1
49.0489 1
49.149 1
49.2491 1
49.3492 1
49.4492 1
49.5493 1
49.6494 1
49.7495 1
49.8496 1
49.9497 1
50.0498 2
50.1511 2
50.2512 2
50.3513 2
50.4514 2
50.5515 2
50.6516 2
50.7522 2
50.8523 2
50.9524 2
51.053 3
51.1531 3
51.2534 3
51.3541 3
51.4542 3
51.5543 3
51.6544 3
51.7545 3
51.8546 3
51.9547 3
52.0548 4
52.1549 4
52.255 4
52.355 4
52.4551 4
52.5552 4
52.6553 4
52.7554 4
52.8554 4
52.9555 4
53.0556 5
53.1557 5
53.2558 5
53.3559 5
53.4559 5
53.556 5
53.6561 5
53.7562 5
53.8563 5
53.9564 5
54.0564 6
54.1565 6
54.2566 6
54.3567 6
54.4568 6
54.5569 6
54.657 6
54.757 6
54.8571 6
54.9572 6
55.0573 7
55.1574 7
55.2575 7
55.3576 7
55.4577 7
55.5577 7
55.6578 7
55.7579 7
55.858 7
55.958 7
56.0581 8
56.1582 8
56.2583 8
56.3584 8
56.4584 8
56.5585 8
56.6586 8
56.7587 8
56.8587 8
56.9588 8
57.0589 9
57.159 9
57.2591 9
57.3591 9
57.4592 9
57.5593 9
57.6594 9
57.7595 9
57.8596 9
57.9598 9
58.0598 10
58.1599 10
58.26 10
58.3601 10
58.4601 10
58.5602 10
58.6603 10
58.7604 10
58.8605 10
58.9606 10
59.0607 9
59.1607 9
59.2608 9
59.3609 9
59.4609 9
59.561 9
59.6611 9
59.7612 9
