2.725e-06 0
0.100967 0
0.201691 0
0.301797 0
0.401865 0
0.502086 0
0.602155 0
0.702938 0
0.804032 0
0.904144 0
1.00438 0
1.10447 0
1.20456 0
1.30465 0
1.40474 0
1.50484 0
1.60492 0
1.705 0
1.80511 0
1.90524 0
2.00533 1
2.1054 1
2.20549 1
2.30561 1
2.40571 1
2.50579 1
2.60587 1
2.70596 1
2.80609 1
2.9062 1
3.00629 2
3.10638 2
3.20648 2
3.3066 2
3.40671 2
3.5068 2
3.60689 2
3.70698 2
3.80707 2
3.90716 2
4.00724 3
4.10732 3
4.20743 3
4.30754 3
4.40764 3
4.50771 3
4.60779 3
4.70787 3
4.80795 3
4.90803 3
5.00812 4
5.1082 4
5.20828 4
5.30837 4
5.40848 4
5.50855 4
5.60863 4
5.7087 4
5.80878 4
5.90887 4
6.00895 5
6.10904 5
6.20912 5
6.30919 5
6.40926 5
6.50934 5
6.60943 5
6.70951 5
6.80958 5
6.90966 5
7.00974 6
7.10986 6
7.20995 6
7.31002 6
7.4101 6
7.51018 6
7.61025 6
7.71032 6
7.8104 6
7.91049 6
8.01057 7
8.11065 7
8.21072 7
8.31078 7
8.41087 7
8.51095 7
8.61102 7
8.7111 7
8.81119 7
8.91126 7
9.01134 8
9.11141 8
9.21149 8
9.31156 8
9.41164 8
9.51171 8
9.61178 8
9.71186 8
9.81193 8
9.91201 8
10.0121 9
10.1122 9
10.2122 9
10.3123 9
10.4124 9
10.513 9
10.6141 9
10.7142 9
10.8149 9
10.9149 9
11.0151 10
11.1151 10
11.2152 10
11.3153 10
11.4155 10
11.5156 10
11.6157 10
11.7158 10
11.8159 10
11.9161 10
12.0162 9
12.1163 9
12.2164 9
12.3165 9
12.4166 9
12.5167 9
12.6168 9
12.7168 9
12.8169 9
12.917 9
13.0171 8
13.1172 8
13.2172 8
13.3173 8
13.4174 8
13.5175 8
13.6175 8
13.7176 8
13.8177 8
13.9178 8
14.0178 7
14.1179 7
14.218 7
14.3181 7
14.4181 7
14.5182 7
14.6183 7
14.7184 7
14.8185 7
14.9186 7
15.0186 6
15.1187 6
15.2188 6
15.3189 6
15.419 6
15.5191 6
15.6192 6
15.7193 6
15.8195 6
15.9195 6
16.0196 5
16.1197 5
16.2198 5
16.3199 5
16.4199 5
16.52 5
16.6201 5
16.7202 5
16.8202 5
16.9203 5
17.0204 4
17.1205 4
17.2205 4
17.3206 4
17.4207 4
17.5208 4
17.6208 4
17.7209 4
17.821 4
17.9211 4
18.0212 3
18.1212 3
18.2213 3
18.3214 3
18.4215 3
18.5215 3
18.6216 3
18.7217 3
18.8218 3
18.9218 3
19.0219 2
19.122 2
19.2221 2
19.3222 2
19.4222 2
19.5223 2
19.6224 2
19.7225 2
19.8226 2
19.9227 2
20.0227 1
20.1228 1
20.2228 1
20.3229 1
20.423 1
20.5231 1
20.6232 1
20.7233 1
20.8234 1
20.9234 1
21.0235 1
21.1236 1
21.2237 1
21.3238 1
21.4239 1
21.524 1
21.6241 1
21.7242 1
21.8245 1
21.9246 1
22.0247 1
22.125 1
22.2251 1
22.3253 1
22.4254 1
22.5255 1
22.6255 1
22.7256 1
22.8257 1
22.9258 1
23.0258 1
23.1259 1
23.226 1
23.3261 1
23.4261 1
23.5262 1
23.6263 1
23.7264 1
23.8264 1
23.9265 1
24.0266 1
24.1267 1
24.2267 1
24.3268 1
24.4269 1
24.527 1
24.627 1
24.7271 1
24.8272 1
24.9273 1
25.0273 1
25.1274 1
25.2275 1
25.3276 1
25.4277 1
25.5278 1
25.6278 1
25.7279 1
25.828 1
25.9281 1
26.0281 2
26.1282 2
26.2283 2
26.3283 2
26.4284 2
26.5285 2
26.6286 2
26.7287 2
26.8288 2
26.9289 2
27.029 3
27.1291 3
27.2292 3
27.3293 3
27.4293 3
27.5294 3
27.6295 3
27.7296 3
27.8297 3
27.9297 3
28.0298 4
28.1299 4
28.23 4
28.33 4
28.4301 4
28.5302 4
28.6303 4
28.7303 4
28.8304 4
28.9305 4
29.0306 5
29.1306 5
29.2307 5
29.3308 5
29.4309 5
29.5309 5
29.631 5
29.7311 5
29.8312 5
29.9312 5
30.0313 6
30.1314 6
30.2315 6
30.3316 6
30.4316 6
30.5317 6
30.6318 6
30.7319 6
30.832 6
30.932 6
31.0321 7
31.1328 7
31.233 7
31.3331 7
31.4332 7
31.5333 7
31.6334 7
31.7335 7
31.8336 7
31.9337 7
32.0338 8
32.1339 8
32.2341 8
32.3366 8
32.4371 8
32.5372 8
32.6373 8
32.7374 8
32.8375 8
32.9376 8
33.0377 9
33.1378 9
33.2379 9
33.338 9
33.4381 9
33.5381 9
33.6382 9
33.7383 9
33.8384 9
33.9385 9
34.0385 10
34.1386 10
34.2387 10
34.3388 10
34.4389 10
34.539 10
34.639 10
34.7391 10
34.8392 10
34.9393 10
35.0394 9
35.1395 9
35.2395 9
35.3396 9
35.4397 9
35.5398 9
35.6399 9
35.74 9
35.8401 9
35.9402 9
36.0402 8
36.1403 8
36.2404 8
36.3405 8
36.4406 8
36.5406 8
36.6407 8
36.7408 8
36.8409 8
36.941 8
37.0411 7
37.1411 7
37.2412 7
37.3413 7
37.4414 7
37.5415 7
37.6416 7
37.7417 7
37.8417 7
37.9418 7
38.0419 6
38.142 6
38.2421 6
38.3422 6
38.4423 6
38.5424 6
38.6425 6
38.7426 6
38.8427 6
38.9428 6
39.0429 5
39.1429 5
39.243 5
39.3431 5
39.4431 5
39.5432 5
39.6433 5
39.7434 5
39.8435 5
39.9435 5
40.0436 4
40.1437 4
40.2438 4
40.3438 4
40.4439 4
40.544 4
40.6441 4
40.7442 4
40.8443 4
40.9444 4
41.0445 3
41.1446 3
41.2446 3
41.3447 3
41.4448 3
41.5449 3
41.6454 3
41.7455 3
41.8456 3
41.9457 3
42.0458 2
42.1459 2
42.246 2
42.3467 2
42.4467 2
42.5469 2
42.6473 2
42.7474 2
42.8475 2
42.9476 2
43.0477 1
43.1478 1
43.2479 1
43.3479 1
43.448 1
43.5481 1
43.6482 1
43.7483 1
43.8484 1
43.9484 1
44.0485 1
44.1486 1
44.2487 1
44.3488 1
44.4488 1
44.5489 1
44.649 1
44.7491 1
44.8492 1
44.9492 1
45.0493 1
45.1494 1
45.2494 1
45.3495 1
45.4496 1
45.5497 1
45.6497 1
45.7498 1
45.8499 1
45.95 1
46.0501 1
46.1501 1
46.2502 1
46.3503 1
46.4504 1
46.5505 1
46.6505 1
46.7506 1
46.8507 1
46.9508 1
47.0509 1
47.1509 1
47.251 1
47.3511 1
47.4512 1
47.5512 1
47.6513 1
47.7514 1
47.8515 1
47.9516 1
48.0517 1
48.1518 1
48.2519 1
48.352 1
48.4521 1
48.5522 1
48.6523 1
48.7524 1
48.8525 1
48.9526 1
49.0527 2
49.1528 2
49.2529 2
49.3529 2
49.453 2
49.5531 2
49.6532 2
49.7533 2
49.8534 2
49.9535 2
50.0537 3
50.1538 3
50.2539 3
50.3539 3
50.454 3
50.5541 3
50.6542 3
50.7543 3
50.8544 3
50.9545 3
51.0545 4
51.1546 4
51.2547 4
51.3548 4
51.4549 4
51.555 4
51.655 4
51.7552 4
51.8553 4
51.9554 4
52.0555 5
52.1557 5
52.2557 5
52.3559 5
52.4562 5
52.5562 5
52.6563 5
52.7564 5
52.8565 5
52.9569 5
53.057 6
53.1571 6
53.2572 6
53.3573 6
53.4586 6
53.5587 6
53.6588 6
53.7588 6
53.8589 6
53.959 6
54.0591 7
54.1592 7
54.2592 7
54.3593 7
54.4594 7
54.5595 7
54.6596 7
54.7597 7
54.8597 7
54.9598 7
55.0599 8
55.16 8
55.2601 8
55.3601 8
55.4602 8
55.5603 8
55.6603 8
55.7604 8
55.8605 8
55.9605 8
56.0606 9
56.1607 9
56.2608 9
56.3608 9
56.4609 9
56.561 9
56.6611 9
56.7612 9
56.8613 9
56.9614 9
57.0615 10
57.1615 10
57.2616 10
57.3617 10
57.4618 10
57.5619 10
57.662 10
57.7621 10
57.8622 10
57.9623 10
58.0624 9
58.1624 9
58.2625 9
58.3626 9
58.4627 9
58.5628 9
58.6629 9
58.7629 9
58.863 9
58.9631 9
59.0632 8
