1.082e-06 0
0.100379 0
0.200501 0
0.300601 0
0.400681 0
0.50076 0
0.600834 0
0.700945 0
0.801017 0
0.901081 0
1.00115 0
1.10122 0
1.20129 0
1.30137 0
1.40144 0
1.5015 0
1.60158 0
1.70168 0
1.80178 0
1.90187 0
2.00196 1
2.10209 1
2.20219 1
2.3023 1
2.40242 1
2.50252 1
2.60261 1
2.70272 1
2.80282 1
2.9031 1
3.00336 2
3.10344 2
3.20354 2
3.30388 2
3.40405 2
3.50414 2
3.60489 2
3.70496 2
3.80503 2
3.9051 2
4.00518 3
4.10528 3
4.2054 3
4.30549 3
4.40556 3
4.50565 3
4.60573 3
4.70581 3
4.80591 3
4.90602 3
5.0061 4
5.10619 4
5.2063 4
5.30637 4
5.40645 4
5.50652 4
5.60661 4
5.70668 4
5.80676 4
5.90683 4
6.0069 5
6.10698 5
6.20706 5
6.30717 5
6.40725 5
6.50732 5
6.60741 5
6.70751 5
6.80758 5
6.90766 5
7.00773 6
7.10781 6
7.20789 6
7.30796 6
7.40803 6
7.5081 6
7.60817 6
7.70824 6
7.80832 6
7.90839 6
8.00846 7
8.10854 7
8.20864 7
8.30873 7
8.40881 7
8.50888 7
8.60896 7
8.70904 7
8.80912 7
8.90919 7
9.00926 8
9.10933 8
9.20941 8
9.30948 8
9.40955 8
9.50962 8
9.60971 8
9.70979 8
9.80986 8
9.90993 8
10.01 9
10.1101 9
10.2102 9
10.3102 9
10.4103 9
10.5104 9
10.6105 9
10.7105 9
10.8106 9
10.9107 9
11.0108 10
11.1109 10
11.211 10
11.311 10
11.4111 10
11.5112 10
11.6113 10
11.7114 10
11.8115 10
11.9116 10
12.0116 9
12.1117 9
12.2118 9
12.3119 9
12.412 9
12.5121 9
12.6126 9
12.7127 9
12.813 9
12.9131 9
13.0132 8
13.1135 8
13.2136 8
13.3137 8
13.4145 8
13.5145 8
13.6146 8
13.7147 8
13.8152 8
13.916 8
14.016 7
14.1161 7
14.2162 7
14.3163 7
14.4163 7
14.5164 7
14.6165 7
14.7166 7
14.8166 7
14.9167 7
15.0168 6
15.1169 6
15.2169 6
15.317 6
15.4171 6
15.5172 6
15.6172 6
15.7173 6
15.8174 6
15.9175 6
16.0175 5
16.1176 5
16.2177 5
16.3178 5
16.4178 5
16.5179 5
16.618 5
16.7181 5
16.8182 5
16.9182 5
17.0183 4
17.1184 4
17.2184 4
17.3185 4
17.4186 4
17.5187 4
17.6187 4
17.7188 4
17.8189 4
17.9189 4
18.019 3
18.1191 3
18.2191 3
18.3192 3
18.4193 3
18.5194 3
18.6194 3
18.7195 3
18.8196 3
18.9196 3
19.0197 2
19.1198 2
19.2198 2
19.3199 2
19.42 2
19.5201 2
19.6202 2
19.7203 2
19.8203 2
19.9204 2
20.0205 1
20.1206 1
20.2206 1
20.3207 1
20.4208 1
20.5209 1
20.6209 1
20.721 1
20.8211 1
20.9212 1
21.0212 1
21.1213 1
21.2214 1
21.3214 1
21.4215 1
21.5216 1
21.6217 1
21.7217 1
21.8218 1
21.9219 1
22.0219 1
22.122 1
22.2221 1
22.3221 1
22.4222 1
22.5223 1
22.6224 1
22.7235 1
22.8236 1
22.9237 1
23.0238 1
23.1242 1
23.2243 1
23.3244 1
23.4252 1
23.5252 1
23.6253 1
23.7254 1
23.8255 1
23.9256 1
24.0257 1
24.1258 1
24.2259 1
24.3259 1
24.426 1
24.5261 1
24.6262 1
24.7263 1
24.8264 1
24.9265 1
25.0265 1
25.1266 1
25.2267 1
25.3268 1
25.4269 1
25.527 1
25.6271 1
25.7271 1
25.8272 1
25.9273 1
26.0274 2
26.1275 2
26.2275 2
26.3276 2
26.4277 2
26.5278 2
26.6279 2
26.7279 2
26.828 2
26.9281 2
27.0282 3
27.1283 3
27.2284 3
27.3285 3
27.4285 3
27.5286 3
27.6287 3
27.7288 3
27.8288 3
27.929 3
28.029 4
28.1291 4
28.2292 4
28.3293 4
28.4294 4
28.5294 4
28.6295 4
28.7296 4
28.8296 4
28.9297 4
29.0298 5
29.1299 5
29.2299 5
29.33 5
29.4301 5
29.5302 5
29.6303 5
29.7303 5
29.8304 5
29.9305 5
30.0305 6
30.1306 6
30.2307 6
30.3308 6
30.4309 6
30.531 6
30.6311 6
30.7311 6
30.8312 6
30.9313 6
31.0314 7
31.1314 7
31.2315 7
31.3316 7
31.4317 7
31.5318 7
31.6319 7
31.7319 7
31.832 7
31.9321 7
32.0322 8
32.1323 8
32.2323 8
32.3324 8
32.4325 8
32.5326 8
32.6326 8
32.7327 8
32.8328 8
32.9343 8
33.0344 9
33.1345 9
33.2346 9
33.3354 9
33.4355 9
33.5358 9
33.6362 9
33.7363 9
33.8364 9
33.9369 9
34.0369 10
34.1379 10
34.2389 10
34.3399 10
34.44 10
34.5401 10
34.6402 10
34.7403 10
34.8405 10
34.9405 10
35.0406 9
35.1407 9
35.2408 9
35.3409 9
35.4409 9
35.541 9
35.6411 9
35.7412 9
35.8412 9
35.9413 9
36.0414 8
36.1415 8
36.2416 8
36.3416 8
36.4417 8
36.5418 8
36.6419 8
36.7419 8
36.842 8
36.9421 8
37.0422 7
37.1423 7
37.2423 7
37.3424 7
37.4425 7
37.5426 7
37.6427 7
37.7427 7
37.8428 7
37.9429 7
38.043 6
38.1431 6
38.2431 6
38.3432 6
38.4433 6
38.5434 6
38.6435 6
38.7435 6
38.8436 6
38.9438 6
39.0438 5
39.1439 5
39.244 5
39.3441 5
39.4442 5
39.5443 5
39.6444 5
39.7445 5
39.8445 5
39.9446 5
40.0447 4
40.1448 4
40.2449 4
40.345 4
40.445 4
40.5451 4
40.6452 4
40.7453 4
40.8453 4
40.9454 4
41.0455 3
41.1456 3
41.2457 3
41.3457 3
41.4458 3
41.5459 3
41.646 3
41.746 3
41.8461 3
41.9462 3
42.0463 2
42.1464 2
42.2465 2
42.3466 2
42.4467 2
42.5467 2
42.6468 2
42.7469 2
42.847 2
42.947 2
43.0471 1
43.1472 1
43.2473 1
43.3476 1
43.4477 1
43.5478 1
43.6479 1
43.748 1
43.8481 1
43.9482 1
44.0483 1
44.1484 1
44.2485 1
44.3486 1
44.4486 1
44.5488 1
44.6489 1
44.749 1
44.8491 1
44.9492 1
45.0493 1
45.1494 1
45.2495 1
45.3496 1
45.4497 1
45.5498 1
45.6499 1
45.75 1
45.8501 1
45.9502 1
46.0503 1
46.1503 1
46.2504 1
46.3505 1
46.4506 1
46.5506 1
46.6507 1
46.7508 1
46.8508 1
46.9509 1
47.051 1
47.1511 1
47.2512 1
47.3512 1
47.4514 1
47.5514 1
47.6515 1
47.7516 1
47.8517 1
47.9518 1
48.0519 1
48.1519 1
48.252 1
48.3521 1
48.4522 1
48.5524 1
48.6525 1
48.7526 1
48.8527 1
48.9528 1
49.0529 2
49.153 2
49.2531 2
49.3531 2
49.4532 2
49.5533 2
49.6534 2
49.7535 2
49.8535 2
49.9536 2
50.0537 3
50.1538 3
50.2538 3
50.3539 3
50.454 3
50.5541 3
50.6542 3
50.7543 3
50.8544 3
50.9545 3
51.0545 4
51.1546 4
51.2547 4
51.3548 4
51.4549 4
51.555 4
51.6551 4
51.7551 4
51.8552 4
51.9553 4
52.0554 5
52.1555 5
52.2556 5
52.3556 5
52.4557 5
52.5558 5
52.6559 5
52.756 5
52.856 5
52.9561 5
53.0562 6
53.1563 6
53.2564 6
53.3564 6
53.4565 6
53.5566 6
53.6567 6
53.7568 6
53.8577 6
53.9579 6
54.058 7
54.1581 7
54.2582 7
54.3583 7
54.4584 7
54.5585 7
54.6586 7
54.7587 7
54.8588 7
54.9589 7
55.059 8
55.159 8
55.2591 8
55.3592 8
55.4593 8
55.5594 8
55.6595 8
55.7596 8
55.8596 8
55.9597 8
56.0598 9
56.1599 9
56.26 9
56.36 9
56.4601 9
56.5602 9
56.6602 9
56.7603 9
56.8604 9
56.9605 9
57.0606 10
57.1607 10
57.2607 10
57.3608 10
57.4609 10
57.561 10
57.6611 10
57.7612 10
57.8612 10
57.9613 10
58.0614 9
58.1615 9
58.2615 9
58.3616 9
58.4617 9
58.5618 9
58.6619 9
58.762 9
58.8621 9
58.9622 9
59.0622 8
59.1623 8
