1.513e-06 0
0.100338 0
0.200446 0
0.300533 0
0.400609 0
0.500685 0
0.600741 0
0.700814 0
0.800889 0
0.90096 0
1.00103 0
1.1011 0
1.20118 0
1.30128 0
1.40136 0
1.50144 0
1.60152 0
1.7016 0
1.80167 0
1.90175 0
2.00185 0
2.10192 1
2.202 1
2.30209 1
2.40217 1
2.50224 1
2.60232 1
2.70239 1
2.80246 1
2.90254 1
3.00262 1
3.10272 2
3.20541 2
3.30551 2
3.40563 2
3.50576 2
3.60585 2
3.70665 2
3.80675 2
3.90685 2
4.00692 3
4.10701 3
4.2071 3
4.30719 3
4.40728 3
4.50738 3
4.60749 3
4.70756 3
4.80765 3
4.90775 3
5.00782 4
5.1079 4
5.20797 4
5.30805 4
5.40812 4
5.50819 4
5.60827 4
5.70836 4
5.80844 4
5.90851 4
6.00858 5
6.10865 5
6.20875 5
6.30882 5
6.4089 5
6.50897 5
6.60904 5
6.70911 5
6.80918 5
6.90926 5
7.00933 6
7.10939 6
7.20947 6
7.30955 6
7.40962 6
7.50969 6
7.60977 6
7.70984 6
7.80992 6
7.90999 6
8.01006 7
8.11013 7
8.21021 7
8.31028 7
8.41036 7
8.51043 7
8.61051 7
8.71059 7
8.81067 7
8.91074 7
9.01081 8
9.11092 8
9.21104 8
9.31111 8
9.41119 8
9.51128 8
9.61136 8
9.71145 8
9.81153 8
9.91161 8
10.0117 9
10.1118 9
10.2118 9
10.3119 9
10.412 9
10.5121 9
10.6122 9
10.7123 9
10.8124 9
10.9125 9
11.0125 10
11.1126 10
11.2127 10
11.3128 10
11.4128 10
11.5129 10
11.613 10
11.7131 10
11.8132 10
11.9132 10
12.0133 10
12.1134 10
12.2135 10
12.3136 10
12.4136 10
12.5137 10
12.6138 10
12.7139 10
12.814 10
12.9141 10
13.0142 9
13.1143 9
13.2149 9
13.3153 9
13.4157 9
13.5157 9
13.6158 9
13.7159 9
13.816 9
13.9161 9
14.0162 8
14.1163 8
14.2164 8
14.3165 8
14.4166 8
14.5166 8
14.6168 8
14.7169 8
14.817 8
14.917 8
15.0171 7
15.1173 7
15.2173 7
15.3174 7
15.4175 7
15.5176 7
15.6177 7
15.7178 7
15.8179 7
15.918 7
16.0181 6
16.1181 6
16.2182 6
16.3183 6
16.4184 6
16.5184 6
16.6185 6
16.7186 6
16.8188 6
16.9189 6
17.019 5
17.1191 5
17.2191 5
17.3192 5
17.4193 5
17.5194 5
17.6195 5
17.7196 5
17.8196 5
17.9197 5
18.0198 4
18.1199 4
18.22 4
18.32 4
18.4201 4
18.5202 4
18.6203 4
18.7204 4
18.8205 4
18.9206 4
19.0207 3
19.1208 3
19.2208 3
19.3209 3
19.421 3
19.5211 3
19.6212 3
19.7213 3
19.8213 3
19.9214 3
20.0215 2
20.1216 2
20.2217 2
20.3217 2
20.4218 2
20.5219 2
20.622 2
20.7221 2
20.8222 2
20.9222 2
21.0224 1
21.1224 1
21.2225 1
21.3226 1
21.4227 1
21.5228 1
21.6229 1
21.7229 1
21.823 1
21.9231 1
22.0232 1
22.1233 1
22.2234 1
22.3235 1
22.4236 1
22.5237 1
22.6238 1
22.7239 1
22.824 1
22.9241 1
23.0242 1
23.1243 1
23.2244 1
23.3245 1
23.4245 1
23.5246 1
23.6247 1
23.7248 1
23.8248 1
23.9249 1
24.025 1
24.1251 1
24.2251 1
24.3252 1
24.4253 1
24.5254 1
24.6255 1
24.7255 1
24.8256 1
24.9257 1
25.0258 1
25.1258 1
25.2259 1
25.326 1
25.4261 1
25.5261 1
25.6262 1
25.7263 1
25.8264 1
25.9265 1
26.0265 2
26.1266 2
26.2268 2
26.3269 2
26.4269 2
26.527 2
26.6272 2
26.7273 2
26.8273 2
26.9274 2
27.0275 3
27.1276 3
27.2276 3
27.3278 3
27.4279 3
27.5279 3
27.628 3
27.7281 3
27.8282 3
27.9282 3
28.0283 4
28.1284 4
28.2285 4
28.3286 4
28.4286 4
28.5287 4
28.6288 4
28.7289 4
28.8289 4
28.929 4
29.0291 5
29.1292 5
29.2293 5
29.3293 5
29.4294 5
29.5295 5
29.6296 5
29.7296 5
29.8297 5
29.9298 5
30.0298 6
30.1299 6
30.23 6
30.3301 6
30.4302 6
30.5302 6
30.6303 6
30.7304 6
30.8305 6
30.9306 6
31.0306 7
31.1307 7
31.2308 7
31.3309 7
31.4309 7
31.531 7
31.6311 7
31.7315 7
31.8319 7
31.932 7
32.0321 8
32.1322 8
32.2323 8
32.3328 8
32.4329 8
32.533 8
32.6331 8
32.7331 8
32.8332 8
32.9333 8
33.0334 9
33.1334 9
33.2335 9
33.3336 9
33.4337 9
33.5337 9
33.6338 9
33.7339 9
33.834 9
33.9341 9
34.0342 10
34.1343 10
34.2343 10
34.3344 10
34.4345 10
34.5346 10
34.6346 10
34.7347 10
34.8348 10
34.9349 10
35.035 10
35.135 10
35.2351 10
35.3352 10
35.4353 10
35.5354 10
35.6355 10
35.7355 10
35.8356 10
35.9357 10
36.0358 9
36.1358 9
36.2359 9
36.336 9
36.4361 9
36.5362 9
36.6362 9
36.7363 9
36.8364 9
36.9365 9
37.0366 8
37.1367 8
37.2367 8
37.3368 8
37.4369 8
37.537 8
37.637 8
37.7371 8
37.8372 8
37.9373 8
38.0373 7
38.1374 7
38.2375 7
38.3376 7
38.4377 7
38.5378 7
38.6378 7
38.7379 7
38.838 7
38.9381 7
39.0382 6
39.1382 6
39.2383 6
39.3384 6
39.4385 6
39.5386 6
39.6387 6
39.7387 6
39.8388 6
39.9389 6
40.039 5
40.139 5
40.2391 5
40.3392 5
40.4393 5
40.5394 5
40.6395 5
40.7395 5
40.8396 5
40.9397 5
41.0398 4
41.1399 4
41.24 4
41.3401 4
41.4402 4
41.5403 4
41.6404 4
41.7405 4
41.8407 4
41.9408 4
42.0409 3
42.141 3
42.2411 3
42.3412 3
42.4412 3
42.5413 3
42.6414 3
42.7415 3
42.8415 3
42.9416 3
43.0417 2
43.1418 2
43.2419 2
43.3419 2
43.442 2
43.5421 2
43.6422 2
43.7423 2
43.8423 2
43.9424 2
44.0425 1
44.1426 1
44.2427 1
44.3428 1
44.4429 1
44.543 1
44.6431 1
44.7432 1
44.8432 1
44.9433 1
45.0434 1
45.1435 1
45.2436 1
45.3437 1
45.4438 1
45.5438 1
45.6439 1
45.744 1
45.8441 1
45.9442 1
46.0442 1
46.1443 1
46.2444 1
46.3445 1
46.4446 1
46.5447 1
46.6448 1
46.7449 1
46.845 1
46.9451 1
47.0451 1
47.1452 1
47.2453 1
47.3454 1
47.4455 1
47.5456 1
47.6457 1
47.7458 1
47.8459 1
47.9459 1
48.046 1
48.1461 1
48.2462 1
48.3462 1
48.4463 1
48.5464 1
48.6465 1
48.7466 1
48.8467 1
48.9467 1
49.0468 1
49.1469 1
49.247 1
49.3471 1
49.4471 1
49.5472 1
49.6473 1
49.7474 1
49.8474 1
49.9475 1
50.0476 2
50.1477 2
50.2478 2
50.3479 2
50.4481 2
50.5482 2
50.6483 2
50.7486 2
50.8487 2
50.9488 2
51.0502 3
51.1503 3
51.2504 3
51.3505 3
51.4505 3
51.5506 3
51.6507 3
51.7508 3
51.8508 3
51.9509 3
52.051 4
52.1511 4
52.2512 4
52.3512 4
52.4513 4
52.5514 4
52.6515 4
52.7515 4
52.8516 4
52.9517 4
53.0518 5
53.1519 5
53.2519 5
53.352 5
53.4521 5
53.5522 5
53.6523 5
53.7524 5
53.8524 5
53.9525 5
54.0526 6
54.1527 6
54.2528 6
54.3528 6
54.4529 6
54.553 6
54.6531 6
54.7532 6
54.8533 6
54.9534 6
55.0535 7
55.1536 7
55.2536 7
55.3537 7
55.4538 7
55.5539 7
55.6539 7
55.754 7
55.8541 7
55.9542 7
56.0543 8
56.1544 8
56.2544 8
56.3546 8
56.4547 8
56.5548 8
56.6549 8
56.7549 8
56.855 8
56.9551 8
57.0552 9
57.1553 9
57.2553 9
57.3554 9
57.4555 9
57.5556 9
57.6557 9
57.7558 9
57.8558 9
57.9559 9
58.056 10
58.1561 10
58.2561 10
58.3562 10
58.4563 10
58.5564 10
58.6565 10
58.7566 10
58.8566 10
58.9567 10
59.0568 10
59.1569 10
59.257 10
59.3571 10
59.4571 10
59.5572 10
59.6573 10
