1.703e-06 0
0.100327 0
0.200448 0
0.300547 0
0.400634 0
0.50071 0
0.600788 0
0.700857 0
0.800932 0
0.901006 0
1.0011 0
1.10118 0
1.20125 0
1.30132 0
1.40141 0
1.5015 0
1.60157 0
1.70164 0
1.80171 0
1.90178 0
2.00186 1
2.10194 1
2.20202 1
2.3021 1
2.40218 1
2.50225 1
2.60232 1
2.70239 1
2.80245 1
2.90253 1
3.0026 2
3.10267 2
3.20275 2
3.30282 2
3.4029 2
3.50297 2
3.60305 2
3.70312 2
3.80319 2
3.90326 2
4.00333 3
4.10341 3
4.20349 3
4.30356 3
4.40364 3
4.50372 3
4.60379 3
4.70386 3
4.80395 3
4.90404 3
5.00412 4
5.1042 4
5.20428 4
5.30439 4
5.40447 4
5.50455 4
5.60462 4
5.7047 4
5.80477 4
5.90485 4
6.00492 5
6.10499 5
6.20509 5
6.30516 5
6.40565 5
6.50623 5
6.60631 5
6.70727 5
6.80756 5
6.90765 5
7.00774 6
7.10783 6
7.20793 6
7.30804 6
7.40815 6
7.50825 6
7.60833 6
7.7084 6
7.80848 6
7.90855 6
8.00862 7
8.1087 7
8.20877 7
8.30885 7
8.40895 7
8.50906 7
8.60914 7
8.70922 7
8.8093 7
8.90937 7
9.00944 8
9.10953 8
9.2096 8
9.30968 8
9.40978 8
9.50986 8
9.60996 8
9.71005 8
9.81014 8
9.91022 8
10.0103 9
10.1104 9
10.2105 9
10.3106 9
10.4107 9
10.5108 9
10.6109 9
10.711 9
10.8111 9
10.9111 9
11.0112 10
11.1113 10
11.2114 10
11.3114 10
11.4115 10
11.5116 10
11.6117 10
11.7118 10
11.8118 10
11.9119 10
12.012 10
12.1121 10
12.2122 10
12.3123 10
12.4123 10
12.5124 10
12.6125 10
12.7126 10
12.8127 10
12.9128 10
13.0129 9
13.1129 9
13.213 9
13.3131 9
13.4132 9
13.5133 9
13.6134 9
13.7134 9
13.8135 9
13.9136 9
14.0137 8
14.1137 8
14.2138 8
14.3139 8
14.414 8
14.5141 8
14.6141 8
14.7142 8
14.8143 8
14.9144 8
15.0145 7
15.1146 7
15.2146 7
15.3147 7
15.4148 7
15.5149 7
15.615 7
15.7151 7
15.8152 7
15.9158 7
16.0159 6
16.116 6
16.2161 6
16.3162 6
16.4162 6
16.5163 6
16.6164 6
16.7165 6
16.8167 6
16.9168 6
17.0168 5
17.1169 5
17.217 5
17.3171 5
17.4172 5
17.5173 5
17.6174 5
17.7175 5
17.8176 5
17.9177 5
18.0178 4
18.1178 4
18.2179 4
18.318 4
18.4181 4
18.5181 4
18.6182 4
18.7183 4
18.8184 4
18.9185 4
19.0185 3
19.1186 3
19.2187 3
19.3188 3
19.4189 3
19.5189 3
19.619 3
19.7191 3
19.8192 3
19.9192 3
20.0193 2
20.1194 2
20.2194 2
20.3195 2
20.4196 2
20.5197 2
20.6198 2
20.7198 2
20.8199 2
20.92 2
21.0201 1
21.1202 1
21.2202 1
21.3203 1
21.4204 1
21.5205 1
21.6205 1
21.7206 1
21.8207 1
21.9208 1
22.0209 1
22.1209 1
22.221 1
22.3211 1
22.4212 1
22.5213 1
22.6214 1
22.7214 1
22.8215 1
22.9216 1
23.0217 1
23.1218 1
23.2219 1
23.322 1
23.4221 1
23.5222 1
23.6223 1
23.7224 1
23.8224 1
23.9225 1
24.0226 1
24.1227 1
24.2227 1
24.3228 1
24.4229 1
24.523 1
24.6231 1
24.7232 1
24.8233 1
24.9233 1
25.0234 1
25.1235 1
25.2235 1
25.3237 1
25.424 1
25.5241 1
25.6248 1
25.7249 1
25.825 1
25.9251 1
26.0252 2
26.1253 2
26.2254 2
26.3255 2
26.4256 2
26.5257 2
26.6258 2
26.7258 2
26.8259 2
26.926 2
27.0261 3
27.1262 3
27.2263 3
27.3263 3
27.4264 3
27.5265 3
27.6266 3
27.7266 3
27.8267 3
27.9268 3
28.0269 4
28.127 4
28.227 4
28.3271 4
28.4272 4
28.5273 4
28.6273 4
28.7274 4
28.8275 4
28.9276 4
29.0276 5
29.1277 5
29.2278 5
29.3279 5
29.428 5
29.528 5
29.6281 5
29.7282 5
29.8283 5
29.9284 5
30.0284 6
30.1285 6
30.2286 6
30.3287 6
30.4288 6
30.5288 6
30.6289 6
30.729 6
30.8291 6
30.9291 6
31.0292 7
31.1293 7
31.2294 7
31.3295 7
31.4295 7
31.5296 7
31.6297 7
31.7298 7
31.8299 7
31.93 7
32.03 8
32.1301 8
32.2302 8
32.3303 8
32.4303 8
32.5304 8
32.6305 8
32.7306 8
32.8307 8
32.9309 8
33.0309 9
33.131 9
33.2311 9
33.3312 9
33.4312 9
33.5313 9
33.6314 9
33.7315 9
33.8316 9
33.9317 9
34.0318 10
34.1318 10
34.2319 10
34.332 10
34.4321 10
34.5321 10
34.6322 10
34.7323 10
34.8324 10
34.9327 10
35.0332 10
35.1339 10
35.2339 10
35.3343 10
35.4344 10
35.5344 10
35.6345 10
35.7346 10
35.8347 10
35.9348 10
36.0349 9
36.1349 9
36.235 9
36.3351 9
36.4352 9
36.5352 9
36.6353 9
36.7354 9
36.8355 9
36.9355 9
37.0356 8
37.1357 8
37.2358 8
37.3359 8
37.4359 8
37.536 8
37.6361 8
37.7362 8
37.8362 8
37.9363 8
38.0364 7
38.1365 7
38.2365 7
38.3366 7
38.4367 7
38.5368 7
38.6368 7
38.7369 7
38.837 7
38.9371 7
39.0371 6
39.1372 6
39.2373 6
39.3374 6
39.4375 6
39.5376 6
39.6376 6
39.7377 6
39.8378 6
39.9379 6
40.0379 5
40.138 5
40.2381 5
40.3382 5
40.4383 5
40.5383 5
40.6384 5
40.7385 5
40.8386 5
40.9387 5
41.0387 4
41.1388 4
41.2389 4
41.339 4
41.4391 4
41.5392 4
41.6392 4
41.7393 4
41.8394 4
41.9395 4
42.0396 3
42.1396 3
42.2397 3
42.3398 3
42.4399 3
42.54 3
42.64 3
42.7401 3
42.8402 3
42.9403 3
43.0404 2
43.1404 2
43.2405 2
43.3406 2
43.4407 2
43.5408 2
43.6409 2
43.741 2
43.841 2
43.9411 2
44.0412 1
44.1413 1
44.2414 1
44.3415 1
44.4416 1
44.5417 1
44.6418 1
44.7419 1
44.842 1
44.9421 1
45.0422 1
45.1423 1
45.2424 1
45.3424 1
45.4425 1
45.5426 1
45.6427 1
45.7427 1
45.8428 1
45.9429 1
46.043 1
46.143 1
46.2431 1
46.3432 1
46.4432 1
46.5433 1
46.6434 1
46.7435 1
46.8436 1
46.9436 1
47.0437 1
47.1438 1
47.2439 1
47.3439 1
47.444 1
47.5441 1
47.6442 1
47.7442 1
47.8443 1
47.9444 1
48.0445 1
48.1446 1
48.2446 1
48.3447 1
48.4448 1
48.5449 1
48.645 1
48.745 1
48.8451 1
48.9452 1
49.0453 1
49.1454 1
49.2454 1
49.3455 1
49.4456 1
49.5457 1
49.6458 1
49.7458 1
49.8459 1
49.946 1
50.0461 2
50.1462 2
50.2463 2
50.3463 2
50.4464 2
50.5465 2
50.6466 2
50.7467 2
50.8468 2
50.9469 2
51.047 3
51.1471 3
51.2472 3
51.3473 3
51.4474 3
51.5475 3
51.6476 3
51.7477 3
51.8478 3
51.9479 3
52.048 4
52.1481 4
52.2482 4
52.3483 4
52.4483 4
52.5484 4
52.6485 4
52.7486 4
52.8486 4
52.9487 4
53.0488 5
53.1489 5
53.249 5
53.349 5
53.4491 5
53.5492 5
53.6495 5
53.7496 5
53.8496 5
53.9497 5
54.0499 6
54.15 6
54.2501 6
54.3502 6
54.4503 6
54.5504 6
54.6505 6
54.7506 6
54.8507 6
54.9508 6
55.0509 7
55.151 7
55.2511 7
55.3511 7
55.4512 7
55.5513 7
55.6514 7
55.7514 7
55.8515 7
55.9516 7
56.0517 8
56.1518 8
56.2518 8
56.3519 8
56.452 8
56.5521 8
56.6521 8
56.7522 8
56.8523 8
56.9524 8
57.0525 9
57.1526 9
57.2527 9
57.3528 9
57.4528 9
57.5529 9
57.653 9
57.7531 9
57.8532 9
57.9532 9
58.0533 10
58.1534 10
58.2535 10
58.3535 10
58.4536 10
58.5537 10
58.6538 10
58.7539 10
58.8539 10
58.954 10
59.0541 10
59.1542 10
59.2542 10
59.3543 10
59.4544 10
59.5545 10
59.6546 10
59.7546 10
