2.253e-06 0
0.136967 0
0.237053 0
0.337123 0
0.438971 0
0.540978 0
0.641047 0
0.741961 0
0.842967 0
0.947566 0
1.0552 0
1.15896 0
1.26197 0
1.36864 0
1.46896 0
1.57597 0
1.67997 0
1.78096 0
1.88197 0
1.98207 0
2.08221 0
2.18297 0
2.28305 0
2.38315 0
2.48326 0
2.58336 0
2.68343 0
2.7835 0
2.88359 0
2.98369 0
3.08376 1
3.18384 1
3.28392 1
3.38399 1
3.48407 1
3.58415 1
3.68422 1
3.78429 1
3.88436 1
3.98443 1
4.0845 2
4.18457 2
4.28465 2
4.38472 2
4.48479 2
4.58486 2
4.68494 2
4.78501 2
4.88507 2
4.98514 2
5.08522 3
5.18529 3
5.28536 3
5.38543 3
5.48551 3
5.58561 3
5.68569 3
5.78576 3
5.88583 3
5.98591 3
6.08598 4
6.18605 4
6.28612 4
6.3862 4
6.48627 4
6.58634 4
6.68641 4
6.78648 4
6.88654 4
6.98662 4
7.08669 5
7.18676 5
7.28682 5
7.38689 5
7.48696 5
7.58704 5
7.68711 5
7.78718 5
7.88725 5
7.98732 5
8.08739 6
8.18747 6
8.28754 6
8.38761 6
8.48768 6
8.58775 6
8.68782 6
8.78789 6
8.88796 6
8.98804 6
9.0881 7
9.18818 7
9.28824 7
9.38831 7
9.48838 7
9.58846 7
9.68852 7
9.78859 7
9.88866 7
9.98874 7
10.0888 8
10.1889 8
10.289 8
10.389 8
10.4891 8
10.5892 8
10.6893 8
10.7895 8
10.8897 8
10.9898 8
11.0899 9
11.1901 9
11.2903 9
11.3908 9
11.4909 9
11.591 9
11.6911 9
11.7912 9
11.8912 9
11.9913 9
12.0914 10
12.1915 10
12.2915 10
12.3916 10
12.4917 10
12.5918 10
12.6919 10
12.7919 10
12.892 10
12.9921 10
13.0922 10
13.1923 10
13.2924 10
13.3924 10
13.4925 10
13.5926 10
13.6927 10
13.7928 10
13.8928 10
13.9929 10
14.093 9
14.1931 9
14.2932 9
14.3933 9
14.4934 9
14.5935 9
14.6936 9
14.7936 9
14.8937 9
14.9938 9
15.0939 8
15.194 8
15.2941 8
15.3942 8
15.4942 8
15.5943 8
15.6944 8
15.7945 8
15.8946 8
15.9947 8
16.0948 7
16.1948 7
16.2949 7
16.395 7
16.4951 7
16.5951 7
16.6952 7
16.7953 7
16.8954 7
16.9955 7
17.0955 6
17.1956 6
17.2957 6
17.3958 6
17.4959 6
17.596 6
17.6961 6
17.7961 6
17.8962 6
17.9963 6
18.0963 5
18.1964 5
18.2965 5
18.3966 5
18.4967 5
18.5967 5
18.6968 5
18.7969 5
18.897 5
18.9971 5
19.0972 4
19.1973 4
19.2973 4
19.3974 4
19.4975 4
19.5976 4
19.6977 4
19.7978 4
19.8979 4
19.9979 4
20.0982 3
20.1983 3
20.2998 3
20.3999 3
20.5 3
20.6001 3
20.7002 3
20.8003 3
20.9004 3
21.0005 3
21.1006 2
21.2007 2
21.3008 2
21.4008 2
21.5009 2
21.601 2
21.7011 2
21.8012 2
21.9013 2
22.0014 2
22.1015 1
22.2016 1
22.3016 1
22.4017 1
22.5018 1
22.6019 1
22.702 1
22.8021 1
22.9021 1
23.0022 1
23.1023 1
23.2024 1
23.3025 1
23.4025 1
23.5026 1
23.6027 1
23.7028 1
23.8028 1
23.9029 1
24.003 1
24.1031 1
24.2032 1
24.3032 1
24.4033 1
24.5034 1
24.6035 1
24.7036 1
24.8037 1
24.9038 1
25.0039 1
25.104 1
25.2041 1
25.3042 1
25.4042 1
25.5043 1
25.6044 1
25.7045 1
25.8046 1
25.9047 1
26.0048 1
26.1048 1
26.2049 1
26.305 1
26.4051 1
26.5052 1
26.6053 1
26.7054 1
26.8055 1
26.9056 1
27.0057 1
27.1058 2
27.2059 2
27.306 2
27.4061 2
27.5062 2
27.6063 2
27.7064 2
27.8065 2
27.9066 2
28.0067 2
28.1067 3
28.2068 3
28.3069 3
28.407 3
28.5071 3
28.6072 3
28.7073 3
28.8074 3
28.9074 3
29.0075 3
29.1076 4
29.2077 4
29.3078 4
29.4078 4
29.5081 4
29.6082 4
29.7083 4
29.8085 4
29.9086 4
30.0087 4
30.1092 5
30.2098 5
30.3102 5
30.4104 5
30.5105 5
30.6105 5
30.7106 5
30.8107 5
30.9108 5
31.0109 5
31.111 6
31.2111 6
31.3111 6
31.4112 6
31.5113 6
31.6114 6
31.7115 6
31.8116 6
31.9116 6
32.0117 6
32.1118 7
32.2119 7
32.312 7
32.4121 7
32.5122 7
32.6123 7
32.7124 7
32.8124 7
32.9125 7
33.0126 7
33.1127 8
33.2128 8
33.3129 8
33.413 8
33.5131 8
33.6131 8
33.7132 8
33.8133 8
33.9134 8
34.0135 8
34.1135 9
34.2136 9
34.3137 9
34.4138 9
34.5139 9
34.614 9
34.7141 9
34.8141 9
34.9142 9
35.0143 9
35.1144 10
35.2144 10
35.3145 10
35.4146 10
35.5147 10
35.6148 10
35.7149 10
35.8149 10
35.915 10
36.0151 10
36.1152 10
36.2152 10
36.3153 10
36.4154 10
36.5155 10
36.6156 10
36.7156 10
36.8157 10
36.9158 10
37.0159 10
37.116 9
37.216 9
37.3161 9
37.4162 9
37.5163 9
37.6164 9
37.7165 9
37.8166 9
37.9167 9
38.0167 9
38.1168 8
38.2169 8
38.317 8
38.4171 8
38.5172 8
38.6173 8
38.7173 8
38.8174 8
38.9175 8
39.0176 8
39.1177 7
39.2178 7
39.3179 7
39.418 7
39.5183 7
39.6183 7
39.7184 7
39.8185 7
39.9186 7
40.0187 7
40.1188 6
40.2188 6
40.3189 6
40.419 6
40.5191 6
40.6191 6
40.7192 6
40.8193 6
40.9194 6
41.0195 6
41.1195 5
41.2196 5
41.3197 5
41.4198 5
41.5199 5
41.62 5
41.72 5
41.8201 5
41.9202 5
42.0203 5
42.1203 4
42.2204 4
42.3205 4
42.4206 4
42.5207 4
42.6208 4
42.7208 4
42.8209 4
42.9211 4
43.0211 4
43.1212 3
43.2213 3
43.3214 3
43.4215 3
43.5216 3
43.6217 3
43.7218 3
43.8218 3
43.9219 3
44.0221 3
44.1221 2
44.2222 2
44.3223 2
44.4224 2
44.5226 2
44.6226 2
44.7227 2
44.8228 2
44.9229 2
45.023 2
45.1231 1
45.2232 1
45.3232 1
45.4233 1
45.5234 1
45.6235 1
45.7236 1
45.8236 1
45.9237 1
46.0238 1
46.1239 1
46.224 1
46.324 1
46.4241 1
46.5242 1
46.6243 1
46.7244 1
46.8244 1
46.9245 1
47.0246 1
47.1247 1
47.2247 1
47.3248 1
47.4249 1
47.525 1
47.6251 1
47.7251 1
47.8252 1
47.9253 1
48.0254 1
48.1255 1
48.2256 1
48.3257 1
48.4257 1
48.5259 1
48.626 1
48.7261 1
48.8261 1
48.9262 1
49.0263 1
49.1268 1
49.2268 1
49.3269 1
49.427 1
49.5271 1
49.6272 1
49.7272 1
49.8273 1
49.9274 1
50.0275 1
50.1275 1
50.2276 1
50.3277 1
50.4278 1
50.5279 1
50.6279 1
50.728 1
50.8281 1
50.9282 1
51.0282 1
51.1283 2
51.2284 2
51.3285 2
51.4285 2
51.5286 2
51.6287 2
51.7288 2
51.8288 2
51.9289 2
52.029 2
52.1291 3
52.2291 3
52.3292 3
52.4293 3
52.5294 3
52.6295 3
52.7295 3
52.8296 3
52.9297 3
53.0298 3
53.1299 4
53.2299 4
53.33 4
53.4301 4
53.5302 4
53.6303 4
53.7303 4
53.8304 4
53.9305 4
54.0306 4
54.1307 5
54.2308 5
54.3308 5
54.431 5
54.5311 5
54.6312 5
54.7313 5
54.8313 5
54.9314 5
55.0315 5
55.1316 6
55.2316 6
55.3317 6
55.4318 6
55.5319 6
55.632 6
55.732 6
55.8321 6
55.9322 6
56.0323 6
56.1324 7
56.2324 7
56.3325 7
56.4326 7
56.5327 7
56.6327 7
56.7328 7
56.8329 7
56.933 7
57.033 7
57.1331 8
57.2332 8
57.3333 8
57.4334 8
57.5334 8
57.6335 8
57.7336 8
57.8337 8
57.9338 8
58.0339 8
58.134 9
58.2341 9
58.3344 9
58.4345 9
58.5346 9
58.635 9
58.7351 9
58.8352 9
58.9353 9
59.0354 9
59.1355 10
59.2356 10
59.3357 10
59.4358 10
59.5358 10
59.636 10
59.736 10
59.8362 10
59.9362 10
60.0363 10
60.1364 10
60.2365 10
60.3365 10
60.4366 10
60.5367 10
60.6368 10
60.7369 10
