1.814e-06 0
0.100714 0
0.200843 0
0.300922 0
0.401 0
0.501079 0
0.601169 0
0.701249 0
0.801344 0
0.901444 0
1.00154 0
1.10162 0
1.20171 0
1.30179 0
1.40188 0
1.50201 0
1.60211 0
1.70219 0
1.80227 0
1.90235 0
2.00244 1
2.10251 1
2.20259 1
2.30267 1
2.40274 1
2.50283 1
2.60293 1
2.70301 1
2.80309 1
2.90319 1
3.00326 2
3.10333 2
3.20341 2
3.3035 2
3.40362 2
3.50373 2
3.60384 2
3.70392 2
3.804 2
3.90407 2
4.00414 3
4.10423 3
4.20435 3
4.3044 3
4.40448 3
4.50455 3
4.60466 3
4.70478 3
4.80487 3
4.90497 3
5.00505 4
5.10512 4
5.20524 4
5.30533 4
5.40543 4
5.50552 4
5.60561 4
5.70569 4
5.8058 4
5.9059 4
6.00598 5
6.10605 5
6.20613 5
6.30622 5
6.40632 5
6.5064 5
6.60649 5
6.70656 5
6.80664 5
6.90674 5
7.00685 6
7.10693 6
7.20702 6
7.30712 6
7.40722 6
7.50731 6
7.6074 6
7.70748 6
7.80757 6
7.90767 6
8.00796 7
8.10805 7
8.20814 7
8.30821 7
8.40896 7
8.50936 7
8.60945 7
8.70957 7
8.80966 7
8.90976 7
9.00985 8
9.10993 8
9.21001 8
9.31009 8
9.4102 8
9.51032 8
9.61042 8
9.71051 8
9.8106 8
9.91067 8
10.0108 9
10.1108 9
10.211 9
10.311 9
10.4111 9
10.5112 9
10.6113 9
10.7114 9
10.8115 9
10.9116 9
11.0117 10
11.1118 10
11.2119 10
11.3218 10
11.422 10
11.522 10
11.6233 10
11.7234 10
11.8259 10
11.9267 10
12.0268 11
12.1269 11
12.227 11
12.3271 11
12.4272 11
12.5274 11
12.6275 11
12.7276 11
12.8277 11
12.9279 11
13.028 11
13.1281 11
13.2282 11
13.3283 11
13.4284 11
13.5285 11
13.6286 11
13.7287 11
13.8289 11
13.929 11
14.029 11
14.1291 11
14.2293 11
14.3294 11
14.4295 11
14.5295 11
14.6296 11
14.7297 11
14.8299 11
14.93 11
15.03 10
15.1301 10
15.2303 10
15.3304 10
15.4304 10
15.5305 10
15.6306 10
15.7307 10
15.8308 10
15.9309 10
16.0313 9
16.1314 9
16.2315 9
16.3316 9
16.4317 9
16.5319 9
16.632 9
16.732 9
16.8321 9
16.9322 9
17.0323 8
17.1324 8
17.2325 8
17.3327 8
17.4329 8
17.533 8
17.6331 8
17.7333 8
17.8334 8
17.9335 8
18.0336 7
18.1338 7
18.2339 7
18.334 7
18.4341 7
18.5342 7
18.6343 7
18.7344 7
18.8345 7
18.9346 7
19.0347 6
19.1348 6
19.2349 6
19.335 6
19.4351 6
19.5352 6
19.6353 6
19.7354 6
19.8355 6
19.9356 6
20.0357 5
20.1358 5
20.2359 5
20.336 5
20.4361 5
20.5362 5
20.6363 5
20.7365 5
20.8366 5
20.9367 5
21.0368 4
21.1369 4
21.237 4
21.3371 4
21.4372 4
21.5373 4
21.6374 4
21.7375 4
21.8376 4
21.9377 4
22.0378 3
22.1379 3
22.238 3
22.3381 3
22.4382 3
22.5383 3
22.6384 3
22.7384 3
22.8385 3
22.9386 3
23.0387 2
23.1388 2
23.2389 2
23.339 2
23.4391 2
23.5392 2
23.6393 2
23.7394 2
23.8395 2
23.9396 2
24.0397 1
24.1398 1
24.2399 1
24.34 1
24.4401 1
24.5402 1
24.6402 1
24.7404 1
24.8404 1
24.9405 1
25.0407 1
25.1408 1
25.2409 1
25.341 1
25.4411 1
25.5412 1
25.6413 1
25.7414 1
25.8418 1
25.9419 1
26.042 1
26.1421 1
26.2421 1
26.3426 1
26.4427 1
26.5429 1
26.6437 1
26.7441 1
26.8442 1
26.9443 1
27.0449 1
27.1451 1
27.2451 1
27.3452 1
27.4453 1
27.5454 1
27.6455 1
27.7456 1
27.8457 1
27.9458 1
28.0459 1
28.146 1
28.2461 1
28.3462 1
28.4463 1
28.5464 1
28.6464 1
28.7465 1
28.8466 1
28.9467 1
29.0467 1
29.1468 1
29.2469 1
29.347 1
29.4471 1
29.5472 1
29.6473 1
29.7473 1
29.8474 1
29.9475 1
30.0476 1
30.1481 1
30.2482 1
30.3483 1
30.4484 1
30.5485 1
30.6486 1
30.7487 1
30.8488 1
30.9489 1
31.049 1
31.149 1
31.2491 1
31.3492 1
31.4493 1
31.5493 1
31.6494 1
31.7495 1
31.8496 1
31.9497 1
32.0498 2
32.1498 2
32.2499 2
32.35 2
32.4501 2
32.5502 2
32.6502 2
32.7503 2
32.8504 2
32.9505 2
33.0505 3
33.1506 3
33.2507 3
33.3508 3
33.4509 3
33.551 3
33.6511 3
33.7512 3
33.8513 3
33.9513 3
34.0514 4
34.1515 4
34.2516 4
34.3517 4
34.4518 4
34.5519 4
34.6538 4
34.7539 4
34.8541 4
34.9542 4
35.0543 5
35.1597 5
35.2617 5
35.3627 5
35.4648 5
35.5649 5
35.6667 5
35.7694 5
35.8699 5
35.9707 5
36.0708 6
36.1717 6
36.2718 6
36.3722 6
36.4738 6
36.5739 6
36.674 6
36.7741 6
36.8742 6
36.9742 6
37.0743 7
37.1744 7
37.2745 7
37.3746 7
37.4747 7
37.5748 7
37.6749 7
37.775 7
37.8751 7
37.9752 7
38.0753 8
38.1754 8
38.2755 8
38.3756 8
38.4757 8
38.5758 8
38.6759 8
38.776 8
38.876 8
38.9761 8
39.0762 9
39.1847 9
39.2927 9
39.3967 9
39.4977 9
39.5987 9
39.6997 9
39.8047 9
39.9057 9
40.0127 10
40.1137 10
40.2189 10
40.319 10
40.4191 10
40.5256 10
40.6257 10
40.7258 10
40.8259 10
40.926 10
41.0261 11
41.1262 11
41.2263 11
41.3263 11
41.4264 11
41.5265 11
41.6266 11
41.7267 11
41.8268 11
41.9269 11
42.027 11
42.1271 11
42.2272 11
42.3285 11
42.4287 11
42.5288 11
42.6297 11
42.7298 11
42.8387 11
42.9407 11
43.0417 11
43.1418 11
43.2419 11
43.342 11
43.4424 11
43.5438 11
43.6447 11
43.7455 11
43.8467 11
43.9477 11
44.0487 11
44.155 11
44.2597 11
44.36 11
44.4607 11
44.5608 11
44.6609 11
44.761 11
44.8611 11
44.9618 11
45.0621 11
45.1622 11
45.2627 11
45.3635 11
45.4636 11
45.5637 11
45.6638 11
45.7638 11
45.8639 11
45.964 11
46.0642 10
46.1643 10
46.2643 10
46.3644 10
46.4645 10
46.5646 10
46.6647 10
46.7647 10
46.8649 10
46.965 10
47.0651 9
47.1651 9
47.2652 9
47.3653 9
47.4654 9
47.5655 9
47.6656 9
47.7657 9
47.8658 9
47.9659 9
48.066 8
48.1661 8
48.2663 8
48.3664 8
48.4665 8
48.5666 8
48.6667 8
48.7668 8
48.8672 8
48.9673 8
49.0674 7
49.1677 7
49.2678 7
49.3687 7
49.4697 7
49.5707 7
49.6797 7
49.7798 7
49.8807 7
49.9857 7
50.0917 6
50.1977 6
50.3057 6
50.4058 6
50.5059 6
50.606 6
50.7067 6
50.8068 6
50.9069 6
51.0069 6
51.107 5
51.2077 5
51.3078 5
51.408 5
51.5081 5
51.6082 5
51.7083 5
51.8084 5
51.9085 5
52.0086 5
52.1087 4
52.2088 4
52.3089 4
52.409 4
52.5091 4
52.6091 4
52.7092 4
52.8093 4
52.9094 4
53.0097 4
53.1098 3
53.2149 3
53.315 3
53.4157 3
53.5167 3
53.6168 3
53.7177 3
53.8187 3
53.9287 3
54.0297 2
54.1307 2
54.2317 2
54.3332 2
54.4337 2
54.5347 2
54.6357 2
54.7367 2
54.8417 2
54.9427 2
55.0437 1
55.1438 1
55.2439 1
55.344 1
55.4441 1
55.5442 1
55.6443 1
55.7444 1
55.8457 1
55.9467 1
56.0477 1
56.1487 1
56.2558 1
56.3637 1
56.4638 1
56.5639 1
56.664 1
56.7641 1
56.8642 1
56.9643 1
57.0647 1
57.1648 1
57.2657 1
57.3658 1
57.4659 1
57.566 1
57.6661 1
57.7661 1
57.8662 1
57.9663 1
58.0664 1
58.1665 1
58.2666 1
58.3667 1
58.4668 1
58.5669 1
58.667 1
58.767 1
58.8671 1
58.9672 1
59.0673 1
59.1674 1
59.2674 1
59.3675 1
59.4676 1
59.5677 1
59.6677 1
59.7678 1
59.8679 1
59.968 1
60.0681 1
60.1681 1
60.2682 1
60.3683 1
60.4684 1
60.5685 1
60.6685 1
60.7686 1
60.8687 1
60.9688 1
61.0703 1
61.1704 1
61.2705 1
61.3706 1
61.4707 1
61.5708 1
61.6709 1
61.7711 1
61.8712 1
61.9713 1
62.0714 1
62.1715 1
62.275 1
62.3751 1
62.4752 1
62.5758 1
62.6767 1
62.7868 1
62.8877 1
62.9878 1
63.0887 2
63.1888 2
63.2889 2
63.389 2
63.4891 2
63.5899 2
63.6907 2
63.7918 2
63.8927 2
63.9928 2
64.0988 3
64.1989 3
64.2991 3
64.3992 3
64.4993 3
64.5994 3
64.6995 3
64.7996 3
64.8997 3
64.9998 3
65.0999 3
65.2 3
65.3001 3
65.4002 3
65.5003 3
65.6004 3
65.7007 3
65.8207 3
65.9267 3
66.0277 3
66.1377 3
66.2398 3
66.3417 3
66.4418 3
66.5427 3
66.6498 3
66.7508 3
66.8537 3
66.9538 3
67.054 3
67.1542 3
67.2543 3
67.3544 3
67.4545 3
67.555 3
67.6551 3
67.7552 3
67.8552 3
67.9557 3
68.0567 3
68.1587 3
68.2597 3
68.3667 3
68.4787 3
68.5868 3
68.6977 3
68.7987 3
68.8988 3
68.9997 3
69.1097 3
69.2107 3
69.3117 3
69.4133 3
69.5134 3
69.6156 3
69.7167 3
69.8177 3
69.9178 3
70.0179 3
70.118 4
70.2181 4
70.3181 4
70.4182 4
70.5183 4
70.6184 4
70.7185 4
70.8186 4
70.9187 4
71.0187 4
71.1188 5
71.2189 5
71.3189 5
71.419 5
71.5191 5
71.6192 5
71.7193 5
71.8193 5
71.9194 5
72.0195 5
72.1196 6
72.2197 6
72.3198 6
72.4199 6
72.52 6
72.6201 6
72.7202 6
72.8204 6
72.9205 6
73.0206 6
73.1207 7
73.2208 7
73.3209 7
73.4212 7
73.5214 7
73.6214 7
73.7216 7
73.8217 7
73.9218 7
74.0219 7
74.1227 8
74.2228 8
74.3237 8
74.4247 8
74.5257 8
74.6267 8
74.7277 8
74.8307 8
74.9308 8
75.0317 8
75.1407 9
75.2408 9
75.3417 9
75.4427 9
75.5517 9
75.6518 9
75.7547 9
75.8557 9
75.9558 9
76.0607 10
76.1638 10
76.2677 10
76.3678 10
76.4687 10
76.5697 10
76.6698 10
76.7707 10
76.8758 10
76.9783 10
77.0787 11
77.1852 11
77.2852 11
77.3855 11
77.4857 11
77.5882 11
77.6887 11
77.7897 11
77.8907 11
77.9917 11
78.0918 11
78.1927 11
78.2937 11
78.3957 11
78.4967 11
78.5968 11
78.6977 11
78.7987 11
78.9007 11
79.0017 11
79.1048 11
79.2057 11
79.3067 11
79.4077 11
79.5137 11
79.6227 11
79.7327 11
79.8377 11
79.9378 11
80.0387 11
80.1388 11
80.2388 11
80.3397 11
80.4407 11
80.5497 11
80.6537 11
80.7607 11
80.8617 11
80.9627 11
81.0717 11
81.1727 11
81.28 11
81.3807 11
81.4817 11
81.5827 11
81.6828 11
81.7897 11
81.8907 11
