1.032e-06 0
0.100564 0
0.200661 0
0.300759 0
0.400842 0
0.500933 0
0.601011 0
0.7011 0
0.801179 0
0.901256 0
1.00133 0
1.10141 0
1.20149 0
1.30157 0
1.40165 0
1.50172 0
1.6018 0
1.70189 0
1.80196 0
1.90204 0
2.00211 1
2.10219 1
2.20227 1
2.30235 1
2.40243 1
2.5025 1
2.60259 1
2.70267 1
2.80275 1
2.90282 1
3.00289 2
3.10298 2
3.20306 2
3.30314 2
3.40321 2
3.50329 2
3.60337 2
3.70344 2
3.80352 2
3.9036 2
4.00368 3
4.10376 3
4.20383 3
4.30391 3
4.40398 3
4.50408 3
4.60416 3
4.70423 3
4.80431 3
4.90438 3
5.00445 4
5.10453 4
5.20461 4
5.30468 4
5.40475 4
5.50483 4
5.6049 4
5.70498 4
5.80507 4
5.90517 4
6.00526 5
6.10534 5
6.20542 5
6.30555 5
6.40578 5
6.50586 5
6.60597 5
6.70605 5
6.80638 5
6.90681 5
7.00697 6
7.10708 6
7.20718 6
7.30727 6
7.40734 6
7.50742 6
7.6075 6
7.70758 6
7.80766 6
7.90774 6
8.00782 7
8.1079 7
8.20798 7
8.30806 7
8.40813 7
8.5082 7
8.60828 7
8.70836 7
8.80844 7
8.90852 7
9.0086 8
9.10867 8
9.20874 8
9.30882 8
9.4089 8
9.50897 8
9.60905 8
9.70912 8
9.8092 8
9.90927 8
10.0093 9
10.1094 9
10.2095 9
10.3096 9
10.4097 9
10.5097 9
10.6098 9
10.7099 9
10.81 9
10.91 9
11.0101 10
11.1102 10
11.2103 10
11.3104 10
11.4104 10
11.5105 10
11.6106 10
11.7107 10
11.8107 10
11.9108 10
12.0109 10
12.111 10
12.2111 10
12.3111 10
12.4112 10
12.5113 10
12.6114 10
12.7114 10
12.8115 10
12.9116 10
13.0117 9
13.1117 9
13.2118 9
13.3119 9
13.412 9
13.512 9
13.6121 9
13.7122 9
13.8123 9
13.9123 9
14.0124 8
14.1125 8
14.2126 8
14.3126 8
14.4127 8
14.5128 8
14.6129 8
14.713 8
14.8131 8
14.9131 8
15.0132 7
15.1133 7
15.2133 7
15.3134 7
15.4135 7
15.5136 7
15.6147 7
15.7148 7
15.8149 7
15.9152 7
16.0153 6
16.1154 6
16.2155 6
16.3155 6
16.4156 6
16.5157 6
16.6158 6
16.7159 6
16.816 6
16.916 6
17.0161 5
17.1162 5
17.2163 5
17.3164 5
17.4164 5
17.5165 5
17.6166 5
17.7167 5
17.8167 5
17.9168 5
18.0169 4
18.117 4
18.2171 4
18.3171 4
18.4172 4
18.5173 4
18.6174 4
18.7175 4
18.8175 4
18.9176 4
19.0177 3
19.1178 3
19.2179 3
19.318 3
19.4181 3
19.5181 3
19.6182 3
19.7183 3
19.8184 3
19.9184 3
20.0185 2
20.1186 2
20.2187 2
20.3187 2
20.4188 2
20.5189 2
20.619 2
20.7191 2
20.8191 2
20.9192 2
21.0193 1
21.1194 1
21.2195 1
21.3195 1
21.4196 1
21.5197 1
21.6198 1
21.7198 1
21.8199 1
21.92 1
22.0201 1
22.1202 1
22.2202 1
22.3203 1
22.4204 1
22.5205 1
22.6206 1
22.7207 1
22.8207 1
22.9208 1
23.0209 1
23.121 1
23.2211 1
23.3212 1
23.4213 1
23.5213 1
23.6214 1
23.7215 1
23.8216 1
23.9216 1
24.0217 1
24.1218 1
24.2219 1
24.322 1
24.4221 1
24.5221 1
24.6222 1
24.7223 1
24.8224 1
24.9225 1
25.0226 1
25.1227 1
25.2239 1
25.3246 1
25.4247 1
25.5248 1
25.6253 1
25.7253 1
25.8254 1
25.9257 1
26.0258 2
26.1259 2
26.226 2
26.3261 2
26.4262 2
26.5263 2
26.6263 2
26.7264 2
26.8265 2
26.9266 2
27.0267 3
27.1268 3
27.2269 3
27.3269 3
27.427 3
27.5271 3
27.6272 3
27.7272 3
27.8273 3
27.9274 3
28.0275 4
28.1276 4
28.2276 4
28.3277 4
28.4278 4
28.5279 4
28.628 4
28.7281 4
28.8281 4
28.9282 4
29.0283 5
29.1284 5
29.2284 5
29.3285 5
29.4287 5
29.5288 5
29.6288 5
29.7289 5
29.829 5
29.9291 5
30.0291 6
30.1292 6
30.2293 6
30.3294 6
30.4294 6
30.5295 6
30.6296 6
30.7298 6
30.8299 6
30.9299 6
31.03 7
31.1301 7
31.2302 7
31.3302 7
31.4303 7
31.5304 7
31.6305 7
31.7306 7
31.8306 7
31.9307 7
32.0308 8
32.1309 8
32.231 8
32.331 8
32.4311 8
32.5312 8
32.6313 8
32.7314 8
32.8314 8
32.9315 8
33.0316 9
33.1317 9
33.2318 9
33.3318 9
33.4319 9
33.532 9
33.6321 9
33.7321 9
33.8322 9
33.9323 9
34.0324 10
34.1324 10
34.2325 10
34.3326 10
34.4327 10
34.5329 10
34.6334 10
34.7335 10
34.8335 10
34.9336 10
35.0337 10
35.1339 10
35.2349 10
35.3358 10
35.4358 10
35.5359 10
35.636 10
35.7361 10
35.8362 10
35.9363 10
36.0364 9
36.1364 9
36.2365 9
36.3366 9
36.4367 9
36.5368 9
36.6369 9
36.737 9
36.8371 9
36.9372 9
37.0372 8
37.1373 8
37.2374 8
37.3375 8
37.4375 8
37.5376 8
37.6377 8
37.7378 8
37.8378 8
37.9379 8
38.038 7
38.1381 7
38.2382 7
38.3383 7
38.4384 7
38.5385 7
38.6385 7
38.7386 7
38.8387 7
38.9388 7
39.0389 6
39.139 6
39.2391 6
39.3392 6
39.4392 6
39.5393 6
39.6394 6
39.7395 6
39.8396 6
39.9396 6
40.0398 5
40.1398 5
40.2399 5
40.34 5
40.4401 5
40.5401 5
40.6402 5
40.7403 5
40.8404 5
40.9405 5
41.0406 4
41.1407 4
41.2408 4
41.3409 4
41.441 4
41.5412 4
41.6413 4
41.7414 4
41.8415 4
41.9416 4
42.0418 3
42.1418 3
42.2419 3
42.342 3
42.4421 3
42.5422 3
42.6423 3
42.7424 3
42.8425 3
42.9426 3
43.0427 2
43.1427 2
43.2428 2
43.3429 2
43.443 2
43.5431 2
43.6432 2
43.7433 2
43.8434 2
43.9435 2
44.0436 1
44.1436 1
44.2437 1
44.3438 1
44.4469 1
44.547 1
44.6474 1
44.7487 1
44.8488 1
44.9488 1
45.0489 1
45.149 1
45.2492 1
45.3493 1
45.4494 1
45.5495 1
45.6496 1
45.7497 1
45.8499 1
45.9499 1
46.05 1
46.1502 1
46.2503 1
46.3504 1
46.4505 1
46.5506 1
46.6506 1
46.7507 1
46.8508 1
46.9509 1
47.051 1
47.1512 1
47.2513 1
47.3514 1
47.4514 1
47.5515 1
47.6516 1
47.7517 1
47.8517 1
47.9518 1
48.0519 1
48.152 1
48.252 1
48.3521 1
48.4522 1
48.5523 1
48.6523 1
48.7524 1
48.8525 1
48.9526 1
49.0526 1
49.1527 1
49.2528 1
49.3529 1
49.4529 1
49.553 1
49.6531 1
49.7532 1
49.8532 1
49.9533 1
50.0534 2
50.1535 2
50.2536 2
50.3537 2
50.4538 2
50.5539 2
50.6539 2
50.754 2
50.8541 2
50.9541 2
51.0542 3
51.1543 3
51.2544 3
51.3545 3
51.4546 3
51.5546 3
51.6547 3
51.7548 3
51.8549 3
51.955 3
52.055 4
52.1551 4
52.2552 4
52.3553 4
52.4554 4
52.5554 4
52.6555 4
52.7556 4
52.8557 4
52.9558 4
53.0558 5
53.1559 5
53.256 5
53.3561 5
53.4562 5
53.5574 5
53.6575 5
53.7575 5
53.8576 5
53.9577 5
54.0578 6
54.1579 6
54.258 6
54.3581 6
54.4582 6
54.5583 6
54.6583 6
54.7584 6
54.8585 6
54.9586 6
55.0587 7
55.1588 7
55.2589 7
55.3589 7
55.459 7
55.5591 7
55.6591 7
55.7592 7
55.8593 7
55.9594 7
56.0595 8
56.1595 8
56.2596 8
56.3597 8
56.4598 8
56.5598 8
56.6599 8
56.76 8
56.8601 8
56.9602 8
57.0602 9
57.1603 9
57.2604 9
57.3605 9
57.4606 9
57.5607 9
57.6607 9
57.7608 9
57.8609 9
57.961 9
58.0611 10
58.1612 10
58.2612 10
58.3613 10
58.4614 10
58.5615 10
58.6616 10
58.7616 10
58.8617 10
58.9618 10
59.0619 10
59.162 10
59.262 10
59.3621 10
59.4622 10
59.5623 10
59.6624 10
59.7624 10
