1.863e-06 0
0.100389 0
0.200488 0
0.300563 0
0.400631 0
0.500708 0
0.600801 0
0.700889 0
0.800977 0
0.901147 0
1.00126 0
1.10135 0
1.20143 0
1.3015 0
1.4016 0
1.50168 0
1.60176 0
1.70185 0
1.80193 0
1.90203 0
2.00216 1
2.10225 1
2.20232 1
2.3024 1
2.40247 1
2.50255 1
2.60263 1
2.7027 1
2.8028 1
2.90292 1
3.003 2
3.10308 2
3.20316 2
3.30324 2
3.40333 2
3.50341 2
3.60349 2
3.70357 2
3.80366 2
3.90374 2
4.00383 3
4.10392 3
4.204 3
4.30408 3
4.40415 3
4.50423 3
4.6043 3
4.70437 3
4.80445 3
4.90453 3
5.0046 4
5.1047 4
5.20483 4
5.30494 4
5.40501 4
5.50508 4
5.60516 4
5.70523 4
5.8053 4
5.90537 4
6.00544 5
6.10554 5
6.20562 5
6.3057 5
6.40578 5
6.50586 5
6.60593 5
6.706 5
6.8061 5
6.90618 5
7.00625 6
7.10633 6
7.20641 6
7.30648 6
7.40656 6
7.50664 6
7.60671 6
7.70679 6
7.80687 6
7.90695 6
8.00703 7
8.10711 7
8.20719 7
8.30727 7
8.40735 7
8.50742 7
8.6075 7
8.70758 7
8.80766 7
8.90775 7
9.00786 8
9.10793 8
9.208 8
9.30814 8
9.40824 8
9.50835 8
9.60844 8
9.70854 8
9.80863 8
9.9087 8
10.0099 9
10.11 9
10.2101 9
10.3102 9
10.4103 9
10.5104 9
10.6104 9
10.7105 9
10.8106 9
10.9107 9
11.0108 10
11.1109 10
11.2109 10
11.311 10
11.4111 10
11.5112 10
11.6113 10
11.7114 10
11.8115 10
11.9116 10
12.0117 10
12.1117 10
12.2118 10
12.3119 10
12.412 10
12.5121 10
12.6121 10
12.7122 10
12.8123 10
12.9124 10
13.0124 9
13.1125 9
13.2126 9
13.3127 9
13.4128 9
13.5128 9
13.6129 9
13.713 9
13.8131 9
13.9132 9
14.0132 8
14.1133 8
14.2134 8
14.3135 8
14.4136 8
14.5137 8
14.6137 8
14.7138 8
14.8139 8
14.914 8
15.0141 7
15.1141 7
15.2142 7
15.3143 7
15.4144 7
15.5145 7
15.6145 7
15.7146 7
15.8147 7
15.9148 7
16.0149 6
16.1149 6
16.215 6
16.3151 6
16.4152 6
16.5153 6
16.6154 6
16.7155 6
16.8156 6
16.9156 6
17.0158 5
17.1159 5
17.216 5
17.3161 5
17.4162 5
17.5163 5
17.6163 5
17.7164 5
17.8165 5
17.9165 5
18.0166 4
18.1167 4
18.2168 4
18.3169 4
18.417 4
18.517 4
18.6171 4
18.7172 4
18.8177 4
18.9178 4
19.018 3
19.1181 3
19.2182 3
19.3183 3
19.4184 3
19.5185 3
19.6195 3
19.7196 3
19.8197 3
19.9198 3
20.0198 2
20.1199 2
20.22 2
20.3201 2
20.4202 2
20.5203 2
20.6203 2
20.7204 2
20.8205 2
20.9206 2
21.0206 1
21.1207 1
21.2208 1
21.3209 1
21.421 1
21.5211 1
21.6212 1
21.7213 1
21.8213 1
21.9214 1
22.0215 1
22.1216 1
22.2216 1
22.3217 1
22.4218 1
22.5219 1
22.622 1
22.7221 1
22.8221 1
22.9222 1
23.0223 1
23.1224 1
23.2224 1
23.3225 1
23.4226 1
23.5227 1
23.6227 1
23.7228 1
23.8229 1
23.923 1
24.023 1
24.1231 1
24.2232 1
24.3233 1
24.4234 1
24.5235 1
24.6235 1
24.7236 1
24.8237 1
24.9238 1
25.0239 1
25.1239 1
25.224 1
25.3241 1
25.4242 1
25.5243 1
25.6243 1
25.7244 1
25.8245 1
25.9245 1
26.0246 2
26.1247 2
26.2248 2
26.3248 2
26.4249 2
26.525 2
26.6251 2
26.7251 2
26.8252 2
26.9253 2
27.0254 3
27.1255 3
27.2255 3
27.3256 3
27.4257 3
27.5258 3
27.6258 3
27.7259 3
27.826 3
27.9261 3
28.0262 4
28.1263 4
28.2263 4
28.3265 4
28.4266 4
28.5267 4
28.6268 4
28.7268 4
28.8271 4
28.9272 4
29.0273 5
29.1274 5
29.2275 5
29.3276 5
29.4277 5
29.5278 5
29.6279 5
29.7279 5
29.828 5
29.9281 5
30.0282 6
30.1283 6
30.2284 6
30.3284 6
30.4285 6
30.5286 6
30.6287 6
30.7288 6
30.8289 6
30.9289 6
31.0291 7
31.1292 7
31.2293 7
31.3293 7
31.4294 7
31.5295 7
31.6296 7
31.7297 7
31.8298 7
31.9299 7
32.0299 8
32.13 8
32.2301 8
32.3302 8
32.4303 8
32.5304 8
32.6304 8
32.7305 8
32.8306 8
32.9307 8
33.0308 9
33.1308 9
33.2309 9
33.331 9
33.4311 9
33.5312 9
33.6313 9
33.7313 9
33.8314 9
33.9315 9
34.0316 10
34.1317 10
34.2318 10
34.3318 10
34.4319 10
34.532 10
34.6321 10
34.7321 10
34.8322 10
34.9323 10
35.0324 10
35.1324 10
35.2325 10
35.3326 10
35.4327 10
35.5328 10
35.6328 10
35.7329 10
35.833 10
35.9331 10
36.0331 9
36.1332 9
36.2333 9
36.3334 9
36.4335 9
36.5336 9
36.6337 9
36.7337 9
36.8338 9
36.9339 9
37.034 8
37.1341 8
37.2342 8
37.3342 8
37.4343 8
37.5344 8
37.6345 8
37.735 8
37.8351 8
37.9352 8
38.0353 7
38.1354 7
38.2359 7
38.336 7
38.4364 7
38.5365 7
38.6366 7
38.7367 7
38.8368 7
38.9369 7
39.0369 6
39.137 6
39.2371 6
39.3372 6
39.4373 6
39.5373 6
39.6374 6
39.7375 6
39.8376 6
39.9377 6
40.0378 5
40.1379 5
40.238 5
40.338 5
40.4381 5
40.5382 5
40.6383 5
40.7384 5
40.8384 5
40.9385 5
41.0386 4
41.1387 4
41.2388 4
41.3388 4
41.4389 4
41.539 4
41.6391 4
41.7391 4
41.8392 4
41.9393 4
42.0394 3
42.1395 3
42.2395 3
42.3396 3
42.4397 3
42.5398 3
42.6399 3
42.7399 3
42.84 3
42.9401 3
43.0402 2
43.1403 2
43.2405 2
43.3406 2
43.4408 2
43.5409 2
43.641 2
43.7411 2
43.8412 2
43.9412 2
44.0414 1
44.1414 1
44.2415 1
44.3416 1
44.4417 1
44.5418 1
44.6418 1
44.7419 1
44.842 1
44.9421 1
45.0421 1
45.1422 1
45.2423 1
45.3424 1
45.4425 1
45.5426 1
45.6427 1
45.7428 1
45.8429 1
45.9429 1
46.0431 1
46.1432 1
46.2433 1
46.3434 1
46.4434 1
46.5435 1
46.6436 1
46.7437 1
46.8438 1
46.9438 1
47.0439 1
47.144 1
47.2441 1
47.3443 1
47.4444 1
47.5445 1
47.6451 1
47.7455 1
47.8456 1
47.9456 1
48.0457 1
48.1458 1
48.2459 1
48.3459 1
48.446 1
48.5461 1
48.6462 1
48.7463 1
48.8463 1
48.9464 1
49.0465 1
49.1466 1
49.2467 1
49.3467 1
49.4468 1
49.5469 1
49.647 1
49.7471 1
49.8471 1
49.9472 1
50.0473 2
50.1474 2
50.2475 2
50.3475 2
50.4476 2
50.5477 2
50.6478 2
50.7479 2
50.8479 2
50.948 2
51.0481 3
51.1482 3
51.2483 3
51.3483 3
51.4484 3
51.5485 3
51.6486 3
51.7487 3
51.8487 3
51.9488 3
52.0489 4
52.149 4
52.2491 4
52.3492 4
52.4492 4
52.5493 4
52.6494 4
52.7495 4
52.8496 4
52.9496 4
53.0497 5
53.1498 5
53.2499 5
53.3499 5
53.45 5
53.5501 5
53.6502 5
53.7502 5
53.8503 5
53.9504 5
54.0505 6
54.1506 6
54.2506 6
54.3507 6
54.4508 6
54.5509 6
54.6509 6
54.751 6
54.8511 6
54.9512 6
55.0513 7
55.1514 7
55.2514 7
55.3515 7
55.4516 7
55.5517 7
55.6518 7
55.7519 7
55.8519 7
55.952 7
56.0521 8
56.1522 8
56.2523 8
56.3523 8
56.4524 8
56.5525 8
56.6526 8
56.7528 8
56.8529 8
56.953 8
57.0531 9
57.1532 9
57.2537 9
57.3538 9
57.4539 9
57.554 9
57.654 9
57.7542 9
57.8543 9
57.9544 9
58.0545 10
58.1546 10
58.2546 10
58.3547 10
58.4548 10
58.5549 10
58.655 10
58.7551 10
58.8552 10
58.9553 10
59.0554 10
59.1554 10
59.2555 10
59.3556 10
59.4557 10
59.5558 10
59.6559 10
59.756 10
