1.844e-06 0
0.100394 0
0.200475 0
0.300557 0
0.400634 0
0.500723 0
0.600815 0
0.70089 0
0.800978 0
0.901065 0
1.00114 0
1.10121 0
1.2013 0
1.30141 0
1.4015 0
1.50159 0
1.60167 0
1.70176 0
1.80183 0
1.90191 0
2.00199 1
2.10207 1
2.20215 1
2.30223 1
2.4023 1
2.50239 1
2.60247 1
2.70255 1
2.80263 1
2.90271 1
3.00279 2
3.10286 2
3.20294 2
3.30301 2
3.40309 2
3.50317 2
3.60325 2
3.70332 2
3.80342 2
3.9035 2
4.00358 3
4.10366 3
4.20374 3
4.30382 3
4.4039 3
4.50398 3
4.60405 3
4.70448 3
4.8083 3
4.90839 3
5.00847 4
5.10858 4
5.20866 4
5.30875 4
5.40883 4
5.509 4
5.6091 4
5.70921 4
5.80932 4
5.90942 4
6.00951 5
6.10959 5
6.20967 5
6.30975 5
6.40982 5
6.5099 5
6.60998 5
6.71006 5
6.81013 5
6.9102 5
7.01028 6
7.11036 6
7.21043 6
7.31051 6
7.41059 6
7.51066 6
7.61074 6
7.71083 6
7.81091 6
7.91098 6
8.01106 7
8.11114 7
8.21122 7
8.3113 7
8.41138 7
8.51146 7
8.61156 7
8.71164 7
8.81171 7
8.91178 7
9.01188 8
9.112 8
9.2121 8
9.31218 8
9.41226 8
9.51234 8
9.61242 8
9.71252 8
9.81263 8
9.91271 8
10.0128 9
10.1129 9
10.2129 9
10.313 9
10.4131 9
10.5132 9
10.6133 9
10.7133 9
10.8134 9
10.9135 9
11.0136 10
11.1137 10
11.2137 10
11.3138 10
11.4139 10
11.514 10
11.6141 10
11.7141 10
11.8142 10
11.9143 10
12.0144 10
12.1144 10
12.2145 10
12.3146 10
12.4147 10
12.5148 10
12.6148 10
12.7149 10
12.815 10
12.9151 10
13.0152 9
13.1152 9
13.2153 9
13.3154 9
13.4155 9
13.5156 9
13.6157 9
13.7158 9
13.8159 9
13.916 9
14.0161 8
14.1171 8
14.2172 8
14.3173 8
14.4176 8
14.5177 8
14.6179 8
14.7181 8
14.8182 8
14.9187 8
15.0188 7
15.119 7
15.2191 7
15.3192 7
15.4192 7
15.5193 7
15.6194 7
15.7195 7
15.8196 7
15.9197 7
16.0198 6
16.1198 6
16.2199 6
16.32 6
16.4201 6
16.5202 6
16.6203 6
16.7204 6
16.8204 6
16.9205 6
17.0206 5
17.1207 5
17.2207 5
17.3208 5
17.4209 5
17.521 5
17.621 5
17.7211 5
17.8212 5
17.9213 5
18.0214 4
18.1215 4
18.2216 4
18.3217 4
18.4218 4
18.5218 4
18.6219 4
18.722 4
18.8221 4
18.9221 4
19.0222 3
19.1223 3
19.2224 3
19.3225 3
19.4225 3
19.5226 3
19.6227 3
19.7228 3
19.8229 3
19.923 3
20.023 2
20.1231 2
20.2233 2
20.3233 2
20.4234 2
20.5235 2
20.6236 2
20.7237 2
20.8238 2
20.9239 2
21.0239 1
21.124 1
21.2241 1
21.3242 1
21.4243 1
21.5244 1
21.6245 1
21.7245 1
21.8246 1
21.9247 1
22.0248 1
22.1248 1
22.2249 1
22.325 1
22.4251 1
22.5252 1
22.6253 1
22.7254 1
22.8255 1
22.9255 1
23.0256 1
23.1257 1
23.2258 1
23.3259 1
23.426 1
23.5264 1
23.6265 1
23.7266 1
23.8267 1
23.9269 1
24.027 1
24.1271 1
24.2275 1
24.3276 1
24.4277 1
24.5278 1
24.6279 1
24.728 1
24.8281 1
24.9281 1
25.0282 1
25.1283 1
25.2284 1
25.3285 1
25.4285 1
25.5286 1
25.6287 1
25.7288 1
25.8288 1
25.9289 1
26.029 1
26.1291 1
26.2291 1
26.3292 1
26.4293 1
26.5294 1
26.6295 1
26.7296 1
26.8296 1
26.9297 1
27.0298 2
27.1299 2
27.23 2
27.33 2
27.4301 2
27.5302 2
27.6303 2
27.7304 2
27.8305 2
27.9305 2
28.0306 3
28.1307 3
28.2308 3
28.3309 3
28.4309 3
28.531 3
28.6311 3
28.7312 3
28.8313 3
28.9313 3
29.0314 4
29.1315 4
29.2316 4
29.3317 4
29.4318 4
29.5318 4
29.6319 4
29.732 4
29.8321 4
29.9321 4
30.0322 5
30.1323 5
30.2324 5
30.3325 5
30.4326 5
30.5327 5
30.6327 5
30.7328 5
30.8329 5
30.933 5
31.0331 6
31.1331 6
31.2332 6
31.3333 6
31.4334 6
31.5335 6
31.6335 6
31.7336 6
31.8337 6
31.9338 6
32.0338 7
32.1339 7
32.234 7
32.3341 7
32.4342 7
32.5343 7
32.6343 7
32.7344 7
32.8345 7
32.9346 7
33.0347 8
33.1348 8
33.2349 8
33.335 8
33.4351 8
33.5352 8
33.6353 8
33.7354 8
33.8357 8
33.9358 8
34.0359 9
34.136 9
34.2361 9
34.3362 9
34.4363 9
34.5363 9
34.6364 9
34.7365 9
34.8366 9
34.9366 9
35.0367 10
35.1368 10
35.2369 10
35.3369 10
35.437 10
35.5371 10
35.6372 10
35.7373 10
35.8373 10
35.9374 10
36.0375 10
36.1376 10
36.2377 10
36.3378 10
36.4379 10
36.5379 10
36.6381 10
36.7381 10
36.8382 10
36.9383 10
37.0384 10
37.1385 10
37.2385 10
37.3386 10
37.4387 10
37.5388 10
37.6389 10
37.739 10
37.839 10
37.9391 10
38.0392 9
38.1393 9
38.2394 9
38.3396 9
38.4397 9
38.5398 9
38.6399 9
38.7401 9
38.8401 9
38.9402 9
39.0403 8
39.1404 8
39.2404 8
39.3405 8
39.4406 8
39.5407 8
39.6408 8
39.7408 8
39.8409 8
39.941 8
40.0411 7
40.1412 7
40.2412 7
40.3413 7
40.4414 7
40.5415 7
40.6416 7
40.7416 7
40.8417 7
40.9418 7
41.0419 6
41.1419 6
41.242 6
41.3421 6
41.4422 6
41.5423 6
41.6423 6
41.7424 6
41.8425 6
41.9426 6
42.0427 5
42.1428 5
42.2428 5
42.343 5
42.4431 5
42.5446 5
42.6455 5
42.7456 5
42.8457 5
42.9458 5
43.0459 4
43.1462 4
43.2463 4
43.3464 4
43.4465 4
43.5466 4
43.6467 4
43.7468 4
43.8469 4
43.947 4
44.0471 3
44.1471 3
44.2472 3
44.3473 3
44.4474 3
44.5475 3
44.6476 3
44.7476 3
44.8477 3
44.9478 3
45.0479 2
45.1479 2
45.248 2
45.3481 2
45.4482 2
45.5482 2
45.6483 2
45.7484 2
45.8485 2
45.9485 2
46.0486 1
46.1487 1
46.2488 1
46.3489 1
46.4489 1
46.549 1
46.6491 1
46.7492 1
46.8492 1
46.9493 1
47.0494 1
47.1495 1
47.2495 1
47.3496 1
47.4497 1
47.5498 1
47.6498 1
47.7499 1
47.85 1
47.9501 1
48.0501 1
48.1502 1
48.2503 1
48.3504 1
48.4505 1
48.5506 1
48.6506 1
48.7507 1
48.8508 1
48.951 1
49.0511 1
49.1512 1
49.2513 1
49.3514 1
49.4515 1
49.5516 1
49.6517 1
49.7517 1
49.8518 1
49.9519 1
50.052 1
50.1521 1
50.2522 1
50.3522 1
50.4523 1
50.5524 1
50.6525 1
50.7526 1
50.8526 1
50.9527 1
51.0528 1
51.1529 1
51.253 1
51.353 1
51.4531 1
51.5532 1
51.6533 1
51.7533 1
51.8534 1
51.9535 1
52.0541 2
52.1575 2
52.2576 2
52.3588 2
52.4589 2
52.5592 2
52.6593 2
52.7594 2
52.8595 2
52.9596 2
53.0597 3
53.1598 3
53.2599 3
53.36 3
53.4601 3
53.5602 3
53.6602 3
53.7603 3
53.8604 3
53.9605 3
54.0606 4
54.1607 4
54.2608 4
54.3608 4
54.4609 4
54.561 4
54.6611 4
54.7612 4
54.8613 4
54.9614 4
55.0615 5
55.1615 5
55.2616 5
55.3617 5
55.4618 5
55.5619 5
55.662 5
55.7621 5
55.8622 5
55.9623 5
56.0624 6
56.1625 6
56.2627 6
56.3627 6
56.4628 6
56.5629 6
56.663 6
56.7631 6
56.8632 6
56.9632 6
57.0633 7
57.1634 7
57.2635 7
57.3636 7
57.4637 7
57.5638 7
57.6638 7
57.7639 7
57.864 7
57.9641 7
58.0642 8
58.1643 8
58.2644 8
58.3645 8
58.4645 8
58.5646 8
58.6647 8
58.7648 8
58.8649 8
58.965 8
59.0651 9
59.1652 9
59.2653 9
59.3654 9
59.4655 9
59.5656 9
59.6656 9
59.7657 9
59.8658 9
59.9659 9
60.0659 10
60.166 10
60.2661 10
60.3662 10
60.4663 10
60.5663 10
60.6664 10
60.7665 10
60.8666 10
60.9667 10
61.0667 11
61.1668 11
61.2669 11
61.367 11
61.4671 11
61.5672 11
61.6673 11
61.7674 11
61.8675 11
61.9675 11
62.0677 11
62.1681 11
62.2682 11
62.3683 11
62.4684 11
62.5685 11
62.6686 11
62.7686 11
62.8687 11
62.9688 11
