2.194e-06 0
0.100392 0
0.200466 0
0.300627 0
0.400733 0
0.500819 0
0.600901 0
0.700996 0
0.801082 0
0.901173 0
1.00126 0
1.10135 0
1.20145 0
1.30154 0
1.40163 0
1.50174 0
1.60186 0
1.70196 0
1.80207 0
1.90217 0
2.00227 1
2.10237 1
2.20246 1
2.30254 1
2.40262 1
2.50269 1
2.60277 1
2.70284 1
2.80291 1
2.90299 1
3.00306 2
3.10313 2
3.20321 2
3.30328 2
3.40335 2
3.50343 2
3.6035 2
3.70358 2
3.80365 2
3.90372 2
4.0038 3
4.10387 3
4.20395 3
4.30406 3
4.40416 3
4.50424 3
4.60433 3
4.70444 3
4.80451 3
4.9046 3
5.00469 4
5.10479 4
5.20486 4
5.30495 4
5.40506 4
5.50515 4
5.60526 4
5.70533 4
5.8054 4
5.90548 4
6.00555 5
6.10563 5
6.20571 5
6.30579 5
6.40588 5
6.50597 5
6.60605 5
6.70615 5
6.80622 5
6.9063 5
7.00638 6
7.10646 6
7.20653 6
7.3066 6
7.4067 6
7.50678 6
7.60686 6
7.70696 6
7.80705 6
7.90713 6
8.00724 7
8.10737 7
8.20773 7
8.30784 7
8.40794 7
8.50806 7
8.60815 7
8.70822 7
8.80871 7
8.90881 7
9.00889 8
9.10896 8
9.20905 8
9.30911 8
9.40919 8
9.50926 8
9.60933 8
9.70941 8
9.80949 8
9.90956 8
10.0096 9
10.1097 9
10.2098 9
10.3099 9
10.41 9
10.51 9
10.6101 9
10.7102 9
10.8103 9
10.9103 9
11.0104 10
11.1105 10
11.2106 10
11.3106 10
11.4107 10
11.5108 10
11.6109 10
11.711 10
11.811 10
11.9111 10
12.0112 10
12.1113 10
12.2114 10
12.3114 10
12.4115 10
12.5116 10
12.6117 10
12.7117 10
12.8118 10
12.9119 10
13.012 9
13.112 9
13.2121 9
13.3122 9
13.4122 9
13.5123 9
13.6124 9
13.7125 9
13.8125 9
13.9126 9
14.0127 8
14.1128 8
14.2128 8
14.3129 8
14.413 8
14.5131 8
14.6131 8
14.7132 8
14.8133 8
14.9133 8
15.0134 7
15.1135 7
15.2136 7
15.3136 7
15.4137 7
15.5138 7
15.6139 7
15.7139 7
15.814 7
15.9141 7
16.0142 6
16.1142 6
16.2143 6
16.3144 6
16.4145 6
16.5145 6
16.6146 6
16.7147 6
16.8148 6
16.9148 6
17.0149 5
17.115 5
17.215 5
17.3154 5
17.4155 5
17.5156 5
17.6161 5
17.7165 5
17.8166 5
17.9171 5
18.0171 4
18.1179 4
18.2185 4
18.3186 4
18.4187 4
18.5188 4
18.6189 4
18.719 4
18.819 4
18.9191 4
19.0192 3
19.1193 3
19.2194 3
19.3195 3
19.4195 3
19.5196 3
19.6197 3
19.7198 3
19.8199 3
19.92 3
20.02 2
20.1201 2
20.2202 2
20.3203 2
20.4203 2
20.5204 2
20.6205 2
20.7206 2
20.8207 2
20.9207 2
21.0208 1
21.1209 1
21.221 1
21.3211 1
21.4211 1
21.5212 1
21.6213 1
21.7214 1
21.8215 1
21.9215 1
22.0216 1
22.1217 1
22.2218 1
22.3219 1
22.4219 1
22.522 1
22.6221 1
22.7222 1
22.8223 1
22.9223 1
23.0224 1
23.1225 1
23.2226 1
23.3227 1
23.4228 1
23.5228 1
23.6229 1
23.723 1
23.8231 1
23.9232 1
24.0232 1
24.1233 1
24.2234 1
24.3235 1
24.4235 1
24.5236 1
24.6237 1
24.7238 1
24.8239 1
24.924 1
25.0241 1
25.1242 1
25.2242 1
25.3243 1
25.4244 1
25.5245 1
25.6246 1
25.7246 1
25.8247 1
25.9248 1
26.0249 2
26.125 2
26.2251 2
26.3251 2
26.4252 2
26.5253 2
26.6254 2
26.7255 2
26.8256 2
26.9257 2
27.0258 3
27.1259 3
27.226 3
27.3261 3
27.4262 3
27.5263 3
27.6264 3
27.7266 3
27.8267 3
27.9268 3
28.0268 4
28.1269 4
28.227 4
28.3271 4
28.4271 4
28.5272 4
28.6273 4
28.7273 4
28.8274 4
28.9275 4
29.0276 5
29.1276 5
29.2277 5
29.3278 5
29.4279 5
29.528 5
29.628 5
29.7281 5
29.8282 5
29.9283 5
30.0284 6
30.1285 6
30.2285 6
30.3286 6
30.4287 6
30.5288 6
30.6289 6
30.729 6
30.829 6
30.9291 6
31.0292 7
31.1293 7
31.2294 7
31.3295 7
31.4296 7
31.5297 7
31.6297 7
31.7298 7
31.8299 7
31.93 7
32.0301 8
32.1301 8
32.2302 8
32.3303 8
32.4303 8
32.5304 8
32.6305 8
32.7306 8
32.8307 8
32.9307 8
33.0308 9
33.1309 9
33.231 9
33.3311 9
33.4311 9
33.5312 9
33.6313 9
33.7314 9
33.8314 9
33.9315 9
34.0316 10
34.1317 10
34.2317 10
34.3318 10
34.4319 10
34.532 10
34.632 10
34.7321 10
34.8322 10
34.9323 10
35.0324 10
35.1325 10
35.2325 10
35.3326 10
35.4327 10
35.5328 10
35.6329 10
35.7329 10
35.833 10
35.9331 10
36.0332 9
36.1332 9
36.2334 9
36.3335 9
36.4335 9
36.5336 9
36.6338 9
36.734 9
36.8341 9
36.9341 9
37.0342 8
37.1345 8
37.2346 8
37.3348 8
37.4349 8
37.5349 8
37.635 8
37.7351 8
37.8352 8
37.9352 8
38.0353 7
38.1354 7
38.2355 7
38.3356 7
38.4357 7
38.5357 7
38.6358 7
38.7359 7
38.836 7
38.9361 7
39.0362 6
39.1363 6
39.2364 6
39.3365 6
39.4365 6
39.5367 6
39.6367 6
39.7368 6
39.8369 6
39.937 6
40.037 5
40.1371 5
40.2372 5
40.3373 5
40.4374 5
40.5375 5
40.6376 5
40.7376 5
40.8377 5
40.9378 5
41.0379 4
41.138 4
41.238 4
41.3381 4
41.4382 4
41.5383 4
41.6383 4
41.7384 4
41.8385 4
41.9386 4
42.0387 3
42.1387 3
42.2388 3
42.3389 3
42.439 3
42.539 3
42.6391 3
42.7392 3
42.8393 3
42.9394 3
43.0394 2
43.1395 2
43.2396 2
43.3397 2
43.4397 2
43.5398 2
43.6399 2
43.74 2
43.84 2
43.9401 2
44.0402 1
44.1403 1
44.2404 1
44.3405 1
44.4405 1
44.5406 1
44.6407 1
44.7408 1
44.8408 1
44.9409 1
45.041 1
45.1411 1
45.2412 1
45.3413 1
45.4414 1
45.5415 1
45.6416 1
45.7417 1
45.8428 1
45.9429 1
46.043 1
46.1431 1
46.2432 1
46.3445 1
46.4451 1
46.5453 1
46.6454 1
46.7455 1
46.8456 1
46.9457 1
47.0457 1
47.1458 1
47.2459 1
47.346 1
47.4461 1
47.5461 1
47.6462 1
47.7463 1
47.8464 1
47.9464 1
48.0465 1
48.1466 1
48.2467 1
48.3468 1
48.4469 1
48.547 1
48.6471 1
48.7471 1
48.8472 1
48.9473 1
49.0474 1
49.1474 1
49.2475 1
49.3476 1
49.4477 1
49.5477 1
49.6478 1
49.7479 1
49.848 1
49.9481 1
50.0481 2
50.1482 2
50.2483 2
50.3483 2
50.4484 2
50.5485 2
50.6486 2
50.7486 2
50.8487 2
50.9488 2
51.0489 3
51.149 3
51.2491 3
51.3492 3
51.4492 3
51.5493 3
51.6494 3
51.7495 3
51.8495 3
51.9496 3
52.0497 4
52.1498 4
52.2499 4
52.35 4
52.45 4
52.5501 4
52.6502 4
52.7503 4
52.8504 4
52.9504 4
53.0505 5
53.1506 5
53.2507 5
53.3507 5
53.4508 5
53.5509 5
53.651 5
53.7511 5
53.8511 5
53.9512 5
54.0513 6
54.1514 6
54.2514 6
54.3515 6
54.4516 6
54.5517 6
54.6518 6
54.7518 6
54.8519 6
54.952 6
55.0521 7
55.1521 7
55.2523 7
55.3529 7
55.4531 7
55.5538 7
55.6539 7
55.7542 7
55.8543 7
55.9549 7
56.055 8
56.1551 8
56.2552 8
56.3552 8
56.4553 8
56.5554 8
56.6555 8
56.7555 8
56.8556 8
56.9557 8
57.0558 9
57.1559 9
57.2559 9
57.356 9
57.4561 9
57.5562 9
57.6563 9
57.7564 9
57.8565 9
57.9566 9
58.0567 10
58.1568 10
58.2568 10
58.3569 10
58.457 10
58.5571 10
58.6572 10
58.7573 10
58.8574 10
58.9575 10
59.0576 10
59.1577 10
59.2577 10
59.3578 10
59.4579 10
59.558 10
59.6581 10
59.7581 10
59.8582 10
59.9583 10
