1.884e-06 0
0.100612 0
0.200719 0
0.300799 0
0.400874 0
0.500952 0
0.601044 0
0.701117 0
0.801148 0
0.901214 0
1.00128 1
1.10136 1
1.20144 1
1.30151 1
1.40158 1
1.50165 1
1.60172 1
1.70179 1
1.80187 1
1.90193 1
2.002 2
2.10207 2
2.20215 2
2.30222 2
2.4023 2
2.50237 2
2.60245 2
2.70252 2
2.8026 2
2.90267 2
3.00277 3
3.10285 3
3.20293 3
3.30299 3
3.40307 3
3.50314 3
3.60321 3
3.70329 3
3.80336 3
3.90343 3
4.0035 4
4.10357 4
4.20364 4
4.30371 4
4.4038 4
4.50388 4
4.60395 4
4.70402 4
4.80409 4
4.90416 4
5.00425 5
5.10434 5
5.20442 5
5.30449 5
5.40457 5
5.50466 5
5.60475 5
5.70485 5
5.80509 5
5.90517 5
6.00642 6
6.10649 6
6.20656 6
6.30663 6
6.40754 6
6.50763 6
6.60775 6
6.70784 6
6.80792 6
6.90804 6
7.00814 7
7.10821 7
7.2083 7
7.30837 7
7.40845 7
7.50853 7
7.60861 7
7.70868 7
7.80875 7
7.90882 7
8.0089 8
8.10897 8
8.20904 8
8.30911 8
8.40919 8
8.50925 8
8.60933 8
8.7094 8
8.80947 8
8.90954 8
9.00962 9
9.10969 9
9.20977 9
9.30984 9
9.40991 9
9.50998 9
9.61005 9
9.71012 9
9.81019 9
9.91027 9
10.0103 10
10.1104 10
10.2105 10
10.3106 10
10.4106 10
10.5107 10
10.6108 10
10.7109 10
10.8109 10
10.911 10
11.0111 10
11.1112 10
11.2113 10
11.3114 10
11.4114 10
11.5115 10
11.6116 10
11.7117 10
11.8118 10
11.9118 10
12.0119 10
12.112 10
12.2121 10
12.3122 10
12.4122 10
12.5123 10
12.6124 10
12.7125 10
12.8126 10
12.9127 10
13.0127 10
13.1128 10
13.2129 10
13.3129 10
13.413 10
13.5132 10
13.6133 10
13.7133 10
13.8134 10
13.9135 10
14.0136 10
14.1136 10
14.2137 10
14.3138 10
14.4139 10
14.5139 10
14.614 10
14.7141 10
14.8142 10
14.9142 10
15.0143 10
15.1144 10
15.2145 10
15.3145 10
15.4146 10
15.5147 10
15.6148 10
15.7149 10
15.8151 10
15.9152 10
16.0153 10
16.1159 10
16.216 10
16.3161 10
16.4162 10
16.5168 10
16.6168 10
16.7171 10
16.8175 10
16.9177 10
17.0178 10
17.1178 10
17.2179 10
17.318 10
17.4181 10
17.5181 10
17.6182 10
17.7183 10
17.8184 10
17.9185 10
18.0185 10
18.1186 10
18.2187 10
18.3188 10
18.4189 10
18.5189 10
18.619 10
18.7191 10
18.8191 10
18.9192 10
19.0193 10
19.1194 10
19.2194 10
19.3195 10
19.4196 10
19.5197 10
19.6198 10
19.7198 10
19.8199 10
19.92 10
20.0201 10
20.1202 10
20.2202 10
20.3203 10
20.4204 10
20.5205 10
20.6205 10
20.7206 10
20.8207 10
20.9208 10
21.0208 10
21.1209 10
21.221 10
21.3211 10
21.4211 10
21.5212 10
21.6213 10
21.7214 10
21.8215 10
21.9216 10
22.0216 10
22.1217 10
22.2218 10
22.3219 10
22.4219 10
22.522 10
22.6221 10
22.7222 10
22.8223 10
22.9224 10
23.0225 10
23.1226 10
23.2226 10
23.3227 10
23.4228 10
23.5229 10
23.623 10
23.723 10
23.8231 10
23.9232 10
24.0233 10
24.1233 10
24.2234 10
24.3235 10
24.4236 10
24.5237 10
24.6238 10
24.7238 10
24.8239 10
24.924 10
25.024 10
25.1241 10
25.2242 10
25.3243 10
25.4244 10
25.5245 10
25.6247 10
25.7252 10
25.8257 10
25.9258 10
26.0258 10
26.1271 10
26.2273 10
26.3279 10
26.428 10
26.5294 10
26.6296 10
26.7297 10
26.8298 10
26.9299 10
27.03 10
27.13 10
27.2301 10
27.3302 10
27.4303 10
27.5304 10
27.6305 10
27.7305 10
27.8306 10
27.9307 10
28.0308 10
28.1309 10
28.2309 10
28.331 10
28.4311 10
28.5312 10
28.6312 10
28.7313 10
28.8314 10
28.9315 10
29.0316 10
29.1316 10
29.2317 10
29.3318 10
29.4319 10
29.532 10
29.632 10
29.7321 10
29.8322 10
29.9323 10
30.0323 10
30.1324 10
30.2325 10
30.3326 10
30.4326 10
30.5327 10
30.6328 10
30.7329 10
30.8329 10
30.933 10
31.0331 10
31.1332 10
31.2333 10
31.3333 10
31.4334 10
31.5335 10
31.6336 10
31.7337 10
31.8338 10
31.9338 10
32.0339 10
32.134 10
32.2341 10
32.3341 10
32.4342 10
32.5343 10
32.6344 10
32.7344 10
32.8345 10
32.9346 10
33.0347 10
33.1347 10
33.2348 10
33.3349 10
33.435 10
33.5351 10
33.6351 10
33.7352 10
33.8353 10
33.9354 10
34.0354 10
34.1355 10
34.2356 10
34.3357 10
34.4357 10
34.5358 10
34.6359 10
34.736 10
34.8361 10
34.9362 10
35.0362 10
35.1363 10
35.2364 10
35.3365 10
35.4365 10
35.5368 10
35.6369 10
35.737 10
35.8372 10
35.9375 10
36.0376 10
36.1382 10
36.2383 10
36.3384 10
36.4385 10
36.5386 10
36.6387 10
36.7388 10
36.8389 10
36.9391 10
37.0391 10
37.1392 10
37.2393 10
37.3394 10
37.4395 10
37.5396 10
37.6397 10
37.7398 10
37.8399 10
37.94 10
38.04 10
38.1402 10
38.2403 10
38.3404 10
38.4405 10
38.5406 10
38.6408 10
38.7409 10
38.841 10
38.9411 10
39.0412 10
39.1413 10
39.2414 10
39.3415 10
39.4416 10
39.5417 10
39.6418 10
39.7419 10
39.842 10
39.9421 10
40.0422 10
40.1423 10
40.2423 10
40.3424 10
40.4425 10
40.5426 10
40.6427 10
40.7428 10
40.8428 10
40.9429 10
41.043 10
41.1431 10
41.2432 10
41.3433 10
41.4434 10
41.5435 10
41.6436 10
41.7436 10
41.8437 10
41.9438 10
42.0439 10
42.144 10
42.2441 10
42.3443 10
42.4444 10
42.5444 10
42.6445 10
42.7446 10
42.8447 10
42.9448 10
43.0448 10
43.1449 10
43.245 10
43.3451 10
43.4452 10
43.5453 10
43.6453 10
43.7454 10
43.8455 10
43.9456 10
44.0456 10
44.1457 10
44.2458 10
44.3459 10
44.446 10
44.546 10
44.6461 10
44.7462 10
44.8463 10
44.9464 10
45.0465 10
45.1465 10
45.2466 10
45.3467 10
45.4467 10
45.5468 10
45.6469 10
45.747 10
45.8471 10
45.9472 10
46.0473 10
46.1474 10
46.2475 10
46.3476 10
46.4478 10
46.5479 10
46.648 10
46.7481 10
46.8482 10
46.9482 10
47.0483 10
47.1484 10
47.2485 10
47.3486 10
47.4486 10
47.5487 10
47.6488 10
47.7489 10
47.849 10
47.949 10
48.0491 10
48.1492 10
48.2493 10
48.3494 10
48.4494 10
48.5495 10
48.6496 10
48.7497 10
48.8497 10
48.9498 10
49.0499 10
49.15 10
49.2501 10
49.3502 10
49.4502 10
49.5503 10
49.6504 10
49.7505 10
49.8506 10
49.9506 10
50.0507 10
50.1508 10
50.2509 10
50.351 10
50.4511 10
50.5511 10
50.6512 10
50.7513 10
50.8514 10
50.9514 10
51.0515 10
51.1516 10
51.2517 10
51.3518 10
51.4519 10
51.5519 10
51.652 10
51.7521 10
51.8522 10
51.9523 10
52.0523 10
52.1524 10
52.2525 10
52.3526 10
52.4526 10
52.5527 10
52.6528 10
52.7529 10
52.853 10
52.953 10
53.0531 10
53.1532 10
53.2533 10
53.3533 10
53.4534 10
53.5535 10
53.6536 10
53.7537 10
53.8538 10
53.9539 10
54.0539 10
54.154 10
54.2541 10
54.3541 10
54.4542 10
54.5543 10
54.6544 10
54.7544 10
