2.304e-06 0
0.100413 0
0.200516 0
0.30059 0
0.400667 0
0.500764 0
0.600837 0
0.700929 0
0.80103 0
0.901121 0
1.00121 1
1.10133 1
1.20177 1
1.30206 1
1.40216 1
1.50226 1
1.60237 1
1.70251 1
1.80272 1
1.90289 1
2.003 2
2.10309 2
2.20318 2
2.30328 2
2.40338 2
2.50346 2
2.60357 2
2.70369 2
2.80381 2
2.90393 2
3.00409 3
3.10419 3
3.20427 3
3.30437 3
3.40445 3
3.50452 3
3.60459 3
3.70467 3
3.80474 3
3.90482 3
4.00489 4
4.10496 4
4.20504 4
4.30511 4
4.40519 4
4.50526 4
4.60534 4
4.70541 4
4.80549 4
4.90557 4
5.00564 5
5.10572 5
5.20579 5
5.30587 5
5.40596 5
5.50603 5
5.60611 5
5.70619 5
5.80627 5
5.90634 5
6.00641 6
6.10649 6
6.20657 6
6.30664 6
6.40671 6
6.50679 6
6.60687 6
6.70695 6
6.80703 6
6.9071 6
7.00718 7
7.10725 7
7.20732 7
7.30741 7
7.40749 7
7.50757 7
7.60764 7
7.70771 7
7.80779 7
7.90786 7
8.00794 8
8.10801 8
8.20811 8
8.3082 8
8.40827 8
8.50834 8
8.60841 8
8.7085 8
8.80857 8
8.90865 8
9.00872 9
9.1088 9
9.20888 9
9.30896 9
9.40903 9
9.50911 9
9.60918 9
9.70927 9
9.80935 9
9.90943 9
10.0095 9
10.1096 9
10.2097 9
10.3098 9
10.4099 9
10.51 9
10.6102 9
10.7107 9
10.8108 9
10.911 9
11.0124 9
11.1125 9
11.2127 9
11.3128 9
11.4129 9
11.5131 9
11.6132 9
11.7135 9
11.8139 9
11.9139 9
12.014 8
12.1141 8
12.2142 8
12.3143 8
12.4143 8
12.5144 8
12.6145 8
12.7146 8
12.8147 8
12.9147 8
13.0148 7
13.1149 7
13.2149 7
13.315 7
13.4151 7
13.5152 7
13.6152 7
13.7153 7
13.8154 7
13.9154 7
14.0155 6
14.1156 6
14.2156 6
14.3157 6
14.4158 6
14.5159 6
14.6159 6
14.716 6
14.8161 6
14.9161 6
15.0162 5
15.1163 5
15.2164 5
15.3164 5
15.4165 5
15.5166 5
15.6166 5
15.7167 5
15.8168 5
15.9169 5
16.0169 4
16.117 4
16.2171 4
16.3171 4
16.4172 4
16.5173 4
16.6174 4
16.7175 4
16.8175 4
16.9176 4
17.0177 3
17.1178 3
17.2179 3
17.3179 3
17.418 3
17.5181 3
17.6181 3
17.7182 3
17.8183 3
17.9183 3
18.0184 2
18.1185 2
18.2186 2
18.3186 2
18.4187 2
18.5188 2
18.6188 2
18.7189 2
18.819 2
18.9191 2
19.0191 1
19.1192 1
19.2193 1
19.3194 1
19.4194 1
19.5195 1
19.6196 1
19.7197 1
19.8197 1
19.9198 1
20.0199 1
20.12 1
20.2201 1
20.3201 1
20.4203 1
20.5204 1
20.6205 1
20.7206 1
20.8207 1
20.9208 1
21.0208 1
21.1209 1
21.221 1
21.3215 1
21.4216 1
21.5219 1
21.622 1
21.7221 1
21.8222 1
21.9223 1
22.0224 2
22.1225 2
22.2226 2
22.3227 2
22.4227 2
22.5228 2
22.6229 2
22.723 2
22.823 2
22.9231 2
23.0232 3
23.1233 3
23.2234 3
23.3234 3
23.4235 3
23.5236 3
23.6237 3
23.7238 3
23.8238 3
23.9239 3
24.024 3
24.1241 3
24.2241 3
24.3242 3
24.4243 3
24.5244 3
24.6244 3
24.7245 3
24.8246 3
24.9247 3
25.0247 3
25.1248 3
25.2249 3
25.325 3
25.425 3
25.5251 3
25.6252 3
25.7253 3
25.8254 3
25.9254 3
26.0255 3
26.1256 3
26.2257 3
26.3258 3
26.4259 3
26.526 3
26.626 3
26.7261 3
26.8262 3
26.9263 3
27.0264 4
27.1264 4
27.2265 4
27.3266 4
27.4267 4
27.5268 4
27.6269 4
27.7269 4
27.827 4
27.9271 4
28.0272 5
28.1273 5
28.2273 5
28.3274 5
28.4275 5
28.5276 5
28.6277 5
28.7277 5
28.8278 5
28.9279 5
29.028 6
29.128 6
29.2281 6
29.3282 6
29.4283 6
29.5283 6
29.6284 6
29.7285 6
29.8286 6
29.9287 6
30.0287 7
30.1288 7
30.2289 7
30.3289 7
30.429 7
30.5291 7
30.6293 7
30.7294 7
30.8295 7
30.9304 7
31.0305 8
31.1306 8
31.232 8
31.3322 8
31.4323 8
31.5324 8
31.6325 8
31.7326 8
31.8327 8
31.9327 8
32.0328 9
32.1329 9
32.233 9
32.3331 9
32.4332 9
32.5333 9
32.6334 9
32.7334 9
32.8335 9
32.9336 9
33.0337 10
33.1338 10
33.2339 10
33.3339 10
33.434 10
33.5341 10
33.6342 10
33.7343 10
33.8343 10
33.9344 10
34.0345 10
34.1346 10
34.2347 10
34.3348 10
34.4349 10
34.5349 10
34.635 10
34.7351 10
34.8352 10
34.9353 10
35.0353 9
35.1354 9
35.2355 9
35.3356 9
35.4357 9
35.5358 9
35.6358 9
35.7359 9
35.836 9
35.9361 9
36.0362 8
36.1363 8
36.2363 8
36.3364 8
36.4365 8
36.5366 8
36.6367 8
36.7368 8
36.8368 8
36.9369 8
37.037 7
37.1371 7
37.2372 7
37.3373 7
37.4374 7
37.5375 7
37.6376 7
37.7377 7
37.8378 7
37.9379 7
38.038 6
38.1381 6
38.2381 6
38.3382 6
38.4383 6
38.5384 6
38.6384 6
38.7385 6
38.8386 6
38.9387 6
39.0388 5
39.1389 5
39.239 5
39.3391 5
39.4392 5
39.5393 5
39.6393 5
39.7394 5
39.8395 5
39.9396 5
40.0396 4
40.1397 4
40.2398 4
40.3403 4
40.4404 4
40.5405 4
40.6405 4
40.7406 4
40.8407 4
40.9409 4
41.0411 3
41.1416 3
41.2417 3
41.3418 3
41.4419 3
41.542 3
41.6421 3
41.7424 3
41.843 3
41.943 3
42.0431 2
42.1432 2
42.2433 2
42.3433 2
42.4434 2
42.5435 2
42.6436 2
42.7437 2
42.8437 2
42.9438 2
43.0439 1
43.144 1
43.2441 1
43.3442 1
43.4443 1
43.5444 1
43.6445 1
43.7445 1
43.8446 1
43.9447 1
44.0448 1
44.1449 1
44.2449 1
44.345 1
44.4451 1
44.5452 1
44.6453 1
44.7453 1
44.8454 1
44.9455 1
45.0456 1
45.1457 1
45.2457 1
45.3458 1
45.4459 1
45.546 1
45.6461 1
45.7461 1
45.8462 1
45.9463 1
46.0464 2
46.1465 2
46.2465 2
46.3466 2
46.4467 2
46.5468 2
46.6469 2
46.747 2
46.8471 2
46.9472 2
47.0472 3
47.1473 3
47.2474 3
47.3475 3
47.4476 3
47.5476 3
47.6477 3
47.7478 3
47.8479 3
47.948 3
48.048 3
48.1481 3
48.2482 3
48.3483 3
48.4484 3
48.5484 3
48.6485 3
48.7486 3
48.8487 3
48.9488 3
49.0488 3
49.1489 3
49.249 3
49.3491 3
49.4492 3
49.5492 3
49.6493 3
49.7494 3
49.8495 3
49.9496 3
50.0497 4
50.1497 4
50.2498 4
50.3503 4
50.4511 4
50.5512 4
50.6513 4
50.7514 4
50.8517 4
50.9517 4
51.0519 5
51.152 5
51.2521 5
51.3524 5
51.4526 5
51.5527 5
51.6528 5
51.7529 5
51.853 5
51.9531 5
52.0531 6
52.1532 6
52.2533 6
52.3534 6
52.4534 6
52.5535 6
52.6536 6
52.7537 6
52.8538 6
52.9539 6
53.054 7
53.1541 7
53.2541 7
53.3542 7
53.4543 7
53.5544 7
53.6545 7
53.7547 7
53.8548 7
53.9549 7
54.055 8
54.1551 8
54.2553 8
54.3554 8
54.4555 8
54.5556 8
54.6557 8
54.7558 8
54.8559 8
54.956 8
55.0565 9
55.1566 9
55.2567 9
55.3568 9
55.4569 9
55.557 9
55.6571 9
55.7571 9
55.8572 9
55.9573 9
56.0574 10
56.1574 10
56.2575 10
56.3576 10
56.4577 10
56.5578 10
56.6579 10
56.758 10
56.8581 10
56.9582 10
57.0583 10
57.1584 10
57.2585 10
57.3586 10
57.4587 10
57.5588 10
