2.645e-06 0
0.100579 0
0.200657 0
0.300733 0
0.400805 0
0.500878 0
0.600952 0
0.701022 0
0.801096 0
0.901167 0
1.00124 0
1.10132 0
1.20139 0
1.30147 0
1.40154 0
1.50161 0
1.60168 0
1.70176 0
1.80183 0
1.90191 0
2.002 0
2.10207 0
2.20215 0
2.30222 0
2.4023 0
2.50238 0
2.60245 0
2.70253 0
2.8026 0
2.90268 0
3.00275 0
3.10283 0
3.20291 0
3.303 0
3.40308 0
3.50317 0
3.60324 0
3.70332 0
3.8034 0
3.90348 0
4.00355 0
4.10363 0
4.2037 0
4.30379 0
4.40387 0
4.50395 0
4.60403 0
4.70411 0
4.80419 0
4.90427 0
5.00434 0
5.10441 0
5.20449 0
5.30456 0
5.40463 0
5.50471 0
5.60478 0
5.70486 0
5.80493 0
5.905 0
6.00509 0
6.10517 0
6.20524 0
6.30534 0
6.40545 0
6.50554 0
6.60563 0
6.70652 0
6.80713 0
6.90783 0
7.00804 0
7.10811 0
7.20821 0
7.30832 0
7.4084 0
7.50924 0
7.60934 0
7.70944 0
7.80952 0
7.90964 0
8.00985 0
8.11075 0
8.21084 0
8.31096 0
8.41105 0
8.51113 0
8.6112 0
8.71128 0
8.81137 0
8.91147 0
9.01157 0
9.11164 0
9.21172 0
9.3118 0
9.41187 0
9.51195 0
9.61202 0
9.71209 0
9.81216 0
9.91223 0
10.0123 0
10.1124 0
10.2125 0
10.3125 0
10.4126 0
10.5127 0
10.6128 0
10.7129 0
10.8129 0
10.913 0
11.0131 0
11.1131 0
11.2132 0
11.3133 0
11.4134 0
11.5135 0
11.6135 0
11.7136 0
11.8137 0
11.9138 0
12.0139 0
12.1139 0
12.214 0
12.3141 0
12.4142 0
12.5142 0
12.6143 0
12.7144 0
12.8145 0
12.9146 0
13.0147 0
13.1147 0
13.2148 0
13.3149 0
13.415 0
13.515 0
13.6151 0
13.7152 0
13.8153 0
13.9153 0
14.0154 0
14.1155 0
14.2156 0
14.3156 0
14.4157 0
14.5158 0
14.6159 0
14.7159 0
14.816 0
14.9161 0
15.0161 0
15.1162 0
15.2163 0
15.3164 0
15.4165 0
15.5165 0
15.6166 0
15.7167 0
15.8168 0
15.9169 0
16.0169 0
16.117 0
16.2171 0
16.3172 0
16.4172 0
16.5173 0
16.6174 0
16.7175 0
16.8176 0
16.9177 0
17.0178 0
17.1179 0
17.2183 0
17.3193 0
17.42 0
17.5201 0
17.6205 0
17.7212 0
17.8224 0
17.9225 0
18.0226 0
18.1227 0
18.2228 0
18.3229 0
18.423 0
18.5231 0
18.6232 0
18.7232 0
18.8233 0
18.9234 0
19.0235 0
19.1236 0
19.2237 0
19.3237 0
19.4238 0
19.5239 0
19.624 0
19.7241 0
19.8242 0
19.9242 0
20.0243 0
20.1244 0
20.2245 0
20.3246 0
20.4246 0
20.5247 0
20.6248 0
20.7249 0
20.825 0
20.925 0
21.0251 0
21.1252 0
21.2253 0
21.3254 0
21.4255 0
21.5256 0
21.6257 0
21.7258 0
21.8258 0
21.9259 0
22.026 0
22.1261 0
22.2263 0
22.3263 0
22.4264 0
22.5265 0
22.6266 0
22.7267 0
22.8268 0
22.9269 0
23.0269 0
23.127 0
23.2271 0
23.3272 0
23.4273 0
23.5274 0
23.6275 0
23.7276 0
23.8277 0
23.9277 0
24.0278 0
24.1279 0
24.228 0
24.3281 0
24.4281 0
24.5282 0
24.6283 0
24.7284 0
24.8285 0
24.9285 0
25.0286 0
25.1287 0
25.2288 0
25.3288 0
25.4289 0
25.529 0
25.6291 0
25.7292 0
25.8292 0
25.9293 0
26.0294 0
26.1295 0
26.2296 0
26.3296 0
26.4297 0
26.5298 0
26.6299 0
26.7311 0
26.8311 0
26.9312 0
27.0313 0
27.1314 0
27.2315 0
27.3316 0
27.4317 0
27.5318 0
27.6319 0
27.732 0
27.8325 0
27.933 0
28.0331 0
28.1332 0
28.2334 0
28.3335 0
28.4336 0
28.5336 0
28.6337 0
28.7338 0
28.8339 0
28.9339 0
29.034 0
29.1341 0
29.2342 0
29.3342 0
29.4343 0
29.5344 0
29.6345 0
29.7345 0
29.8347 0
29.9348 0
30.0348 0
30.1349 0
30.235 0
30.3351 0
30.4352 0
30.5353 0
30.6353 0
30.7354 0
30.8355 0
30.9356 0
31.0357 0
31.1357 0
31.2358 0
31.3359 0
31.436 0
31.5361 0
31.6361 0
31.7362 0
31.8363 0
31.9364 0
32.0364 0
32.1365 0
32.2366 0
32.3367 0
32.4367 0
32.5368 0
32.6369 0
32.737 0
32.8371 0
32.9372 0
33.0372 0
33.1373 0
33.2374 0
33.3375 0
33.4376 0
33.5376 0
33.6377 0
33.7378 0
33.8379 0
33.9379 0
34.038 0
34.1381 0
34.2382 0
34.3382 0
34.4383 0
34.5384 0
34.6385 0
34.7386 0
34.8387 0
34.9387 0
35.0388 0
35.1389 0
35.239 0
35.339 0
35.4391 0
35.5392 0
35.6393 0
35.7393 0
35.8394 0
35.9395 0
36.0396 0
36.1397 0
36.2397 0
36.3398 0
36.4399 0
36.54 0
36.6404 0
36.7405 0
36.8406 0
36.9408 0
37.0409 0
37.1417 0
37.2418 0
37.342 0
37.442 0
37.5424 0
37.6425 0
37.7426 0
37.8427 0
37.9428 0
38.0437 0
38.1438 0
38.2439 0
38.344 0
38.444 0
38.5441 0
38.6442 0
38.7442 0
38.8443 0
38.9444 0
39.0445 0
39.1445 0
39.2446 0
39.3447 0
39.4448 0
39.5448 0
39.6449 0
39.745 0
39.8451 0
39.9451 0
40.0452 0
40.1453 0
40.2454 0
40.3454 0
40.4455 0
40.5456 0
40.6456 0
40.7457 0
40.8458 0
40.9459 0
41.0459 0
41.146 0
41.2461 0
41.3462 0
41.4463 0
41.5463 0
41.6464 0
41.7465 0
41.8466 0
41.9466 0
42.0467 0
42.1468 0
42.2469 0
42.3469 0
42.447 0
42.5471 0
42.6472 0
42.7472 0
42.8473 0
42.9474 0
43.0475 0
43.1476 0
43.2476 0
43.3477 0
43.4478 0
43.5479 0
43.6479 0
43.748 0
43.8481 0
43.9482 0
44.0482 0
44.1483 0
44.2484 0
44.3485 0
44.4486 0
44.5486 0
44.6487 0
44.7488 0
44.8489 0
44.9489 0
45.049 0
45.1491 0
45.2492 0
45.3493 0
45.4493 0
45.5494 0
45.6495 0
45.7496 0
45.8496 0
45.9497 0
46.0498 0
46.1499 0
46.25 0
46.3501 0
46.4502 0
46.5503 0
46.6505 0
46.7506 0
46.8508 0
46.9514 0
47.0515 0
47.1516 0
47.2517 0
47.3517 0
47.4518 0
47.5519 0
47.6522 0
47.7523 0
47.8524 0
47.9525 0
48.0526 0
48.1526 0
48.2527 0
48.3528 0
48.4528 0
48.5529 0
48.653 0
48.7531 0
48.8531 0
48.9532 0
49.0533 0
49.1534 0
49.2535 0
49.3536 0
49.4536 0
49.5537 0
49.6538 0
49.7538 0
49.8539 0
49.954 0
50.054 1
50.1541 1
50.2542 1
50.3543 1
50.4543 1
50.5544 1
50.6545 1
50.7545 1
50.8546 1
50.9547 1
51.0548 2
51.1549 2
51.2549 2
51.355 2
51.4551 2
51.5552 2
51.6552 2
51.7553 2
51.8554 2
51.9554 2
52.0555 3
52.1556 3
52.2557 3
52.3557 3
52.4558 3
52.5559 3
52.656 3
52.756 3
52.8561 3
52.9562 3
53.0563 3
53.1563 3
53.2564 3
53.3565 3
53.4565 3
53.5566 3
53.6567 3
53.7568 3
53.8569 3
53.9569 3
54.057 3
54.1571 3
54.2572 3
54.3572 3
54.4573 3
54.5574 3
54.6575 3
54.7575 3
54.8576 3
54.9577 3
55.0578 3
55.1578 3
55.2579 3
55.358 3
55.4581 3
55.5582 3
55.6582 3
55.7583 3
55.8584 3
55.9585 3
56.0586 3
56.1587 3
56.2588 3
56.3588 3
56.4589 3
56.559 3
56.6606 3
56.7611 3
56.8612 3
56.9613 3
57.0614 3
57.1615 3
57.2616 3
57.3617 3
57.4621 3
57.5622 3
57.6623 3
57.7623 3
57.8624 3
57.9625 3
58.0626 3
58.1627 3
58.2628 3
58.3628 3
58.4629 3
58.563 3
58.6631 3
58.7631 3
58.8632 3
58.9633 3
59.0633 3
59.1634 3
59.2635 3
59.3635 3
59.4636 3
59.5637 3
59.6637 3
59.7638 3
59.8639 3
59.9639 3
60.064 3
60.1641 3
60.2642 3
60.3642 3
60.4643 3
60.5644 3
60.6644 3
60.7645 3
60.8646 3
60.9647 3
61.0648 3
61.1648 3
61.2649 3
61.365 3
61.465 3
61.5651 3
61.6652 3
61.7653 3
61.8653 3
61.9654 3
62.0655 3
62.1656 3
62.2657 3
62.3658 3
62.4658 3
62.5659 3
62.666 3
62.7661 3
62.8661 3
62.9662 3
63.0663 3
63.1664 3
63.2666 3
63.3666 3
63.4667 3
63.5668 3
63.6669 3
63.7669 3
63.867 3
63.9671 3
64.0672 3
64.1672 3
64.2673 3
64.3674 3
64.4675 3
64.5676 3
64.6676 3
64.7677 3
64.8678 3
64.9679 3
65.0679 3
65.168 3
65.2681 3
65.3682 3
65.4682 3
65.5683 3
65.6684 3
65.7685 3
65.8686 3
65.9687 3
66.0687 3
66.1688 3
66.2689 3
66.369 3
66.4691 3
66.5691 3
66.6709 3
66.771 3
66.8711 3
66.9714 3
67.0715 3
67.1716 3
67.2717 3
67.3718 3
67.4719 3
67.5722 3
67.6723 3
67.7724 3
67.8725 3
67.9726 3
68.0727 3
68.1728 3
68.2729 3
68.373 3
68.4731 3
68.5732 3
68.6732 3
68.7733 3
68.8734 3
68.9735 3
69.0736 3
69.1737 3
69.2737 3
69.3738 3
69.4739 3
69.574 3
69.674 3
69.7741 3
69.8742 3
69.9743 3
70.0744 3
70.1744 3
70.2745 3
70.3746 3
70.4746 3
70.5747 3
70.6748 3
70.7749 3
70.8749 3
70.975 3
71.0751 3
71.1752 3
71.2752 3
71.3753 3
71.4754 3
71.5755 3
71.6755 3
71.7756 3
71.8757 3
71.9758 3
72.0759 3
72.1759 3
72.276 3
72.3761 3
72.4762 3
72.5763 3
72.6764 3
72.7765 3
72.8765 3
72.9766 3
73.0767 3
73.1768 3
73.2769 3
73.3769 3
73.477 3
73.5771 3
73.6772 3
73.7772 3
73.8773 3
73.9774 3
74.0775 3
74.1776 3
74.2776 3
74.3777 3
74.4778 3
74.5779 3
74.678 3
74.7781 3
74.8782 3
74.9782 3
75.0783 3
75.1784 3
75.2785 3
75.3786 3
75.4786 3
75.5787 3
75.6788 3
75.7789 3
75.8789 3
75.979 3
76.0791 3
76.1792 3
76.2792 3
76.3793 3
76.4794 3
76.5795 3
76.6796 3
76.7797 3
76.8798 3
76.9799 3
77.08 3
77.1801 3
77.2803 3
77.3803 3
77.4807 3
77.5809 3
77.681 3
77.7811 3
77.8812 3
77.9813 3
78.0814 3
78.1815 3
78.2816 3
78.3817 3
78.4818 3
78.5818 3
78.6819 3
78.782 3
78.8821 3
78.9822 3
79.0822 3
79.1823 3
79.2824 3
79.3825 3
79.4826 3
79.5827 3
79.6827 3
79.7828 3
79.8829 3
79.983 3
80.0831 3
80.1832 3
80.2832 3
80.3833 3
80.4834 3
80.5835 3
80.6835 3
80.7836 3
80.8837 3
80.9838 3
81.0839 3
81.184 3
81.2841 3
81.3841 3
81.4842 3
81.5843 3
81.6844 3
81.7845 3
81.8845 3
81.9846 3
82.0847 3
82.1848 3
82.2849 3
82.3849 3
82.485 3
82.5851 3
82.6852 3
82.7853 3
82.8854 3
82.9855 3
83.0856 3
83.1856 3
83.2857 3
83.3858 3
83.4859 3
83.5859 3
83.686 3
83.7861 3
83.8862 3
83.9863 3
84.0863 3
84.1864 3
84.2865 3
84.3866 3
84.4867 3
84.5868 3
84.6869 3
84.787 3
84.887 3
84.9871 3
85.0872 3
85.1873 3
85.2873 3
85.3874 3
85.4875 3
85.5876 3
85.6877 3
85.7878 3
85.8879 3
85.988 3
86.0881 3
86.1882 3
86.2883 3
86.3884 3
86.4886 3
86.5887 3
86.6888 3
86.7889 3
86.889 3
86.9891 3
87.0892 3
87.1893 3
87.2894 3
87.3895 3
87.4896 3
87.59 3
87.6901 3
87.7902 3
87.8903 3
87.9904 3
88.0905 3
88.1906 3
88.2907 3
88.3907 3
88.4908 3
88.5909 3
88.691 3
88.7911 3
88.8911 3
88.9912 3
89.0913 3
89.1914 3
89.2915 3
89.3915 3
89.4916 3
89.5917 3
89.6918 3
89.7919 3
89.892 3
89.992 3
90.0921 3
90.1922 3
90.2923 3
90.3924 3
90.4925 3
90.5926 3
90.6927 3
90.7927 3
90.8928 3
90.9929 3
91.093 3
91.193 3
91.2931 3
91.3932 3
91.4933 3
91.5934 3
91.6935 3
91.7936 3
91.8937 3
91.9938 3
92.0938 3
92.1939 3
92.294 3
92.3941 3
92.4942 3
92.5942 3
92.6943 3
92.7944 3
92.8945 3
92.9946 3
93.0946 3
93.1947 3
93.2948 3
93.3949 3
93.4949 3
93.595 3
93.6951 3
93.7952 3
93.8952 3
93.9953 3
94.0954 3
94.1955 3
94.2956 3
94.3956 3
94.4957 3
94.5958 3
94.6959 3
94.7959 3
94.896 3
94.9961 3
95.0962 3
95.1962 3
95.2963 3
95.3964 3
95.4965 3
95.5965 3
95.6966 3
95.7967 3
95.8968 3
95.9968 3
96.0969 3
96.197 3
96.2971 3
96.3971 3
96.4986 3
96.5987 3
96.6987 3
96.7988 3
96.8989 3
96.999 3
97.1006 3
97.2007 3
97.3008 3
97.4009 3
97.5011 3
97.6012 3
97.7012 3
97.8013 3
97.9014 3
98.0015 3
98.1016 3
98.2017 3
98.3018 3
98.4018 3
98.5019 3
98.602 3
98.7021 3
98.8022 3
98.9023 3
99.0024 3
99.1024 3
99.2025 3
99.3026 3
99.4027 3
99.5028 3
99.6028 3
99.7029 3
99.803 3
99.9031 3
100.003 3
100.103 3
100.203 3
100.303 3
100.404 3
100.504 3
100.604 3
100.704 3
100.804 3
100.904 3
101.004 3
101.104 3
101.204 3
101.304 3
101.405 3
101.505 3
101.605 3
101.705 3
101.805 3
101.905 3
102.005 3
102.105 3
102.205 3
102.305 3
102.405 3
102.505 3
102.606 3
102.706 3
102.806 3
102.906 3
103.006 3
103.106 3
103.206 3
103.306 3
103.406 3
103.506 3
103.606 3
103.706 3
103.807 3
103.907 3
104.007 3
104.107 3
104.207 3
104.307 3
104.407 3
104.507 3
104.607 3
104.707 3
104.807 3
104.907 3
105.007 3
105.107 3
105.208 3
105.308 3
105.408 3
105.508 3
105.608 3
105.708 3
105.808 3
105.908 3
106.008 3
106.108 3
106.208 3
106.308 3
106.408 3
106.509 3
106.609 3
106.709 3
106.809 3
106.909 3
107.009 3
107.11 2
107.21 2
107.311 2
107.411 2
107.511 2
107.611 2
107.711 2
107.812 2
107.912 2
108.012 1
108.112 1
108.212 1
108.312 1
108.412 1
108.512 1
108.612 1
108.712 1
108.812 1
108.912 1
109.013 1
109.113 1
109.213 1
109.313 1
109.413 1
109.513 1
109.613 1
109.713 1
109.813 1
109.913 1
110.013 1
110.113 1
110.213 1
110.314 1
110.414 1
110.514 1
110.614 1
110.714 1
110.814 1
110.914 1
111.014 1
111.114 1
111.214 1
111.314 1
111.414 1
111.514 1
111.615 1
111.715 1
111.815 1
111.915 1
112.015 1
112.115 1
112.215 1
112.315 1
112.415 1
112.515 1
112.615 1
112.715 1
112.815 1
112.915 1
113.016 1
113.116 1
113.216 1
113.316 1
113.416 1
113.516 1
113.616 1
113.716 1
113.816 1
113.916 1
114.016 1
114.116 1
114.217 1
114.317 1
114.417 1
114.517 1
114.617 1
114.717 1
114.817 1
114.917 1
115.017 1
115.117 1
115.217 1
115.318 1
115.418 1
115.518 1
115.618 1
115.718 1
115.818 1
115.918 1
116.018 1
116.118 1
116.218 1
116.319 1
116.419 1
116.519 1
116.619 1
116.72 1
116.82 1
116.92 1
117.02 1
117.12 1
117.22 1
117.32 1
117.421 1
117.521 1
117.621 1
117.721 1
117.821 1
117.921 1
118.021 1
118.121 1
118.221 1
118.321 1
118.422 1
118.522 1
118.622 1
118.722 1
118.822 1
118.922 1
119.022 1
119.122 1
119.222 1
119.322 1
119.422 1
119.522 1
119.622 1
119.723 1
119.823 1
119.923 1
120.023 1
120.123 1
120.223 1
120.323 1
120.423 1
120.523 1
120.623 1
120.723 1
120.823 1
120.924 1
121.024 1
121.124 1
121.224 1
121.324 1
121.424 1
121.524 1
121.624 1
121.724 1
121.824 1
121.924 1
122.024 1
122.124 1
122.225 1
122.325 1
122.425 1
122.525 1
122.625 1
122.725 1
122.825 1
122.925 1
123.025 1
123.125 1
123.225 1
123.325 1
123.425 1
123.525 1
123.626 1
123.726 1
123.826 1
123.926 1
124.026 1
124.126 1
124.226 1
124.326 1
124.426 1
124.526 1
124.626 1
124.726 1
124.826 1
124.927 1
125.027 1
125.127 1
125.227 1
125.327 1
125.427 1
125.527 1
125.627 1
125.727 1
125.827 1
125.927 1
126.027 1
126.127 1
126.228 1
126.328 1
126.428 1
126.528 1
126.628 1
126.728 1
126.828 1
126.929 1
127.029 1
127.129 1
127.229 1
127.329 1
127.43 1
127.53 1
127.631 1
127.731 1
127.831 1
127.931 1
128.031 1
128.131 1
128.231 1
128.331 1
128.431 1
128.531 1
128.631 1
128.732 1
128.832 1
128.932 1
129.032 1
129.132 1
129.232 1
129.332 1
129.432 1
129.532 1
129.632 1
129.732 1
129.832 1
129.933 1
130.033 1
130.133 1
130.233 1
130.333 1
130.433 1
130.533 1
130.633 1
130.733 1
130.833 1
130.933 1
131.033 1
131.133 1
131.234 1
131.334 1
131.434 1
131.534 1
131.634 1
131.734 1
131.834 1
131.934 1
132.034 1
132.134 1
132.234 1
132.334 1
132.434 1
132.535 1
132.635 1
132.735 1
132.835 1
132.935 1
133.035 1
133.135 1
133.235 1
133.335 1
133.435 1
133.535 1
133.635 1
133.736 1
133.836 1
133.936 1
134.036 1
134.136 1
134.236 1
134.336 1
134.436 1
134.536 1
134.636 1
134.736 1
134.837 1
134.937 1
135.037 1
135.137 1
135.237 1
135.337 1
135.437 1
135.537 1
135.637 1
135.737 1
135.837 1
135.937 1
136.037 1
136.138 1
136.238 1
136.338 1
136.438 1
136.538 1
136.638 1
136.738 1
136.838 1
136.939 1
137.039 1
137.139 1
137.239 1
137.339 1
137.439 1
137.541 1
137.641 1
137.742 1
137.842 1
137.942 1
138.042 1
138.142 1
138.242 1
138.342 1
138.442 1
138.542 1
138.643 1
138.743 1
138.843 1
138.943 1
139.043 1
139.143 1
139.243 1
139.343 1
139.443 1
139.543 1
139.643 1
139.743 1
139.843 1
139.944 1
140.044 1
140.144 1
140.244 1
140.344 1
140.444 1
140.544 1
140.644 1
140.744 1
140.844 1
140.944 1
141.044 1
141.145 1
141.245 1
141.345 1
141.445 1
141.545 1
141.645 1
141.745 1
141.845 1
141.945 1
142.045 1
142.145 1
142.245 1
142.345 1
142.445 1
142.546 1
142.646 1
142.746 1
142.846 1
142.946 1
143.046 1
143.146 1
143.246 1
143.346 1
143.446 1
143.546 1
143.646 1
143.746 1
143.847 1
143.947 1
144.047 1
144.147 1
144.247 1
144.347 1
144.447 1
144.547 1
144.648 1
144.748 1
144.848 1
144.948 1
145.048 1
145.148 1
145.248 1
145.348 1
145.449 1
145.549 1
145.649 1
145.749 1
145.849 1
145.949 1
146.049 1
146.149 1
146.249 1
146.35 1
146.45 1
146.55 1
146.65 1
146.75 1
146.85 1
146.951 1
147.052 1
147.152 1
147.252 1
147.352 1
147.453 1
147.553 1
147.653 1
147.753 1
147.853 1
147.953 1
148.053 1
148.153 1
148.254 1
148.354 1
148.454 1
148.554 1
148.654 1
148.754 1
148.854 1
148.954 1
149.054 1
149.154 1
149.254 1
149.354 1
149.454 1
149.554 1
149.655 1
149.755 1
149.855 1
149.955 1
150.055 1
150.155 1
150.255 1
150.355 1
150.455 1
150.555 1
150.655 1
150.755 1
150.855 1
150.956 1
151.056 1
151.156 1
151.256 1
151.356 1
151.456 1
151.556 1
151.656 1
151.756 1
151.856 1
151.956 1
152.056 1
152.156 1
152.256 1
152.357 1
152.457 1
152.557 1
152.657 1
152.757 1
152.857 1
152.957 1
153.057 1
153.157 1
153.257 1
153.357 1
153.457 1
153.557 1
153.658 1
153.758 1
153.858 1
153.958 1
154.058 1
154.158 1
154.258 1
154.358 1
154.458 1
154.558 1
154.658 1
154.758 1
154.858 1
154.959 1
155.059 1
155.159 1
155.259 1
155.359 1
155.459 1
155.559 1
155.659 1
155.759 1
155.859 1
155.959 1
156.059 1
156.159 1
156.26 1
156.36 1
156.461 1
156.561 1
156.661 1
156.761 1
156.861 1
156.961 1
157.062 1
157.162 1
157.262 1
157.362 1
157.462 1
157.562 1
157.662 1
157.762 1
157.863 1
157.963 1
158.063 1
158.163 1
158.263 1
158.363 1
158.463 1
158.563 1
158.663 1
158.763 1
158.863 1
158.963 1
159.063 1
159.164 1
159.264 1
159.364 1
159.464 1
159.564 1
159.664 1
159.764 1
159.864 1
159.964 1
160.064 1
160.164 1
160.265 1
160.365 1
160.465 1
160.565 1
160.665 1
160.765 1
160.865 1
160.965 1
161.065 1
161.165 1
161.265 1
161.366 1
161.466 1
161.566 1
161.666 1
161.766 1
161.866 1
161.966 1
162.066 1
162.166 1
162.266 1
162.366 1
162.466 1
162.567 1
162.667 1
162.767 1
162.867 1
162.967 1
163.067 1
163.167 1
163.267 1
163.367 1
163.467 1
163.567 1
163.667 1
163.768 1
163.868 1
163.968 1
164.068 1
164.168 1
164.268 1
164.368 1
164.468 1
164.568 1
164.668 1
164.769 1
164.869 1
164.969 1
165.069 1
165.169 1
165.269 1
165.369 1
165.469 1
165.569 1
165.669 1
165.769 1
165.869 1
165.97 1
166.07 1
166.17 1
166.27 1
166.37 1
166.47 1
166.57 1
166.67 1
