1.473e-06 0
0.100417 0
0.200503 0
0.300575 0
0.400651 0
0.500731 0
0.600809 0
0.700882 0
0.800962 0
0.901039 0
1.00112 0
1.1012 0
1.20127 0
1.30135 0
1.40142 0
1.50149 0
1.60157 0
1.70165 0
1.80172 0
1.90179 0
2.00187 0
2.10195 0
2.20203 0
2.30211 0
2.4022 0
2.50228 0
2.60241 0
2.70248 0
2.80256 0
2.90267 0
3.00318 0
3.10326 0
3.20334 0
3.30345 0
3.40355 0
3.50367 0
3.60379 0
3.7039 0
3.80401 0
3.90413 0
4.00424 0
4.10435 0
4.20515 0
4.30527 0
4.40539 0
4.5055 0
4.60561 0
4.70569 0
4.80577 0
4.90586 0
5.00594 0
5.10602 0
5.20611 0
5.30618 0
5.40626 0
5.50634 0
5.60645 0
5.70655 0
5.80666 0
5.90675 0
6.00683 0
6.1069 0
6.20697 0
6.30704 0
6.40711 0
6.50718 0
6.60726 0
6.70734 0
6.80742 0
6.90749 0
7.00757 0
7.10765 0
7.20773 0
7.30781 0
7.40788 0
7.50798 0
7.60807 0
7.70815 0
7.80823 0
7.90844 0
8.00852 0
8.1086 0
8.20868 0
8.30876 0
8.40884 0
8.50892 0
8.609 0
8.70908 0
8.80916 0
8.90924 0
9.00932 0
9.10939 0
9.20948 0
9.30958 0
9.40965 0
9.50973 0
9.60981 0
9.70988 0
9.80996 0
9.91004 0
10.0101 0
10.1102 0
10.2103 0
10.3104 0
10.4104 0
10.5105 0
10.6106 0
10.7107 0
10.8108 0
10.9109 0
11.011 0
11.111 0
11.2111 0
11.3112 0
11.4113 0
11.5114 0
11.6114 0
11.7115 0
11.8116 0
11.9117 0
12.0117 0
12.1118 0
12.2119 0
12.312 0
12.4121 0
12.5121 0
12.6122 0
12.7123 0
12.8124 0
12.913 0
13.0133 0
13.1136 0
13.2137 0
13.3141 0
13.4143 0
13.5144 0
13.6145 0
13.7146 0
13.8149 0
13.915 0
14.0151 0
14.1152 0
14.2153 0
14.3154 0
14.4155 0
14.5156 0
14.6157 0
14.7158 0
14.8159 0
14.916 0
15.0161 0
15.1162 0
15.2163 0
15.3164 0
15.4164 0
15.5165 0
15.6166 0
15.7167 0
15.8168 0
15.9168 0
16.0169 0
16.117 0
16.2171 0
16.3171 0
16.4172 0
16.5173 0
16.6173 0
16.7174 0
16.8175 0
16.9176 0
17.0177 0
17.1178 0
17.2178 0
17.3179 0
17.418 0
17.5181 0
17.6181 0
17.7182 0
17.8183 0
17.9184 0
18.0184 0
18.1185 0
18.2186 0
18.3187 0
18.4187 0
18.5188 0
18.6189 0
18.719 0
18.819 0
18.9191 0
19.0192 0
19.1193 0
19.2193 0
19.3194 0
19.4195 0
19.5196 0
19.6196 0
19.7197 0
19.8198 0
19.9199 0
20.02 0
20.12 0
20.2201 0
20.3202 0
20.4203 0
20.5204 0
20.6205 0
20.7205 0
20.8206 0
20.9207 0
21.0208 0
21.1209 0
21.2209 0
21.321 0
21.4211 0
21.5211 0
21.6212 0
21.7213 0
21.8214 0
21.9215 0
22.0215 1
22.1216 1
22.2217 1
22.3218 1
22.4218 1
22.5219 1
22.622 1
22.7221 1
22.8221 1
22.9222 1
23.0223 2
23.1223 2
23.2224 2
23.3227 2
23.4228 2
23.5231 2
23.6235 2
23.7235 2
23.8236 2
23.9238 2
24.0239 3
24.124 3
24.224 3
24.3242 3
24.4243 3
24.5245 3
24.6245 3
24.7246 3
24.8247 3
24.9248 3
25.0249 4
25.1249 4
25.225 4
25.3251 4
25.4252 4
25.5253 4
25.6254 4
25.7254 4
25.8255 4
25.9256 4
26.0257 5
26.1258 5
26.2259 5
26.326 5
26.426 5
26.5261 5
26.6262 5
26.7263 5
26.8264 5
26.9264 5
27.0265 6
27.1266 6
27.2267 6
27.3268 6
27.4268 6
27.5269 6
27.627 6
27.7271 6
27.8272 6
27.9273 6
28.0274 7
28.1275 7
28.2275 7
28.3276 7
28.4277 7
28.5278 7
28.6278 7
28.7279 7
28.828 7
28.9281 7
29.0282 8
29.1283 8
29.2284 8
29.3285 8
29.4286 8
29.5286 8
29.6287 8
29.7288 8
29.8289 8
29.929 8
30.029 9
30.1291 9
30.2292 9
30.3293 9
30.4293 9
30.5294 9
30.6295 9
30.7296 9
30.8297 9
30.9297 9
31.0298 10
31.1299 10
31.23 10
31.33 10
31.4301 10
31.5302 10
31.6303 10
31.7304 10
31.8304 10
31.9305 10
32.0306 11
32.1306 11
32.2307 11
32.3308 11
32.4309 11
32.531 11
32.631 11
32.7311 11
32.8312 11
32.9314 11
33.0315 11
33.1316 11
33.2317 11
33.3319 11
33.432 11
33.5324 11
33.6328 11
33.7329 11
33.833 11
33.9331 11
34.0335 11
34.1335 11
34.2336 11
34.3337 11
34.4338 11
34.5339 11
34.6339 11
34.734 11
34.8341 11
34.9342 11
35.0343 11
35.1343 11
35.2344 11
35.3345 11
35.4346 11
35.5347 11
35.6347 11
35.7348 11
35.8349 11
35.935 11
36.0351 11
36.1351 11
36.2352 11
36.3353 11
36.4354 11
36.5355 11
36.6356 11
36.7357 11
36.8358 11
36.9358 11
37.0359 11
37.136 11
37.2361 11
37.3361 11
37.4362 11
37.5364 11
37.6364 11
37.7365 11
37.8366 11
37.9367 11
38.0368 11
38.1369 11
38.2369 11
38.337 11
38.4371 11
38.5372 11
38.6373 11
38.7373 11
38.8374 11
38.9375 11
39.0376 11
39.1377 11
39.2377 11
39.3378 11
39.4379 11
39.538 11
39.638 11
39.7381 11
39.8382 11
39.9383 11
40.0384 11
40.1385 11
40.2386 11
40.3386 11
40.4387 11
40.5388 11
40.6389 11
40.7389 11
40.839 11
40.9391 11
41.0392 10
41.1392 10
41.2393 10
41.3394 10
41.4395 10
41.5396 10
41.6397 10
41.7398 10
41.8398 10
41.9399 10
42.04 9
42.1401 9
42.2401 9
42.3402 9
42.4403 9
42.5404 9
42.6405 9
42.7405 9
42.8406 9
42.9407 9
43.0413 8
43.1414 8
43.2422 8
43.3427 8
43.4433 8
43.5434 8
43.6442 8
43.7444 8
43.8445 8
43.9446 8
44.0449 7
44.145 7
44.2453 7
44.3454 7
44.4455 7
44.5456 7
44.6457 7
44.7458 7
44.8458 7
44.9459 7
45.046 6
45.1461 6
45.2462 6
45.3462 6
45.4463 6
45.5464 6
45.6465 6
45.7466 6
45.8466 6
45.9467 6
46.0468 5
46.1469 5
46.2469 5
46.347 5
46.4471 5
46.5472 5
46.6473 5
46.7473 5
46.8474 5
46.9475 5
47.0476 4
47.1477 4
47.2477 4
47.3478 4
47.4479 4
47.548 4
47.6481 4
47.7481 4
47.8482 4
47.9483 4
48.0484 3
48.1485 3
48.2486 3
48.3486 3
48.4487 3
48.5488 3
48.6489 3
48.7489 3
48.849 3
48.9491 3
49.0492 2
49.1493 2
49.2494 2
49.3495 2
49.4495 2
49.5496 2
49.6497 2
49.7498 2
49.8498 2
49.9499 2
50.05 1
50.1501 1
50.2502 1
50.3502 1
50.4503 1
50.5504 1
50.6505 1
50.7505 1
50.8506 1
50.9507 1
51.0508 1
51.1508 1
51.2509 1
51.351 1
51.4511 1
51.5512 1
51.6512 1
51.7513 1
51.8514 1
51.9515 1
52.0515 1
52.1516 1
52.2517 1
52.3518 1
52.4518 1
52.5519 1
52.652 1
52.7521 1
52.8522 1
52.9525 1
53.0526 1
53.1527 1
53.2528 1
53.353 1
53.453 1
53.5531 1
53.6532 1
53.7536 1
53.8537 1
53.954 1
54.0541 1
54.1542 1
54.2546 1
54.3547 1
54.4548 1
54.5549 1
54.655 1
54.7551 1
54.8552 1
54.9553 1
55.0554 1
55.1555 1
55.2555 1
55.3556 1
55.4557 1
55.5558 1
55.6559 1
55.756 1
55.856 1
55.9561 1
56.0562 1
56.1562 1
56.2563 1
56.3564 1
56.4565 1
56.5565 1
56.6566 1
56.7567 1
56.8568 1
56.9568 1
57.0569 1
57.157 1
57.2571 1
57.3571 1
57.4572 1
57.5573 1
57.6574 1
57.7574 1
57.8575 1
57.9576 1
58.0577 1
58.1578 1
58.2578 1
58.3579 1
58.458 1
58.5581 1
58.6581 1
58.7582 1
58.8583 1
58.9584 1
59.0585 1
59.1585 1
59.2586 1
59.3587 1
59.4588 1
59.5589 1
59.6589 1
59.759 1
59.8591 1
59.9592 1
60.0593 1
60.1593 1
60.2594 1
60.3595 1
60.4596 1
60.5597 1
60.6597 1
60.7598 1
60.8599 1
60.96 1
61.06 1
61.1601 1
61.2602 1
61.3603 1
61.4604 1
61.5604 1
61.6605 1
61.7606 1
61.8607 1
61.9608 1
62.0608 1
62.1609 1
62.261 1
62.3611 1
62.4611 1
62.5612 1
62.6613 1
62.7614 1
62.8614 1
62.9625 1
63.0626 1
63.1627 1
63.2628 1
63.3629 1
63.463 1
63.5631 1
63.6632 1
63.7639 1
63.864 1
63.9641 1
64.0643 1
64.1644 1
64.2645 1
64.3646 1
64.4647 1
64.5648 1
64.6648 1
64.7649 1
64.865 1
64.9651 1
65.0652 1
65.1652 1
65.2653 1
65.3654 1
65.4655 1
65.5655 1
65.6656 1
65.7657 1
65.8658 1
65.9658 1
66.0659 1
66.166 1
66.2661 1
66.3661 1
66.4662 1
66.5663 1
66.6663 1
66.7664 1
66.8665 1
66.9666 1
67.0666 1
67.1667 1
67.2668 1
67.3669 1
67.467 1
67.567 1
67.6671 1
67.7672 1
67.8673 1
67.9674 1
68.0675 1
68.1675 1
68.2676 1
68.3677 1
68.4678 1
68.5679 1
68.6679 1
68.768 1
68.8681 1
68.9682 1
69.0682 1
69.1683 1
69.2684 1
69.3685 1
69.4686 1
69.5686 1
69.6687 1
69.7688 1
69.8689 1
69.9689 1
70.069 1
70.1691 1
70.2692 1
70.3692 1
70.4693 1
70.5694 1
70.6695 1
70.7695 1
70.8696 1
70.9697 1
71.0698 1
71.1699 1
71.2699 1
71.37 1
71.4701 1
71.5702 1
71.6702 1
71.7703 1
71.8704 1
71.9705 1
72.0706 1
72.1706 1
72.2707 1
72.3708 1
72.4709 1
72.571 1
72.671 1
72.7711 1
72.8712 1
72.9713 1
73.0714 1
73.1719 1
73.272 1
73.3721 1
73.4722 1
73.5724 1
73.6725 1
73.7733 1
73.8734 1
73.9735 1
74.0736 1
74.1737 1
74.2738 1
74.374 1
74.474 1
74.5741 1
74.6742 1
74.7743 1
74.8744 1
74.9745 1
75.0746 1
75.1747 1
75.2747 1
75.3748 1
75.4749 1
75.575 1
75.6751 1
75.7752 1
75.8752 1
75.9753 1
76.0754 1
76.1755 1
