2.114e-06 0
0.100328 0
0.20041 0
0.300473 0
0.400544 0
0.500634 0
0.600704 0
0.700778 0
0.800882 0
0.900973 0
1.00104 0
1.10112 0
1.2012 0
1.30128 0
1.40136 0
1.50143 0
1.60151 0
1.70159 0
1.80167 0
1.90174 0
2.00181 0
2.10188 0
2.20197 0
2.30205 0
2.40213 0
2.50221 0
2.60229 0
2.70237 0
2.80244 0
2.90251 0
3.00371 0
3.10378 0
3.20385 0
3.30397 0
3.40408 0
3.50417 0
3.60497 0
3.70506 0
3.80518 0
3.90558 0
4.00568 1
4.10606 1
4.20613 1
4.30622 1
4.40696 1
4.50706 1
4.60717 1
4.70729 1
4.80738 1
4.90746 1
5.00755 2
5.10765 2
5.20773 2
5.3078 2
5.40788 2
5.50796 2
5.60803 2
5.70812 2
5.80822 2
5.90831 2
6.00841 3
6.1085 3
6.20858 3
6.30866 3
6.40874 3
6.50882 3
6.6089 3
6.70897 3
6.80905 3
6.90913 3
7.00924 4
7.10935 4
7.20944 4
7.30951 4
7.40958 4
7.50965 4
7.60972 4
7.7098 4
7.80987 4
7.90994 4
8.01002 5
8.11009 5
8.21018 5
8.31026 5
8.41035 5
8.51043 5
8.61051 5
8.71058 5
8.81065 5
8.91072 5
9.01081 6
9.11089 6
9.21099 6
9.31109 6
9.41118 6
9.51125 6
9.61135 6
9.71147 6
9.81155 6
9.91164 6
10.0117 7
10.1118 7
10.2119 7
10.312 7
10.4121 7
10.5121 7
10.6122 7
10.7123 7
10.8124 7
10.9125 7
11.0126 8
11.1127 8
11.2128 8
11.3128 8
11.4129 8
11.513 8
11.6131 8
11.7132 8
11.8132 8
11.9133 8
12.0134 8
12.1135 8
12.2135 8
12.3136 8
12.4137 8
12.5138 8
12.6139 8
12.7139 8
12.814 8
12.9141 8
13.0142 8
13.1143 8
13.2144 8
13.3144 8
13.4145 8
13.5146 8
13.6147 8
13.7148 8
13.8156 8
13.9156 8
14.0157 8
14.1158 8
14.2159 8
14.316 8
14.4161 8
14.5162 8
14.6163 8
14.7164 8
14.8165 8
14.9166 8
15.0167 8
15.1168 8
15.2168 8
15.3169 8
15.417 8
15.5171 8
15.6171 8
15.7172 8
15.8173 8
15.9174 8
16.0174 7
16.1175 7
16.2176 7
16.3177 7
16.4178 7
16.5178 7
16.6179 7
16.718 7
16.8181 7
16.9181 7
17.0182 6
17.1183 6
17.2184 6
17.3185 6
17.4185 6
17.5186 6
17.6187 6
17.7188 6
17.8188 6
17.9189 6
18.019 5
18.1191 5
18.2192 5
18.3193 5
18.4193 5
18.5194 5
18.6195 5
18.7195 5
18.8196 5
18.9197 5
19.0198 4
19.1198 4
19.2199 4
19.32 4
19.4201 4
19.5202 4
19.6202 4
19.7203 4
19.8204 4
19.9205 4
20.0205 3
20.1206 3
20.2207 3
20.3207 3
20.4208 3
20.5209 3
20.621 3
20.7211 3
20.8211 3
20.9212 3
21.0213 2
21.1213 2
21.2214 2
21.3215 2
21.4216 2
21.5216 2
21.6217 2
21.7218 2
21.8219 2
21.9219 2
22.022 1
22.1221 1
22.2222 1
22.3222 1
22.4223 1
22.5224 1
22.6224 1
22.7225 1
22.8226 1
22.9227 1
23.0228 1
23.1228 1
23.223 1
23.3231 1
23.4232 1
23.5232 1
23.6233 1
23.7235 1
23.8235 1
23.9236 1
24.0237 1
24.124 1
24.2241 1
24.3242 1
24.4246 1
24.525 1
24.6254 1
24.7255 1
24.8256 1
24.9256 1
25.0257 1
25.1258 1
25.2259 1
25.3259 1
25.426 1
25.5261 1
25.6262 1
25.7262 1
25.8263 1
25.9264 1
26.0265 1
26.1265 1
26.2266 1
26.3267 1
26.4268 1
26.5268 1
26.6269 1
26.727 1
26.827 1
26.9271 1
27.0272 1
27.1273 1
27.2273 1
27.3274 1
27.4275 1
27.5276 1
27.6276 1
27.7277 1
27.8278 1
27.9279 1
28.028 1
28.128 1
28.2281 1
28.3282 1
28.4283 1
28.5284 1
28.6284 1
28.7285 1
28.8286 1
28.9287 1
29.0288 2
29.1288 2
29.2289 2
29.329 2
29.4291 2
29.5291 2
29.6292 2
29.7293 2
29.8294 2
29.9295 2
30.0295 3
30.1296 3
30.2297 3
30.3298 3
30.4299 3
30.5299 3
30.63 3
30.7301 3
30.8302 3
30.9303 3
31.0303 4
31.1304 4
31.2305 4
31.3306 4
31.4307 4
31.5307 4
31.6308 4
31.7309 4
31.831 4
31.9311 4
32.0311 5
32.1312 5
32.2313 5
32.3314 5
32.4315 5
32.5315 5
32.6316 5
32.7317 5
32.8318 5
32.9319 5
33.0319 6
33.132 6
33.2322 6
33.3322 6
33.4323 6
33.5324 6
33.6325 6
33.7326 6
33.8327 6
33.933 6
34.0332 7
34.1333 7
34.2334 7
34.3346 7
34.4348 7
34.535 7
34.6351 7
34.7352 7
34.8353 7
34.9353 7
35.0354 8
35.1355 8
35.2356 8
35.3356 8
35.4357 8
35.5358 8
35.6359 8
35.7359 8
35.836 8
35.9361 8
36.0362 8
36.1362 8
36.2363 8
36.3364 8
36.4365 8
36.5366 8
36.6366 8
36.7367 8
36.8368 8
36.9369 8
37.037 8
37.137 8
37.2371 8
37.3372 8
37.4373 8
37.5373 8
37.6374 8
37.7375 8
37.8376 8
37.9377 8
38.0377 8
38.1378 8
38.2379 8
38.338 8
38.4381 8
38.5381 8
38.6382 8
38.7383 8
38.8384 8
38.9384 8
39.0385 8
39.1386 8
39.2387 8
39.3388 8
39.4388 8
39.5389 8
39.639 8
39.7391 8
39.8392 8
39.9393 8
40.0394 7
40.1394 7
40.2395 7
40.3396 7
40.4397 7
40.5397 7
40.6398 7
40.7399 7
40.84 7
40.9401 7
41.0401 6
41.1402 6
41.2403 6
41.3404 6
41.4404 6
41.5405 6
41.6406 6
41.7406 6
41.8407 6
41.9408 6
42.0409 5
42.1409 5
42.241 5
42.3411 5
42.4412 5
42.5412 5
42.6413 5
42.7414 5
42.8415 5
42.9415 5
43.0421 4
43.1421 4
43.2426 4
43.3427 4
43.4428 4
43.5428 4
43.6429 4
43.7445 4
43.8446 4
43.9449 4
44.0453 3
44.1456 3
44.2457 3
44.346 3
44.4461 3
44.5461 3
44.6462 3
44.7464 3
44.8464 3
44.9465 3
45.0466 2
45.1467 2
45.2468 2
45.3469 2
45.4469 2
45.547 2
45.6471 2
45.7472 2
45.8472 2
45.9473 2
46.0474 1
46.1475 1
46.2475 1
46.3476 1
46.4477 1
46.5478 1
46.6478 1
46.7479 1
46.848 1
46.9481 1
47.0481 1
47.1482 1
47.2483 1
47.3484 1
47.4485 1
47.5486 1
47.6487 1
47.7487 1
47.8488 1
47.9489 1
48.049 1
48.1491 1
48.2491 1
48.3492 1
48.4493 1
48.5493 1
48.6494 1
48.7495 1
48.8496 1
48.9497 1
49.0497 1
49.1498 1
49.2499 1
49.35 1
49.45 1
49.5501 1
49.6502 1
49.7503 1
49.8503 1
49.9504 1
50.0505 1
50.1506 1
50.2507 1
50.3507 1
50.4508 1
50.5509 1
50.651 1
50.7511 1
50.8511 1
50.9512 1
51.0513 1
51.1514 1
51.2515 1
51.3515 1
51.4516 1
51.5517 1
51.6518 1
51.7519 1
51.8519 1
51.952 1
52.0521 2
52.1522 2
52.2523 2
52.3523 2
52.4524 2
52.5525 2
52.6526 2
52.7527 2
52.8528 2
52.9528 2
53.0529 3
53.153 3
53.2531 3
53.3532 3
53.4533 3
53.5535 3
53.6535 3
53.7536 3
53.8537 3
53.9538 3
54.0551 4
54.1552 4
54.2553 4
54.3554 4
54.4556 4
54.5557 4
54.6558 4
54.7559 4
54.856 4
54.956 4
55.0561 5
55.1562 5
55.2563 5
55.3564 5
55.4564 5
55.5565 5
55.6566 5
55.7567 5
55.8568 5
55.9569 5
56.0569 6
56.157 6
56.2571 6
56.3572 6
56.4573 6
56.5573 6
56.6574 6
56.7575 6
56.8576 6
56.9576 6
57.0577 7
57.1578 7
57.2579 7
57.358 7
57.458 7
57.5581 7
57.6582 7
57.7583 7
57.8583 7
57.9584 7
58.0585 8
58.1586 8
58.2587 8
58.3587 8
58.4588 8
58.5589 8
58.659 8
58.759 8
58.8591 8
58.9592 8
59.0593 8
59.1593 8
59.2594 8
59.3595 8
59.4595 8
59.5597 8
59.6598 8
59.7599 8
59.8599 8
59.96 8
60.0601 8
60.1602 8
60.2603 8
60.3603 8
60.4604 8
60.5605 8
60.6606 8
60.7607 8
60.8608 8
60.9608 8
61.0609 7
61.161 7
61.2611 7
61.3611 7
61.4612 7
61.5613 7
61.6614 7
61.7615 7
