1.834e-06 0
0.10052 0
0.200615 0
0.300697 0
0.400779 0
0.500861 0
0.600949 0
0.701057 0
0.80117 0
0.90127 0
1.00137 0
1.10149 1
1.2017 1
1.3018 1
1.40191 1
1.502 1
1.60226 1
1.70236 1
1.80326 1
1.90338 1
2.00347 2
2.10357 2
2.20368 2
2.30388 2
2.40399 2
2.50411 2
2.60421 2
2.70429 2
2.80436 2
2.90444 2
3.00452 3
3.10462 3
3.20469 3
3.30477 3
3.40484 3
3.50492 3
3.60499 3
3.70506 3
3.80514 3
3.90524 3
4.00532 4
4.1054 4
4.20548 4
4.30556 4
4.40565 4
4.50575 4
4.60583 4
4.7059 4
4.80597 4
4.90605 4
5.00612 5
5.1062 5
5.20627 5
5.30634 5
5.40641 5
5.50649 5
5.60656 5
5.70664 5
5.80671 5
5.90679 5
6.00687 6
6.10695 6
6.20702 6
6.3071 6
6.40717 6
6.50726 6
6.60733 6
6.70741 6
6.80751 6
6.90762 6
7.00769 7
7.10777 7
7.20785 7
7.30793 7
7.40801 7
7.50809 7
7.60817 7
7.70825 7
7.80834 7
7.90845 7
8.00853 8
8.1086 8
8.20868 8
8.30875 8
8.40882 8
8.50889 8
8.60897 8
8.70905 8
8.80913 8
8.9092 8
9.00928 9
9.10935 9
9.20943 9
9.3095 9
9.40958 9
9.50966 9
9.60974 9
9.70982 9
9.8099 9
9.90998 9
10.0101 10
10.1101 10
10.2102 10
10.3103 10
10.4104 10
10.5104 10
10.6105 10
10.7106 10
10.8107 10
10.9112 10
11.0122 10
11.1132 10
11.2133 10
11.3133 10
11.4134 10
11.5137 10
11.6139 10
11.714 10
11.8141 10
11.9142 10
12.0143 10
12.1145 10
12.2146 10
12.315 10
12.4151 10
12.5153 10
12.6153 10
12.7154 10
12.8155 10
12.9156 10
13.0157 10
13.1157 10
13.2158 10
13.3159 10
13.416 10
13.5161 10
13.6161 10
13.7162 10
13.8163 10
13.9164 10
14.0165 10
14.1166 10
14.2167 10
14.3168 10
14.4168 10
14.517 10
14.6171 10
14.7172 10
14.8172 10
14.9173 10
15.0174 10
15.1175 10
15.2176 10
15.3176 10
15.4177 10
15.5178 10
15.6179 10
15.718 10
15.818 10
15.9181 10
16.0182 10
16.1183 10
16.2183 10
16.3184 10
16.4185 10
16.5185 10
16.6186 10
16.7187 10
16.8187 10
16.9188 10
17.0189 10
17.119 10
17.2191 10
17.3192 10
17.4192 10
17.5193 10
17.6194 10
17.7194 10
17.8195 10
17.9196 10
18.0197 10
18.1197 10
18.2198 10
18.3199 10
18.42 10
18.52 10
18.6201 10
18.7202 10
18.8202 10
18.9203 10
19.0204 10
19.1205 10
19.2206 10
19.3206 10
19.4207 10
19.5208 10
19.6209 10
19.721 10
19.821 10
19.9212 10
20.0213 10
20.1213 10
20.2214 10
20.3215 10
20.4216 10
20.5217 10
20.6218 10
20.7219 10
20.822 10
20.9221 10
21.0222 10
21.1222 10
21.2223 10
21.3231 10
21.4232 10
21.5233 10
21.6237 10
21.7238 10
21.8239 10
21.924 10
22.0242 10
22.1242 10
22.2243 10
22.3249 10
22.425 10
22.5251 10
22.6252 10
22.7253 10
22.8253 10
22.9254 10
23.0255 10
23.1256 10
23.2257 10
23.3257 10
23.4258 10
23.5259 10
23.626 10
23.7261 10
23.8261 10
23.9263 10
24.0263 10
24.1264 10
24.2265 10
24.3266 10
24.4266 10
24.5267 10
24.6268 10
24.7269 10
24.8269 10
24.927 10
25.0271 10
25.1272 10
25.2272 10
25.3273 10
25.4274 10
25.5275 10
25.6276 10
25.7276 10
25.8277 10
25.9278 10
26.0279 10
26.1279 10
26.228 10
26.3281 10
26.4282 10
26.5282 10
26.6283 10
26.7284 10
26.8285 10
26.9286 10
27.0287 10
27.1287 10
27.2288 10
27.3289 10
27.429 10
27.5291 10
27.6291 10
27.7292 10
27.8293 10
27.9294 10
28.0295 10
28.1295 10
28.2296 10
28.3297 10
28.4298 10
28.5299 10
28.6299 10
28.73 10
28.8301 10
28.9302 10
29.0303 10
29.1303 10
29.2304 10
29.3305 10
29.4306 10
29.5306 10
29.6307 10
29.7308 10
29.8309 10
29.931 10
30.0311 10
30.1311 10
30.2312 10
30.3313 10
30.4314 10
30.5315 10
30.6315 10
30.7316 10
30.8317 10
30.9318 10
31.0318 10
31.1319 10
31.2323 10
31.3324 10
31.4325 10
31.5326 10
31.6328 10
31.7329 10
31.833 10
31.9331 10
32.0332 10
32.1336 10
32.2337 10
32.3338 10
32.4339 10
32.534 10
32.6341 10
32.7342 10
32.8342 10
32.9343 10
33.0344 10
33.1344 10
33.2345 10
33.3346 10
33.4347 10
33.5347 10
33.6348 10
33.7349 10
33.835 10
33.9352 10
34.0353 10
34.1354 10
34.2355 10
34.3355 10
34.4356 10
34.5357 10
34.6357 10
34.7358 10
34.8359 10
34.9359 10
35.036 10
35.1361 10
35.2362 10
35.3362 10
35.4363 10
35.5364 10
35.6365 10
35.7366 10
35.8367 10
35.9368 10
36.0369 10
36.137 10
36.2371 10
36.3372 10
36.4373 10
36.5374 10
36.6375 10
36.7376 10
36.8376 10
36.9377 10
37.0378 10
37.1378 10
37.2379 10
37.338 10
37.4381 10
37.5381 10
37.6382 10
37.7383 10
37.8383 10
37.9384 10
38.0385 10
38.1385 10
38.2386 10
38.3387 10
38.4388 10
38.5388 10
38.6389 10
38.739 10
38.8391 10
38.9392 10
39.0393 10
39.1394 10
39.2395 10
39.3395 10
39.4396 10
39.5397 10
39.6398 10
39.7399 10
39.84 10
39.9401 10
40.0402 10
40.1403 10
40.2404 10
40.3405 10
40.4406 10
40.5407 10
40.6407 10
40.7408 10
40.8409 10
40.941 10
41.0411 10
41.1412 10
41.2413 10
41.3417 10
41.4418 10
41.542 10
41.6425 10
41.7426 10
41.8427 10
41.9435 10
42.0438 10
42.1439 10
42.244 10
42.3442 10
42.4443 10
42.5444 10
42.6444 10
42.7445 10
42.8446 10
42.9447 10
43.0448 10
43.1448 10
43.2449 10
43.345 10
43.4451 10
43.5452 10
43.6452 10
43.7453 10
43.8454 10
43.9455 10
44.0456 10
44.1456 10
44.2457 10
44.3458 10
44.4459 10
44.546 10
44.646 10
44.7461 10
44.8462 10
44.9463 10
45.0463 10
45.1465 10
45.2466 10
45.3466 10
45.4467 10
45.5468 10
45.6469 10
45.747 10
45.8471 10
45.9472 10
46.0472 10
46.1473 10
46.2474 10
46.3475 10
46.4476 10
46.5476 10
46.6477 10
46.7478 10
46.8479 10
46.948 10
47.048 10
47.1481 10
47.2482 10
47.3483 10
47.4484 10
47.5484 10
47.6485 10
47.7486 10
47.8487 10
47.9488 10
48.0489 10
48.149 10
48.249 10
48.3491 10
48.4492 10
48.5493 10
48.6493 10
48.7494 10
48.8495 10
48.9495 10
49.0496 10
49.1497 10
49.2498 10
49.3498 10
49.4499 10
49.55 10
49.6501 10
49.7502 10
49.8503 10
49.9504 10
50.0505 10
50.1506 10
50.2507 10
50.3508 10
50.4508 10
50.5509 10
50.651 10
50.7511 10
50.8512 10
50.9513 10
51.0514 10
51.1515 10
51.2516 10
51.352 10
51.4521 10
51.5521 10
51.6532 10
51.7533 10
51.8534 10
51.9535 10
52.0537 10
52.1544 10
52.2554 10
52.3555 10
52.4556 10
52.5557 10
52.6558 10
52.7558 10
52.8559 10
52.956 10
53.0561 10
53.1561 10
53.2562 10
53.3563 10
53.4564 10
53.5565 10
53.6566 10
53.7566 10
53.8567 10
53.9568 10
54.0569 10
54.1569 10
54.257 10
54.3571 10
54.4572 10
54.5573 10
54.6574 10
54.7575 10
54.8576 10
54.9576 10
55.0577 10
55.1578 10
55.2578 10
