1.713e-06 0
0.100397 0
0.200487 0
0.300561 0
0.400626 0
0.500691 0
0.600777 0
0.700857 0
0.800931 0
0.901004 0
1.00107 1
1.10115 1
1.20122 1
1.3013 1
1.40137 1
1.50144 1
1.60151 1
1.70159 1
1.80168 1
1.90176 1
2.00183 2
2.10191 2
2.20202 2
2.30211 2
2.40218 2
2.50225 2
2.60233 2
2.70242 2
2.80253 2
2.90261 2
3.0027 3
3.1028 3
3.20289 3
3.30298 3
3.40307 3
3.50316 3
3.60326 3
3.70333 3
3.8034 3
3.9035 3
4.00362 4
4.10372 4
4.2038 4
4.30388 4
4.40396 4
4.50404 4
4.60411 4
4.70418 4
4.80426 4
4.90433 4
5.00441 5
5.10448 5
5.20456 5
5.30466 5
5.40474 5
5.50481 5
5.6049 5
5.70501 5
5.80512 5
5.90523 5
6.00534 6
6.10542 6
6.20549 6
6.30557 6
6.40567 6
6.50576 6
6.60584 6
6.70592 6
6.80601 6
6.90611 6
7.00622 7
7.10633 7
7.20641 7
7.30649 7
7.40659 7
7.50669 7
7.60679 7
7.70687 7
7.80788 7
7.90797 7
8.00831 8
8.10841 8
8.20852 8
8.30864 8
8.40873 8
8.50885 8
8.60894 8
8.70921 8
8.80933 8
8.90944 8
9.00975 9
9.11 9
9.21009 9
9.31027 9
9.41033 9
9.51044 9
9.61053 9
9.71062 9
9.81072 9
9.91079 9
10.0109 9
10.1109 9
10.211 9
10.3111 9
10.4112 9
10.5113 9
10.6113 9
10.7114 9
10.8115 9
10.9116 9
11.0117 9
11.1118 9
11.2118 9
11.3119 9
11.412 9
11.5121 9
11.6122 9
11.7124 9
11.8125 9
11.9125 9
12.0126 9
12.1127 9
12.2128 9
12.3129 9
12.4129 9
12.513 9
12.6131 9
12.7131 9
12.8132 9
12.9133 9
13.0134 9
13.1135 9
13.2135 9
13.3136 9
13.4137 9
13.5138 9
13.6139 9
13.7139 9
13.814 9
13.9141 9
14.0142 9
14.1143 9
14.2143 9
14.3144 9
14.4145 9
14.5146 9
14.6147 9
14.7148 9
14.8149 9
14.915 9
15.015 9
15.1151 9
15.2152 9
15.3153 9
15.4154 9
15.5155 9
15.6155 9
15.7156 9
15.8157 9
15.9158 9
16.0159 9
16.1159 9
16.216 9
16.3161 9
16.4162 9
16.5163 9
16.6164 9
16.7164 9
16.8165 9
16.9166 9
17.0167 9
17.1168 9
17.2169 9
17.317 9
17.417 9
17.5171 9
17.6172 9
17.7173 9
17.8187 9
17.9188 9
18.0189 9
18.1194 9
18.2195 9
18.3195 9
18.4196 9
18.5197 9
18.62 9
18.7205 9
18.8206 9
18.9209 9
19.0211 9
19.125 9
19.2251 9
19.3252 9
19.4253 9
19.5254 9
19.6255 9
19.7256 9
19.8257 9
19.9258 9
20.0259 9
20.1259 9
20.226 9
20.3261 9
20.4262 9
20.5263 9
20.6264 9
20.7265 9
20.8266 9
20.9266 9
21.0268 9
21.1268 9
21.2269 9
21.327 9
21.4271 9
21.5272 9
21.6273 9
21.7273 9
21.8274 9
21.9275 9
22.0276 9
22.1276 9
22.2277 9
22.3278 9
22.4278 9
22.5279 9
22.628 9
22.7281 9
22.8281 9
22.9282 9
23.0283 9
23.1284 9
23.2284 9
23.3285 9
23.4286 9
23.5287 9
23.6288 9
23.7288 9
23.8289 9
23.929 9
24.0291 9
24.1292 9
24.2293 9
24.3294 9
24.4295 9
24.5295 9
24.6296 9
24.7297 9
24.8298 9
24.9299 9
25.0299 9
25.13 9
25.2301 9
25.3301 9
25.4302 9
25.5303 9
25.6304 9
25.7305 9
25.8306 9
25.9306 9
26.0307 9
26.1308 9
26.2309 9
26.3309 9
26.431 9
26.5311 9
26.6312 9
26.7313 9
26.8314 9
26.9315 9
27.0316 9
27.1317 9
27.2318 9
27.3319 9
27.432 9
27.5321 9
27.6322 9
27.7323 9
27.8324 9
27.9327 9
28.0328 9
28.1329 9
28.2341 9
28.3342 9
28.4344 9
28.5356 9
28.6393 9
28.7395 9
28.8396 9
28.9399 9
29.04 10
29.1401 10
29.2402 10
29.3409 10
29.441 10
29.5411 10
29.6412 10
29.7413 10
29.8414 10
29.9415 10
30.0416 10
30.1416 10
30.2417 10
30.3418 10
30.4419 10
30.542 10
30.6421 10
30.7422 10
30.8423 10
30.9424 10
31.0425 10
31.1427 10
31.2428 10
31.3429 10
31.443 10
31.5431 10
31.6432 10
31.7433 10
31.8434 10
31.9435 10
32.0437 10
32.1437 10
32.2438 10
32.3439 10
32.444 10
32.5441 10
32.6442 10
32.7443 10
32.8444 10
32.9445 10
33.0446 10
33.1447 10
33.2448 10
33.3449 10
33.445 10
33.5451 10
33.6451 10
33.7452 10
33.8453 10
33.9454 10
34.0455 10
34.1455 10
34.2456 10
34.3457 10
34.4458 10
34.5459 10
34.6459 10
34.746 10
34.8461 10
34.9462 10
35.0462 10
35.1463 10
35.2464 10
35.3465 10
35.4466 10
35.5467 10
35.6468 10
35.7468 10
35.8469 10
35.947 10
36.0471 10
36.1472 10
36.2472 10
36.3473 10
36.4474 10
36.5475 10
36.6476 10
36.7477 10
36.8478 10
36.9478 10
37.0479 10
37.148 10
37.2481 10
37.3482 10
37.4483 10
37.5483 10
37.6484 10
37.7485 10
37.8486 10
37.9487 10
38.0497 10
38.1497 10
38.2499 10
38.3513 10
38.4523 10
38.5524 10
38.6527 10
38.7535 10
38.8536 10
38.9538 10
39.0539 10
39.154 10
39.2545 10
39.3546 10
39.4547 10
39.5548 10
39.6549 10
39.7549 10
39.855 10
39.9551 10
40.0552 10
40.1553 10
40.2554 10
40.3554 10
40.4555 10
40.5556 10
40.6557 10
40.7558 10
40.8559 10
40.9559 10
41.056 10
41.1561 10
41.2562 10
41.3562 10
41.4563 10
41.5564 10
41.6565 10
41.7565 10
41.8566 10
41.9567 10
42.0568 10
42.1568 10
42.2569 10
42.357 10
42.4571 10
42.5572 10
42.6573 10
42.7573 10
42.8574 10
42.9575 10
43.0576 10
43.1577 10
43.2578 10
43.3578 10
43.4579 10
43.558 10
43.6581 10
43.7582 10
43.8583 10
43.9584 10
44.0585 10
44.1587 10
44.2588 10
44.3588 10
44.4589 10
44.559 10
44.6591 10
44.7592 10
44.8593 10
44.9594 10
45.0595 10
45.1596 10
45.2597 10
45.3598 10
45.4599 10
45.56 10
45.6601 10
45.7602 10
45.8603 10
45.9604 10
46.0604 10
46.1605 10
46.2606 10
46.3607 10
46.4608 10
46.5609 10
46.661 10
46.7611 10
46.8612 10
46.9613 10
47.0614 10
47.1615 10
47.2615 10
47.3616 10
47.4617 10
47.5618 10
47.6619 10
47.762 10
47.8621 10
47.9622 10
48.0623 10
48.1624 10
48.2625 10
48.3628 10
48.463 10
48.5632 10
48.6633 10
48.7635 10
48.8636 10
48.9637 10
49.0638 10
49.1639 10
49.2645 10
49.3646 10
49.4647 10
49.5648 10
49.6649 10
49.765 10
49.8651 10
49.9652 10
50.0654 10
50.1654 10
50.2655 10
50.3656 10
50.4657 10
50.5657 10
50.6658 10
50.7659 10
50.866 10
50.9661 10
51.0661 10
51.1662 10
51.2663 10
51.3664 10
51.4665 10
51.5666 10
51.6667 10
51.7668 10
51.8669 10
51.967 10
52.0671 10
52.1671 10
52.2672 10
52.3673 10
52.4673 10
52.5674 10
52.6675 10
52.7676 10
52.8677 10
52.9677 10
53.0678 10
53.1679 10
53.268 10
53.3681 10
53.4681 10
53.5682 10
53.6683 10
53.7684 10
53.8685 10
53.9685 10
54.0686 10
54.1687 10
54.2688 10
54.3689 10
54.4689 10
54.569 10
54.6691 10
54.7692 10
54.8692 10
54.9693 10
55.0694 10
55.1695 10
55.2696 10
55.3697 10
55.4698 10
55.5699 10
55.67 10
