2.164e-06 0
0.100393 0
0.200488 0
0.300569 0
0.400647 0
0.500713 0
0.600783 0
0.70085 0
0.800926 0
0.901021 0
1.00112 0
1.10119 0
1.20126 0
1.30134 0
1.40143 0
1.50151 0
1.60159 0
1.70167 0
1.80175 0
1.90183 0
2.0019 1
2.10198 1
2.20206 1
2.30214 1
2.40221 1
2.50228 1
2.60235 1
2.70243 1
2.80254 1
2.90266 1
3.00279 2
3.10291 2
3.20314 2
3.30329 2
3.4034 2
3.50349 2
3.60357 2
3.70366 2
3.80377 2
3.90388 2
4.00398 3
4.10405 3
4.20416 3
4.30425 3
4.40432 3
4.5044 3
4.60447 3
4.70454 3
4.80462 3
4.90469 3
5.00477 4
5.10484 4
5.20492 4
5.305 4
5.40507 4
5.50515 4
5.60522 4
5.7053 4
5.80539 4
5.90546 4
6.00554 5
6.10561 5
6.20569 5
6.30576 5
6.40586 5
6.50593 5
6.60601 5
6.7061 5
6.8062 5
6.90629 5
7.00637 6
7.10644 6
7.20652 6
7.30659 6
7.40667 6
7.50675 6
7.60682 6
7.7069 6
7.80698 6
7.90706 6
8.00713 7
8.10721 7
8.20729 7
8.30737 7
8.40745 7
8.50752 7
8.6076 7
8.70768 7
8.80776 7
8.90783 7
9.00791 8
9.10799 8
9.20806 8
9.30813 8
9.40821 8
9.50828 8
9.60836 8
9.70844 8
9.80854 8
9.90862 8
10.0087 9
10.1088 9
10.2088 9
10.3089 9
10.409 9
10.5091 9
10.6092 9
10.7092 9
10.8093 9
10.9094 9
11.0095 10
11.1096 10
11.2096 10
11.3097 10
11.4098 10
11.5099 10
11.6099 10
11.71 10
11.8101 10
11.9102 10
12.0103 10
12.1103 10
12.2104 10
12.3105 10
12.4106 10
12.5106 10
12.6107 10
12.7119 10
12.8123 10
12.9132 10
13.0134 9
13.1135 9
13.2141 9
13.3142 9
13.4143 9
13.5144 9
13.6145 9
13.7145 9
13.8147 9
13.9147 9
14.0148 8
14.1151 8
14.2152 8
14.3153 8
14.4154 8
14.5155 8
14.6156 8
14.7156 8
14.8157 8
14.9158 8
15.0158 7
15.1159 7
15.216 7
15.3161 7
15.4162 7
15.5162 7
15.6163 7
15.7164 7
15.8165 7
15.9165 7
16.0166 6
16.1167 6
16.2168 6
16.3168 6
16.4169 6
16.517 6
16.6171 6
16.7171 6
16.8172 6
16.9173 6
17.0174 5
17.1174 5
17.2175 5
17.3176 5
17.4177 5
17.5178 5
17.6178 5
17.7179 5
17.818 5
17.9181 5
18.0181 4
18.1182 4
18.2183 4
18.3184 4
18.4184 4
18.5185 4
18.6186 4
18.7187 4
18.8187 4
18.9188 4
19.0189 3
19.119 3
19.2191 3
19.3191 3
19.4192 3
19.5193 3
19.6194 3
19.7194 3
19.8195 3
19.9196 3
20.0196 2
20.1197 2
20.2198 2
20.3198 2
20.4199 2
20.52 2
20.6201 2
20.7201 2
20.8202 2
20.9203 2
21.0204 1
21.1205 1
21.2205 1
21.3206 1
21.4207 1
21.5208 1
21.6208 1
21.7209 1
21.821 1
21.921 1
22.0211 1
22.1212 1
22.2213 1
22.3213 1
22.4214 1
22.5215 1
22.6216 1
22.7216 1
22.8218 1
22.9218 1
23.0219 1
23.1221 1
23.2221 1
23.3229 1
23.423 1
23.5231 1
23.6232 1
23.7237 1
23.8238 1
23.9239 1
24.0247 1
24.1248 1
24.2249 1
24.3249 1
24.425 1
24.5251 1
24.6252 1
24.7253 1
24.8254 1
24.9255 1
25.0256 1
25.1256 1
25.2257 1
25.3258 1
25.4259 1
25.526 1
25.626 1
25.7261 1
25.8262 1
25.9262 1
26.0263 2
26.1264 2
26.2265 2
26.3265 2
26.4266 2
26.5267 2
26.6268 2
26.7268 2
26.8269 2
26.927 2
27.0271 3
27.1271 3
27.2272 3
27.3273 3
27.4274 3
27.5274 3
27.6275 3
27.7276 3
27.8277 3
27.9277 3
28.0278 4
28.1279 4
28.228 4
28.3281 4
28.4281 4
28.5282 4
28.6283 4
28.7284 4
28.8284 4
28.9285 4
29.0286 5
29.1287 5
29.2288 5
29.3288 5
29.4289 5
29.529 5
29.6291 5
29.7292 5
29.8292 5
29.9293 5
30.0294 6
30.1295 6
30.2295 6
30.3296 6
30.4297 6
30.5298 6
30.6299 6
30.7299 6
30.83 6
30.9301 6
31.0302 7
31.1302 7
31.2303 7
31.3304 7
31.4304 7
31.5305 7
31.6306 7
31.7307 7
31.8308 7
31.9308 7
32.0309 8
32.131 8
32.2311 8
32.3311 8
32.4312 8
32.5313 8
32.6314 8
32.7317 8
32.8329 8
32.9329 8
33.033 9
33.1334 9
33.2343 9
33.3346 9
33.4349 9
33.5349 9
33.6351 9
33.7352 9
33.8352 9
33.9353 9
34.0355 10
34.1356 10
34.2357 10
34.3358 10
34.4359 10
34.536 10
34.636 10
34.7361 10
34.8362 10
34.9363 10
35.0364 10
35.1365 10
35.2366 10
35.3366 10
35.4367 10
35.5368 10
35.6369 10
35.737 10
35.8371 10
35.9372 10
36.0372 9
36.1373 9
36.2374 9
36.3375 9
36.4376 9
36.5377 9
36.6378 9
36.7378 9
36.8379 9
36.938 9
37.0381 8
37.1382 8
37.2383 8
37.3383 8
37.4384 8
37.5385 8
37.6386 8
37.7387 8
37.8388 8
37.9388 8
38.0389 7
38.139 7
38.2391 7
38.3391 7
38.4392 7
38.5393 7
38.6394 7
38.7394 7
38.8395 7
38.9396 7
39.0397 6
39.1398 6
39.2398 6
39.3399 6
39.44 6
39.5401 6
39.6401 6
39.7402 6
39.8403 6
39.9404 6
40.0405 5
40.1406 5
40.2407 5
40.3408 5
40.4409 5
40.5409 5
40.641 5
40.7411 5
40.8412 5
40.9413 5
41.0413 4
41.1414 4
41.2415 4
41.3416 4
41.4417 4
41.5418 4
41.6418 4
41.7419 4
41.842 4
41.9421 4
42.0422 3
42.1423 3
42.2423 3
42.3424 3
42.4425 3
42.5426 3
42.6426 3
42.7427 3
42.8432 3
42.9433 3
43.0447 2
43.1448 2
43.2449 2
43.345 2
43.4451 2
43.5452 2
43.6453 2
43.7454 2
43.8455 2
43.9465 2
44.0466 1
44.1467 1
44.2468 1
44.3468 1
44.4469 1
44.547 1
44.647 1
44.7471 1
44.8472 1
44.9473 1
45.0474 1
45.1475 1
45.2475 1
45.3476 1
45.4477 1
45.5478 1
45.6478 1
45.7479 1
45.848 1
45.9481 1
46.0482 1
46.1482 1
46.2483 1
46.3484 1
46.4485 1
46.5486 1
46.6487 1
46.7487 1
46.8488 1
46.9489 1
47.049 1
47.1491 1
47.2492 1
47.3493 1
47.4493 1
47.5494 1
47.6495 1
47.7495 1
47.8496 1
47.9497 1
48.0498 1
48.1499 1
48.2499 1
48.35 1
48.4501 1
48.5502 1
48.6502 1
48.7503 1
48.8504 1
48.9505 1
49.0505 1
49.1506 1
49.2507 1
49.3508 1
49.4508 1
49.5509 1
49.651 1
49.751 1
49.8511 1
49.9512 1
50.0513 2
50.1513 2
50.2514 2
50.3515 2
50.4516 2
50.5516 2
50.6517 2
50.7518 2
50.8519 2
50.9519 2
51.052 3
51.1521 3
51.2522 3
51.3522 3
51.4523 3
51.5524 3
51.6525 3
51.7525 3
51.8526 3
51.9527 3
52.0528 4
52.1528 4
52.2529 4
52.353 4
52.4531 4
52.5532 4
52.6533 4
52.7533 4
52.8535 4
52.9536 4
53.0536 5
53.1544 5
53.2545 5
53.3546 5
53.4547 5
53.5548 5
53.6549 5
53.755 5
53.8553 5
53.9554 5
54.0555 6
54.1556 6
54.2559 6
54.356 6
54.4561 6
54.5562 6
54.6563 6
54.7563 6
54.8564 6
54.9565 6
55.0566 7
55.1567 7
55.2568 7
55.357 7
55.4571 7
55.5572 7
55.6573 7
55.7574 7
55.8575 7
55.9575 7
56.0576 8
56.1577 8
56.2578 8
56.3578 8
56.4579 8
56.558 8
56.6581 8
56.7582 8
56.8583 8
56.9584 8
57.0584 9
57.1585 9
57.2586 9
57.3587 9
57.4587 9
57.5588 9
57.6589 9
57.759 9
57.8591 9
57.9592 9
58.0593 10
58.1594 10
58.2595 10
58.3596 10
58.4596 10
58.5597 10
58.6598 10
58.7598 10
58.8599 10
58.96 10
59.0601 10
59.1602 10
59.2603 10
59.3603 10
59.4604 10
59.5605 10
59.6606 10
