2.104e-06 0
0.100796 0
0.200889 0
0.301 0
0.401148 0
0.501266 0
0.601368 0
0.701445 0
0.80153 0
0.901637 0
1.00172 0
1.1018 1
1.20188 1
1.30197 1
1.40204 1
1.50213 1
1.6022 1
1.70229 1
1.80237 1
1.90246 1
2.00254 2
2.10262 2
2.2027 2
2.30278 2
2.40285 2
2.50292 2
2.60299 2
2.70309 2
2.80317 2
2.90327 2
3.00335 3
3.10343 3
3.20351 3
3.30359 3
3.40366 3
3.50375 3
3.60384 3
3.70393 3
3.80401 3
3.90408 3
4.00416 4
4.10423 4
4.2043 4
4.30438 4
4.40446 4
4.50453 4
4.60461 4
4.70468 4
4.80475 4
4.90483 4
5.00491 5
5.10499 5
5.20507 5
5.30515 5
5.40525 5
5.50534 5
5.60542 5
5.7055 5
5.80558 5
5.90566 5
6.00574 6
6.10582 6
6.2059 6
6.30598 6
6.40606 6
6.50616 6
6.60625 6
6.70634 6
6.80642 6
6.9065 6
7.00658 7
7.10667 7
7.20675 7
7.30683 7
7.40691 7
7.50699 7
7.60708 7
7.70716 7
7.80724 7
7.90732 7
8.0074 8
8.10748 8
8.20755 8
8.30763 8
8.40773 8
8.50785 8
8.60794 8
8.70802 8
8.8081 8
8.90821 8
9.0083 9
9.10839 9
9.20848 9
9.3086 9
9.4087 9
9.50879 9
9.60887 9
9.70897 9
9.80906 9
9.90914 9
10.0092 9
10.1093 9
10.2094 9
10.3095 9
10.4096 9
10.5097 9
10.6098 9
10.7099 9
10.81 9
10.9101 9
11.0102 9
11.1103 9
11.2103 9
11.3104 9
11.4105 9
11.5105 9
11.6106 9
11.7107 9
11.8107 9
11.9108 9
12.0109 9
12.111 9
12.211 9
12.3111 9
12.4112 9
12.5113 9
12.6114 9
12.7114 9
12.8115 9
12.9116 9
13.0117 9
13.1117 9
13.2118 9
13.3119 9
13.412 9
13.512 9
13.6122 9
13.7122 9
13.8123 9
13.9124 9
14.0125 9
14.1125 9
14.2126 9
14.3127 9
14.4128 9
14.5128 9
14.6129 9
14.713 9
14.8131 9
14.9132 9
15.0133 9
15.1134 9
15.2135 9
15.3136 9
15.4136 9
15.5137 9
15.6138 9
15.7139 9
15.814 9
15.914 9
16.0141 9
16.1142 9
16.2143 9
16.3143 9
16.4144 9
16.5145 9
16.6146 9
16.7147 9
16.8147 9
16.9148 9
17.0149 9
17.115 9
17.2151 9
17.3151 9
17.4152 9
17.5153 9
17.6154 9
17.7155 9
17.8156 9
17.9157 9
18.0157 9
18.1158 9
18.2159 9
18.316 9
18.4161 9
18.5162 9
18.6162 9
18.7163 9
18.8164 9
18.9165 9
19.0166 9
19.1167 9
19.2168 9
19.3171 9
19.4172 9
19.5172 9
19.6177 9
19.7185 9
19.8186 9
19.9187 9
20.0191 9
20.1201 9
20.2202 9
20.3203 9
20.4204 9
20.5205 9
20.6206 9
20.7207 9
20.8208 9
20.9209 9
21.0209 9
21.121 9
21.2211 9
21.3212 9
21.4212 9
21.5213 9
21.6214 9
21.7215 9
21.8215 9
21.9216 9
22.0217 9
22.1218 9
22.2219 9
22.3219 9
22.422 9
22.5221 9
22.6222 9
22.7223 9
22.8223 9
22.9224 9
23.0225 9
23.1226 9
23.2226 9
23.3227 9
23.4228 9
23.5229 9
23.623 9
23.7231 9
23.8232 9
23.9233 9
24.0234 9
24.1235 9
24.2235 9
24.3236 9
24.4237 9
24.5238 9
24.6238 9
24.7239 9
24.8241 9
24.9242 9
25.0243 9
25.1244 9
25.2245 9
25.3246 9
25.4247 9
25.5248 9
25.6248 9
25.7249 9
25.825 9
25.9251 9
26.0251 9
26.1253 9
26.2253 9
26.3254 9
26.4255 9
26.5256 9
26.6256 9
26.7257 9
26.8258 9
26.9259 9
27.0259 9
27.126 9
27.2261 9
27.3261 9
27.4262 9
27.5263 9
27.6264 9
27.7264 9
27.8265 9
27.9266 9
28.0267 9
28.1268 9
28.2269 9
28.3269 9
28.427 9
28.5271 9
28.6272 9
28.7272 9
28.8273 9
28.9274 9
29.0275 9
29.1276 9
29.2276 9
29.3277 9
29.4278 9
29.5279 9
29.628 9
29.7281 9
29.8283 9
29.9284 9
30.0285 9
30.1288 9
30.2289 9
30.329 9
30.4291 9
30.5291 9
30.6293 9
30.7296 9
30.8297 9
30.9298 9
31.0299 9
31.13 9
31.2301 9
31.3302 9
31.4303 9
31.5304 9
31.6305 9
31.7306 9
31.8306 9
31.9307 9
32.0308 9
32.1309 9
32.231 9
32.3311 9
32.4312 9
32.5312 9
32.6313 9
32.7314 9
32.8315 9
32.9316 9
33.0317 9
33.1318 9
33.2319 9
33.3319 9
33.432 9
33.5321 9
33.6322 9
33.7323 9
33.8323 9
33.9324 9
34.0325 9
34.1326 9
34.2327 9
34.3328 9
34.4328 9
34.5329 9
34.633 9
34.7331 9
34.8331 9
34.9332 9
35.0333 9
35.1334 9
35.2334 9
35.3335 9
35.4336 9
35.5337 9
35.6338 9
35.7338 9
35.8339 9
35.934 9
36.0341 9
36.1342 9
36.2342 9
36.3343 9
36.4344 9
36.5345 9
36.6346 9
36.7347 9
36.8348 9
36.9348 9
37.0349 9
37.135 9
37.2351 9
37.3352 9
37.4353 9
37.5354 9
37.6355 9
37.7355 9
37.8356 9
37.9357 9
38.0358 9
38.1359 9
38.2359 9
38.3361 9
38.4362 9
38.5362 9
38.6363 9
38.7364 9
38.8365 9
38.9366 9
39.0367 9
39.1368 9
39.2369 9
39.337 9
39.4371 9
39.5371 9
39.6373 9
39.7374 9
39.8375 9
39.9376 9
40.0383 9
40.1388 9
40.2389 9
40.339 9
40.4391 9
40.5392 9
40.6401 9
40.7402 9
40.8408 9
40.9409 9
41.041 9
41.1416 9
41.2417 9
41.3417 9
41.4418 9
41.5419 9
41.642 9
41.7421 9
41.8422 9
41.9423 9
42.0424 9
42.1424 9
42.2425 9
42.3426 9
42.4427 9
42.5427 9
42.6428 9
42.7429 9
42.843 9
42.943 9
43.0431 9
43.1432 9
43.2433 9
43.3434 9
43.4435 9
43.5435 9
43.6436 9
43.7437 9
43.8438 9
43.9439 9
44.044 9
44.144 9
44.2441 9
44.3442 9
44.4443 9
44.5443 9
44.6444 9
44.7445 9
44.8446 9
44.9447 9
45.0447 9
45.1448 9
45.2449 9
45.345 9
45.445 9
45.5451 9
45.6452 9
45.7453 9
45.8453 9
45.9454 9
46.0455 9
46.1456 9
46.2457 9
46.3458 9
46.4459 9
46.5459 9
46.646 9
46.7461 9
46.8461 9
46.9462 9
47.0463 9
47.1464 9
47.2464 9
47.3465 9
47.4466 9
47.5467 9
47.6467 9
47.7468 9
47.8469 9
47.947 9
48.0471 9
48.1471 9
48.2472 9
48.3473 9
48.4474 9
48.5474 9
48.6475 9
48.7476 9
48.8477 9
48.9477 9
49.0478 9
49.1479 9
49.2479 9
49.348 9
49.4481 9
49.5482 9
49.6482 9
49.7483 9
49.8484 9
49.9485 9
50.0486 9
50.1487 9
50.249 9
50.3491 9
50.4492 9
50.5494 9
50.6495 9
50.7521 9
50.8533 9
50.9541 9
51.0542 9
51.1543 9
51.2544 9
51.3553 9
51.4554 9
51.5555 9
51.6556 9
51.7557 9
51.8558 9
51.9558 9
52.0559 9
52.156 9
52.2561 9
52.3562 9
52.4563 9
52.5564 9
52.6565 9
52.7566 9
52.8567 9
52.9568 9
53.0569 9
53.157 9
53.2571 9
53.3572 9
53.4573 9
53.5574 9
53.6575 9
53.7575 9
53.8576 9
53.9577 9
54.0578 9
54.1579 9
54.2579 9
54.358 9
54.4581 9
54.5582 9
54.6582 9
54.7583 9
54.8584 9
54.9585 9
55.0586 9
55.1587 9
55.2587 9
55.3588 9
55.4589 9
55.559 9
