1.272e-06 0
0.100858 0
0.200991 0
0.301102 0
0.401205 0
0.501284 0
0.601363 0
0.701452 0
0.801527 0
0.901601 0
1.00168 0
1.10177 0
1.20184 0
1.30215 0
1.40225 0
1.50232 0
1.60239 0
1.70246 0
1.80284 0
1.90293 0
2.00302 0
2.10313 0
2.20381 0
2.30387 0
2.40394 0
2.50402 0
2.6041 0
2.70422 0
2.80468 0
2.90476 0
3.00484 0
3.10492 0
3.205 0
3.30508 0
3.40516 0
3.50523 0
3.60531 0
3.70538 0
3.80546 0
3.90553 0
4.00561 0
4.10568 0
4.20576 0
4.30584 0
4.40593 0
4.50601 0
4.60608 0
4.70616 0
4.80624 0
4.90631 0
5.00639 0
5.10647 0
5.20655 0
5.30663 0
5.40671 0
5.50678 0
5.60686 0
5.70694 0
5.80702 0
5.90709 0
6.00717 0
6.10725 0
6.20734 0
6.30741 0
6.40749 0
6.50757 0
6.60765 0
6.70772 0
6.8078 0
6.90788 0
7.00796 0
7.10804 0
7.20812 0
7.3082 0
7.40828 0
7.50836 0
7.60844 0
7.70851 0
7.80858 0
7.90865 0
8.00873 1
8.10881 1
8.2089 1
8.30898 1
8.40906 1
8.50914 1
8.60923 1
8.70931 1
8.80939 1
8.90947 1
9.00955 2
9.10963 2
9.20971 2
9.30979 2
9.40987 2
9.50995 2
9.61003 2
9.7101 2
9.81019 2
9.91026 2
10.0103 3
10.1104 3
10.2105 3
10.3106 3
10.4107 3
10.5107 3
10.6108 3
10.7109 3
10.811 3
10.9111 3
11.0111 4
11.1112 4
11.2113 4
11.3118 4
11.4133 4
11.5134 4
11.6135 4
11.7136 4
11.8138 4
11.9138 4
12.014 5
12.1141 5
12.2141 5
12.3144 5
12.4145 5
12.5146 5
12.6155 5
12.7156 5
12.8158 5
12.9159 5
13.016 6
13.1161 6
13.2162 6
13.3163 6
13.4163 6
13.5164 6
13.6165 6
13.7166 6
13.8166 6
13.9167 6
14.0168 7
14.1168 7
14.2169 7
14.317 7
14.4171 7
14.5172 7
14.6173 7
14.7173 7
14.8174 7
14.9175 7
15.0176 8
15.1176 8
15.2177 8
15.3178 8
15.4179 8
15.518 8
15.6181 8
15.7181 8
15.8182 8
15.9183 8
16.0184 8
16.1185 8
16.2186 8
16.3186 8
16.4187 8
16.5188 8
16.6189 8
16.719 8
16.8191 8
16.9192 8
17.0193 8
17.1194 8
17.2195 8
17.3197 8
17.4197 8
17.5198 8
17.6199 8
17.72 8
17.8201 8
17.9202 8
18.0203 8
18.1203 8
18.2204 8
18.3205 8
18.4206 8
18.5207 8
18.6208 8
18.7209 8
18.821 8
18.921 8
19.0211 8
19.1212 8
19.2213 8
19.3214 8
19.4215 8
19.5216 8
19.6217 8
19.7217 8
19.8218 8
19.9219 8
20.022 8
20.1221 8
20.2222 8
20.3223 8
20.4223 8
20.5224 8
20.6225 8
20.7226 8
20.8227 8
20.9227 8
21.0228 8
21.1229 8
21.223 8
21.3239 8
21.424 8
21.5241 8
21.6242 8
21.7242 8
21.8244 8
21.9252 8
22.0252 7
22.1261 7
22.2262 7
22.3262 7
22.4263 7
22.5267 7
22.6268 7
22.7279 7
22.828 7
22.9281 7
23.0282 6
23.1283 6
23.2284 6
23.3285 6
23.4285 6
23.5286 6
23.6287 6
23.7287 6
23.8288 6
23.9289 6
24.029 5
24.129 5
24.2291 5
24.3292 5
24.4293 5
24.5293 5
24.6294 5
24.7295 5
24.8296 5
24.9296 5
25.0297 4
25.1298 4
25.2299 4
25.3299 4
25.43 4
25.5301 4
25.6302 4
25.7302 4
25.8303 4
25.9304 4
26.0305 4
26.1305 4
26.2306 4
26.3307 4
26.4308 4
26.5308 4
26.6309 4
26.731 4
26.8311 4
26.9312 4
27.0312 4
27.1313 4
27.2314 4
27.3315 4
27.4316 4
27.5317 4
27.6318 4
27.7319 4
27.8319 4
27.932 4
28.0321 4
28.1322 4
28.2322 4
28.3323 4
28.4324 4
28.5325 4
28.6325 4
28.7326 4
28.8327 4
28.9328 4
29.0328 4
29.1329 4
29.233 4
29.3331 4
29.4332 4
29.5332 4
29.6333 4
29.7334 4
29.8335 4
29.9335 4
30.0336 4
30.1337 4
30.2338 4
30.3339 4
30.4339 4
30.534 4
30.6341 4
30.7342 4
30.8342 4
30.9343 4
31.0344 4
31.1345 4
31.2345 4
31.3347 4
31.4348 4
31.5349 4
31.635 4
31.7351 4
31.8352 4
31.9353 4
32.0354 4
32.1355 4
32.2356 4
32.336 4
32.4361 4
32.5362 4
32.637 4
32.7371 4
32.8372 4
32.9373 4
33.0374 4
33.1375 4
33.2376 4
33.3377 4
33.4378 4
33.5378 4
33.6379 4
33.7381 4
33.8382 4
33.9383 4
34.0384 4
34.1385 4
34.2386 4
34.3387 4
34.4388 4
34.5389 4
34.639 4
34.7391 4
34.8392 4
34.9394 4
35.0395 4
35.1396 4
35.2396 4
35.3397 4
35.4398 4
35.5399 4
35.64 4
35.7401 4
35.8402 4
35.9403 4
36.0404 4
36.1405 4
36.2405 4
36.3406 4
36.4407 4
36.5408 4
36.6409 4
36.7409 4
36.841 4
36.9411 4
37.0412 4
37.1413 4
37.2413 4
37.3414 4
37.4415 4
37.5416 4
37.6416 4
37.7417 4
37.8418 4
37.9419 4
38.042 4
38.1421 4
38.2421 4
38.3422 4
38.4423 4
38.5424 4
38.6425 4
38.7425 4
38.8426 4
38.9427 4
39.0428 3
39.1428 3
39.2429 3
39.343 3
39.4431 3
39.5432 3
39.6433 3
39.7433 3
39.8434 3
39.9435 3
40.0436 2
40.1436 2
40.2437 2
40.3438 2
40.4439 2
40.544 2
40.644 2
40.7441 2
40.8442 2
40.9443 2
41.0444 1
41.1445 1
41.2445 1
41.3446 1
41.4447 1
41.5448 1
41.6449 1
41.745 1
41.8451 1
41.9455 1
42.0456 1
42.1459 1
42.2459 1
42.346 1
42.4461 1
42.5462 1
42.6463 1
42.7468 1
42.8469 1
42.947 1
43.0471 1
43.1472 1
43.2472 1
43.3473 1
43.4474 1
43.5475 1
43.6475 1
43.7476 1
43.8477 1
43.9478 1
44.0479 1
44.148 1
44.2481 1
44.3482 1
44.4482 1
44.5483 1
44.6484 1
44.7485 1
44.8486 1
44.9487 1
45.0487 1
45.1488 1
45.2489 1
45.349 1
45.449 1
45.5491 1
45.6492 1
45.7493 1
45.8494 1
45.9494 1
46.0495 1
46.1496 1
46.2496 1
46.3497 1
46.4498 1
46.5499 1
46.6499 1
46.75 1
46.8501 1
46.9502 1
47.0502 1
47.1503 1
47.2504 1
47.3505 1
47.4505 1
47.5506 1
47.6507 1
47.7508 1
47.8509 1
47.9509 1
48.051 1
48.1511 1
48.2512 1
48.3513 1
48.4513 1
48.5514 1
48.6515 1
48.7516 1
48.8516 1
48.9517 1
49.0518 1
49.1519 1
49.252 1
49.352 1
49.4521 1
49.5522 1
49.6523 1
49.7523 1
49.8524 1
49.9525 1
50.0526 1
50.1527 1
50.2528 1
50.3529 1
50.4529 1
50.553 1
50.6531 1
50.7532 1
50.8533 1
50.9533 1
51.0534 1
51.1535 1
51.2536 1
51.3545 1
51.4552 1
51.5553 1
51.6555 1
51.7555 1
51.8557 1
51.9558 1
52.0559 1
52.156 1
52.2565 1
52.3569 1
52.457 1
52.5571 1
52.6572 1
52.7573 1
52.8578 1
52.9579 1
53.058 1
53.1581 1
53.2582 1
53.3583 1
53.4584 1
53.5585 1
53.6586 1
53.7587 1
53.8587 1
53.9588 1
54.0589 1
54.159 1
54.2591 1
54.3594 1
54.4595 1
54.5595 1
54.6596 1
54.7597 1
54.8598 1
54.9598 1
55.0599 1
55.16 1
55.2601 1
55.3601 1
55.4602 1
55.5603 1
55.6604 1
55.7605 1
55.8605 1
55.9606 1
56.0607 1
56.1608 1
56.2608 1
56.3609 1
56.461 1
56.5611 1
56.6612 1
56.7612 1
56.8613 1
56.9614 1
57.0615 1
57.1615 1
57.2616 1
57.3617 1
57.4618 1
57.5618 1
57.6619 1
57.762 1
57.8621 1
57.9622 1
58.0623 1
58.1623 1
58.2624 1
58.3625 1
58.4626 1
58.5627 1
58.6628 1
58.7629 1
58.863 1
58.9631 1
59.0632 1
59.1633 1
59.2633 1
59.3634 1
59.4635 1
59.5636 1
59.6636 1
59.7637 1
59.8638 1
59.9639 1
60.0639 1
60.164 1
60.2641 1
60.3641 1
60.4642 1
60.5643 1
60.6644 1
60.7645 1
60.8646 1
60.9646 1
61.0647 1
61.1648 1
61.2649 1
61.365 1
61.4651 1
61.5652 1
61.6653 1
61.7654 1
61.8655 1
61.9656 1
62.0657 1
62.1658 1
62.2659 1
62.366 1
62.4661 1
62.5662 1
62.6663 1
62.7664 1
62.8665 1
62.9666 1
63.0667 1
63.1668 1
63.2669 1
63.367 1
63.467 1
63.5671 1
63.6672 1
63.7673 1
63.8674 1
63.9675 1
64.0675 1
64.1676 1
64.2677 1
64.3678 1
64.4678 1
64.5679 1
64.668 1
64.768 1
64.8681 1
64.9682 1
65.0683 1
65.1683 1
65.2684 1
65.3685 1
65.4685 1
65.5686 1
65.6687 1
65.7688 1
65.8688 1
65.9689 1
66.069 1
66.1691 1
66.2692 1
66.3694 1
66.4695 1
66.5696 1
66.6696 1
66.7697 1
66.8699 1
66.97 1
67.07 1
67.1701 1
67.2702 1
67.3703 1
67.4704 1
67.5705 1
67.6705 1
67.7706 1
67.8707 1
67.9708 1
68.0709 1
68.1709 1
68.271 1
68.3711 1
68.4712 1
68.5713 1
68.6713 1
68.7714 1
68.8715 1
68.9715 1
69.0716 1
69.1717 1
69.2718 1
69.3719 1
69.4719 1
69.572 1
69.6721 1
69.7722 1
69.8722 1
69.9723 1
70.0724 1
70.1725 1
70.2726 1
70.3726 1
70.4727 1
70.5728 1
70.6729 1
70.7729 1
70.873 1
70.9731 1
71.0732 1
71.1732 1
71.2733 1
71.3734 1
71.4735 1
71.5736 1
71.6737 1
71.7738 1
71.8739 1
71.9743 1
72.0744 1
72.1745 1
72.2749 1
72.3749 1
72.475 1
72.5756 1
72.6762 1
72.7762 1
72.8763 1
72.9765 1
73.0765 1
73.1766 1
73.2767 1
73.3768 1
73.4768 1
73.5769 1
73.677 1
73.7771 1
73.8772 1
73.9772 1
74.0773 1
74.1774 1
74.2775 1
74.3775 1
74.4776 1
74.5777 1
74.6778 1
74.7778 1
74.8779 1
74.978 1
75.0781 1
75.1781 1
75.2782 1
75.3783 1
75.4784 1
75.5784 1
75.6785 1
75.7786 1
75.8787 1
75.9787 1
76.0788 1
76.1789 1
76.279 1
76.3791 1
76.4791 1
76.5792 1
76.6793 1
76.7794 1
76.8795 1
76.9796 1
77.0796 1
77.1797 1
77.2798 1
77.3799 1
77.48 1
77.5801 1
77.6802 1
77.7803 1
77.8804 1
77.9804 1
78.0805 1
78.1806 1
78.2807 1
78.3808 1
78.4808 1
78.5809 1
78.681 1
78.7811 1
78.8811 1
78.9812 1
79.0813 1
79.1813 1
79.2814 1
79.3815 1
79.4816 1
79.5816 1
79.6817 1
79.7818 1
79.8819 1
79.982 1
80.082 1
80.1821 1
80.2822 1
80.3823 1
80.4823 1
80.5824 1
80.6825 1
80.7826 1
80.8826 1
80.9827 1
81.0828 1
81.1829 1
81.283 1
81.383 1
81.4833 1
81.5833 1
81.6837 1
81.7838 1
81.884 1
81.9843 1
82.0844 1
82.1848 1
82.285 1
82.3851 1
82.4852 1
82.5853 1
82.6854 1
82.786 1
82.8861 1
82.9863 1
83.0864 1
83.1865 1
83.2866 1
83.3867 1
83.4868 1
83.5869 1
83.6871 1
83.7872 1
83.8873 1
83.9874 1
84.0876 1
84.1877 1
84.2878 1
84.388 1
84.4881 1
84.5882 1
84.6883 1
84.7884 1
84.8885 1
84.9886 1
85.0887 1
85.1887 1
85.2888 1
85.3889 1
85.489 1
85.589 1
85.6891 1
85.7892 1
85.8893 1
85.9894 1
86.0895 1
86.1896 1
86.2897 1
86.3897 1
86.4898 1
86.5899 1
86.69 1
86.7901 1
86.8902 1
86.9902 1
87.0903 1
87.1904 1
87.2905 1
87.3906 1
87.4906 1
87.5907 1
87.6908 1
87.7909 1
87.8909 1
87.991 1
88.0911 1
88.1912 1
88.2912 1
88.3913 1
88.4914 1
88.5915 1
88.6915 1
88.7916 1
88.8917 1
88.9918 1
89.0919 1
89.192 1
89.2921 1
89.3922 1
89.4923 1
89.5923 1
89.6924 1
89.7925 1
89.8926 1
89.9927 1
90.0927 1
90.1928 1
90.2929 1
90.393 1
90.4931 1
90.5931 1
90.6932 1
90.7933 1
90.8934 1
90.9935 1
91.0936 1
91.1936 1
91.2937 1
91.3951 1
91.4953 1
91.5967 1
91.6968 1
91.7969 1
91.897 1
91.9971 1
92.0972 1
92.1973 1
92.2975 1
92.3979 1
92.498 1
92.5981 1
92.6982 1
92.7983 1
92.8992 1
92.9993 1
93.0994 1
93.1995 1
93.2996 1
93.3997 1
93.4998 1
93.5998 1
93.6999 1
93.8 1
93.9001 1
94.0002 1
94.1003 1
94.2004 1
94.3004 1
94.4005 1
94.5006 1
94.6007 1
94.7008 1
94.8008 1
94.9009 1
95.001 1
95.1011 1
95.2012 1
95.3012 1
95.4013 1
95.5014 1
95.6015 1
95.7016 1
95.8016 1
95.9017 1
96.0018 1
96.1019 1
96.202 1
96.3021 1
96.4021 1
96.5022 1
96.6023 1
96.7024 1
96.8025 1
96.9026 1
97.0026 1
97.1027 1
97.2028 1
97.3029 1
97.403 1
97.503 1
97.6031 1
97.7032 1
97.8033 1
97.9034 1
98.0035 1
98.1036 1
98.2036 1
98.3037 1
98.4038 1
98.5039 1
98.604 1
98.704 1
98.8041 1
98.9042 1
99.0043 1
99.1044 1
99.2045 1
99.3046 1
99.4046 1
99.5047 1
99.6048 1
99.7049 1
99.8049 1
99.905 1
100.005 1
100.105 1
100.205 1
100.305 1
100.405 1
100.506 1
100.606 1
100.706 1
100.806 1
100.906 1
101.006 1
101.106 1
101.206 1
101.306 1
101.407 1
101.507 1
101.607 1
101.707 1
101.807 1
101.907 1
102.008 1
102.108 1
102.208 1
102.308 1
102.408 1
102.508 1
102.608 1
102.708 1
102.808 1
102.908 1
103.008 1
103.109 1
103.209 1
103.309 1
103.409 1
103.509 1
103.609 1
103.709 1
103.809 1
103.909 1
104.009 1
104.109 1
104.209 1
104.31 1
104.41 1
104.51 1
104.61 1
104.71 1
104.81 1
104.91 1
105.01 1
105.11 1
105.21 1
105.31 1
105.41 1
105.51 1
105.611 1
105.711 1
105.811 1
105.911 1
106.011 1
106.111 1
106.211 1
106.311 1
106.411 1
106.511 1
106.611 1
106.711 1
106.811 1
