1.763e-06 0
0.100929 0
0.201006 0
0.301083 0
0.401158 0
0.50123 0
0.601308 0
0.701403 0
0.801486 0
0.901558 0
1.00164 1
1.1017 1
1.20178 1
1.30182 1
1.4019 1
1.50197 1
1.60204 1
1.70211 1
1.80218 1
1.90225 1
2.00232 2
2.1024 2
2.20251 2
2.30259 2
2.40267 2
2.50274 2
2.60282 2
2.7029 2
2.80297 2
2.90305 2
3.00326 3
3.10337 3
3.20413 3
3.30422 3
3.40476 3
3.50541 3
3.60554 3
3.70594 3
3.80602 3
3.90614 3
4.00639 4
4.10677 4
4.20684 4
4.30699 4
4.40711 4
4.50722 4
4.60731 4
4.70739 4
4.80748 4
4.90759 4
5.00769 5
5.10778 5
5.20785 5
5.30793 5
5.40801 5
5.50807 5
5.60814 5
5.70822 5
5.8083 5
5.90837 5
6.00844 6
6.10851 6
6.20858 6
6.30865 6
6.40873 6
6.50883 6
6.60893 6
6.70901 6
6.80909 6
6.90915 6
7.00924 7
7.10934 7
7.20944 7
7.30954 7
7.40962 7
7.50969 7
7.60976 7
7.70984 7
7.80995 7
7.91001 7
8.0101 8
8.11019 8
8.21026 8
8.31034 8
8.41042 8
8.51051 8
8.61058 8
8.71065 8
8.81072 8
8.91079 8
9.0109 8
9.11096 8
9.21104 8
9.31112 8
9.41119 8
9.51126 8
9.61133 8
9.7114 8
9.81147 8
9.91154 8
10.0116 9
10.1117 9
10.2117 9
10.3118 9
10.4119 9
10.512 9
10.6121 9
10.7122 9
10.8122 9
10.9123 9
11.0124 9
11.1125 9
11.2126 9
11.3126 9
11.4127 9
11.5128 9
11.6129 9
11.713 9
11.8131 9
11.9132 9
12.0132 9
12.1134 9
12.2135 9
12.3136 9
12.4137 9
12.5137 9
12.6138 9
12.7139 9
12.814 9
12.914 9
13.0141 9
13.1142 9
13.2143 9
13.3144 9
13.4145 9
13.5146 9
13.6147 9
13.7148 9
13.8153 9
13.9155 9
14.0156 9
14.1157 9
14.2158 9
14.3162 9
14.4163 9
14.5167 9
14.6171 9
14.7179 9
14.818 9
14.9181 9
15.0184 9
15.1185 9
15.2186 9
15.3187 9
15.4189 9
15.5189 9
15.6191 9
15.7192 9
15.8193 9
15.9194 9
16.0195 9
16.1196 9
16.2196 9
16.3197 9
16.4198 9
16.5199 9
16.6199 9
16.72 9
16.8201 9
16.9201 9
17.0202 9
17.1203 9
17.2204 9
17.3204 9
17.4205 9
17.5206 9
17.6207 9
17.7207 9
17.8208 9
17.9209 9
18.021 9
18.1211 9
18.2212 9
18.3213 9
18.4213 9
18.5214 9
18.6215 9
18.7215 9
18.8217 9
18.9217 9
19.0218 9
19.1219 9
19.222 9
19.322 9
19.4221 9
19.5222 9
19.6223 9
19.7223 9
19.8224 9
19.9225 9
20.0226 9
20.1228 9
20.2228 9
20.323 9
20.4231 9
20.5232 9
20.6233 9
20.7233 9
20.8234 9
20.9235 9
21.0236 9
21.1236 9
21.2237 9
21.3238 9
21.4239 9
21.5239 9
21.624 9
21.7241 9
21.8242 9
21.9242 9
22.0243 9
22.1244 9
22.2245 9
22.3245 9
22.4246 9
22.5247 9
22.6248 9
22.7249 9
22.825 9
22.925 9
23.0251 9
23.1252 9
23.2253 9
23.3253 9
23.4254 9
23.5255 9
23.6256 9
23.7256 9
23.8258 9
23.9258 9
24.0259 9
24.126 9
24.2261 9
24.3262 9
24.4263 9
24.5264 9
24.6271 9
24.7272 9
24.8272 9
24.9273 9
25.0277 9
25.1278 9
25.2281 9
25.3282 9
25.4283 9
25.5284 9
25.6284 9
25.7285 9
25.8286 9
25.9287 9
26.0288 9
26.1289 9
26.229 9
26.329 9
26.4292 9
26.5293 9
26.6293 9
26.7294 9
26.8295 9
26.9296 9
27.0296 9
27.1297 9
27.2298 9
27.3299 9
27.43 9
27.5301 9
27.6302 9
27.7303 9
27.8305 9
27.9306 9
28.0307 9
28.1308 9
28.2309 9
28.331 9
28.4311 9
28.5312 9
28.6313 9
28.7314 9
28.8314 9
28.9315 9
29.0316 9
29.1317 9
29.2318 9
29.3319 9
29.432 9
29.5321 9
29.6321 9
29.7323 9
29.8323 9
29.9324 9
30.0325 9
30.1326 9
30.2327 9
30.3328 9
30.4328 9
30.5329 9
30.633 9
30.7331 9
30.8331 9
30.9332 9
31.0333 9
31.1334 9
31.2335 9
31.3336 9
31.4337 9
31.5338 9
31.6339 9
31.734 9
31.8341 9
31.9342 9
32.0342 9
32.1343 9
32.2344 9
32.3345 9
32.4346 9
32.5347 9
32.6348 9
32.7349 9
32.8349 9
32.935 9
33.0351 9
33.1352 9
33.2353 9
33.3353 9
33.4354 9
33.5355 9
33.6356 9
33.7357 9
33.8357 9
33.9376 9
34.0377 9
34.1378 9
34.2382 9
34.3383 9
34.4384 9
34.5385 9
34.6386 9
34.7387 9
34.8388 9
34.9389 9
35.039 9
35.1392 9
35.2393 9
35.3398 9
35.4399 9
35.54 9
35.6401 9
35.7402 9
35.8403 9
35.9404 9
36.0405 9
36.1406 9
36.2406 9
36.3407 9
36.4408 9
36.5409 9
36.641 9
36.7411 9
36.8412 9
36.9413 9
37.0414 9
37.1414 9
37.2415 9
37.3416 9
37.4417 9
37.5417 9
37.6419 9
37.742 9
37.842 9
37.9421 9
38.0422 9
38.1423 9
38.2424 9
38.3425 9
38.4425 9
38.5426 9
38.6427 9
38.7428 9
38.8429 9
38.943 9
39.043 9
39.1431 9
39.2432 9
39.3433 9
39.4434 9
39.5435 9
39.6435 9
39.7436 9
39.8437 9
39.9438 9
40.0439 9
40.144 9
40.2441 9
40.3442 9
40.4444 9
40.5445 9
40.6445 9
40.7446 9
40.8447 9
40.9448 9
41.0449 9
41.145 9
41.245 9
41.3451 9
41.4452 9
41.5453 9
41.6454 9
41.7455 9
41.8456 9
41.9457 9
42.0457 9
42.1458 9
42.2459 9
42.346 9
42.446 9
42.5461 9
42.6462 9
42.7463 9
42.8464 9
42.9465 9
43.0465 9
43.1466 9
43.2467 9
43.3468 9
43.4469 9
43.547 9
43.6471 9
43.7472 9
43.8473 9
43.9473 9
44.0474 9
44.1475 9
44.2478 9
44.3479 9
44.448 9
44.5481 9
44.6482 9
44.7485 9
44.8486 9
44.949 9
45.0491 9
45.1492 9
45.2492 9
45.3494 9
45.4495 9
45.5496 9
45.6497 9
45.7498 9
45.8499 9
45.95 9
46.0501 10
46.1502 10
46.2504 10
46.3505 10
46.4506 10
46.5506 10
46.6507 10
46.7508 10
46.8509 10
46.951 10
47.0511 10
47.1512 10
47.2512 10
47.3513 10
47.4514 10
47.5515 10
47.6515 10
47.7516 10
47.8517 10
47.9518 10
48.0519 10
48.152 10
48.2521 10
48.3522 10
48.4523 10
48.5523 10
48.6524 10
48.7525 10
48.8526 10
48.9527 10
49.0528 10
49.1529 10
49.2529 10
49.353 10
49.4531 10
49.5532 10
49.6532 10
49.7533 10
49.8534 10
49.9535 10
50.0536 10
50.1537 10
50.2538 10
50.3538 10
50.4539 10
50.554 10
50.6541 10
50.7542 10
50.8543 10
50.9544 10
51.0545 10
51.1546 10
51.2547 10
51.3547 10
51.4549 10
51.555 10
51.6551 10
51.7553 10
51.8553 10
51.9554 10
52.0555 10
52.1556 10
52.2557 10
52.3558 10
52.4558 10
52.5559 10
52.656 10
52.7561 10
52.8562 10
52.9563 10
53.0564 10
53.1564 10
53.2565 10
53.3567 10
53.4568 10
53.5568 10
53.6569 10
53.757 10
53.8571 10
53.9572 10
54.0572 10
54.1573 10
54.2574 10
54.3575 10
54.4575 10
54.5576 10
54.6577 10
54.7589 10
54.8595 10
54.9596 10
55.0597 10
55.16 10
55.2601 10
55.3602 10
55.4603 10
55.5604 10
55.6605 10
