1.913e-06 0
0.100685 0
0.200784 0
0.30089 0
0.400977 0
0.501046 0
0.601125 0
0.701234 0
0.801323 0
0.901392 0
1.00147 1
1.10157 1
1.20164 1
1.30171 1
1.40178 1
1.50187 1
1.60195 1
1.70207 1
1.80219 1
1.90228 1
2.00237 1
2.10247 2
2.20258 2
2.30268 2
2.40275 2
2.50282 2
2.6029 2
2.70298 2
2.80306 2
2.90312 2
3.0032 2
3.10328 3
3.20372 3
3.3038 3
3.40389 3
3.5045 3
3.60461 3
3.70473 3
3.80505 3
3.90516 3
4.00528 3
4.10564 4
4.20572 4
4.30584 4
4.40633 4
4.50643 4
4.60654 4
4.70662 4
4.80673 4
4.90682 4
5.00691 4
5.10701 5
5.20709 5
5.30718 5
5.40728 5
5.50736 5
5.60744 5
5.70758 5
5.80769 5
5.90777 5
6.00785 5
6.10792 6
6.208 6
6.30808 6
6.40815 6
6.50823 6
6.60831 6
6.70839 6
6.80847 6
6.90856 6
7.00864 6
7.10872 7
7.2088 7
7.30888 7
7.40896 7
7.50905 7
7.60913 7
7.70922 7
7.80933 7
7.90942 7
8.00953 7
8.10962 8
8.20973 8
8.30981 8
8.40989 8
8.50998 8
8.61007 8
8.71014 8
8.81023 8
8.91031 8
9.01039 8
9.11047 9
9.21054 9
9.31063 9
9.41071 9
9.51078 9
9.6109 9
9.711 9
9.81107 9
9.91115 9
10.0112 9
10.1113 9
10.2114 9
10.3115 9
10.4115 9
10.5116 9
10.6117 9
10.7118 9
10.8118 9
10.9119 9
11.0121 9
11.1121 10
11.2122 10
11.3123 10
11.4124 10
11.5125 10
11.6125 10
11.7126 10
11.8127 10
11.913 10
12.0131 10
12.1132 10
12.2132 10
12.3133 10
12.4134 10
12.5135 10
12.6136 10
12.7137 10
12.8138 10
12.9139 10
13.014 10
13.1141 10
13.2142 10
13.3142 10
13.4143 10
13.5145 10
13.6146 10
13.7147 10
13.8148 10
13.9149 10
14.0157 10
14.1157 10
14.2159 10
14.3159 10
14.4165 10
14.5166 10
14.617 10
14.7172 10
14.8173 10
14.9174 10
15.0175 10
15.1176 10
15.2177 10
15.3178 10
15.4179 10
15.518 10
15.6181 10
15.7182 10
15.8183 10
15.9184 10
16.0184 10
16.1185 10
16.2186 10
16.3187 10
16.4188 10
16.5188 10
16.619 10
16.7191 10
16.8192 10
16.9193 10
17.0194 10
17.1194 10
17.2195 10
17.3196 10
17.4197 10
17.5198 10
17.6199 10
17.72 10
17.8201 10
17.9201 10
18.0202 10
18.1203 10
18.2204 10
18.3205 10
18.4206 10
18.5206 10
18.6207 10
18.7208 10
18.8209 10
18.9209 10
19.021 10
19.1211 10
19.2211 10
19.3212 10
19.4213 10
19.5214 10
19.6214 10
19.7215 10
19.8216 10
19.9217 10
20.0217 10
20.1218 10
20.2219 10
20.3219 10
20.422 10
20.5221 10
20.6222 10
20.7223 10
20.8224 10
20.9224 10
21.0225 10
21.1226 10
21.2227 10
21.3228 10
21.4229 10
21.523 10
21.623 10
21.7231 10
21.8232 10
21.9233 10
22.0234 10
22.1234 10
22.2235 10
22.3236 10
22.4237 10
22.5237 10
22.6238 10
22.7239 10
22.824 10
22.9241 10
23.0241 10
23.1242 10
23.2243 10
23.3244 10
23.4245 10
23.5246 10
23.6246 10
23.7247 10
23.8248 10
23.9249 10
24.025 10
24.1251 10
24.2252 10
24.3252 10
24.4253 10
24.5266 10
24.6271 10
24.7272 10
24.8278 10
24.9283 10
25.0284 10
25.1285 10
25.2286 10
25.3287 10
25.4292 10
25.5293 10
25.6293 10
25.7294 10
25.8296 10
25.9297 10
26.0298 10
26.1299 10
26.23 10
26.3301 10
26.4302 10
26.5303 10
26.6304 10
26.7305 10
26.8306 10
26.9306 10
27.0307 10
27.1308 10
27.2309 10
27.331 10
27.4311 10
27.5311 10
27.6313 10
27.7314 10
27.8314 10
27.9315 10
28.0316 10
28.1317 10
28.2318 10
28.3318 10
28.4319 10
28.532 10
28.6321 10
28.7322 10
28.8323 10
28.9323 10
29.0324 10
29.1325 10
29.2326 10
29.3327 10
29.4327 10
29.5328 10
29.6329 10
29.733 10
29.8331 10
29.9331 10
30.0332 10
30.1333 10
30.2334 10
30.3334 10
30.4335 10
30.5336 10
30.6337 10
30.7338 10
30.8339 10
30.9341 10
31.0342 10
31.1343 10
31.2344 10
31.3344 10
31.4345 10
31.5346 10
31.6347 10
31.7347 10
31.8348 10
31.9349 10
32.035 10
32.1351 10
32.2352 10
32.3353 10
32.4354 10
32.5354 10
32.6355 10
32.7356 10
32.8357 10
32.9357 10
33.0358 10
33.1359 10
33.236 10
33.3361 10
33.4362 10
33.5363 10
33.6363 10
33.7364 10
33.8365 10
33.9366 10
34.0367 10
34.1368 10
34.2369 10
34.3369 10
34.437 10
34.5372 10
34.6379 10
34.7395 10
34.8396 10
34.9399 10
35.0402 10
35.1403 10
35.2404 10
35.3405 10
35.4406 10
35.5408 10
35.6432 10
35.7433 10
35.8434 10
35.9439 10
36.0441 10
36.1442 10
36.2443 10
36.3444 10
36.4444 10
36.5445 10
36.6446 10
36.7447 10
36.8448 10
36.9448 10
37.0449 10
37.145 10
37.245 10
37.3451 10
37.4452 10
37.5453 10
37.6453 10
37.7454 10
37.8455 10
37.9455 10
38.0456 10
38.1457 10
38.2458 10
38.3458 10
38.4459 10
38.546 10
38.646 10
38.7461 10
38.8462 10
38.9463 10
39.0463 10
39.1464 10
39.2465 10
39.3465 10
39.4466 10
39.5467 10
39.6467 10
39.7468 10
39.8469 10
39.947 10
40.047 10
40.1471 10
40.2472 10
40.3473 10
40.4474 10
40.5475 10
40.6475 10
40.7476 10
40.8477 10
40.9477 10
41.0478 10
41.1479 10
41.248 10
41.348 10
41.4481 10
41.5482 10
41.6482 10
41.7483 10
41.8484 10
41.9485 10
42.0486 10
42.1486 10
42.2487 10
42.3488 10
42.4489 10
42.5489 10
42.649 10
42.7491 10
42.8491 10
42.9492 10
43.0493 10
43.1493 10
43.2494 10
43.3495 10
43.4496 10
43.5497 10
43.6497 10
43.7498 10
43.8499 10
43.95 10
44.05 10
44.1501 10
44.2502 10
44.3503 10
44.4504 10
44.5504 10
44.6505 10
44.751 10
44.853 10
44.9531 10
45.0532 10
45.1532 10
45.2533 10
45.3536 10
45.4537 10
45.5538 10
45.6541 10
45.7544 10
45.8545 10
45.9546 10
46.0547 10
46.1558 10
46.2559 10
46.356 10
46.4561 10
46.5562 10
46.6563 10
46.7563 10
46.8564 10
46.9565 10
47.0566 10
47.1567 10
47.2568 10
47.3569 10
47.4569 10
47.557 10
47.6571 10
47.7572 10
47.8572 10
47.9573 10
48.0574 10
48.1575 10
48.2576 10
48.3577 10
48.4578 10
48.5579 10
48.658 10
48.7581 10
48.8582 10
48.9582 10
49.0583 10
49.1584 10
49.2584 10
49.3585 10
49.4586 10
49.5586 10
49.6588 10
49.7589 10
49.859 10
49.9591 10
50.0591 10
50.1592 10
50.2593 10
50.3594 10
50.4595 10
50.5596 10
50.6597 10
50.7597 10
50.8598 10
50.9599 10
51.06 10
51.1601 10
51.2602 10
51.3603 10
51.4604 10
51.5605 10
51.6606 10
51.7607 10
51.8609 10
51.9611 10
52.0613 10
52.1613 10
52.2614 10
52.3615 10
52.4617 10
52.5618 10
52.6619 10
52.762 10
52.8621 10
52.9621 10
53.0622 10
53.1623 10
53.2624 10
53.3625 10
53.4625 10
53.5626 10
53.6627 10
53.7628 10
53.8629 10
53.963 10
54.0631 10
54.1631 10
54.2632 10
54.3633 10
54.4634 10
54.5634 10
54.6635 10
54.7637 10
54.8638 10
54.9639 10
55.064 10
55.1641 10
55.2642 10
55.3643 10
55.4647 10
55.5647 10
55.6648 10
55.765 10
55.8651 10
55.9652 10
56.0653 10
56.1654 10
56.2655 10
56.3656 10
56.4657 10
56.5658 10
56.6658 10
