7.32e-07 0
0.100204 0
0.200309 0
0.30039 0
0.400468 0
0.500545 0
0.600623 0
0.700698 0
0.800774 0
0.900853 0
1.00092 0
1.101 0
1.20108 0
1.30115 0
1.40122 0
1.5013 0
1.60138 0
1.70146 0
1.80154 0
1.90161 0
2.00168 1
2.10175 1
2.20182 1
2.3019 1
2.40199 1
2.50206 1
2.60215 1
2.70224 1
2.80231 1
2.90238 1
3.00246 2
3.10255 2
3.20264 2
3.30272 2
3.4028 2
3.50288 2
3.60296 2
3.70303 2
3.80311 2
3.90318 2
4.00326 3
4.10333 3
4.20339 3
4.30347 3
4.40354 3
4.50362 3
4.6037 3
4.70377 3
4.80384 3
4.90391 3
5.00399 4
5.10406 4
5.20413 4
5.3042 4
5.40473 4
5.50488 4
5.60495 4
5.70504 4
5.80514 4
5.90534 4
6.00545 5
6.10557 5
6.2057 5
6.3058 5
6.40589 5
6.50596 5
6.60603 5
6.70611 5
6.80618 5
6.90626 5
7.00633 6
7.10641 6
7.2065 6
7.30658 6
7.40666 6
7.50673 6
7.6068 6
7.70688 6
7.80696 6
7.90704 6
8.00712 7
8.10721 7
8.20728 7
8.30736 7
8.40744 7
8.50751 7
8.60759 7
8.70767 7
8.80775 7
8.90783 7
9.0079 8
9.10798 8
9.20805 8
9.30813 8
9.4082 8
9.50829 8
9.60839 8
9.70847 8
9.80855 8
9.90863 8
10.0087 9
10.1088 9
10.2089 9
10.3089 9
10.409 9
10.5091 9
10.6092 9
10.7093 9
10.8093 9
10.9094 9
11.0095 10
11.1096 10
11.2097 10
11.3097 10
11.4098 10
11.5099 10
11.61 10
11.71 10
11.8101 10
11.9102 10
12.0103 10
12.1104 10
12.2104 10
12.3105 10
12.4106 10
12.5107 10
12.6108 10
12.7108 10
12.8109 10
12.911 10
13.0111 9
13.1112 9
13.2113 9
13.3113 9
13.4114 9
13.5115 9
13.6116 9
13.7117 9
13.8117 9
13.9118 9
14.0119 8
14.112 8
14.2121 8
14.3121 8
14.4122 8
14.5124 8
14.6125 8
14.7126 8
14.8126 8
14.9127 8
15.0128 7
15.1129 7
15.2133 7
15.3134 7
15.414 7
15.5141 7
15.6142 7
15.7142 7
15.8143 7
15.9144 7
16.0144 6
16.1145 6
16.2146 6
16.3147 6
16.4148 6
16.5148 6
16.6149 6
16.715 6
16.8151 6
16.9151 6
17.0152 5
17.1153 5
17.2154 5
17.3155 5
17.4156 5
17.5157 5
17.6157 5
17.7158 5
17.8159 5
17.916 5
18.0161 4
18.1161 4
18.2162 4
18.3163 4
18.4164 4
18.5164 4
18.6165 4
18.7166 4
18.8167 4
18.9168 4
19.0169 3
19.117 3
19.217 3
19.3171 3
19.4172 3
19.5173 3
19.6174 3
19.7174 3
19.8175 3
19.9176 3
20.0176 2
20.1177 2
20.2178 2
20.3179 2
20.418 2
20.518 2
20.6181 2
20.7182 2
20.8184 2
20.9185 2
21.0185 1
21.1186 1
21.2187 1
21.3188 1
21.4189 1
21.519 1
21.6191 1
21.7192 1
21.8193 1
21.9194 1
22.0195 1
22.1195 1
22.2196 1
22.3197 1
22.4198 1
22.5199 1
22.6199 1
22.72 1
22.8201 1
22.9202 1
23.0203 1
23.1203 1
23.2204 1
23.3205 1
23.4207 1
23.5207 1
23.6208 1
23.7209 1
23.8211 1
23.9211 1
24.0212 1
24.1217 1
24.2232 1
24.3233 1
24.4234 1
24.5235 1
24.6238 1
24.7239 1
24.824 1
24.9241 1
25.0242 1
25.1243 1
25.2245 1
25.3246 1
25.4246 1
25.5247 1
25.6248 1
25.7249 1
25.8249 1
25.925 1
26.0251 2
26.1252 2
26.2253 2
26.3253 2
26.4254 2
26.5255 2
26.6256 2
26.7257 2
26.8258 2
26.9259 2
27.0259 3
27.126 3
27.2261 3
27.3262 3
27.4262 3
27.5263 3
27.6264 3
27.7264 3
27.8265 3
27.9266 3
28.0267 4
28.1267 4
28.2268 4
28.3269 4
28.427 4
28.527 4
28.6271 4
28.7272 4
28.8273 4
28.9273 4
29.0274 5
29.1275 5
29.2276 5
29.3277 5
29.4277 5
29.5278 5
29.6279 5
29.7279 5
29.828 5
29.9281 5
30.0282 6
30.1282 6
30.2283 6
30.3284 6
30.4285 6
30.5285 6
30.6286 6
30.7287 6
30.8288 6
30.9289 6
31.0289 7
31.129 7
31.2291 7
31.3292 7
31.4292 7
31.5293 7
31.6294 7
31.7295 7
31.8296 7
31.9296 7
32.0297 8
32.1298 8
32.2299 8
32.33 8
32.4301 8
32.5301 8
32.6302 8
32.7303 8
32.8304 8
32.9305 8
33.0306 9
33.1306 9
33.2307 9
33.3308 9
33.4312 9
33.5313 9
33.6314 9
33.7315 9
33.8316 9
33.9322 9
34.0323 10
34.1324 10
34.2324 10
34.3327 10
34.4329 10
34.533 10
34.6331 10
34.7332 10
34.8332 10
34.9333 10
35.0334 10
35.1335 10
35.2336 10
35.3336 10
35.4337 10
35.5338 10
35.6339 10
35.7339 10
35.834 10
35.9341 10
36.0342 9
36.1343 9
36.2343 9
36.3344 9
36.4345 9
36.5346 9
36.6347 9
36.7347 9
36.8348 9
36.9349 9
37.0349 8
37.135 8
37.2351 8
37.3352 8
37.4352 8
37.5353 8
37.6354 8
37.7354 8
37.8355 8
37.9356 8
38.0357 7
38.1358 7
38.2359 7
38.336 7
38.436 7
38.5361 7
38.6362 7
38.7363 7
38.8364 7
38.9364 7
39.0365 6
39.1366 6
39.2366 6
39.3367 6
39.4368 6
39.5369 6
39.637 6
39.737 6
39.8371 6
39.9372 6
40.0372 5
40.1373 5
40.2374 5
40.3374 5
40.4375 5
40.5376 5
40.6377 5
40.7378 5
40.8378 5
40.9379 5
41.0379 4
41.138 4
41.2381 4
41.3382 4
41.4382 4
41.5383 4
41.6384 4
41.7385 4
41.8385 4
41.9386 4
42.0387 3
42.1387 3
42.2388 3
42.3389 3
42.439 3
42.539 3
42.6391 3
42.7392 3
42.8393 3
42.9394 3
43.0395 2
43.1396 2
43.2397 2
43.3398 2
43.4399 2
43.5399 2
43.6408 2
43.7409 2
43.841 2
43.9411 2
44.0412 1
44.1412 1
44.2413 1
44.3414 1
44.4415 1
44.5415 1
44.6416 1
44.7417 1
44.8418 1
44.9419 1
45.0419 1
45.142 1
45.2421 1
45.3422 1
45.4422 1
45.5423 1
45.6424 1
45.7425 1
45.8425 1
45.9426 1
46.0427 1
46.1427 1
46.2428 1
46.3429 1
46.443 1
46.5431 1
46.6431 1
46.7432 1
46.8433 1
46.9433 1
47.0434 1
47.1435 1
47.2436 1
47.3436 1
47.4437 1
47.5438 1
47.6439 1
47.7439 1
47.844 1
47.9441 1
48.0442 1
48.1442 1
48.2443 1
48.3444 1
48.4445 1
48.5446 1
48.6446 1
48.7447 1
48.8448 1
48.9449 1
49.045 1
49.1451 1
49.2451 1
49.3452 1
49.4453 1
49.5454 1
49.6454 1
49.7455 1
49.8456 1
49.9457 1
50.0458 2
50.1458 2
50.2459 2
50.346 2
50.4461 2
50.5462 2
50.6462 2
50.7463 2
50.8464 2
50.9465 2
51.0465 3
51.1466 3
51.2467 3
51.3467 3
51.4468 3
51.5469 3
51.647 3
51.7471 3
51.8471 3
51.9472 3
52.0473 4
52.1474 4
52.2475 4
52.3476 4
52.4477 4
52.5479 4
52.648 4
52.7486 4
52.8487 4
52.9487 4
53.0492 5
53.1497 5
53.2498 5
53.3499 5
53.45 5
53.5501 5
53.6502 5
53.7503 5
53.8503 5
53.9504 5
54.0505 6
54.1506 6
54.2506 6
54.3507 6
54.4508 6
54.5509 6
54.6509 6
54.751 6
54.8511 6
54.9512 6
55.0512 7
55.1513 7
55.2514 7
55.3515 7
55.4515 7
55.5516 7
55.6517 7
55.7518 7
55.8519 7
55.9519 7
56.052 8
56.1521 8
56.2522 8
56.3522 8
56.4523 8
56.5524 8
56.6525 8
56.7525 8
56.8526 8
56.9527 8
57.0527 9
57.1528 9
57.2529 9
57.353 9
57.4531 9
57.5532 9
57.6533 9
57.7533 9
57.8534 9
57.9535 9
58.0536 10
58.1536 10
58.2537 10
58.3538 10
58.4539 10
58.554 10
58.6541 10
58.7541 10
58.8542 10
58.9543 10
59.0544 10
59.1544 10
59.2545 10
59.3546 10
59.4547 10
59.5547 10
59.6548 10
