7.81e-07 0
0.100287 0
0.20037 0
0.300445 0
0.400528 0
0.500609 0
0.600691 0
0.700772 0
0.80086 0
0.900943 0
1.00101 0
1.1011 0
1.20117 0
1.30126 0
1.40134 0
1.50142 0
1.6015 0
1.70158 0
1.80167 0
1.90175 0
2.00182 1
2.10189 1
2.20198 1
2.30205 1
2.40213 1
2.5022 1
2.60227 1
2.70234 1
2.80243 1
2.90253 1
3.0026 2
3.10267 2
3.20275 2
3.30283 2
3.40291 2
3.503 2
3.60308 2
3.70315 2
3.80324 2
3.90332 2
4.0034 3
4.10349 3
4.2036 3
4.3037 3
4.40382 3
4.50391 3
4.60401 3
4.70408 3
4.80417 3
4.90425 3
5.00432 4
5.10439 4
5.20446 4
5.30453 4
5.40461 4
5.50468 4
5.60475 4
5.70482 4
5.8049 4
5.90497 4
6.00504 5
6.10511 5
6.20518 5
6.30525 5
6.40533 5
6.5054 5
6.60548 5
6.70554 5
6.80562 5
6.90569 5
7.00576 6
7.10585 6
7.20781 6
7.3081 6
7.40818 6
7.50828 6
7.60929 6
7.70971 6
7.80977 6
7.91072 6
8.01084 7
8.11148 7
8.21157 7
8.31167 7
8.41175 7
8.51182 7
8.61191 7
8.71198 7
8.81206 7
8.91214 7
9.01221 8
9.11229 8
9.21236 8
9.31244 8
9.41252 8
9.5126 8
9.61268 8
9.71275 8
9.81282 8
9.9129 8
10.013 9
10.113 9
10.2131 9
10.3132 9
10.4133 9
10.5133 9
10.6134 9
10.7135 9
10.8136 9
10.9137 9
11.0137 10
11.1138 10
11.2139 10
11.314 10
11.414 10
11.5141 10
11.6142 10
11.7143 10
11.8143 10
11.9144 10
12.0145 10
12.1146 10
12.2147 10
12.3147 10
12.4148 10
12.5149 10
12.615 10
12.715 10
12.8151 10
12.9152 10
13.0153 9
13.1153 9
13.2154 9
13.3155 9
13.4156 9
13.5156 9
13.6157 9
13.7158 9
13.8159 9
13.9159 9
14.016 8
14.1161 8
14.2162 8
14.3162 8
14.4163 8
14.5164 8
14.6165 8
14.7165 8
14.8166 8
14.9167 8
15.0168 7
15.1169 7
15.217 7
15.3171 7
15.4172 7
15.5172 7
15.6173 7
15.7174 7
15.8175 7
15.9175 7
16.0176 6
16.1177 6
16.2178 6
16.3179 6
16.4179 6
16.518 6
16.6181 6
16.7182 6
16.8194 6
16.9228 6
17.0229 5
17.1229 5
17.223 5
17.3231 5
17.4234 5
17.5241 5
17.6242 5
17.7243 5
17.8244 5
17.9245 5
18.0246 4
18.1246 4
18.2247 4
18.3248 4
18.4249 4
18.5249 4
18.625 4
18.7251 4
18.8252 4
18.9253 4
19.0253 3
19.1254 3
19.2255 3
19.3256 3
19.4256 3
19.5257 3
19.6258 3
19.7259 3
19.826 3
19.926 3
20.0261 2
20.1262 2
20.2263 2
20.3263 2
20.4264 2
20.5265 2
20.6266 2
20.7266 2
20.8267 2
20.9268 2
21.0269 1
21.127 1
21.227 1
21.3271 1
21.4272 1
21.5273 1
21.6273 1
21.7274 1
21.8275 1
21.9276 1
22.0276 1
22.1277 1
22.2278 1
22.3279 1
22.428 1
22.5281 1
22.6281 1
22.7282 1
22.8283 1
22.9284 1
23.0284 1
23.1285 1
23.2286 1
23.3287 1
23.4287 1
23.5288 1
23.6289 1
23.729 1
23.829 1
23.9291 1
24.0292 1
24.1293 1
24.2294 1
24.3295 1
24.4296 1
24.5296 1
24.6297 1
24.7298 1
24.8298 1
24.9299 1
25.03 1
25.1301 1
25.2302 1
25.3303 1
25.4303 1
25.5304 1
25.6305 1
25.7306 1
25.8307 1
25.9307 1
26.0308 2
26.1309 2
26.2309 2
26.3312 2
26.4313 2
26.5314 2
26.6315 2
26.7316 2
26.8319 2
26.932 2
27.0323 3
27.1324 3
27.2325 3
27.3326 3
27.4327 3
27.5327 3
27.6328 3
27.7329 3
27.833 3
27.933 3
28.0331 4
28.1332 4
28.2333 4
28.3333 4
28.4334 4
28.5335 4
28.6336 4
28.7337 4
28.8338 4
28.9338 4
29.0339 5
29.134 5
29.2341 5
29.3342 5
29.4343 5
29.5343 5
29.6344 5
29.7345 5
29.8345 5
29.9346 5
30.0347 6
30.1348 6
30.2349 6
30.3349 6
30.435 6
30.5351 6
30.6352 6
30.7352 6
30.8353 6
30.9354 6
31.0355 7
31.1355 7
31.2356 7
31.3357 7
31.4358 7
31.5358 7
31.6359 7
31.736 7
31.8361 7
31.9362 7
32.0363 8
32.1363 8
32.2364 8
32.3365 8
32.4365 8
32.5366 8
32.6367 8
32.7368 8
32.8368 8
32.9369 8
33.037 9
33.1371 9
33.2371 9
33.3372 9
33.4373 9
33.5374 9
33.6374 9
33.7375 9
33.8376 9
33.9377 9
34.0377 10
34.1378 10
34.2379 10
34.338 10
34.438 10
34.5381 10
34.6382 10
34.7383 10
34.8383 10
34.9384 10
35.0385 10
35.1385 10
35.2386 10
35.3387 10
35.4388 10
35.5388 10
35.6389 10
35.739 10
35.8396 10
35.9397 10
36.0398 9
36.1399 9
36.24 9
36.3401 9
36.4406 9
36.5407 9
36.6408 9
36.7409 9
36.841 9
36.941 9
37.0411 8
37.1412 8
37.2413 8
37.3414 8
37.4414 8
37.5415 8
37.6416 8
37.7417 8
37.8418 8
37.9419 8
38.0419 7
38.142 7
38.2421 7
38.3422 7
38.4423 7
38.5424 7
38.6425 7
38.7426 7
38.8426 7
38.9427 7
39.0427 6
39.1428 6
39.2429 6
39.343 6
39.4431 6
39.5432 6
39.6433 6
39.7434 6
39.8434 6
39.9435 6
40.0436 5
40.1437 5
40.2437 5
40.3438 5
40.4439 5
40.544 5
40.6441 5
40.7441 5
40.8442 5
40.9443 5
41.0444 4
41.1444 4
41.2445 4
41.3446 4
41.4447 4
41.5448 4
41.6448 4
41.7449 4
41.845 4
41.9451 4
42.0451 3
42.1452 3
42.2453 3
42.3454 3
42.4454 3
42.5455 3
42.6456 3
42.7457 3
42.8458 3
42.9459 3
43.0459 2
43.146 2
43.2461 2
43.3462 2
43.4463 2
43.5464 2
43.6465 2
43.7465 2
43.8466 2
43.9467 2
44.0467 1
44.1468 1
44.2469 1
44.347 1
44.4471 1
44.5472 1
44.6472 1
44.7473 1
44.8474 1
44.9475 1
45.0475 1
45.1476 1
45.249 1
45.3496 1
45.4496 1
45.5497 1
45.6498 1
45.7499 1
45.85 1
45.9501 1
46.0505 1
46.1505 1
46.2506 1
46.3507 1
46.4508 1
46.5509 1
46.651 1
46.7511 1
46.8512 1
46.9513 1
47.0514 1
47.1514 1
47.2515 1
47.3516 1
47.4517 1
47.5518 1
47.652 1
47.752 1
47.8521 1
47.9522 1
48.0523 1
48.1524 1
48.2524 1
48.3525 1
48.4526 1
48.5527 1
48.6528 1
48.7529 1
48.8529 1
48.953 1
49.0531 1
49.1532 1
49.2533 1
49.3534 1
49.4535 1
49.5536 1
49.6536 1
49.7537 1
49.8538 1
49.9539 1
50.054 2
50.1541 2
50.2542 2
50.3542 2
50.4543 2
50.5544 2
50.6545 2
50.7545 2
50.8546 2
50.9547 2
51.0548 3
51.1548 3
51.2549 3
51.355 3
51.4551 3
51.5551 3
51.6552 3
51.7553 3
51.8554 3
51.9555 3
52.0556 4
52.1556 4
52.2557 4
52.3558 4
52.4559 4
52.556 4
52.656 4
52.7561 4
52.8562 4
52.9562 4
53.0563 5
53.1564 5
53.2565 5
53.3565 5
53.4566 5
53.5567 5
53.6568 5
53.7568 5
53.8569 5
53.957 5
54.0571 6
54.1571 6
54.2572 6
54.3573 6
54.4574 6
54.5575 6
54.6576 6
54.7577 6
54.8581 6
54.9582 6
55.0583 7
55.1583 7
55.2585 7
55.3585 7
55.4596 7
55.5603 7
55.6604 7
55.7605 7
55.8605 7
55.9606 7
56.0607 8
56.1608 8
56.2608 8
56.3609 8
56.461 8
56.5611 8
56.6612 8
56.7613 8
56.8614 8
56.9615 8
57.0615 9
57.1616 9
57.2617 9
57.3618 9
57.4619 9
57.5619 9
57.662 9
57.7621 9
57.8621 9
57.9622 9
58.0623 10
58.1624 10
58.2624 10
58.3625 10
58.4626 10
58.5626 10
58.6627 10
58.7627 10
58.8628 10
58.9629 10
59.063 10
59.163 10
59.2631 10
59.3632 10
59.4633 10
59.5634 10
59.6634 10
