2.514e-06 0
0.100322 0
0.200413 0
0.300476 0
0.400549 0
0.500632 0
0.600706 0
0.700771 0
0.800838 0
0.900908 0
1.00098 0
1.10106 0
1.20113 0
1.30122 0
1.4013 0
1.50138 0
1.60146 0
1.70154 0
1.80161 0
1.9017 0
2.00179 1
2.10186 1
2.20194 1
2.30201 1
2.40209 1
2.50217 1
2.60226 1
2.70235 1
2.80244 1
2.90251 1
3.00258 2
3.10267 2
3.2028 2
3.30309 2
3.40319 2
3.50328 2
3.60335 2
3.70345 2
3.80356 2
3.90367 2
4.00378 3
4.10387 3
4.20395 3
4.30403 3
4.40411 3
4.50418 3
4.60428 3
4.70436 3
4.80444 3
4.90451 3
5.00459 4
5.10466 4
5.20473 4
5.30477 4
5.40484 4
5.50494 4
5.60503 4
5.7051 4
5.80518 4
5.90526 4
6.00536 5
6.10544 5
6.20551 5
6.30559 5
6.40566 5
6.50574 5
6.60581 5
6.70589 5
6.80596 5
6.90603 5
7.00611 6
7.10619 6
7.20626 6
7.30633 6
7.40641 6
7.50648 6
7.60655 6
7.70663 6
7.80671 6
7.90678 6
8.00686 7
8.10693 7
8.20701 7
8.30708 7
8.40715 7
8.50722 7
8.6073 7
8.70738 7
8.80745 7
8.90753 7
9.00761 8
9.10769 8
9.20777 8
9.30785 8
9.40793 8
9.50801 8
9.60808 8
9.70816 8
9.80823 8
9.90831 8
10.0084 9
10.1085 9
10.2085 9
10.3086 9
10.4087 9
10.5088 9
10.6088 9
10.7089 9
10.809 9
10.9091 9
11.0092 10
11.1093 10
11.2094 10
11.3095 10
11.4096 10
11.5097 10
11.6099 10
11.71 10
11.8101 10
11.9102 10
12.0103 10
12.1104 10
12.2105 10
12.3106 10
12.4107 10
12.5108 10
12.6113 10
12.7114 10
12.8115 10
12.9116 10
13.0117 9
13.1118 9
13.2119 9
13.312 9
13.4125 9
13.5126 9
13.6126 9
13.7127 9
13.8128 9
13.9129 9
14.013 8
14.113 8
14.2131 8
14.3132 8
14.4132 8
14.5133 8
14.6134 8
14.7134 8
14.8135 8
14.9136 8
15.0137 7
15.1138 7
15.2139 7
15.314 7
15.4141 7
15.5142 7
15.6143 7
15.7143 7
15.8144 7
15.9145 7
16.0146 6
16.1147 6
16.2147 6
16.3148 6
16.4149 6
16.515 6
16.615 6
16.7151 6
16.8152 6
16.9153 6
17.0154 5
17.1154 5
17.2155 5
17.3156 5
17.4157 5
17.5157 5
17.6158 5
17.7159 5
17.816 5
17.916 5
18.0161 4
18.1162 4
18.2163 4
18.3163 4
18.4164 4
18.5165 4
18.6166 4
18.7167 4
18.8167 4
18.9168 4
19.0169 3
19.117 3
19.2171 3
19.3171 3
19.4172 3
19.5173 3
19.6174 3
19.7175 3
19.8175 3
19.9176 3
20.0177 2
20.1178 2
20.2179 2
20.318 2
20.4181 2
20.5181 2
20.6182 2
20.7183 2
20.8184 2
20.9185 2
21.0186 1
21.1186 1
21.2187 1
21.3188 1
21.4189 1
21.519 1
21.619 1
21.7191 1
21.8192 1
21.9193 1
22.0193 1
22.1194 1
22.2195 1
22.3196 1
22.4202 1
22.5203 1
22.6204 1
22.7205 1
22.8205 1
22.9207 1
23.0208 1
23.1209 1
23.221 1
23.3211 1
23.4212 1
23.5213 1
23.6214 1
23.7215 1
23.8216 1
23.9217 1
24.0218 1
24.1219 1
24.2219 1
24.322 1
24.4221 1
24.5222 1
24.6223 1
24.7223 1
24.8224 1
24.9225 1
25.0226 1
25.1227 1
25.2227 1
25.3228 1
25.4229 1
25.523 1
25.6231 1
25.7231 1
25.8232 1
25.9233 1
26.0234 2
26.1235 2
26.2235 2
26.3236 2
26.4237 2
26.5238 2
26.6239 2
26.7239 2
26.824 2
26.9241 2
27.0242 3
27.1243 3
27.2244 3
27.3244 3
27.4245 3
27.5246 3
27.6247 3
27.7248 3
27.8248 3
27.9249 3
28.025 4
28.1251 4
28.2251 4
28.3252 4
28.4253 4
28.5254 4
28.6254 4
28.7255 4
28.8256 4
28.9257 4
29.0258 5
29.1259 5
29.226 5
29.3261 5
29.4262 5
29.5262 5
29.6263 5
29.7264 5
29.8265 5
29.9266 5
30.0266 6
30.1267 6
30.2268 6
30.3269 6
30.4269 6
30.527 6
30.6271 6
30.7272 6
30.8273 6
30.9274 6
31.0275 7
31.1275 7
31.2276 7
31.3277 7
31.4278 7
31.5279 7
31.628 7
31.7281 7
31.8282 7
31.9282 7
32.0283 8
32.1284 8
32.2288 8
32.3298 8
32.4299 8
32.53 8
32.6302 8
32.7303 8
32.8304 8
32.9305 8
33.0306 9
33.1307 9
33.2308 9
33.3309 9
33.431 9
33.5311 9
33.6311 9
33.7312 9
33.8313 9
33.9314 9
34.0314 10
34.1315 10
34.2316 10
34.3317 10
34.4317 10
34.5318 10
34.6319 10
34.732 10
34.8321 10
34.9321 10
35.0322 10
35.1323 10
35.2324 10
35.3325 10
35.4326 10
35.5326 10
35.6327 10
35.7328 10
35.8329 10
35.9329 10
36.033 9
36.1331 9
36.2332 9
36.3332 9
36.4333 9
36.5334 9
36.6335 9
36.7336 9
36.8336 9
36.9337 9
37.0338 8
37.1339 8
37.2339 8
37.334 8
37.4341 8
37.5342 8
37.6343 8
37.7343 8
37.8344 8
37.9345 8
38.0345 7
38.1346 7
38.2347 7
38.3348 7
38.4349 7
38.5349 7
38.635 7
38.7351 7
38.8353 7
38.9353 7
39.0354 6
39.1355 6
39.2356 6
39.3356 6
39.4357 6
39.5358 6
39.6359 6
39.736 6
39.836 6
39.9361 6
40.0362 5
40.1363 5
40.2363 5
40.3364 5
40.4365 5
40.5366 5
40.6367 5
40.7367 5
40.8368 5
40.9369 5
41.037 4
41.1371 4
41.2371 4
41.3375 4
41.4376 4
41.5377 4
41.6379 4
41.738 4
41.8384 4
41.9386 4
42.0387 3
42.1391 3
42.2392 3
42.3393 3
42.4394 3
42.5395 3
42.6396 3
42.7396 3
42.8398 3
42.9399 3
43.04 2
43.1401 2
43.2401 2
43.3402 2
43.4403 2
43.5404 2
43.6405 2
43.7405 2
43.8406 2
43.9407 2
44.0408 1
44.1409 1
44.2409 1
44.341 1
44.4411 1
44.5412 1
44.6412 1
44.7413 1
44.8414 1
44.9415 1
45.0416 1
45.1417 1
45.2417 1
45.3418 1
45.4419 1
45.5419 1
45.642 1
45.7421 1
45.8422 1
45.9423 1
46.0423 1
46.1424 1
46.2425 1
46.3426 1
46.4426 1
46.5427 1
46.6428 1
46.7429 1
46.8429 1
46.943 1
47.0431 1
47.1432 1
47.2433 1
47.3433 1
47.4434 1
47.5435 1
47.6436 1
47.7437 1
47.8437 1
47.9438 1
48.0439 1
48.144 1
48.2441 1
48.3441 1
48.4442 1
48.5443 1
48.6444 1
48.7444 1
48.8445 1
48.9446 1
49.0447 1
49.1447 1
49.2448 1
49.3449 1
49.445 1
49.545 1
49.6451 1
49.7452 1
49.8453 1
49.9453 1
50.0454 2
50.1455 2
50.2456 2
50.3456 2
50.4457 2
50.5458 2
50.6459 2
50.746 2
50.8463 2
50.9464 2
51.0465 3
51.1466 3
51.2467 3
51.3468 3
51.4469 3
51.547 3
51.6478 3
51.7478 3
51.8479 3
51.948 3
52.0481 4
52.1481 4
52.2482 4
52.3483 4
52.4484 4
52.5484 4
52.6485 4
52.7486 4
52.8486 4
52.9487 4
53.0488 5
53.1489 5
53.2489 5
53.349 5
53.4491 5
53.5491 5
53.6492 5
53.7493 5
53.8494 5
53.9494 5
54.0495 6
54.1496 6
54.2496 6
54.3497 6
54.4498 6
54.5499 6
54.6499 6
54.75 6
54.8501 6
54.9502 6
55.0502 7
55.1503 7
55.2504 7
55.3504 7
55.4505 7
55.5506 7
55.6507 7
55.7507 7
55.8508 7
55.9509 7
56.051 8
56.151 8
56.2511 8
56.3512 8
56.4513 8
56.5513 8
56.6514 8
56.7515 8
56.8516 8
56.9516 8
57.0517 9
57.1518 9
57.2518 9
57.3519 9
57.452 9
57.5521 9
57.6521 9
57.7522 9
57.8523 9
57.9524 9
58.0525 10
58.1525 10
58.2526 10
58.3527 10
58.4528 10
58.5528 10
58.6529 10
58.753 10
58.8531 10
58.9532 10
59.0533 10
59.1533 10
59.2534 10
59.3535 10
59.4536 10
59.5537 10
59.6538 10
