2.064e-06 0
0.100768 0
0.200864 0
0.300931 0
0.401005 0
0.501137 0
0.601209 0
0.701645 0
0.801714 0
0.901779 0
1.00187 0
1.10234 0
1.20267 0
1.30274 0
1.40284 0
1.50292 0
1.60299 0
1.70307 0
1.80317 0
1.90324 0
2.00332 1
2.10339 1
2.20347 1
2.30355 1
2.40363 1
2.5037 1
2.60378 1
2.70386 1
2.80394 1
2.90402 1
3.0041 2
3.10417 2
3.20425 2
3.30434 2
3.40442 2
3.5045 2
3.60458 2
3.70465 2
3.80473 2
3.90481 2
4.00488 3
4.10496 3
4.20504 3
4.30512 3
4.4052 3
4.50527 3
4.60535 3
4.70543 3
4.80551 3
4.90559 3
5.00567 4
5.10574 4
5.20582 4
5.30589 4
5.40597 4
5.50604 4
5.60612 4
5.70622 4
5.80631 4
5.90638 4
6.00646 5
6.10655 5
6.20662 5
6.30671 5
6.40682 5
6.5069 5
6.60698 5
6.70707 5
6.80715 5
6.90724 5
7.00733 6
7.10742 6
7.2075 6
7.30758 6
7.4077 6
7.50782 6
7.60793 6
7.70804 6
7.80818 6
7.90829 6
8.00841 7
8.10852 7
8.20863 7
8.30871 7
8.40879 7
8.50886 7
8.60894 7
8.70902 7
8.80909 7
8.90917 7
9.00925 8
9.10934 8
9.20942 8
9.3095 8
9.40957 8
9.50965 8
9.60973 8
9.7098 8
9.80988 8
9.90998 8
10.0102 9
10.1103 9
10.2104 9
10.3108 9
10.4109 9
10.5109 9
10.6115 9
10.7116 9
10.8117 9
10.9118 9
11.0119 10
11.112 10
11.2121 10
11.3122 10
11.4122 10
11.5123 10
11.6124 10
11.7125 10
11.8125 10
11.9126 10
12.0127 10
12.1128 10
12.2129 10
12.3129 10
12.413 10
12.5131 10
12.6132 10
12.7132 10
12.8133 10
12.9134 10
13.0134 9
13.1135 9
13.2136 9
13.3137 9
13.4138 9
13.5138 9
13.6139 9
13.714 9
13.8141 9
13.9141 9
14.0142 8
14.1143 8
14.2144 8
14.3144 8
14.4145 8
14.5146 8
14.6147 8
14.7148 8
14.8149 8
14.915 8
15.015 7
15.1151 7
15.2152 7
15.3153 7
15.4154 7
15.5155 7
15.6155 7
15.7156 7
15.8157 7
15.9158 7
16.0159 6
16.116 6
16.216 6
16.3161 6
16.4162 6
16.5163 6
16.6163 6
16.7164 6
16.8165 6
16.9166 6
17.0167 5
17.1168 5
17.2169 5
17.3169 5
17.417 5
17.5171 5
17.6172 5
17.7173 5
17.8173 5
17.9174 5
18.0175 4
18.1176 4
18.2177 4
18.3178 4
18.4179 4
18.5179 4
18.618 4
18.7181 4
18.8182 4
18.9183 4
19.0184 3
19.1185 3
19.2185 3
19.3186 3
19.4187 3
19.5193 3
19.6194 3
19.7195 3
19.8195 3
19.9196 3
20.0201 2
20.1202 2
20.2203 2
20.3204 2
20.4205 2
20.5205 2
20.6206 2
20.7207 2
20.8208 2
20.9208 2
21.0209 1
21.121 1
21.2211 1
21.3211 1
21.4212 1
21.5213 1
21.6214 1
21.7215 1
21.8215 1
21.9216 1
22.0217 1
22.1218 1
22.2218 1
22.3219 1
22.422 1
22.5221 1
22.6222 1
22.7222 1
22.8223 1
22.9224 1
23.0225 1
23.1226 1
23.2227 1
23.3228 1
23.4228 1
23.5229 1
23.623 1
23.7231 1
23.8231 1
23.9232 1
24.0233 1
24.1234 1
24.2235 1
24.3235 1
24.4236 1
24.5237 1
24.6238 1
24.7238 1
24.8239 1
24.924 1
25.0241 1
25.1241 1
25.2242 1
25.3243 1
25.4244 1
25.5244 1
25.6245 1
25.7246 1
25.8247 1
25.9247 1
26.0248 2
26.1249 2
26.225 2
26.325 2
26.4251 2
26.5252 2
26.6253 2
26.7253 2
26.8254 2
26.9255 2
27.0256 3
27.1256 3
27.2257 3
27.3258 3
27.4259 3
27.526 3
27.626 3
27.7261 3
27.8262 3
27.9263 3
28.0264 4
28.1264 4
28.2265 4
28.3266 4
28.4267 4
28.5268 4
28.6269 4
28.727 4
28.8271 4
28.9272 4
29.0273 5
29.1275 5
29.2276 5
29.3277 5
29.4282 5
29.5283 5
29.6284 5
29.7285 5
29.8286 5
29.9286 5
30.0288 6
30.1289 6
30.2289 6
30.329 6
30.4291 6
30.5292 6
30.6292 6
30.7293 6
30.8294 6
30.9295 6
31.0295 7
31.1296 7
31.2297 7
31.3297 7
31.4298 7
31.5299 7
31.63 7
31.7301 7
31.8301 7
31.9302 7
32.0303 8
32.1304 8
32.2305 8
32.3306 8
32.4307 8
32.5308 8
32.6309 8
32.7309 8
32.831 8
32.9311 8
33.0312 9
33.1313 9
33.2313 9
33.3314 9
33.4315 9
33.5316 9
33.6317 9
33.7317 9
33.8318 9
33.9319 9
34.032 10
34.132 10
34.2321 10
34.3322 10
34.4323 10
34.5323 10
34.6324 10
34.7325 10
34.8326 10
34.9326 10
35.0327 10
35.1328 10
35.2329 10
35.333 10
35.433 10
35.5331 10
35.6332 10
35.7333 10
35.8333 10
35.9334 10
36.0335 9
36.1336 9
36.2337 9
36.3338 9
36.4338 9
36.5339 9
36.634 9
36.7341 9
36.8341 9
36.9342 9
37.0343 8
37.1344 8
37.2345 8
37.3346 8
37.4347 8
37.5348 8
37.6348 8
37.7349 8
37.835 8
37.9351 8
38.0352 7
38.1353 7
38.2354 7
38.3354 7
38.4359 7
38.536 7
38.6361 7
38.7362 7
38.8362 7
38.9363 7
39.0364 6
39.1365 6
39.2366 6
39.3367 6
39.4368 6
39.5369 6
39.637 6
39.737 6
39.8371 6
39.9372 6
40.0373 5
40.1373 5
40.2374 5
40.3375 5
40.4376 5
40.5377 5
40.6377 5
40.7378 5
40.8379 5
40.938 5
41.038 4
41.1381 4
41.2382 4
41.3383 4
41.4384 4
41.5384 4
41.6385 4
41.7386 4
41.8387 4
41.9387 4
42.0388 3
42.1389 3
42.239 3
42.339 3
42.4391 3
42.5392 3
42.6393 3
42.7394 3
42.8394 3
42.9395 3
43.0396 2
43.1396 2
43.2397 2
43.3398 2
43.4399 2
43.5399 2
43.64 2
43.7401 2
43.8401 2
43.9402 2
44.0403 1
44.1404 1
44.2404 1
44.3405 1
44.4406 1
44.5407 1
44.6408 1
44.7408 1
44.8409 1
44.941 1
45.0411 1
45.1411 1
45.2412 1
45.3413 1
45.4414 1
45.5414 1
45.6415 1
45.7416 1
45.8416 1
45.9417 1
46.0418 1
46.1419 1
46.2419 1
46.342 1
46.4421 1
46.5421 1
46.6422 1
46.7423 1
46.8423 1
46.9424 1
47.0425 1
47.1426 1
47.2426 1
47.3427 1
47.4428 1
47.5428 1
47.6429 1
47.743 1
47.8431 1
47.9432 1
48.0433 1
48.1439 1
48.244 1
48.3441 1
48.4442 1
48.5443 1
48.6443 1
48.7444 1
48.8463 1
48.9464 1
49.0465 1
49.1466 1
49.2467 1
49.3467 1
49.4468 1
49.5469 1
49.647 1
49.747 1
49.8471 1
49.9472 1
50.0473 2
50.1474 2
50.2475 2
50.3475 2
50.4476 2
50.5477 2
50.6478 2
50.7478 2
50.8479 2
50.948 2
51.0481 3
51.1481 3
51.2482 3
51.3483 3
51.4484 3
51.5484 3
51.6485 3
51.7486 3
51.8487 3
51.9487 3
52.0488 4
52.1489 4
52.249 4
52.349 4
52.4491 4
52.5492 4
52.6493 4
52.7493 4
52.8494 4
52.9495 4
53.0496 5
53.1496 5
53.2497 5
53.3498 5
53.4499 5
53.5499 5
53.65 5
53.7501 5
53.8502 5
53.9502 5
54.0503 6
54.1504 6
54.2505 6
54.3506 6
54.4507 6
54.5507 6
54.6508 6
54.7509 6
54.851 6
54.9511 6
55.0511 7
55.1512 7
55.2513 7
55.3514 7
55.4515 7
55.5515 7
55.6516 7
55.7517 7
55.8517 7
55.9518 7
56.0519 8
56.152 8
56.252 8
56.3521 8
56.4522 8
56.5523 8
56.6524 8
56.7524 8
56.8525 8
56.9526 8
57.0527 9
57.1528 9
57.2528 9
57.3529 9
57.453 9
57.5531 9
57.654 9
57.7544 9
57.8545 9
57.9545 9
58.0546 10
58.1547 10
58.2548 10
58.355 10
58.4551 10
58.5551 10
58.6553 10
58.7554 10
58.8555 10
58.9555 10
59.0556 10
59.1557 10
59.2557 10
59.3558 10
59.4559 10
59.556 10
59.656 10
59.7561 10
