1.963e-06 0
0.100432 0
0.200506 0
0.300586 0
0.400661 0
0.500734 0
0.600809 0
0.700875 0
0.800939 0
0.901002 0
1.00109 0
1.10121 0
1.20128 0
1.30136 0
1.40145 0
1.50152 0
1.6016 0
1.70167 0
1.80174 0
1.90182 0
2.00189 1
2.10197 1
2.20205 1
2.30212 1
2.4022 1
2.50227 1
2.60234 1
2.70243 1
2.80251 1
2.90259 1
3.00266 2
3.10274 2
3.20281 2
3.30288 2
3.40296 2
3.50303 2
3.60312 2
3.7032 2
3.80327 2
3.90335 2
4.00343 3
4.1035 3
4.20359 3
4.30365 3
4.40373 3
4.50381 3
4.60387 3
4.70395 3
4.80403 3
4.90411 3
5.00418 4
5.10428 4
5.20437 4
5.30445 4
5.40452 4
5.5046 4
5.60467 4
5.70474 4
5.80481 4
5.90489 4
6.00496 5
6.10504 5
6.2051 5
6.30518 5
6.40526 5
6.50533 5
6.60541 5
6.70548 5
6.80556 5
6.90564 5
7.00571 6
7.10579 6
7.20588 6
7.30597 6
7.40605 6
7.50612 6
7.6062 6
7.70627 6
7.80636 6
7.90647 6
8.0066 7
8.10673 7
8.20714 7
8.30726 7
8.40736 7
8.50746 7
8.60792 7
8.70883 7
8.80942 7
8.90951 7
9.00963 8
9.10975 8
9.20995 8
9.31005 8
9.41015 8
9.51023 8
9.61031 8
9.71038 8
9.81045 8
9.91053 8
10.0106 9
10.1107 9
10.2108 9
10.3108 9
10.4109 9
10.511 9
10.6111 9
10.7112 9
10.8113 9
10.9114 9
11.0114 10
11.1115 10
11.2116 10
11.3117 10
11.4117 10
11.5118 10
11.6119 10
11.712 10
11.8121 10
11.9122 10
12.0123 10
12.1124 10
12.2124 10
12.3125 10
12.4126 10
12.5127 10
12.6128 10
12.7129 10
12.813 10
12.913 10
13.0131 9
13.1132 9
13.2133 9
13.3133 9
13.4134 9
13.5135 9
13.6136 9
13.7137 9
13.8138 9
13.9138 9
14.0139 8
14.114 8
14.214 8
14.3141 8
14.4142 8
14.5143 8
14.6143 8
14.7144 8
14.8145 8
14.9146 8
15.0146 7
15.1147 7
15.2148 7
15.3149 7
15.415 7
15.5151 7
15.6152 7
15.7153 7
15.8154 7
15.9154 7
16.0155 6
16.1156 6
16.2157 6
16.3158 6
16.4159 6
16.5159 6
16.616 6
16.7161 6
16.8162 6
16.9162 6
17.0163 5
17.1164 5
17.2165 5
17.3165 5
17.4166 5
17.5167 5
17.6167 5
17.7168 5
17.8169 5
17.917 5
18.0171 4
18.1175 4
18.2176 4
18.3177 4
18.4179 4
18.518 4
18.6181 4
18.7182 4
18.8183 4
18.9183 4
19.0184 3
19.1185 3
19.2185 3
19.3186 3
19.4187 3
19.5188 3
19.6189 3
19.719 3
19.8191 3
19.9192 3
20.0193 2
20.1195 2
20.2196 2
20.3197 2
20.4198 2
20.5199 2
20.62 2
20.7201 2
20.8202 2
20.9203 2
21.0203 1
21.1204 1
21.2205 1
21.3206 1
21.4207 1
21.5208 1
21.6209 1
21.721 1
21.821 1
21.9211 1
22.0212 1
22.1213 1
22.2214 1
22.3215 1
22.4216 1
22.5217 1
22.6217 1
22.7218 1
22.8219 1
22.922 1
23.0221 1
23.1221 1
23.2222 1
23.3223 1
23.4224 1
23.5225 1
23.6225 1
23.7226 1
23.8227 1
23.9228 1
24.0229 1
24.1229 1
24.2231 1
24.3231 1
24.4232 1
24.5233 1
24.6234 1
24.7235 1
24.8235 1
24.9236 1
25.0237 1
25.1238 1
25.2239 1
25.324 1
25.4241 1
25.5242 1
25.6242 1
25.7243 1
25.8244 1
25.9245 1
26.0246 2
26.1246 2
26.2247 2
26.3248 2
26.4249 2
26.525 2
26.6251 2
26.7251 2
26.8252 2
26.9253 2
27.0254 3
27.1255 3
27.2256 3
27.3257 3
27.4258 3
27.5259 3
27.626 3
27.7261 3
27.8266 3
27.927 3
28.027 4
28.1271 4
28.2273 4
28.3274 4
28.4275 4
28.5276 4
28.6277 4
28.7278 4
28.8279 4
28.928 4
29.028 5
29.1281 5
29.2282 5
29.3283 5
29.4284 5
29.5284 5
29.6285 5
29.7286 5
29.8287 5
29.9288 5
30.0288 6
30.1289 6
30.229 6
30.3291 6
30.4292 6
30.5292 6
30.6293 6
30.7294 6
30.8295 6
30.9296 6
31.0297 7
31.1297 7
31.2298 7
31.3299 7
31.43 7
31.53 7
31.6301 7
31.7302 7
31.8303 7
31.9304 7
32.0305 8
32.1306 8
32.2306 8
32.3307 8
32.4308 8
32.5309 8
32.631 8
32.7311 8
32.8312 8
32.9312 8
33.0313 9
33.1314 9
33.2315 9
33.3315 9
33.4316 9
33.5317 9
33.6318 9
33.7319 9
33.832 9
33.9321 9
34.0321 10
34.1322 10
34.2323 10
34.3324 10
34.4325 10
34.5326 10
34.6327 10
34.7328 10
34.8328 10
34.9329 10
35.033 10
35.1331 10
35.2332 10
35.3333 10
35.4334 10
35.5335 10
35.6336 10
35.7337 10
35.8338 10
35.9339 10
36.0339 9
36.134 9
36.2341 9
36.3342 9
36.4343 9
36.5344 9
36.6345 9
36.7345 9
36.8346 9
36.9347 9
37.0361 8
37.1362 8
37.2362 8
37.3366 8
37.4366 8
37.5367 8
37.6368 8
37.7369 8
37.8371 8
37.9372 8
38.0373 7
38.1374 7
38.2374 7
38.3375 7
38.4376 7
38.5377 7
38.6378 7
38.7378 7
38.8379 7
38.938 7
39.0381 6
39.1382 6
39.2383 6
39.3384 6
39.4385 6
39.5386 6
39.6387 6
39.7387 6
39.8388 6
39.9389 6
40.0389 5
40.139 5
40.2391 5
40.3392 5
40.4392 5
40.5393 5
40.6394 5
40.7395 5
40.8396 5
40.9396 5
41.0397 4
41.1398 4
41.2399 4
41.3399 4
41.44 4
41.5401 4
41.6402 4
41.7403 4
41.8404 4
41.9405 4
42.0405 3
42.1406 3
42.2407 3
42.3408 3
42.4409 3
42.5409 3
42.641 3
42.7411 3
42.8412 3
42.9414 3
43.0415 2
43.1415 2
43.2416 2
43.3417 2
43.4418 2
43.5419 2
43.642 2
43.7421 2
43.8423 2
43.9424 2
44.0425 1
44.1426 1
44.2427 1
44.3428 1
44.4429 1
44.543 1
44.643 1
44.7431 1
44.8432 1
44.9433 1
45.0434 1
45.1435 1
45.2436 1
45.3437 1
45.4438 1
45.544 1
45.6441 1
45.7442 1
45.8443 1
45.9445 1
46.0446 1
46.1447 1
46.2449 1
46.345 1
46.4453 1
46.5454 1
46.6455 1
46.7458 1
46.8459 1
46.946 1
47.0461 1
47.1462 1
47.2463 1
47.3464 1
47.4466 1
47.5467 1
47.6468 1
47.7469 1
47.847 1
47.9471 1
48.0472 1
48.1473 1
48.2473 1
48.3474 1
48.4475 1
48.5476 1
48.6476 1
48.7477 1
48.8478 1
48.9479 1
49.048 1
49.1481 1
49.2482 1
49.3482 1
49.4483 1
49.5484 1
49.6485 1
49.7485 1
49.8486 1
49.9487 1
50.0488 2
50.1488 2
50.2489 2
50.349 2
50.4491 2
50.5491 2
50.6492 2
50.7493 2
50.8494 2
50.9495 2
51.0495 3
51.1496 3
51.2497 3
51.3499 3
51.45 3
51.5501 3
51.6502 3
51.7502 3
51.8503 3
51.9504 3
52.0505 4
52.1506 4
52.2506 4
52.3507 4
52.4508 4
52.5509 4
52.6509 4
52.751 4
52.8511 4
52.9512 4
53.0513 5
53.1513 5
53.2514 5
53.3515 5
53.4516 5
53.5516 5
53.6517 5
53.7518 5
53.8519 5
53.952 5
54.0521 6
54.1522 6
54.2523 6
54.3524 6
54.4525 6
54.5526 6
54.6526 6
54.7527 6
54.8528 6
54.9529 6
55.053 7
55.153 7
55.2531 7
55.3532 7
55.4533 7
55.5533 7
55.6534 7
55.7535 7
55.8547 7
55.9548 7
56.055 8
56.1551 8
56.2552 8
56.3553 8
56.4559 8
56.556 8
56.6561 8
56.7566 8
56.8567 8
56.9568 8
57.0569 9
57.1569 9
57.257 9
57.3571 9
57.4572 9
57.5572 9
57.6573 9
57.7574 9
57.8575 9
57.9576 9
58.0577 10
58.1578 10
58.2579 10
58.3579 10
58.458 10
58.5581 10
58.6582 10
58.7583 10
58.8583 10
58.9584 10
59.0585 10
59.1586 10
59.2587 10
59.3588 10
59.4589 10
59.559 10
59.659 10
59.7591 10
59.8592 10
59.9593 10
