1.583e-06 0
0.100327 0
0.20041 0
0.300489 0
0.400563 0
0.500636 0
0.600713 0
0.700787 0
0.800863 0
0.900943 0
1.00101 0
1.10108 0
1.20119 0
1.30131 0
1.40192 0
1.50199 0
1.60206 0
1.70272 0
1.80281 0
1.90294 0
2.00304 1
2.10314 1
2.20324 1
2.30333 1
2.40343 1
2.50351 1
2.60358 1
2.70367 1
2.80377 1
2.90384 1
3.00393 2
3.10401 2
3.20409 2
3.30417 2
3.40425 2
3.50432 2
3.6044 2
3.70448 2
3.80458 2
3.90466 2
4.00473 3
4.10481 3
4.20489 3
4.30497 3
4.40507 3
4.50515 3
4.60521 3
4.70528 3
4.80537 3
4.90547 3
5.00557 4
5.10564 4
5.20573 4
5.30583 4
5.40591 4
5.50602 4
5.60612 4
5.7062 4
5.80628 4
5.90637 4
6.00644 5
6.10652 5
6.2066 5
6.3067 5
6.40678 5
6.50686 5
6.60694 5
6.70703 5
6.80711 5
6.9072 5
7.00729 6
7.10738 6
7.20746 6
7.30753 6
7.4076 6
7.50768 6
7.60775 6
7.70783 6
7.80792 6
7.90803 6
8.00811 7
8.10818 7
8.20825 7
8.30833 7
8.40841 7
8.50849 7
8.60857 7
8.70866 7
8.80874 7
8.90882 7
9.0089 8
9.10897 8
9.20905 8
9.30913 8
9.40921 8
9.50928 8
9.60937 8
9.70945 8
9.80952 8
9.90961 8
10.0097 9
10.1098 9
10.2099 9
10.3099 9
10.41 9
10.5101 9
10.6102 9
10.7102 9
10.8104 9
10.9105 9
11.0106 10
11.1107 10
11.2114 10
11.3115 10
11.4116 10
11.5117 10
11.6118 10
11.7119 10
11.8119 10
11.912 10
12.0121 10
12.1122 10
12.2123 10
12.3124 10
12.4125 10
12.5126 10
12.6127 10
12.7127 10
12.8128 10
12.9129 10
13.013 9
13.1131 9
13.2132 9
13.3132 9
13.4133 9
13.5134 9
13.6135 9
13.7135 9
13.8136 9
13.9137 9
14.0138 8
14.1138 8
14.2139 8
14.314 8
14.4141 8
14.5141 8
14.6142 8
14.7143 8
14.8144 8
14.9144 8
15.0145 7
15.1146 7
15.2147 7
15.3147 7
15.4148 7
15.5149 7
15.6149 7
15.715 7
15.8151 7
15.9152 7
16.0152 6
16.1153 6
16.2154 6
16.3155 6
16.4156 6
16.5156 6
16.6157 6
16.7158 6
16.8159 6
16.9159 6
17.016 5
17.1161 5
17.2161 5
17.3162 5
17.4163 5
17.5164 5
17.6165 5
17.7165 5
17.8166 5
17.9167 5
18.0168 4
18.1168 4
18.2169 4
18.317 4
18.4171 4
18.5172 4
18.6172 4
18.7173 4
18.8174 4
18.9175 4
19.0175 3
19.1176 3
19.2177 3
19.3178 3
19.4179 3
19.5179 3
19.618 3
19.7181 3
19.8182 3
19.9183 3
20.0183 2
20.1184 2
20.2186 2
20.3187 2
20.4193 2
20.5198 2
20.6199 2
20.7199 2
20.82 2
20.9205 2
21.0206 1
21.1207 1
21.2209 1
21.321 1
21.4211 1
21.5212 1
21.6213 1
21.7213 1
21.8214 1
21.9215 1
22.0216 1
22.1216 1
22.2217 1
22.3218 1
22.4219 1
22.5219 1
22.622 1
22.7221 1
22.8222 1
22.9223 1
23.0223 1
23.1224 1
23.2225 1
23.3226 1
23.4227 1
23.5227 1
23.6228 1
23.7229 1
23.823 1
23.923 1
24.0231 1
24.1232 1
24.2233 1
24.3233 1
24.4234 1
24.5235 1
24.6236 1
24.7237 1
24.8238 1
24.9238 1
25.0239 1
25.124 1
25.2241 1
25.3241 1
25.4242 1
25.5243 1
25.6244 1
25.7245 1
25.8246 1
25.9247 1
26.0247 2
26.1248 2
26.2249 2
26.325 2
26.425 2
26.5251 2
26.6252 2
26.7253 2
26.8254 2
26.9255 2
27.0255 3
27.1256 3
27.2257 3
27.3258 3
27.4258 3
27.5259 3
27.626 3
27.7261 3
27.8262 3
27.9262 3
28.0263 4
28.1264 4
28.2265 4
28.3266 4
28.4266 4
28.5267 4
28.6268 4
28.7269 4
28.827 4
28.927 4
29.0271 5
29.1272 5
29.2273 5
29.3274 5
29.4275 5
29.5275 5
29.6276 5
29.7277 5
29.8292 5
29.9293 5
30.0298 6
30.1299 6
30.2301 6
30.3302 6
30.4304 6
30.5307 6
30.6307 6
30.7308 6
30.8309 6
30.931 6
31.0311 7
31.1312 7
31.2312 7
31.3313 7
31.4314 7
31.5315 7
31.6316 7
31.7317 7
31.8317 7
31.9318 7
32.0319 8
32.132 8
32.232 8
32.3321 8
32.4322 8
32.5323 8
32.6323 8
32.7324 8
32.8325 8
32.9326 8
33.0327 9
33.1328 9
33.2328 9
33.3329 9
33.433 9
33.5331 9
33.6331 9
33.7332 9
33.8333 9
33.9334 9
34.0335 10
34.1335 10
34.2336 10
34.3337 10
34.4338 10
34.5338 10
34.6339 10
34.734 10
34.8341 10
34.9342 10
35.0342 10
35.1343 10
35.2344 10
35.3345 10
35.4346 10
35.5347 10
35.6347 10
35.7348 10
35.8349 10
35.935 10
36.035 9
36.1351 9
36.2352 9
36.3353 9
36.4354 9
36.5354 9
36.6355 9
36.7356 9
36.8357 9
36.9358 9
37.0358 8
37.1359 8
37.236 8
37.3361 8
37.4362 8
37.5362 8
37.6363 8
37.7364 8
37.8365 8
37.9365 8
38.0366 7
38.1367 7
38.2368 7
38.3369 7
38.437 7
38.537 7
38.6371 7
38.7372 7
38.8373 7
38.9374 7
39.0375 6
39.1375 6
39.2376 6
39.3377 6
39.4381 6
39.5382 6
39.6383 6
39.7384 6
39.8385 6
39.9387 6
40.0388 5
40.1389 5
40.239 5
40.3391 5
40.4392 5
40.5392 5
40.6393 5
40.7394 5
40.8395 5
40.9396 5
41.0397 4
41.1397 4
41.2398 4
41.3399 4
41.44 4
41.54 4
41.6401 4
41.7402 4
41.8403 4
41.9403 4
42.0404 3
42.1406 3
42.2407 3
42.3407 3
42.4408 3
42.5409 3
42.6409 3
42.741 3
42.8411 3
42.9412 3
43.0413 2
43.1413 2
43.2414 2
43.3415 2
43.4416 2
43.5417 2
43.6418 2
43.7419 2
43.8419 2
43.942 2
44.0421 1
44.1422 1
44.2423 1
44.3423 1
44.4424 1
44.5425 1
44.6426 1
44.7426 1
44.8427 1
44.9429 1
45.043 1
45.1431 1
45.2431 1
45.3432 1
45.4433 1
45.5434 1
45.6434 1
45.7435 1
45.8436 1
45.9437 1
46.0438 1
46.1438 1
46.2439 1
46.344 1
46.4441 1
46.5442 1
46.6442 1
46.7443 1
46.8444 1
46.9445 1
47.0445 1
47.1446 1
47.2447 1
47.3448 1
47.4448 1
47.5449 1
47.645 1
47.7451 1
47.8452 1
47.9452 1
48.0453 1
48.1454 1
48.2455 1
48.3456 1
48.4457 1
48.5457 1
48.6458 1
48.7459 1
48.8462 1
48.9462 1
49.0464 1
49.1466 1
49.2468 1
49.3469 1
49.4472 1
49.5476 1
49.6477 1
49.7478 1
49.8479 1
49.948 1
50.0481 2
50.1481 2
50.2482 2
50.3483 2
50.4483 2
50.5484 2
50.6485 2
50.7486 2
50.8486 2
50.9487 2
51.0488 3
51.1489 3
51.2489 3
51.349 3
51.4491 3
51.5492 3
51.6492 3
51.7493 3
51.8494 3
51.9494 3
52.0495 4
52.1496 4
52.2497 4
52.3497 4
52.4498 4
52.5499 4
52.65 4
52.75 4
52.8501 4
52.9502 4
53.0503 5
53.1504 5
53.2504 5
53.3505 5
53.4506 5
53.5507 5
53.6507 5
53.7508 5
53.8509 5
53.951 5
54.051 6
54.1511 6
54.2512 6
54.3513 6
54.4514 6
54.5514 6
54.6515 6
54.7516 6
54.8517 6
54.9517 6
55.0518 7
55.1519 7
55.252 7
55.352 7
55.4521 7
55.5522 7
55.6522 7
55.7523 7
55.8524 7
55.9524 7
56.0525 8
56.1526 8
56.2527 8
56.3528 8
56.4528 8
56.5529 8
56.653 8
56.753 8
56.8531 8
56.9532 8
57.0533 9
57.1534 9
57.2534 9
57.3535 9
57.4536 9
57.5537 9
57.6537 9
57.7538 9
57.8539 9
57.954 9
58.0541 10
58.1541 10
58.2542 10
58.3543 10
58.4544 10
58.5546 10
58.6547 10
58.7548 10
58.8549 10
58.9554 10
59.0562 10
59.1562 10
59.2563 10
59.3564 10
59.4566 10
59.5567 10
59.6568 10
