2.035e-06 0
0.100727 0
0.200817 0
0.300892 0
0.40096 0
0.501033 0
0.601107 0
0.701185 0
0.801263 0
0.90134 0
1.00142 0
1.10149 0
1.20156 0
1.30164 0
1.40172 0
1.5018 0
1.60188 0
1.70197 0
1.80205 0
1.90212 0
2.0022 1
2.10229 1
2.20238 1
2.30245 1
2.40254 1
2.50261 1
2.60268 1
2.70275 1
2.80283 1
2.90291 1
3.00301 2
3.10311 2
3.20319 2
3.30327 2
3.40336 2
3.50346 2
3.60354 2
3.70362 2
3.80371 2
3.90382 2
4.00447 3
4.10453 3
4.20561 3
4.3057 3
4.40581 3
4.5072 3
4.6073 3
4.70738 3
4.80747 3
4.90755 3
5.00763 4
5.10771 4
5.20779 4
5.30786 4
5.40794 4
5.50803 4
5.60811 4
5.70818 4
5.80828 4
5.90836 4
6.00843 5
6.10851 5
6.20859 5
6.30867 5
6.40875 5
6.50882 5
6.6089 5
6.70898 5
6.80905 5
6.90913 5
7.00919 6
7.10927 6
7.20934 6
7.30941 6
7.40949 6
7.50956 6
7.60964 6
7.70972 6
7.80983 6
7.90991 6
8.00998 7
8.11007 7
8.21019 7
8.31029 7
8.41036 7
8.51044 7
8.61055 7
8.71066 7
8.81073 7
8.91082 7
9.01089 8
9.11096 8
9.21105 8
9.31113 8
9.4112 8
9.51128 8
9.61135 8
9.71143 8
9.81151 8
9.91159 8
10.0117 9
10.1118 9
10.2119 9
10.312 9
10.4121 9
10.5122 9
10.6123 9
10.7123 9
10.8124 9
10.9125 9
11.0126 10
11.1126 10
11.2127 10
11.3128 10
11.4129 10
11.5129 10
11.613 10
11.7131 10
11.8132 10
11.9133 10
12.0133 10
12.1134 10
12.2135 10
12.3136 10
12.4136 10
12.5137 10
12.6138 10
12.7139 10
12.814 10
12.9141 10
13.0141 9
13.1142 9
13.2143 9
13.3144 9
13.4145 9
13.5145 9
13.6146 9
13.7148 9
13.8156 9
13.9166 9
14.0167 8
14.1168 8
14.2168 8
14.3173 8
14.4174 8
14.5175 8
14.6176 8
14.7177 8
14.8178 8
14.9178 8
15.0179 7
15.118 7
15.2181 7
15.3182 7
15.4183 7
15.5183 7
15.6184 7
15.7185 7
15.8186 7
15.9187 7
16.0188 6
16.1188 6
16.2189 6
16.319 6
16.4191 6
16.5192 6
16.6193 6
16.7193 6
16.8194 6
16.9195 6
17.0196 5
17.1196 5
17.2197 5
17.3198 5
17.4199 5
17.52 5
17.6201 5
17.7202 5
17.8203 5
17.9204 5
18.0205 4
18.1206 4
18.2207 4
18.3207 4
18.4208 4
18.5209 4
18.621 4
18.721 4
18.8211 4
18.9212 4
19.0213 3
19.1214 3
19.2214 3
19.3215 3
19.4216 3
19.5217 3
19.6217 3
19.7218 3
19.8219 3
19.922 3
20.022 2
20.1221 2
20.2223 2
20.3223 2
20.4224 2
20.5225 2
20.6226 2
20.7227 2
20.8227 2
20.9228 2
21.0229 1
21.123 1
21.2231 1
21.3232 1
21.4233 1
21.5235 1
21.6236 1
21.7238 1
21.8239 1
21.924 1
22.0241 1
22.1242 1
22.2243 1
22.3243 1
22.4244 1
22.5245 1
22.6246 1
22.7247 1
22.8248 1
22.9255 1
23.0257 1
23.1264 1
23.2265 1
23.3267 1
23.4268 1
23.5269 1
23.627 1
23.7271 1
23.8273 1
23.9274 1
24.0275 1
24.1276 1
24.2277 1
24.3278 1
24.4279 1
24.5279 1
24.628 1
24.7281 1
24.8282 1
24.9283 1
25.0284 1
25.1284 1
25.2285 1
25.3286 1
25.4287 1
25.5287 1
25.6288 1
25.7289 1
25.829 1
25.929 1
26.0291 2
26.1292 2
26.2293 2
26.3293 2
26.4294 2
26.5295 2
26.6296 2
26.7296 2
26.8297 2
26.9298 2
27.0298 3
27.1299 3
27.23 3
27.3301 3
27.4302 3
27.5303 3
27.6303 3
27.7304 3
27.8305 3
27.9306 3
28.0306 4
28.1307 4
28.2308 4
28.3309 4
28.4309 4
28.531 4
28.6311 4
28.7311 4
28.8312 4
28.9313 4
29.0314 5
29.1314 5
29.2315 5
29.3316 5
29.4317 5
29.5317 5
29.6318 5
29.7319 5
29.8319 5
29.932 5
30.0321 6
30.1322 6
30.2323 6
30.3324 6
30.4325 6
30.5326 6
30.6326 6
30.7327 6
30.8328 6
30.9329 6
31.033 7
31.133 7
31.2331 7
31.3332 7
31.4333 7
31.5334 7
31.6334 7
31.7335 7
31.8336 7
31.9336 7
32.0337 8
32.1338 8
32.2339 8
32.334 8
32.434 8
32.5343 8
32.6345 8
32.7351 8
32.8353 8
32.9356 8
33.0359 9
33.136 9
33.2361 9
33.3362 9
33.4363 9
33.5364 9
33.6365 9
33.7366 9
33.8367 9
33.9367 9
34.0368 10
34.1369 10
34.237 10
34.3371 10
34.4372 10
34.5372 10
34.6373 10
34.7374 10
34.8375 10
34.9376 10
35.0377 10
35.1378 10
35.2379 10
35.3379 10
35.438 10
35.5381 10
35.6382 10
35.7383 10
35.8383 10
35.9384 10
36.0385 10
36.1386 10
36.2387 10
36.3388 10
36.4389 10
36.539 10
36.6391 10
36.7391 10
36.8392 10
36.9393 10
37.0393 9
37.1394 9
37.2395 9
37.3396 9
37.4396 9
37.5397 9
37.6398 9
37.7399 9
37.8399 9
37.94 9
38.0401 8
38.1402 8
38.2403 8
38.3403 8
38.4404 8
38.5405 8
38.6406 8
38.7406 8
38.8407 8
38.9408 8
39.0409 7
39.141 7
39.241 7
39.3411 7
39.4412 7
39.5413 7
39.6414 7
39.7415 7
39.8415 7
39.9416 7
40.0417 6
40.1418 6
40.2419 6
40.342 6
40.442 6
40.5421 6
40.6422 6
40.7423 6
40.8424 6
40.9424 6
41.0425 5
41.1426 5
41.2427 5
41.3427 5
41.4428 5
41.5429 5
41.643 5
41.7431 5
41.8431 5
41.9432 5
42.0441 4
42.1444 4
42.2446 4
42.3447 4
42.4448 4
42.5448 4
42.6456 4
42.7457 4
42.8463 4
42.9464 4
43.0465 3
43.1466 3
43.2467 3
43.3468 3
43.4468 3
43.5469 3
43.647 3
43.7471 3
43.8471 3
43.9472 3
44.0473 2
44.1474 2
44.2475 2
44.3476 2
44.4476 2
44.5477 2
44.6478 2
44.7479 2
44.848 2
44.948 2
45.0481 1
45.1482 1
45.2483 1
45.3484 1
45.4484 1
45.5485 1
45.6486 1
45.7487 1
45.8487 1
45.9488 1
46.0489 1
46.149 1
46.249 1
46.3491 1
46.4492 1
46.5493 1
46.6494 1
46.7494 1
46.8495 1
46.9496 1
47.0497 1
47.1498 1
47.2499 1
47.3499 1
47.45 1
47.5501 1
47.6502 1
47.7502 1
47.8504 1
47.9505 1
48.0505 1
48.1506 1
48.2507 1
48.3508 1
48.4509 1
48.551 1
48.651 1
48.7511 1
48.8512 1
48.9513 1
49.0514 1
49.1515 1
49.2515 1
49.3516 1
49.4517 1
49.5518 1
49.6519 1
49.7519 1
49.852 1
49.9521 1
50.0522 2
50.1523 2
50.2523 2
50.3524 2
50.4525 2
50.5526 2
50.6527 2
50.7528 2
50.8528 2
50.9529 2
51.053 3
51.1531 3
51.2532 3
51.3533 3
51.4534 3
51.5543 3
51.6544 3
51.7549 3
51.8549 3
51.955 3
52.0551 4
52.1554 4
52.2555 4
52.3556 4
52.4557 4
52.5558 4
52.6559 4
52.756 4
52.856 4
52.9561 4
53.0562 5
53.1563 5
53.2563 5
53.3564 5
53.4565 5
53.5565 5
53.6566 5
53.7567 5
53.8568 5
53.9569 5
54.0569 6
54.157 6
54.2571 6
54.3572 6
54.4572 6
54.5573 6
54.6574 6
54.7575 6
54.8576 6
54.9576 6
55.0577 7
55.1578 7
55.2579 7
55.3579 7
55.458 7
55.5581 7
55.6582 7
55.7583 7
55.8583 7
55.9584 7
56.0585 8
56.1586 8
56.2586 8
56.3587 8
56.4588 8
56.5589 8
56.6589 8
56.759 8
56.8591 8
56.9591 8
57.0592 9
57.1593 9
57.2594 9
57.3594 9
57.4595 9
57.5596 9
57.6597 9
57.7597 9
57.8598 9
57.9599 9
58.06 10
58.1601 10
58.2601 10
58.3602 10
58.4603 10
58.5604 10
58.6604 10
58.7605 10
58.8606 10
58.9607 10
59.0607 10
59.1608 10
59.2609 10
59.361 10
59.4611 10
59.5611 10
59.6612 10
59.7613 10
59.8614 10
