2.415e-06 0
0.100886 0
0.200966 0
0.301048 0
0.40112 0
0.501191 0
0.60127 0
0.701355 0
0.801421 0
0.901506 0
1.00157 0
1.10163 0
1.2017 0
1.30177 0
1.40184 0
1.50193 0
1.60202 0
1.70209 0
1.80217 0
1.90224 0
2.00278 1
2.10287 1
2.20299 1
2.30307 1
2.40314 1
2.50321 1
2.6033 1
2.70392 1
2.80403 1
2.90414 1
3.00422 2
3.10431 2
3.20438 2
3.30445 2
3.40453 2
3.50461 2
3.60469 2
3.70479 2
3.80487 2
3.90496 2
4.00503 3
4.1051 3
4.20518 3
4.30527 3
4.40537 3
4.50547 3
4.60554 3
4.70565 3
4.80577 3
4.90587 3
5.00595 4
5.10603 4
5.20611 4
5.30618 4
5.40626 4
5.50634 4
5.60642 4
5.70649 4
5.80657 4
5.90665 4
6.00676 5
6.10688 5
6.207 5
6.30708 5
6.40715 5
6.50723 5
6.6073 5
6.70738 5
6.80746 5
6.90753 5
7.00761 6
7.10768 6
7.20777 6
7.30786 6
7.40795 6
7.50803 6
7.60811 6
7.70818 6
7.80826 6
7.90834 6
8.00841 7
8.10849 7
8.20858 7
8.30867 7
8.40877 7
8.50886 7
8.60894 7
8.70903 7
8.8091 7
8.90918 7
9.00925 8
9.10932 8
9.20939 8
9.30947 8
9.40955 8
9.50962 8
9.6097 8
9.70978 8
9.80985 8
9.90992 8
10.01 9
10.1101 9
10.2101 9
10.3102 9
10.4103 9
10.5104 9
10.6105 9
10.7106 9
10.8107 9
10.9107 9
11.0108 10
11.1109 10
11.211 10
11.311 10
11.4111 10
11.5113 10
11.6128 10
11.7129 10
11.8133 10
11.9139 10
12.0143 10
12.1144 10
12.2147 10
12.3157 10
12.4158 10
12.5159 10
12.616 10
12.7161 10
12.8161 10
12.9162 10
13.0163 9
13.1164 9
13.2164 9
13.3165 9
13.4166 9
13.5167 9
13.6167 9
13.7168 9
13.8169 9
13.917 9
14.0171 8
14.1171 8
14.2172 8
14.3173 8
14.4174 8
14.5174 8
14.6175 8
14.7176 8
14.8177 8
14.9177 8
15.0178 7
15.1179 7
15.218 7
15.318 7
15.4181 7
15.5182 7
15.6183 7
15.7183 7
15.8184 7
15.9185 7
16.0186 6
16.1186 6
16.2187 6
16.3188 6
16.4189 6
16.519 6
16.6191 6
16.7192 6
16.8193 6
16.9193 6
17.0194 5
17.1195 5
17.2196 5
17.3197 5
17.4197 5
17.5198 5
17.6199 5
17.7199 5
17.82 5
17.9201 5
18.0202 4
18.1203 4
18.2204 4
18.3204 4
18.4205 4
18.5206 4
18.6207 4
18.7208 4
18.8208 4
18.9209 4
19.021 3
19.1211 3
19.2212 3
19.3213 3
19.4213 3
19.5214 3
19.6215 3
19.7216 3
19.8217 3
19.9218 3
20.0218 2
20.1219 2
20.222 2
20.3221 2
20.4221 2
20.5222 2
20.6223 2
20.7224 2
20.823 2
20.9231 2
21.0232 1
21.1233 1
21.2234 1
21.3234 1
21.4235 1
21.5238 1
21.6239 1
21.7241 1
21.8242 1
21.9243 1
22.0244 1
22.1245 1
22.2246 1
22.3247 1
22.4248 1
22.5249 1
22.625 1
22.7251 1
22.8251 1
22.9252 1
23.0253 1
23.1254 1
23.2255 1
23.3256 1
23.4257 1
23.5258 1
23.6258 1
23.7259 1
23.826 1
23.9261 1
24.0261 1
24.1262 1
24.2263 1
24.3264 1
24.4265 1
24.5266 1
24.6267 1
24.7268 1
24.8269 1
24.9269 1
25.027 1
25.1271 1
25.2272 1
25.3273 1
25.4273 1
25.5274 1
25.6275 1
25.7276 1
25.8277 1
25.9277 1
26.0278 2
26.1279 2
26.228 2
26.328 2
26.4281 2
26.5282 2
26.6283 2
26.7284 2
26.8284 2
26.9285 2
27.0286 3
27.1286 3
27.2287 3
27.3288 3
27.4289 3
27.529 3
27.629 3
27.7291 3
27.8292 3
27.9293 3
28.0293 4
28.1294 4
28.2295 4
28.3295 4
28.4296 4
28.5297 4
28.6298 4
28.7298 4
28.8299 4
28.93 4
29.0301 5
29.1301 5
29.2302 5
29.3303 5
29.4303 5
29.5304 5
29.6305 5
29.7306 5
29.8306 5
29.9307 5
30.0308 6
30.1309 6
30.2309 6
30.3311 6
30.4312 6
30.5312 6
30.6317 6
30.7319 6
30.832 6
30.932 6
31.0322 7
31.1322 7
31.2323 7
31.3324 7
31.4325 7
31.5325 7
31.6326 7
31.7327 7
31.8327 7
31.9328 7
32.0329 8
32.1329 8
32.233 8
32.3331 8
32.4332 8
32.5333 8
32.6333 8
32.7334 8
32.8335 8
32.9336 8
33.0336 9
33.1337 9
33.2338 9
33.3339 9
33.4339 9
33.534 9
33.6341 9
33.7341 9
33.8342 9
33.9343 9
34.0343 10
34.1344 10
34.2345 10
34.3346 10
34.4347 10
34.5347 10
34.6348 10
34.7348 10
34.8349 10
34.935 10
35.0351 10
35.1351 10
35.2352 10
35.3353 10
35.4353 10
35.5354 10
35.6355 10
35.7355 10
35.8356 10
35.9357 10
36.0358 9
36.1358 9
36.2359 9
36.336 9
36.436 9
36.5361 9
36.6362 9
36.7363 9
36.8363 9
36.9364 9
37.0365 8
37.1365 8
37.2366 8
37.3367 8
37.4368 8
37.5368 8
37.6369 8
37.737 8
37.837 8
37.9371 8
38.0372 7
38.1372 7
38.2373 7
38.3374 7
38.4375 7
38.5375 7
38.6376 7
38.7377 7
38.8378 7
38.9378 7
39.0379 6
39.138 6
39.238 6
39.3381 6
39.4382 6
39.5383 6
39.6383 6
39.7384 6
39.8395 6
39.9399 6
40.0399 5
40.14 5
40.2401 5
40.3402 5
40.4403 5
40.5407 5
40.6408 5
40.7409 5
40.841 5
40.9411 5
41.0412 4
41.1412 4
41.2413 4
41.3414 4
41.4415 4
41.5415 4
41.6416 4
41.7417 4
41.8417 4
41.9418 4
42.0419 3
42.142 3
42.242 3
42.3421 3
42.4422 3
42.5423 3
42.6423 3
42.7424 3
42.8425 3
42.9425 3
43.0426 2
43.1427 2
43.2428 2
43.3428 2
43.4429 2
43.543 2
43.6431 2
43.7432 2
43.8433 2
43.9433 2
44.0434 1
44.1435 1
44.2436 1
44.3437 1
44.4438 1
44.5439 1
44.6439 1
44.744 1
44.8441 1
44.9442 1
45.0442 1
45.1443 1
45.2444 1
45.3445 1
45.4446 1
45.5447 1
45.6447 1
45.7448 1
45.8449 1
45.945 1
46.0451 1
46.1453 1
46.2454 1
46.3455 1
46.4456 1
46.5457 1
46.6457 1
46.7458 1
46.8459 1
46.946 1
47.0461 1
47.1462 1
47.2463 1
47.3464 1
47.4465 1
47.5465 1
47.6466 1
47.7467 1
47.8468 1
47.9469 1
48.047 1
48.147 1
48.2471 1
48.3472 1
48.4473 1
48.5473 1
48.6474 1
48.7475 1
48.8476 1
48.9477 1
49.0478 1
49.1482 1
49.2483 1
49.3484 1
49.4485 1
49.5487 1
49.649 1
49.7491 1
49.8492 1
49.9496 1
50.0498 2
50.1499 2
50.2499 2
50.35 2
50.4501 2
50.5502 2
50.6503 2
50.7503 2
50.8504 2
50.9505 2
51.0506 3
51.1507 3
51.2507 3
51.3508 3
51.4509 3
51.551 3
51.6511 3
51.7511 3
51.8512 3
51.9513 3
52.0514 4
52.1515 4
52.2516 4
52.3517 4
52.4517 4
52.5518 4
52.6519 4
52.752 4
52.8521 4
52.9522 4
53.0523 5
53.1523 5
53.2524 5
53.3526 5
53.4527 5
53.5527 5
53.6528 5
53.7529 5
53.853 5
53.9531 5
54.0532 6
54.1532 6
54.2533 6
54.3534 6
54.4535 6
54.5536 6
54.6536 6
54.7537 6
54.8538 6
54.9539 6
55.0539 7
55.154 7
55.2541 7
55.3541 7
55.4542 7
55.5543 7
55.6544 7
55.7545 7
55.8545 7
55.9546 7
56.0547 8
56.1548 8
56.2548 8
56.3549 8
56.455 8
56.5551 8
56.6552 8
56.7552 8
56.8553 8
56.9554 8
57.0555 9
57.1556 9
57.2557 9
57.3558 9
57.4558 9
57.5559 9
57.656 9
57.7561 9
57.8562 9
57.9563 9
58.0563 10
58.1564 10
58.2565 10
58.3566 10
58.4567 10
58.5576 10
58.6577 10
58.7581 10
58.8626 10
58.9627 10
59.0631 10
59.1632 10
59.2639 10
59.364 10
59.4641 10
59.5641 10
59.6642 10
59.7643 10
59.8644 10
