1.583e-06 0
0.100991 0
0.201075 0
0.301178 0
0.401283 0
0.501666 0
0.601762 0
0.702185 0
0.802272 0
0.902365 0
1.00247 0
1.10258 0
1.20267 0
1.30277 0
1.40286 0
1.50296 0
1.603 0
1.70338 0
1.80348 0
1.90357 0
2.00365 0
2.10373 0
2.20381 0
2.30389 0
2.40396 0
2.50404 0
2.60411 0
2.70418 0
2.80425 0
2.90432 0
3.0044 0
3.10447 0
3.20455 0
3.30463 0
3.40471 0
3.50479 0
3.60487 0
3.70494 0
3.80501 0
3.90511 0
4.00519 1
4.10526 1
4.20533 1
4.3054 1
4.40548 1
4.50554 1
4.60561 1
4.70569 1
4.80576 1
4.90586 1
5.00595 1
5.10599 1
5.20607 1
5.30614 1
5.40623 1
5.5063 1
5.60638 1
5.70646 1
5.80657 1
5.90665 1
6.00674 1
6.10682 1
6.20689 1
6.30699 1
6.40708 1
6.50717 1
6.60725 1
6.70733 1
6.80741 1
6.90749 1
7.00758 1
7.10766 1
7.20774 1
7.30781 1
7.40789 1
7.50796 1
7.60804 1
7.70815 1
7.80822 1
7.90831 1
8.00841 2
8.10849 2
8.2086 2
8.30871 2
8.40879 2
8.50889 2
8.60896 2
8.70904 2
8.80914 2
8.90922 2
9.00932 2
9.1094 2
9.20948 2
9.30956 2
9.40963 2
9.50971 2
9.60978 2
9.70986 2
9.80994 2
9.91004 2
10.0101 2
10.1102 2
10.2103 2
10.3104 2
10.4105 2
10.5106 2
10.6108 2
10.7109 2
10.811 2
10.9111 2
11.0112 2
11.1115 2
11.2115 2
11.3127 2
11.4128 2
11.5129 2
11.613 2
11.7132 2
11.8133 2
11.9134 2
12.0135 3
12.1136 3
12.2136 3
12.3137 3
12.4138 3
12.5139 3
12.614 3
12.7141 3
12.8141 3
12.9142 3
13.0143 3
13.1144 3
13.2144 3
13.3145 3
13.4146 3
13.5147 3
13.6148 3
13.7149 3
13.815 3
13.9151 3
14.0152 3
14.1153 3
14.2154 3
14.3155 3
14.4156 3
14.5157 3
14.6157 3
14.7158 3
14.8159 3
14.916 3
15.0161 3
15.1162 3
15.2163 3
15.3164 3
15.4164 3
15.5165 3
15.6166 3
15.7167 3
15.8168 3
15.9168 3
16.0169 4
16.117 4
16.2171 4
16.3171 4
16.4172 4
16.5173 4
16.6174 4
16.7175 4
16.8176 4
16.9177 4
17.0178 4
17.1179 4
17.2179 4
17.318 4
17.4181 4
17.5181 4
17.6182 4
17.7183 4
17.8184 4
17.9184 4
18.0185 4
18.1186 4
18.2187 4
18.3188 4
18.4188 4
18.5189 4
18.619 4
18.7191 4
18.8192 4
18.9192 4
19.0194 4
19.1195 4
19.2196 4
19.3197 4
19.4197 4
19.5198 4
19.6199 4
19.72 4
19.8201 4
19.9202 4
20.0203 5
20.1204 5
20.2204 5
20.3205 5
20.4206 5
20.5209 5
20.6211 5
20.7212 5
20.8213 5
20.9215 5
21.0224 5
21.1224 5
21.2225 5
21.3226 5
21.4227 5
21.5228 5
21.6248 5
21.7249 5
21.825 5
21.9251 5
22.0252 5
22.1253 5
22.2253 5
22.3254 5
22.4255 5
22.5256 5
22.6256 5
22.7257 5
22.8258 5
22.9259 5
23.026 5
23.1261 5
23.2262 5
23.3263 5
23.4263 5
23.5264 5
23.6265 5
23.7265 5
23.8266 5
23.9267 5
24.0268 5
24.1268 5
24.2269 5
24.327 5
24.4271 5
24.5272 5
24.6273 5
24.7274 5
24.8274 5
24.9275 5
25.0276 5
25.1277 5
25.2277 5
25.3278 5
25.4279 5
25.528 5
25.6281 5
25.7281 5
25.8282 5
25.9283 5
26.0284 5
26.1284 5
26.2285 5
26.3286 5
26.4287 5
26.5288 5
26.6288 5
26.7289 5
26.829 5
26.9291 5
27.0292 5
27.1293 5
27.2293 5
27.3294 5
27.4295 5
27.5296 5
27.6297 5
27.7297 5
27.8298 5
27.9299 5
28.03 4
28.1301 4
28.2302 4
28.3302 4
28.4303 4
28.5304 4
28.6305 4
28.7306 4
28.8306 4
28.9307 4
29.0308 4
29.1308 4
29.2309 4
29.331 4
29.4311 4
29.5311 4
29.6312 4
29.7313 4
29.8314 4
29.9314 4
30.0315 4
30.1316 4
30.2317 4
30.3317 4
30.4318 4
30.5319 4
30.632 4
30.7321 4
30.8322 4
30.9323 4
31.0326 4
31.1327 4
31.2328 4
31.3329 4
31.433 4
31.5331 4
31.6332 4
31.7333 4
31.8334 4
31.9335 4
32.0336 3
32.1337 3
32.2338 3
32.3339 3
32.434 3
32.5341 3
32.6342 3
32.7342 3
32.8343 3
32.9344 3
33.0345 3
33.1345 3
33.2346 3
33.3347 3
33.4348 3
33.5348 3
33.6349 3
33.735 3
33.8351 3
33.9352 3
34.0352 3
34.1353 3
34.2354 3
34.3355 3
34.4356 3
34.5356 3
34.6357 3
34.7358 3
34.8358 3
34.9359 3
35.036 3
35.1361 3
35.2362 3
35.3362 3
35.4363 3
35.5364 3
35.6365 3
35.7366 3
35.8366 3
35.9367 3
36.0368 3
36.1369 3
36.237 3
36.3371 3
36.4371 3
36.5372 3
36.6373 3
36.7374 3
36.8375 3
36.9376 3
37.0377 3
37.1378 3
37.2379 3
37.338 3
37.4381 3
37.5382 3
37.6383 3
37.7384 3
37.8385 3
37.9386 3
38.0386 3
38.1387 3
38.2388 3
38.3389 3
38.439 3
38.5391 3
38.6392 3
38.7392 3
38.8393 3
38.9394 3
39.0395 3
39.1395 3
39.2396 3
39.3397 3
39.4398 3
39.5399 3
39.6399 3
39.74 3
39.8401 3
39.9402 3
40.0403 4
40.1403 4
40.2404 4
40.3405 4
40.4406 4
40.5407 4
40.6407 4
40.7408 4
40.8413 4
40.9414 4
41.0415 4
41.1422 4
41.2423 4
41.3424 4
41.4425 4
41.5426 4
41.643 4
41.7431 4
41.8435 4
41.9437 4
42.045 4
42.1451 4
42.2452 4
42.3453 4
42.4454 4
42.5455 4
42.6455 4
42.7456 4
42.8457 4
42.9458 4
43.0458 4
43.1459 4
43.246 4
43.3461 4
43.4462 4
43.5462 4
43.6463 4
43.7464 4
43.8465 4
43.9466 4
44.0467 5
44.1467 5
44.2468 5
44.3469 5
44.4469 5
44.547 5
44.6471 5
44.7471 5
44.8472 5
44.9473 5
45.0474 5
45.1475 5
45.2476 5
45.3477 5
45.4478 5
45.5479 5
45.648 5
45.748 5
45.8481 5
45.9482 5
46.0482 5
46.1483 5
46.2484 5
46.3485 5
46.4486 5
46.5486 5
46.6487 5
46.7488 5
46.8489 5
46.949 5
47.0491 5
47.1491 5
47.2492 5
47.3493 5
47.4494 5
47.5495 5
47.6496 5
47.7497 5
47.8498 5
47.9499 5
48.05 6
48.1501 6
48.2501 6
48.3502 6
48.4503 6
48.5504 6
48.6505 6
48.7506 6
48.8507 6
48.9508 6
49.0509 6
49.151 6
49.2511 6
49.3511 6
49.4512 6
49.5513 6
49.6513 6
49.7514 6
49.8515 6
49.9516 6
50.0517 6
50.1518 6
50.2519 6
50.352 6
50.4521 6
50.5522 6
50.6523 6
50.7525 6
50.8526 6
50.9527 6
51.0528 6
51.1529 6
51.253 6
51.3531 6
51.454 6
51.5541 6
51.6546 6
51.7549 6
51.855 6
51.9551 6
52.0552 5
52.156 5
52.2561 5
52.3562 5
52.4563 5
52.5564 5
52.6565 5
52.7566 5
52.8566 5
52.9567 5
53.0568 5
53.1569 5
53.257 5
53.357 5
53.4571 5
53.5572 5
53.6573 5
53.7574 5
53.8574 5
53.9575 5
54.0576 5
54.1577 5
54.2577 5
54.3578 5
54.4579 5
54.5579 5
54.658 5
54.7581 5
54.8582 5
54.9582 5
55.0583 5
55.1584 5
55.2585 5
55.3585 5
55.4586 5
55.5587 5
55.6588 5
55.7589 5
55.859 5
55.9591 5
56.0592 4
56.1592 4
56.2593 4
56.3594 4
56.4595 4
56.5596 4
56.6597 4
56.7598 4
56.8598 4
56.9599 4
57.06 4
57.1601 4
57.2602 4
57.3603 4
57.4603 4
57.5604 4
57.6605 4
57.7606 4
57.8607 4
57.9608 4
58.0609 4
58.1609 4
58.261 4
58.3611 4
58.4612 4
58.5612 4
58.6613 4
58.7614 4
58.8615 4
58.9616 4
59.0616 4
59.1617 4
59.2618 4
59.3619 4
59.4619 4
59.562 4
59.6621 4
59.7622 4
59.8622 4
59.9623 4
60.0624 3
60.1625 3
60.2626 3
60.3627 3
60.4628 3
60.5628 3
60.6629 3
60.763 3
60.8631 3
60.9637 3
61.0641 3
61.1644 3
61.2645 3
61.3646 3
61.4648 3
61.5649 3
61.665 3
61.7651 3
61.8652 3
61.9654 3
62.0655 3
62.1656 3
62.2667 3
62.3667 3
62.4668 3
62.5669 3
62.667 3
62.7671 3
62.8671 3
62.9672 3
63.0673 3
63.1674 3
63.2674 3
63.3675 3
63.4676 3
63.5677 3
63.6678 3
63.7679 3
63.868 3
63.9681 3
64.0682 4
64.1683 4
64.2683 4
64.3684 4
64.4685 4
64.5686 4
64.6687 4
64.7688 4
64.8689 4
64.9689 4
65.069 4
65.1691 4
65.2692 4
65.3693 4
65.4694 4
65.5694 4
65.6695 4
65.7696 4
65.8697 4
65.9698 4
66.0699 4
66.17 4
66.2701 4
66.3702 4
66.4703 4
66.5704 4
66.6705 4
66.7706 4
66.8706 4
66.9707 4
67.0708 4
67.1709 4
67.271 4
67.3711 4
67.4712 4
67.5713 4
67.6714 4
67.7715 4
67.8716 4
67.9717 4
68.0718 5
68.1719 5
68.272 5
68.3721 5
68.4722 5
68.5723 5
68.6724 5
68.7725 5
68.8726 5
68.9726 5
69.0727 5
69.1728 5
69.2729 5
69.3729 5
69.473 5
69.5731 5
69.6732 5
69.7732 5
69.8733 5
69.9734 5
70.0735 5
70.1735 5
70.2736 5
70.3737 5
70.4738 5
70.5739 5
70.6739 5
70.774 5
70.8741 5
70.9742 5
71.0742 5
71.1743 5
71.2744 5
71.3745 5
71.4746 5
71.5747 5
71.6749 5
71.775 5
71.875 5
71.9751 5
72.0751 6
72.1752 6
72.2753 6
72.3758 6
72.4759 6
72.576 6
72.6761 6
72.7762 6
72.8763 6
72.9763 6
73.0764 6
73.1765 6
73.2766 6
73.3767 6
73.4767 6
73.5768 6
73.6769 6
73.777 6
73.8771 6
73.9772 6
