1.113e-06 0
0.100838 0
0.200949 0
0.301053 0
0.401125 0
0.501193 0
0.601267 0
0.701352 0
0.80146 0
0.901555 0
1.00164 0
1.10173 0
1.2018 0
1.30186 0
1.40195 0
1.50204 0
1.60212 0
1.70222 0
1.80233 0
1.90242 0
2.00251 0
2.1026 0
2.20269 0
2.30276 0
2.40293 0
2.50305 0
2.60314 0
2.70439 0
2.80482 0
2.90564 0
3.00571 0
3.1058 0
3.20671 0
3.30697 0
3.40752 0
3.50764 0
3.60774 0
3.70783 0
3.80795 0
3.90807 0
4.00827 0
4.1084 0
4.20849 0
4.30856 0
4.40863 0
4.50871 0
4.60877 0
4.70884 0
4.80892 0
4.90899 0
5.00907 0
5.10914 0
5.20921 0
5.30929 0
5.40937 0
5.50944 0
5.60951 0
5.7096 0
5.80968 0
5.90976 0
6.00983 0
6.10991 0
6.20997 0
6.31005 0
6.41012 0
6.5102 0
6.61027 0
6.71034 0
6.81043 0
6.9105 0
7.01059 0
7.11066 0
7.21074 0
7.31082 0
7.4109 0
7.51111 0
7.61132 0
7.71139 0
7.81146 0
7.91153 0
8.0116 0
8.11167 0
8.21173 0
8.31181 0
8.41189 0
8.51197 0
8.61205 0
8.71212 0
8.81219 0
8.91227 0
9.01234 0
9.11241 0
9.21249 0
9.3126 0
9.4127 0
9.51278 0
9.61286 0
9.71293 0
9.81301 0
9.91308 0
10.0132 1
10.1132 1
10.2133 1
10.3134 1
10.4135 1
10.5135 1
10.6136 1
10.7137 1
10.8138 1
10.9139 1
11.014 1
11.114 1
11.2141 1
11.3142 1
11.4143 1
11.5144 1
11.6145 1
11.7145 1
11.8146 1
11.9147 1
12.0148 1
12.1149 1
12.215 1
12.3151 1
12.4152 1
12.5153 1
12.6153 1
12.7173 1
12.8175 1
12.9176 1
13.0176 1
13.1178 1
13.2179 1
13.318 1
13.4181 1
13.5182 1
13.6183 1
13.7191 1
13.8192 1
13.9193 1
14.0194 1
14.1203 1
14.2204 1
14.3205 1
14.4206 1
14.5207 1
14.6208 1
14.7209 1
14.8209 1
14.921 1
15.0211 1
15.1211 1
15.2212 1
15.3213 1
15.4213 1
15.5214 1
15.6216 1
15.7217 1
15.8218 1
15.9218 1
16.0219 1
16.122 1
16.2221 1
16.3221 1
16.4222 1
16.5223 1
16.6224 1
16.7224 1
16.8225 1
16.9226 1
17.0227 1
17.1227 1
17.2228 1
17.3229 1
17.423 1
17.523 1
17.6231 1
17.7232 1
17.8233 1
17.9233 1
18.0234 1
18.1235 1
18.2236 1
18.3237 1
18.4238 1
18.5239 1
18.624 1
18.724 1
18.8241 1
18.9242 1
19.0243 1
19.1243 1
19.2244 1
19.3245 1
19.4246 1
19.5247 1
19.6248 1
19.725 1
19.8251 1
19.9252 1
20.0253 2
20.1253 2
20.2254 2
20.3255 2
20.4256 2
20.5257 2
20.6257 2
20.7259 2
20.826 2
20.9261 2
21.0262 2
21.1263 2
21.2263 2
21.3264 2
21.4265 2
21.5266 2
21.6267 2
21.7267 2
21.8268 2
21.9269 2
22.027 2
22.127 2
22.2271 2
22.3272 2
22.4273 2
22.5274 2
22.6275 2
22.7276 2
22.8277 2
22.9278 2
23.0284 2
23.1285 2
23.2294 2
23.3294 2
23.4302 2
23.5303 2
23.6304 2
23.7305 2
23.8307 2
23.932 2
24.0321 2
24.1325 2
24.2326 2
24.3329 2
24.433 2
24.5331 2
24.6331 2
24.7332 2
24.8333 2
24.9334 2
25.0335 2
25.1336 2
25.2337 2
25.3338 2
25.4338 2
25.5339 2
25.634 2
25.734 2
25.8341 2
25.9342 2
26.0343 2
26.1343 2
26.2344 2
26.3345 2
26.4346 2
26.5346 2
26.6347 2
26.7348 2
26.8349 2
26.9349 2
27.0351 2
27.1352 2
27.2353 2
27.3354 2
27.4355 2
27.5356 2
27.6356 2
27.7357 2
27.8358 2
27.9359 2
28.036 2
28.136 2
28.2361 2
28.3362 2
28.4362 2
28.5363 2
28.6364 2
28.7365 2
28.8366 2
28.9366 2
29.0367 2
29.1368 2
29.2369 2
29.3369 2
29.437 2
29.5371 2
29.6371 2
29.7372 2
29.8373 2
29.9373 2
30.0374 3
30.1375 3
30.2375 3
30.3376 3
30.4377 3
30.5377 3
30.6378 3
30.7379 3
30.8379 3
30.938 3
31.0381 3
31.1381 3
31.2382 3
31.3383 3
31.4384 3
31.5385 3
31.6386 3
31.7387 3
31.8388 3
31.9389 3
32.0389 3
32.139 3
32.2391 3
32.3392 3
32.4392 3
32.5393 3
32.6394 3
32.7395 3
32.8396 3
32.9396 3
33.0397 3
33.1402 3
33.2411 3
33.3412 3
33.4413 3
33.5414 3
33.6423 3
33.7428 3
33.8428 3
33.9437 3
34.0441 3
34.1446 3
34.2447 3
34.3447 3
34.4448 3
34.5449 3
34.645 3
34.7451 3
34.8452 3
34.9453 3
35.0454 3
35.1455 3
35.2456 3
35.3456 3
35.4457 3
35.5458 3
35.6459 3
35.746 3
35.846 3
35.9461 3
36.0462 3
36.1463 3
36.2464 3
36.3465 3
36.4466 3
36.5466 3
36.6467 3
36.7468 3
36.8469 3
36.947 3
37.047 3
37.1471 3
37.2472 3
37.3473 3
37.4473 3
37.5474 3
37.6475 3
37.7475 3
37.8476 3
37.9477 3
38.0478 3
38.1478 3
38.2479 3
38.348 3
38.4481 3
38.5481 3
38.6482 3
38.7483 3
38.8484 3
38.9484 3
39.0485 3
39.1486 3
39.2487 3
39.3488 3
39.4489 3
39.549 3
39.6491 3
39.7492 3
39.8492 3
39.9493 3
40.0494 4
40.1495 4
40.2495 4
40.3496 4
40.4498 4
40.5499 4
40.65 4
40.75 4
40.8501 4
40.9502 4
41.0503 4
41.1504 4
41.2504 4
41.3505 4
41.4506 4
41.5506 4
41.6507 4
41.7508 4
41.8509 4
41.951 4
42.0511 4
42.1511 4
42.2512 4
42.3513 4
42.4514 4
42.5515 4
42.6516 4
42.7517 4
42.8517 4
42.9518 4
43.0519 4
43.152 4
43.252 4
43.3522 4
43.4523 4
43.5523 4
43.6524 4
43.7525 4
43.8542 4
43.9544 4
44.0546 4
44.1552 4
44.2557 4
44.3561 4
44.4562 4
44.5563 4
44.6564 4
44.7565 4
44.8566 4
44.9567 4
45.0568 4
45.1569 4
45.2569 4
45.357 4
45.4571 4
45.5571 4
45.6572 4
45.7573 4
45.8574 4
45.9575 4
46.0575 4
46.1577 4
46.2578 4
46.3578 4
46.4579 4
46.558 4
46.658 4
46.7581 4
46.8582 4
46.9583 4
47.0583 4
47.1584 4
47.2585 4
47.3586 4
47.4586 4
47.5587 4
47.6588 4
47.7589 4
47.8589 4
47.959 4
48.0591 4
48.1592 4
48.2593 4
48.3594 4
48.4595 4
48.5596 4
48.6596 4
48.7597 4
48.8598 4
48.9599 4
49.0599 4
49.16 4
49.2601 4
49.3602 4
49.4603 4
49.5603 4
49.6604 4
49.7605 4
49.8606 4
49.9607 4
50.0607 3
50.1608 3
50.2609 3
50.361 3
50.4611 3
50.5612 3
50.6613 3
50.7613 3
50.8614 3
50.9615 3
51.0616 3
51.1617 3
51.2618 3
51.3619 3
51.4619 3
51.562 3
51.6621 3
51.7622 3
51.8623 3
51.9623 3
52.0624 3
52.1625 3
52.2625 3
52.3626 3
52.4627 3
52.5628 3
52.6628 3
52.7629 3
52.863 3
52.9631 3
53.0631 3
53.1632 3
53.2633 3
53.3637 3
53.4639 3
53.564 3
53.6641 3
53.7651 3
53.8655 3
53.9656 3
54.0657 3
54.1658 3
54.2659 3
54.3666 3
54.4672 3
54.5682 3
54.6683 3
54.7683 3
54.8685 3
54.9685 3
55.0686 3
55.1687 3
55.2688 3
55.3689 3
55.4689 3
55.569 3
55.6691 3
55.7692 3
55.8692 3
55.9693 3
56.0694 3
56.1695 3
56.2695 3
56.3696 3
56.4697 3
56.5698 3
56.6698 3
56.7699 3
56.87 3
56.97 3
57.0701 3
57.1702 3
57.2703 3
57.3704 3
57.4704 3
57.5705 3
57.6706 3
57.7706 3
57.8707 3
57.9708 3
58.0709 3
58.171 3
58.2711 3
58.3712 3
58.4713 3
58.5713 3
58.6714 3
58.7715 3
58.8716 3
58.9717 3
59.0718 3
59.1719 3
59.2719 3
59.372 3
59.4721 3
59.5722 3
59.6723 3
59.7723 3
59.8724 3
59.9725 3
60.0726 4
60.1726 4
60.2727 4
60.3728 4
60.4729 4
60.5729 4
60.673 4
60.7731 4
60.8732 4
60.9732 4
61.0733 4
61.1734 4
61.2735 4
61.3736 4
61.4737 4
61.5737 4
61.6738 4
61.7739 4
61.874 4
61.9741 4
62.0741 4
62.1742 4
62.2743 4
62.3744 4
62.4745 4
62.5746 4
62.6747 4
62.7748 4
62.8749 4
62.9749 4
63.075 4
63.1751 4
63.2752 4
63.3752 4
63.4753 4
63.5754 4
63.6755 4
63.7756 4
63.8758 4
63.9765 4
64.0766 4
64.1766 4
64.2767 4
64.3768 4
64.4769 4
64.5778 4
64.6783 4
64.7786 4
64.8792 4
64.9793 4
65.0794 4
65.1794 4
65.2795 4
65.3796 4
65.4797 4
65.5797 4
65.6798 4
65.7799 4
65.88 4
65.9801 4
66.0802 4
66.1803 4
66.2803 4
66.3804 4
66.4805 4
66.5806 4
66.6807 4
66.7807 4
66.8808 4
66.9809 4
67.081 4
67.1811 4
67.2812 4
67.3812 4
67.4813 4
67.5814 4
67.6815 4
67.7816 4
67.8817 4
67.9818 4
68.0818 4
68.182 4
68.282 4
68.3821 4
68.4822 4
68.5823 4
68.6824 4
68.7825 4
68.8826 4
68.9827 4
69.0828 4
69.1829 4
69.2829 4
69.383 4
69.4831 4
69.5832 4
69.6832 4
69.7833 4
69.8834 4
69.9835 4
70.0835 3
70.1836 3
70.2837 3
70.3838 3
70.4839 3
70.584 3
70.6841 3
70.7842 3
70.8842 3
70.9843 3
71.0844 3
71.1845 3
71.2845 3
71.3846 3
71.4847 3
71.5847 3
71.6848 3
71.7849 3
71.885 3
71.9851 3
72.0852 3
72.1853 3
72.2853 3
72.3854 3
72.4855 3
72.5856 3
72.6856 3
72.7857 3
72.8858 3
72.9859 3
73.0859 3
73.186 3
73.2861 3
73.3862 3
73.4863 3
73.5864 3
73.6865 3
73.7866 3
73.887 3
73.9871 3
74.0877 3
74.1878 3
74.2879 3
74.388 3
74.4881 3
74.5881 3
74.6882 3
74.7885 3
74.8886 3
74.9889 3
75.089 3
75.1891 3
75.2892 3
75.3893 3
75.4894 3
75.5895 3
75.6896 3
75.7897 3
75.8898 3
75.9899 3
76.09 3
76.1901 3
76.2902 3
76.3903 3
76.4904 3
76.5905 3
76.6906 3
76.7906 3
76.8907 3
76.9908 3
77.0909 3
77.1911 3
77.2912 3
77.3913 3
77.4914 3
77.5915 3
77.6916 3
77.7916 3
77.8917 3
77.9918 3
78.0918 3
78.1919 3
78.292 3
78.3921 3
78.4922 3
78.5923 3
78.6923 3
78.7924 3
78.8925 3
78.9926 3
79.0926 3
79.1927 3
79.2928 3
79.3929 3
79.4929 3
79.593 3
79.6931 3
79.7931 3
79.8932 3
79.9933 3
80.0934 3
80.1935 3
80.2936 3
80.3937 3
80.4938 3
80.5938 3
80.6939 3
80.794 3
80.8941 3
80.9942 3
81.0943 3
81.1943 3
81.2944 3
81.3945 3
81.4946 3
81.5946 3
81.6947 3
81.7948 3
81.8949 3
81.995 3
82.0951 3
82.1952 3
82.2953 3
82.3953 3
82.4954 3
82.5955 3
82.6956 3
82.7957 3
82.8958 3
82.9959 3
83.0959 3
83.196 3
83.2961 3
83.3962 3
83.4963 3
83.5964 3
83.697 3
83.7971 3
83.8973 3
83.9976 3
84.0978 3
84.1978 3
84.2979 3
84.4073 3
84.5079 3
84.608 3
84.7084 3
84.8085 3
84.9086 3
85.0087 3
85.1089 3
85.2091 3
85.3092 3
85.4092 3
85.5093 3
85.6094 3
85.7095 3
85.8096 3
85.9097 3
86.0098 3
86.1098 3
86.2099 3
86.31 3
86.4101 3
86.5102 3
86.6103 3
86.7104 3
86.8105 3
86.9106 3
87.0106 3
87.1107 3
87.2108 3
87.3109 3
87.411 3
87.511 3
87.6111 3
87.7112 3
87.8113 3
87.9114 3
88.0114 3
88.1115 3
88.2116 3
88.3117 3
88.4118 3
88.5119 3
88.6119 3
88.712 3
88.8121 3
88.9122 3
89.0123 3
89.1123 3
89.2124 3
89.3125 3
89.4126 3
89.5127 3
89.6128 3
89.7129 3
89.813 3
89.913 3
90.0131 4
90.1132 4
90.2133 4
90.3134 4
90.4135 4
90.5135 4
90.6136 4
90.7137 4
90.8138 4
90.9139 4
91.014 4
91.1141 4
91.2142 4
91.3143 4
91.4144 4
91.5145 4
91.6146 4
91.7146 4
91.8147 4
91.9148 4
92.0149 4
92.1149 4
92.215 4
92.3151 4
92.4152 4
92.5153 4
92.6153 4
92.7154 4
92.8155 4
92.9156 4
93.0157 4
93.1158 4
93.2158 4
93.3159 4
93.416 4
93.5161 4
93.6162 4
93.7162 4
93.8163 4
93.9164 4
94.0165 4
94.1181 4
94.2184 4
94.3185 4
94.4193 4
94.5194 4
94.6199 4
94.72 4
94.8201 4
94.9203 4
95.0204 4
95.1218 4
95.2219 4
95.322 4
95.4221 4
95.5221 4
95.6222 4
95.7223 4
95.8224 4
95.9225 4
96.0226 4
96.1227 4
96.2228 4
96.3228 4
96.4229 4
96.523 4
