2.555e-06 0
0.100561 0
0.200655 0
0.300738 0
0.40081 0
0.50088 0
0.600948 0
0.701012 0
0.801087 0
0.901158 0
1.00123 0
1.10131 0
1.20138 0
1.30145 0
1.40152 0
1.5016 1
1.60168 1
1.70175 1
1.80184 1
1.90191 1
2.00198 1
2.10205 1
2.20212 1
2.30221 1
2.40228 1
2.50235 1
2.60243 1
2.7025 6
2.80257 16
2.90264 26
3.00273 29
3.10281 29
3.20289 29
3.30297 29
3.40305 23
3.50314 13
3.60323 3
3.7033 1
3.80337 1
3.90345 1
4.00353 1
4.10361 1
4.20371 1
4.30379 1
4.40387 1
4.50395 1
4.60403 1
4.70412 1
4.80419 1
4.90446 1
5.00455 1
5.10464 1
5.20471 5
5.30497 11
5.40506 11
5.50517 11
5.60532 11
5.70563 11
5.806 11
5.90608 11
6.00615 11
6.10648 11
6.20657 11
6.30666 11
6.40674 11
6.50683 11
6.6069 11
6.70697 11
6.80705 11
6.90712 11
7.00719 11
7.10726 11
7.20733 11
7.30741 11
7.40748 11
7.50757 11
7.60766 11
7.70773 11
7.80781 11
7.90789 11
8.00797 2
8.10805 1
8.20812 1
8.30819 1
8.40827 1
8.50834 1
8.60842 1
8.70849 1
8.80858 1
8.90866 1
9.00873 1
9.10881 1
9.20889 1
9.309 1
9.40908 1
9.50915 1
9.60923 1
9.7093 1
9.80938 1
9.90949 1
10.0096 1
10.1097 1
10.2098 1
10.3099 1
10.41 1
10.5101 1
10.6102 1
10.7103 1
10.8104 1
10.9105 1
11.0106 1
11.1107 1
11.2108 1
11.3108 1
11.4109 1
11.511 1
11.6111 1
11.7112 2
11.8113 2
11.9114 3
12.0115 3
12.1116 3
12.2117 3
12.3118 3
12.4119 3
12.512 3
12.6121 3
12.7122 3
12.8123 3
12.9124 3
13.0125 3
13.1126 3
13.2126 3
13.3127 3
13.4128 3
13.5129 3
13.613 3
13.713 3
13.8131 3
13.9132 3
14.0133 3
14.1134 3
14.2135 3
14.3135 3
14.4136 3
14.5137 3
14.6138 3
14.7138 3
14.8139 3
14.914 3
15.014 3
15.1142 3
15.2142 3
15.3143 3
15.4149 3
15.515 3
15.615 3
15.7155 3
15.8156 3
15.916 3
16.0161 3
16.1162 3
16.2163 3
16.3164 1
16.4165 1
16.5166 1
16.6167 1
16.7168 1
16.8169 1
16.917 1
17.017 1
17.1171 1
17.2172 1
17.3173 1
17.4174 1
17.5174 1
17.6175 1
17.7176 1
17.8176 1
17.9177 1
18.0178 1
18.1179 1
18.2179 1
18.318 1
18.4181 1
18.5182 1
18.6183 1
18.7183 1
18.8184 1
18.9185 1
19.0186 1
19.1187 1
19.2187 1
19.3188 1
19.4189 1
19.519 1
19.6191 1
19.7191 1
19.8192 1
19.9193 1
20.0193 1
20.1194 1
20.2195 1
20.3196 1
20.4196 1
20.5197 1
20.6198 1
20.7199 3
20.82 3
20.92 3
21.0201 3
21.1202 3
21.2203 3
21.3204 3
21.4205 3
21.5206 3
21.6206 3
21.7207 3
21.8208 3
21.9208 3
22.0209 3
22.121 3
22.2211 3
22.3212 3
22.4212 3
22.5213 3
22.6214 3
22.7215 3
22.8216 3
22.9216 3
23.0217 3
23.1218 3
23.2219 3
23.322 4
23.422 5
23.5221 5
23.6222 6
23.7223 9
23.8223 9
23.9224 9
24.0225 9
24.1226 9
24.2226 9
24.3227 9
24.4229 9
24.5229 9
24.623 9
24.7231 9
24.8232 9
24.9233 9
25.0233 9
25.1234 9
25.2235 9
25.3236 9
25.4237 9
25.5238 9
25.6239 9
25.7244 9
25.8246 9
25.9247 9
26.0254 9
26.1255 9
26.2255 9
26.3256 9
26.4259 9
26.526 9
26.6261 9
26.7261 9
26.8262 9
26.9263 9
27.0264 9
27.1264 9
27.2265 9
27.3266 9
27.4267 9
27.5267 9
27.6268 9
27.7269 9
27.8269 9
27.927 9
28.0271 9
28.1272 9
28.2272 9
28.3273 9
28.4274 9
28.5274 9
28.6275 9
28.7276 9
28.8276 9
28.9277 9
29.0278 9
29.1278 9
29.2279 9
29.328 9
29.428 9
29.5281 9
29.6282 9
29.7283 9
29.8283 7
29.9284 1
30.0285 1
30.1286 1
30.2286 1
30.3287 1
30.4288 1
30.5289 1
30.6289 1
30.729 1
30.8291 1
30.9292 1
31.0292 1
31.1293 1
31.2294 1
31.3295 1
31.4295 1
31.5296 1
31.6297 1
31.7298 1
31.8299 1
31.9299 1
32.03 1
32.1301 1
32.2302 1
32.3302 1
32.4303 1
32.5304 1
32.6304 1
32.7305 1
32.8306 1
32.9307 1
33.0308 1
33.1308 1
33.2309 1
33.331 1
33.4311 1
33.5311 1
33.6312 1
33.7313 1
33.8314 1
33.9314 1
34.0315 1
34.1316 1
34.2317 1
34.3317 2
34.4318 3
34.5319 3
34.632 3
34.732 3
34.8321 3
34.9322 3
35.0323 3
35.1324 3
35.2325 3
35.3326 3
35.4327 3
35.5328 3
35.6329 3
35.733 3
35.8331 3
35.9332 3
36.0333 3
36.1338 3
36.2339 3
36.334 3
36.4341 3
36.5343 3
36.6346 3
36.7347 3
36.8348 3
36.9349 3
37.035 3
37.1351 3
37.2351 3
37.3352 3
37.4353 3
37.5354 3
37.6354 3
37.7355 3
37.8356 3
37.9357 3
38.0358 3
38.1358 3
38.2359 3
38.336 3
38.4361 3
38.5362 3
38.6362 3
38.7363 1
38.8364 1
38.9365 1
39.0365 1
39.1366 1
39.2368 1
39.3368 1
39.4369 1
39.537 1
39.6371 1
39.7372 1
39.8372 1
39.9373 1
40.0374 1
40.1375 1
40.2376 1
40.3376 1
40.4377 1
40.5378 1
40.6379 1
40.7379 1
40.838 1
40.9382 1
41.0384 1
41.1385 1
41.2386 1
41.3387 1
41.4388 1
41.5388 1
41.6389 1
41.739 1
41.8391 1
41.9391 1
42.0392 1
42.1393 1
42.2394 1
42.3395 1
42.4395 1
42.5396 1
42.6397 1
42.7398 1
42.8399 1
42.9399 1
43.04 3
43.1401 3
43.2402 3
43.3403 3
43.4404 3
43.5405 3
43.6406 3
43.7406 3
43.8407 3
43.9408 3
44.0409 3
44.1409 5
44.241 5
44.3411 5
44.4412 5
44.5412 5
44.6413 5
44.7414 5
44.8415 5
44.9416 5
45.0416 5
45.1417 5
45.2418 6
45.3423 10
45.4424 10
45.543 10
45.6435 10
45.7441 10
45.8441 10
45.9442 10
46.0443 10
46.1444 10
46.2445 10
46.3446 10
46.4447 10
46.5447 10
46.6449 10
46.745 10
46.8451 10
46.9452 10
47.0452 10
47.1453 10
47.2454 10
47.3455 10
47.4456 10
47.5456 10
47.6457 10
47.7458 10
47.8459 10
47.9459 10
48.046 10
48.1461 10
48.2462 10
48.3463 10
48.4463 10
48.5464 10
48.6465 10
48.7466 10
48.8467 10
48.9467 10
49.0468 10
49.1469 10
49.247 10
49.3471 10
49.4471 10
49.5472 10
49.6473 10
49.7474 10
49.8475 4
49.9476 4
50.0476 4
50.1477 4
50.2478 4
50.3479 4
50.4479 4
50.548 4
50.6481 4
50.7482 4
50.8483 4
50.9483 4
51.0484 4
51.1485 4
51.2485 4
51.3486 4
51.4487 1
51.5488 1
51.6489 1
51.749 1
51.849 1
51.9491 1
52.0492 1
52.1493 1
52.2494 1
52.3495 1
52.4496 1
52.5496 1
52.6497 1
52.7499 1
52.85 1
52.9501 1
53.0502 1
53.1503 1
53.2504 1
53.3505 1
53.4506 1
53.5506 1
53.6507 1
53.7508 1
53.8509 1
53.951 1
54.051 1
54.1511 1
