1.975e-06 0
0.10041 0
0.20052 0
0.300615 0
0.400702 0
0.500816 0
0.601814 0
0.702193 0
0.802482 0
0.902559 0
1.00269 0
1.10278 0
1.20291 0
1.30301 0
1.40311 0
1.5032 0
1.60327 0
1.70335 0
1.80342 0
1.90349 0
2.00358 1
2.10366 1
2.20373 1
2.30381 1
2.40388 1
2.50396 1
2.60404 1
2.70413 1
2.80421 1
2.90428 1
3.00436 2
3.10443 2
3.20453 2
3.30461 2
3.40469 2
3.50476 2
3.60484 2
3.70492 2
3.80499 2
3.90508 2
4.00516 3
4.10524 3
4.20533 3
4.30541 3
4.40548 3
4.50556 3
4.60564 3
4.70572 3
4.8058 3
4.90588 3
5.00596 4
5.10604 4
5.20611 4
5.30618 4
5.40626 4
5.50635 4
5.60644 4
5.70651 4
5.80659 4
5.90666 4
6.00673 5
6.10681 5
6.20687 5
6.30696 5
6.40703 5
6.5071 5
6.60717 5
6.70725 5
6.80732 5
6.9074 5
7.00747 6
7.10754 6
7.20761 6
7.30768 6
7.40776 6
7.50786 6
7.60793 6
7.708 6
7.80807 6
7.90815 6
8.00822 7
8.10828 7
8.20836 7
8.30843 7
8.4085 7
8.50857 7
8.60864 7
8.70872 7
8.8088 7
8.90888 7
9.00895 8
9.10904 8
9.20912 8
9.30919 8
9.40926 8
9.50933 8
9.6094 8
9.70947 8
9.80979 8
9.91059 8
10.0107 9
10.1108 9
10.2109 9
10.3113 9
10.4114 9
10.5117 9
10.6118 9
10.712 9
10.8121 9
10.9125 9
11.0127 10
11.1129 10
11.213 10
11.3131 10
11.4132 10
11.5133 10
11.6134 10
11.7134 10
11.8135 10
11.9136 10
12.0137 10
12.1137 10
12.2138 10
12.3139 10
12.414 10
12.514 10
12.6141 10
12.7142 10
12.8143 10
12.9143 10
13.0144 9
13.1145 9
13.2146 9
13.3146 9
13.4147 9
13.5148 9
13.6149 9
13.7149 9
13.815 9
13.9151 9
14.0152 8
14.1152 8
14.2153 8
14.3154 8
14.4155 8
14.5156 8
14.6156 8
14.7157 8
14.8158 8
14.9159 8
15.0159 7
15.1193 7
15.2194 7
15.3195 7
15.4196 7
15.5197 7
15.6198 7
15.7198 7
15.8199 7
15.92 7
16.0201 6
16.1201 6
16.2202 6
16.3203 6
16.4204 6
16.5204 6
16.6205 6
16.7206 6
16.8207 6
16.9208 6
17.0208 5
17.1209 5
17.221 5
17.3211 5
17.4212 5
17.5212 5
17.6213 5
17.7214 5
17.8214 5
17.9215 5
18.0216 4
18.1217 4
18.2218 4
18.3218 4
18.4219 4
18.522 4
18.6221 4
18.7221 4
18.8222 4
18.9223 4
19.0224 3
19.1224 3
19.2225 3
19.3226 3
19.4227 3
19.5227 3
19.6228 3
19.7229 3
19.8229 3
19.923 3
20.0231 2
20.1232 2
20.2233 2
20.3234 2
20.4235 2
20.5236 2
20.6237 2
20.7238 2
20.8239 2
20.924 2
21.0241 1
21.1246 1
21.2246 1
21.3247 1
21.4248 1
21.5249 1
21.625 1
21.7251 1
21.8251 1
21.9252 1
22.0253 1
22.1254 1
22.2255 1
22.3256 1
22.4257 1
22.5258 1
22.6258 1
22.7259 1
22.826 1
22.9261 1
23.0261 1
23.1262 1
23.2263 1
23.3264 1
23.4265 1
23.5265 1
23.6266 1
23.7267 1
23.8268 1
23.9269 1
24.027 1
24.1271 1
24.2271 1
24.3272 1
24.4273 1
24.5274 1
24.6275 1
24.7275 1
24.8276 1
24.9277 1
25.0278 1
25.1278 1
25.2279 1
25.328 1
25.4281 1
25.5281 1
25.6282 1
25.7283 1
25.8284 1
25.9284 1
26.0285 2
26.1286 2
26.2287 2
26.3287 2
26.4288 2
26.5289 2
26.629 2
26.729 2
26.8291 2
26.9292 2
27.0293 3
27.1293 3
27.2294 3
27.3295 3
27.4296 3
27.5296 3
27.6297 3
27.7298 3
27.8299 3
27.9299 3
28.03 4
28.1301 4
28.2302 4
28.3303 4
28.4303 4
28.5304 4
28.6305 4
28.7306 4
28.8306 4
28.9307 4
29.0308 5
29.1309 5
29.231 5
29.3311 5
29.4312 5
29.5313 5
29.6313 5
29.7314 5
29.8315 5
29.9316 5
30.0321 6
30.1322 6
30.2323 6
30.3329 6
30.4329 6
30.5331 6
30.6332 6
30.7333 6
30.8334 6
30.9335 6
31.0336 7
31.1338 7
31.234 7
31.3341 7
31.4346 7
31.5347 7
31.6348 7
31.7349 7
31.8349 7
31.935 7
32.0351 8
32.1352 8
32.2353 8
32.3353 8
32.4354 8
32.5355 8
32.6356 8
32.7356 8
32.8357 8
32.9358 8
33.0359 9
33.1359 9
33.236 9
33.3361 9
33.4362 9
33.5363 9
33.6363 9
33.7364 9
33.8365 9
33.9365 9
34.0366 10
34.1367 10
34.2368 10
34.3368 10
34.4369 10
34.537 10
34.6371 10
34.7371 10
34.8372 10
34.9373 10
35.0374 10
35.1374 10
35.2375 10
35.3376 10
35.4377 10
35.5377 10
35.6378 10
35.7379 10
35.838 10
35.938 10
36.0381 9
36.1382 9
36.2383 9
36.3384 9
36.4384 9
36.5385 9
36.6386 9
36.7387 9
36.8387 9
36.9388 9
37.0389 8
37.1389 8
37.239 8
37.3391 8
37.4392 8
37.5392 8
37.6393 8
37.7394 8
37.8394 8
37.9395 8
38.0396 7
38.1396 7
38.2397 7
38.3398 7
38.4398 7
38.5399 7
38.64 7
38.74 7
38.8401 7
38.9402 7
39.0402 6
39.1403 6
39.2404 6
39.3405 6
39.4405 6
39.5406 6
39.6407 6
39.7407 6
39.8408 6
39.9409 6
40.041 5
40.141 5
40.2412 5
40.3413 5
40.4416 5
40.542 5
40.642 5
40.7421 5
40.8422 5
40.9423 5
41.0477 4
41.1478 4
41.2479 4
41.3487 4
41.4488 4
41.5489 4
41.649 4
41.7491 4
41.8492 4
41.9493 4
42.0494 3
42.1495 3
42.2495 3
42.3496 3
42.4497 3
42.5498 3
42.6498 3
42.7499 3
42.85 3
42.9501 3
43.0502 2
43.1503 2
43.2504 2
43.3504 2
43.4505 2
43.5506 2
43.6507 2
43.7508 2
43.8508 2
43.9509 2
44.051 1
44.1511 1
44.2512 1
44.3513 1
44.4514 1
44.5514 1
44.6515 1
44.7516 1
44.8517 1
44.9518 1
45.0519 1
45.1519 1
45.252 1
45.3521 1
45.4522 1
45.5522 1
45.6523 1
45.7524 1
45.8525 1
45.9525 1
46.0526 1
46.1527 1
46.2528 1
46.3529 1
46.4529 1
46.553 1
46.6531 1
46.7532 1
46.8532 1
46.9533 1
47.0534 1
47.1535 1
47.2536 1
47.3536 1
47.4537 1
47.5538 1
47.6538 1
47.7539 1
47.854 1
47.9541 1
48.0542 1
48.1542 1
48.2543 1
48.3544 1
48.4545 1
48.5545 1
48.6546 1
48.7547 1
48.8548 1
48.9549 1
49.055 1
49.1551 1
49.2552 1
49.3553 1
49.4554 1
49.5554 1
49.6555 1
49.7556 1
49.8557 1
49.9558 1
50.0559 2
50.1559 2
50.2561 2
50.3562 2
50.4567 2
50.5568 2
50.6569 2
50.757 2
50.8571 2
50.9572 2
51.0576 3
51.1577 3
51.2578 3
51.3578 3
51.4581 3
51.5582 3
51.6583 3
51.7584 3
51.8585 3
51.9586 3
52.0587 4
52.1588 4
52.2589 4
52.359 4
52.459 4
52.5591 4
52.6592 4
52.7592 4
52.8593 4
52.9594 4
53.0595 5
53.1595 5
53.2596 5
53.3597 5
53.4597 5
53.5598 5
53.6599 5
53.76 5
53.86 5
53.9601 5
54.0602 6
54.1603 6
54.2604 6
54.3604 6
54.4605 6
54.5606 6
54.6606 6
54.7607 6
54.8608 6
54.9609 6
55.0609 7
55.161 7
55.2611 7
55.3612 7
55.4612 7
55.5613 7
55.6614 7
55.7615 7
55.8616 7
55.9617 7
56.0617 8
56.1618 8
56.2619 8
56.362 8
56.462 8
56.5621 8
56.6622 8
56.7623 8
56.8624 8
56.9625 8
57.0626 9
57.1627 9
57.2628 9
57.3628 9
57.4629 9
57.563 9
57.6631 9
57.7631 9
57.8632 9
57.9633 9
58.0633 10
58.1634 10
58.2635 10
58.3636 10
58.4636 10
58.5637 10
58.6638 10
58.7639 10
58.8639 10
58.964 10
59.0641 10
59.1642 10
59.2642 10
59.3643 10
59.4644 10
59.5645 10
59.6645 10
59.7646 10
