2.064e-06 0
0.100432 0
0.20052 0
0.30062 0
0.400724 0
0.500821 0
0.601354 0
0.701443 0
0.801566 0
0.901673 0
1.00176 0
1.10189 0
1.20201 0
1.30212 0
1.40221 0
1.5023 0
1.60239 0
1.70248 0
1.80258 0
1.90266 0
2.00273 1
2.10281 1
2.20288 1
2.30296 1
2.40304 1
2.50311 1
2.60319 1
2.70327 1
2.80334 1
2.90344 1
3.00354 1
3.10363 1
3.20372 1
3.30381 1
3.4039 1
3.50397 1
3.60405 1
3.70412 1
3.80421 1
3.90428 1
4.00436 2
4.10443 2
4.2045 2
4.30458 2
4.40465 2
4.50472 2
4.60481 2
4.70488 2
4.80495 2
4.90503 2
5.0051 2
5.10518 2
5.20525 2
5.30534 2
5.40543 2
5.5055 2
5.6056 2
5.70567 2
5.80574 2
5.90583 2
6.00591 3
6.10599 3
6.20606 3
6.30615 3
6.40623 3
6.5063 3
6.60638 3
6.70644 3
6.80652 3
6.90659 3
7.00668 3
7.10677 3
7.20688 3
7.30697 3
7.40706 3
7.50713 3
7.60721 3
7.70728 3
7.80735 3
7.90745 3
8.00755 4
8.10763 4
8.20771 4
8.30778 4
8.40786 4
8.50793 4
8.60801 4
8.70808 4
8.80815 4
8.90822 4
9.0083 4
9.10837 4
9.20845 4
9.30853 4
9.40862 4
9.5087 4
9.60881 4
9.70888 4
9.80896 4
9.90903 4
10.0091 5
10.1092 5
10.2092 5
10.3094 5
10.4095 5
10.5095 5
10.6097 5
10.7097 5
10.8098 5
10.9099 5
11.01 5
11.1101 5
11.2102 5
11.3103 5
11.4104 5
11.5105 5
11.6108 5
11.7109 5
11.811 5
11.9111 5
12.0112 6
12.1113 6
12.2114 6
12.3114 6
12.4115 6
12.5116 6
12.6117 6
12.7117 6
12.8118 6
12.9119 6
13.012 6
13.1121 6
13.2122 6
13.3122 6
13.4123 6
13.5124 6
13.6125 6
13.7126 6
13.8127 6
13.9127 6
14.0128 7
14.1129 7
14.213 7
14.313 7
14.4131 7
14.5132 7
14.6133 7
14.7134 7
14.8134 7
14.9135 7
15.0136 7
15.1137 7
15.2137 7
15.3138 7
15.4139 7
15.514 7
15.6141 7
15.7141 7
15.8142 7
15.9143 7
16.0144 7
16.1145 7
16.2146 7
16.3146 7
16.4147 7
16.5148 7
16.6149 7
16.715 7
16.8151 7
16.9151 7
17.0152 7
17.1153 7
17.2154 7
17.3155 7
17.4155 7
17.5156 7
17.6157 7
17.7158 7
17.8158 7
17.9159 7
18.016 6
18.1161 6
18.2162 6
18.3163 6
18.4163 6
18.5164 6
18.6165 6
18.7165 6
18.8166 6
18.9167 6
19.0168 6
19.1169 6
19.217 6
19.3171 6
19.4172 6
19.5174 6
19.6175 6
19.7176 6
19.8176 6
19.9177 6
20.0178 5
20.1179 5
20.218 5
20.3181 5
20.4182 5
20.5183 5
20.6185 5
20.7186 5
20.8187 5
20.9188 5
21.0189 5
21.119 5
21.2191 5
21.3191 5
21.4192 5
21.5196 5
21.6197 5
21.7198 5
21.8199 5
21.92 5
22.02 4
22.1201 4
22.2202 4
22.3203 4
22.4204 4
22.5205 4
22.6206 4
22.7207 4
22.8208 4
22.9208 4
23.021 4
23.1211 4
23.2211 4
23.3212 4
23.4213 4
23.5214 4
23.6215 4
23.7215 4
23.8216 4
23.9217 4
24.0218 3
24.1218 3
24.2219 3
24.322 3
24.4221 3
24.5221 3
24.6222 3
24.7223 3
24.8224 3
24.9225 3
25.0226 3
25.1226 3
25.2227 3
25.3228 3
25.4229 3
25.5229 3
25.623 3
25.7231 3
25.8232 3
25.9232 3
26.0233 2
26.1234 2
26.2235 2
26.3235 2
26.4236 2
26.5237 2
26.6238 2
26.7238 2
26.8239 2
26.924 2
27.0241 2
27.1242 2
27.2242 2
27.3243 2
27.4244 2
27.5244 2
27.6245 2
27.7246 2
27.8247 2
27.9248 2
28.0249 1
28.125 1
28.2251 1
28.3251 1
28.4252 1
28.5253 1
28.6254 1
28.7254 1
28.8255 1
28.9256 1
29.0257 1
29.1258 1
29.2259 1
29.326 1
29.426 1
29.5261 1
29.6262 1
29.7263 1
29.8264 1
29.9265 1
30.0266 1
30.1266 1
30.2267 1
30.3268 1
30.4271 1
30.5272 1
30.6273 1
30.7274 1
30.8275 1
30.9276 1
31.0277 1
31.1278 1
31.2279 1
31.328 1
31.4281 1
31.5287 1
31.6287 1
31.7288 1
31.8289 1
31.929 1
32.0291 2
32.1292 2
32.2293 2
32.3294 2
32.4294 2
32.5295 2
32.6296 2
32.7297 2
32.8297 2
32.9298 2
33.0299 2
33.13 2
33.23 2
33.3301 2
33.4302 2
33.5303 2
33.6303 2
33.7304 2
33.8305 2
33.9306 2
34.0306 3
34.1307 3
34.2308 3
34.3309 3
34.431 3
34.531 3
34.6311 3
34.7312 3
34.8313 3
34.9314 3
35.0314 3
35.1315 3
35.2316 3
35.3317 3
35.4318 3
35.5318 3
35.6319 3
35.732 3
35.832 3
35.9321 3
36.0322 4
36.1323 4
36.2323 4
36.3324 4
36.4325 4
36.5326 4
36.6326 4
36.7327 4
36.8328 4
36.9329 4
37.033 4
37.133 4
37.2331 4
37.3332 4
37.4333 4
37.5334 4
37.6334 4
37.7335 4
37.8336 4
37.9337 4
38.0337 5
38.1338 5
38.2339 5
38.334 5
38.4341 5
38.5342 5
38.6343 5
38.7344 5
38.8345 5
38.9345 5
39.0346 5
39.1347 5
39.2348 5
39.3349 5
39.435 5
39.535 5
39.6351 5
39.7352 5
39.8353 5
39.9354 5
40.0354 6
40.1355 6
40.2356 6
40.3357 6
40.4358 6
40.5359 6
40.636 6
40.7367 6
40.8368 6
40.9369 6
41.037 6
41.1373 6
41.2374 6
41.3377 6
41.4378 6
41.5379 6
41.638 6
41.7381 6
41.8382 6
41.9383 6
42.0384 7
42.1385 7
42.2385 7
42.3386 7
42.4387 7
42.5388 7
42.6388 7
42.7389 7
42.839 7
42.9391 7
43.0392 7
43.1392 7
43.2393 7
43.3394 7
43.4395 7
43.5395 7
43.6396 7
43.7397 7
43.8398 7
43.9398 7
44.0399 7
44.14 7
44.2401 7
44.3402 7
44.4402 7
44.5403 7
44.6404 7
44.7405 7
44.8406 7
44.9406 7
45.0407 7
45.1408 7
45.2409 7
45.341 7
45.4411 7
45.5411 7
45.6412 7
45.7413 7
45.8414 7
45.9414 7
46.0415 6
46.1416 6
46.2417 6
46.3417 6
46.4418 6
46.5419 6
46.642 6
46.742 6
46.8421 6
46.9422 6
47.0423 6
47.1423 6
47.2424 6
47.3425 6
47.4426 6
47.5427 6
47.6427 6
47.7428 6
47.8429 6
47.943 6
48.043 5
48.1431 5
48.2432 5
48.3433 5
48.4433 5
48.5434 5
48.6435 5
48.7436 5
48.8436 5
48.9437 5
49.0438 5
49.1439 5
49.2439 5
49.344 5
49.4441 5
49.5442 5
49.6442 5
49.7443 5
49.8444 5
49.9444 5
50.0445 4
50.1446 4
50.2447 4
50.3447 4
50.4448 4
50.5449 4
50.6449 4
50.7451 4
50.8452 4
50.9453 4
51.0454 4
51.1455 4
51.2457 4
51.3458 4
51.4459 4
51.546 4
51.6461 4
51.7462 4
51.8464 4
51.9465 4
52.0466 3
52.1467 3
52.2468 3
52.3469 3
52.447 3
52.547 3
52.6471 3
52.7472 3
52.8473 3
52.9474 3
53.0475 3
53.1475 3
53.2476 3
53.3477 3
53.4478 3
53.5478 3
53.6479 3
53.748 3
53.848 3
53.9481 3
54.0482 2
54.1483 2
54.2484 2
54.3485 2
54.4486 2
54.5486 2
54.6487 2
54.7488 2
54.8489 2
54.9489 2
55.049 2
55.1491 2
55.2492 2
55.3493 2
55.4493 2
55.5494 2
55.6495 2
55.7496 2
55.8497 2
55.9497 2
56.0498 1
56.1499 1
56.25 1
56.35 1
56.4501 1
56.5502 1
56.6503 1
56.7503 1
56.8504 1
56.9505 1
57.0506 1
57.1507 1
57.2507 1
57.3508 1
57.4509 1
57.551 1
57.6511 1
57.7512 1
57.8513 1
57.9513 1
58.0514 2
58.1515 2
58.2516 2
58.3517 2
58.4517 2
58.5518 2
58.6519 2
58.752 2
58.8521 2
58.9522 2
59.0522 2
59.1523 2
59.2524 2
59.3525 2
59.4526 2
59.5526 2
59.6527 2
59.7528 2
59.8529 2
59.953 2
60.053 3
60.1531 3
60.2532 3
60.3533 3
60.4534 3
60.5534 3
60.6536 3
60.7537 3
60.8538 3
60.954 3
61.0544 3
61.1545 3
61.2551 3
61.3553 3
61.4558 3
61.5558 3
61.6559 3
61.756 3
61.8561 3
61.9562 3
62.0563 4
62.1564 4
62.2565 4
62.3566 4
62.4567 4
62.5568 4
62.6569 4
62.757 4
62.8571 4
62.9571 4
63.0572 4
63.1573 4
63.2574 4
63.3574 4
63.4575 4
63.5576 4
63.6577 4
63.7578 4
63.8578 4
63.9579 4
64.058 5
64.1581 5
64.2581 5
64.3582 5
64.4583 5
64.5584 5
64.6585 5
64.7586 5
64.8586 5
64.9587 5
65.0588 5
65.1589 5
65.259 5
65.359 5
65.4591 5
65.5592 5
65.6593 5
65.7594 5
65.8594 5
65.9595 5
66.0596 6
66.1597 6
66.2597 6
66.3598 6
66.4599 6
66.56 6
66.6601 6
66.7602 6
66.8603 6
66.9604 6
67.0605 6
67.1606 6
67.2607 6
67.3607 6
67.4608 6
67.5609 6
67.661 6
67.761 6
67.8611 6
67.9612 6
68.0613 7
68.1614 7
68.2615 7
68.3616 7
68.4617 7
68.5618 7
68.6618 7
68.7619 7
68.862 7
68.9621 7
69.0622 7
69.1623 7
69.2624 7
69.3625 7
69.4626 7
69.5627 7
69.6627 7
69.7628 7
69.8629 7
69.963 7
70.063 6
70.1631 6
70.2632 6
70.3633 6
