2.174e-06 0
0.100665 0
0.200762 0
0.300841 0
0.400923 0
0.500995 0
0.601067 0
0.701144 0
0.801224 0
0.901301 0
1.00138 0
1.10145 0
1.20153 0
1.30161 0
1.40168 0
1.50176 0
1.60183 0
1.70191 0
1.80198 0
1.90206 0
2.00213 0
2.10221 0
2.20228 0
2.30235 0
2.40243 0
2.5025 0
2.60257 0
2.70266 0
2.80274 0
2.90281 0
3.00289 0
3.10296 0
3.20305 0
3.30313 0
3.40321 0
3.50329 0
3.60338 0
3.70348 0
3.80357 0
3.90367 0
4.00375 0
4.10382 0
4.20389 0
4.30396 0
4.40403 0
4.50411 0
4.60418 0
4.70426 0
4.80435 0
4.90442 0
5.0045 1
5.10457 1
5.20464 1
5.30472 1
5.4048 1
5.50487 1
5.60494 1
5.70501 1
5.80509 1
5.90516 1
6.00527 1
6.10535 1
6.20542 1
6.30549 1
6.40557 1
6.50567 1
6.60577 1
6.70585 1
6.80594 1
6.90603 1
7.00611 1
7.10618 1
7.20742 1
7.30753 1
7.40765 1
7.50774 1
7.60782 1
7.70813 1
7.8082 1
7.90881 1
8.00891 1
8.1095 1
8.20959 1
8.30968 1
8.4098 1
8.51054 1
8.61061 1
8.71068 1
8.81077 1
8.91085 1
9.01092 1
9.111 1
9.21107 1
9.31115 1
9.41122 1
9.51129 1
9.61137 1
9.71145 1
9.81152 1
9.91159 1
10.0117 2
10.1117 2
10.2118 2
10.3119 2
10.412 2
10.512 2
10.6121 2
10.7122 2
10.8123 2
10.9124 2
11.0125 2
11.1125 2
11.2126 2
11.3127 2
11.4128 2
11.5128 2
11.6129 2
11.713 2
11.8131 2
11.9132 2
12.0133 2
12.1134 2
12.2136 2
12.3137 2
12.4137 2
12.5138 2
12.6139 2
12.714 2
12.814 2
12.9141 2
13.0142 2
13.1143 2
13.2143 2
13.3144 2
13.4145 2
13.5146 2
13.6147 2
13.7148 2
13.8149 2
13.915 2
14.0151 2
14.1152 2
14.2153 2
14.3154 2
14.4155 2
14.5156 2
14.6157 2
14.7158 2
14.8159 2
14.916 2
15.0161 3
15.1161 3
15.2162 3
15.3163 3
15.4164 3
15.5164 3
15.6194 3
15.7194 3
15.8195 3
15.9196 3
16.0196 3
16.1197 3
16.2198 3
16.3199 3
16.4199 3
16.52 3
16.6201 3
16.7202 3
16.8203 3
16.9204 3
17.0205 3
17.1206 3
17.2207 3
17.3208 3
17.421 3
17.5211 3
17.6212 3
17.7218 3
17.8219 3
17.922 3
18.0221 3
18.1222 3
18.2232 3
18.3233 3
18.4234 3
18.5236 3
18.6237 3
18.7238 3
18.8239 3
18.924 3
19.0241 3
19.1242 3
19.2243 3
19.3244 3
19.4245 3
19.5245 3
19.6246 3
19.7247 3
19.8247 3
19.9248 3
20.0249 4
20.125 4
20.2251 4
20.3252 4
20.4253 4
20.5253 4
20.6254 4
20.7255 4
20.8256 4
20.9256 4
21.0257 4
21.1258 4
21.2259 4
21.326 4
21.426 4
21.5261 4
21.6262 4
21.7263 4
21.8263 4
21.9264 4
22.0265 4
22.1266 4
22.2267 4
22.3267 4
22.4268 4
22.5269 4
22.627 4
22.7271 4
22.8272 4
22.9273 4
23.0273 4
23.1274 4
23.2275 4
23.3276 4
23.4276 4
23.5277 4
23.6278 4
23.7279 4
23.828 4
23.9281 4
24.0281 4
24.1282 4
24.2283 4
24.3284 4
24.4284 4
24.5285 4
24.6286 4
24.7287 4
24.8287 4
24.9288 4
25.0289 5
25.129 5
25.229 5
25.3291 5
25.4292 5
25.5293 5
25.6293 5
25.7294 5
25.8295 5
25.9296 5
26.0297 5
26.1298 5
26.2298 5
26.3299 5
26.43 5
26.5301 5
26.6302 5
26.7303 5
26.8303 5
26.9304 5
27.0305 5
27.1306 5
27.2306 5
27.3307 5
27.4319 5
27.5326 5
27.6326 5
27.7327 5
27.8328 5
27.9329 5
28.033 5
28.1331 5
28.2332 5
28.3333 5
28.4333 5
28.5334 5
28.6337 5
28.7338 5
28.8339 5
28.934 5
29.0341 5
29.1342 5
29.2342 5
29.3343 5
29.4344 5
29.5344 5
29.6345 5
29.7346 5
29.8348 5
29.9349 5
30.0349 4
30.135 4
30.2351 4
30.3352 4
30.4353 4
30.5354 4
30.6354 4
30.7355 4
30.8356 4
30.9356 4
31.0357 4
31.1358 4
31.2359 4
31.3359 4
31.436 4
31.5361 4
31.6362 4
31.7362 4
31.8363 4
31.9364 4
32.0365 4
32.1366 4
32.2366 4
32.3367 4
32.4368 4
32.5369 4
32.637 4
32.7371 4
32.8372 4
32.9372 4
33.0373 4
33.1374 4
33.2375 4
33.3376 4
33.4376 4
33.5377 4
33.6378 4
33.7379 4
33.8379 4
33.938 4
34.0381 4
34.1382 4
34.2383 4
34.3383 4
34.4384 4
34.5385 4
34.6386 4
34.7386 4
34.8387 4
34.9388 4
35.0389 3
35.1389 3
35.239 3
35.3391 3
35.4392 3
35.5393 3
35.6393 3
35.7394 3
35.8395 3
35.9396 3
36.0396 3
36.1397 3
36.2398 3
36.3399 3
36.44 3
36.5401 3
36.6401 3
36.7402 3
36.8403 3
36.9404 3
37.0404 3
37.1405 3
37.2406 3
37.3406 3
37.4407 3
37.5409 3
37.641 3
37.741 3
37.8411 3
37.9412 3
38.0415 3
38.1419 3
38.242 3
38.342 3
38.4421 3
38.5422 3
38.6423 3
38.7424 3
38.8425 3
38.9425 3
39.0426 3
39.1427 3
39.2428 3
39.3429 3
39.443 3
39.5431 3
39.6432 3
39.7433 3
39.8433 3
39.9434 3
40.0435 4
40.1436 4
40.2437 4
40.3438 4
40.4439 4
40.544 4
40.6441 4
40.7442 4
40.8443 4
40.9443 4
41.0444 4
41.1445 4
41.2446 4
41.3446 4
41.4447 4
41.5448 4
41.6449 4
41.7449 4
41.845 4
41.9451 4
42.0452 4
42.1452 4
42.2453 4
42.3454 4
42.4455 4
42.5455 4
42.6456 4
42.7457 4
42.8458 4
42.9459 4
43.046 4
43.146 4
43.2461 4
43.3462 4
43.4463 4
43.5463 4
43.6464 4
43.7465 4
43.8466 4
43.9466 4
44.0467 4
44.1468 4
44.2469 4
44.3469 4
44.4471 4
44.5472 4
44.6473 4
44.7473 4
44.8474 4
44.9475 4
45.0476 5
45.1476 5
45.2477 5
45.3478 5
45.4479 5
45.5479 5
45.648 5
45.7481 5
45.8482 5
45.9482 5
46.0483 5
46.1484 5
46.2485 5
46.3486 5
46.4486 5
46.5487 5
46.6488 5
46.7488 5
46.8489 5
46.949 5
47.0491 5
47.1491 5
47.2492 5
47.3493 5
47.4493 5
47.5497 5
47.6498 5
47.7499 5
47.85 5
47.951 5
48.051 5
48.1519 5
48.2522 5
48.3523 5
48.4523 5
48.5528 5
48.6529 5
48.753 5
48.8534 5
48.9535 5
49.0536 5
49.1536 5
49.2537 5
49.3538 5
49.4539 5
49.554 5
49.6541 5
49.7541 5
49.8542 5
49.9543 5
50.0544 6
50.1545 6
50.2545 6
50.3546 6
50.4547 6
50.5548 6
50.6548 6
50.7549 6
50.855 6
50.9551 6
51.0552 6
51.1553 6
51.2553 6
51.3554 6
51.4555 6
51.5556 6
51.6556 6
51.7557 6
51.8558 6
51.9559 6
52.0559 6
52.156 6
52.2561 6
52.3562 6
52.4562 6
52.5563 6
52.6564 6
52.7565 6
52.8566 6
52.9567 6
53.0568 6
53.1569 6
53.257 6
53.3571 6
53.4572 6
53.5573 6
53.6574 6
53.7575 6
53.8577 6
53.9578 6
54.0579 6
54.158 6
54.2581 6
54.3583 6
54.4584 6
54.5585 6
54.6585 6
54.7586 6
54.8587 6
54.9588 6
55.0589 5
55.1589 5
55.259 5
55.3591 5
55.4592 5
55.5593 5
55.6594 5
55.7594 5
55.8595 5
55.9596 5
56.0596 5
56.1597 5
56.2598 5
56.3599 5
56.4599 5
56.56 5
56.6601 5
56.7602 5
56.8603 5
56.9603 5
57.0604 5
57.1605 5
57.2606 5
57.3606 5
57.4607 5
57.5608 5
57.6609 5
57.761 5
57.8611 5
57.9612 5
58.0613 5
58.1614 5
58.2615 5
58.3619 5
58.462 5
58.5621 5
58.6622 5
58.7623 5
58.8624 5
58.9625 5
59.0625 5
59.1626 5
59.2627 5
59.3628 5
59.4629 5
59.563 5
59.6631 5
59.7632 5
59.8633 5
59.9634 5
60.0634 4
60.1635 4
60.2636 4
60.3637 4
60.4638 4
60.5638 4
60.6639 4
60.764 4
60.8641 4
60.9642 4
61.0643 4
61.1643 4
61.2644 4
61.3645 4
61.4646 4
61.5647 4
61.6648 4
61.7649 4
61.8649 4
61.965 4
62.0651 4
62.1651 4
62.2652 4
62.3653 4
62.4654 4
62.5654 4
62.6655 4
62.7656 4
62.8657 4
62.9658 4
63.0658 4
63.1659 4
63.266 4
63.3661 4
63.4661 4
63.5662 4
63.6663 4
63.7664 4
63.8664 4
63.9665 4
64.0666 4
64.1667 4
64.2668 4
64.3669 4
64.467 4
64.567 4
64.6671 4
64.7672 4
64.8673 4
64.9674 4
65.0675 4
65.1675 4
65.2676 4
65.3677 4
65.4678 4
65.5679 4
65.668 4
65.7681 4
65.8682 4
65.9683 4
66.0683 4
66.1684 4
66.2685 4
66.3685 4
66.4686 4
66.5687 4
66.6688 4
66.7688 4
66.8689 4
66.969 4
67.0691 4
67.1691 4
67.2692 4
67.3693 4
67.4694 4
67.5695 4
67.6695 4
67.7696 4
67.8697 4
67.9698 4
68.0698 4
68.17 4
68.2701 4
68.3712 4
68.4713 4
68.5714 4
68.6715 4
68.7716 4
68.8722 4
68.9723 4
69.073 4
69.1731 4
69.2732 4
69.3733 4
69.4734 4
69.5734 4
69.6735 4
69.7737 4
69.8738 4
69.9738 4
70.0739 5
70.174 5
70.2741 5
70.3741 5
70.4742 5
70.5743 5
70.6744 5
70.7745 5
70.8745 5
70.9746 5
71.0747 5
71.1748 5
71.2748 5
71.3749 5
71.475 5
71.5751 5
71.6751 5
71.7752 5
71.8753 5
71.9754 5
72.0754 5
72.1755 5
72.2756 5
72.3757 5
72.4757 5
72.5758 5
72.6759 5
72.7759 5
72.876 5
72.9761 5
73.0762 5
73.1763 5
73.2763 5
73.3764 5
73.4765 5
73.5766 5
73.6767 5
73.7767 5
73.8768 5
73.9769 5
74.077 5
74.177 5
74.2771 5
74.3772 5
74.4773 5
74.5773 5
74.6774 5
74.7775 5
74.8776 5
74.9777 5
75.0777 4
75.1778 4
75.2779 4
75.378 4
75.478 4
