1.623e-06 0
0.10047 0
0.200594 0
0.300698 0
0.400775 0
0.500849 0
0.600934 0
0.701005 0
0.801095 0
0.901187 0
1.00126 0
1.10134 0
1.20173 0
1.3018 0
1.40189 0
1.50216 1
1.60223 1
1.7023 2
1.80238 3
1.90304 5
2.00316 5
2.10326 6
2.20334 7
2.30341 8
2.40347 9
2.50358 10
2.60366 11
2.70374 12
2.80383 13
2.9039 14
3.00397 15
3.10407 15
3.20415 15
3.30423 15
3.40431 15
3.50438 15
3.60446 15
3.70454 15
3.80461 15
3.90469 15
4.00476 15
4.10484 15
4.20492 15
4.30499 14
4.40507 13
4.50514 12
4.60522 11
4.70529 10
4.80538 9
4.90547 8
5.00554 7
5.10562 6
5.2057 5
5.30578 4
5.40585 3
5.50593 2
5.60601 1
5.70609 1
5.80616 1
5.90625 1
6.00633 1
6.1064 1
6.20649 1
6.30656 1
6.40663 1
6.50671 1
6.60679 1
6.70687 1
6.80695 1
6.90702 2
7.0071 3
7.10717 4
7.20725 5
7.30735 6
7.40745 7
7.50754 8
7.60762 9
7.7077 10
7.80782 10
7.9079 10
8.00798 10
8.10805 10
8.20813 10
8.30822 10
8.4083 10
8.5084 10
8.60848 10
8.70856 10
8.80864 10
8.90872 10
9.00879 9
9.10887 8
9.20895 7
9.30903 6
9.40911 5
9.50919 4
9.60927 3
9.70936 2
9.80945 1
9.90954 1
10.0096 1
10.1097 1
10.2098 1
10.3098 1
10.4099 1
10.51 1
10.6101 1
10.7101 1
10.8102 1
10.9106 1
11.012 1
11.1122 1
11.2126 1
11.3127 1
11.4128 1
11.5129 1
11.613 1
11.7131 1
11.8132 1
11.9136 1
12.0137 1
12.1138 1
12.2139 1
12.314 1
12.4141 1
12.5142 1
12.6143 1
12.7143 1
12.8144 1
12.9145 1
13.0146 1
13.1147 1
13.2147 1
13.3148 1
13.4149 1
13.515 1
13.6151 1
13.7151 1
13.8152 1
13.9153 1
14.0154 1
14.1154 1
14.2155 1
14.3156 1
14.4157 1
14.5157 1
14.6158 1
14.7159 1
14.816 1
14.9161 1
15.0161 1
15.1162 1
15.2163 1
15.3164 1
15.4165 1
15.5166 2
15.6166 3
15.7167 3
15.8168 3
15.9169 3
16.017 3
16.1171 3
16.2171 3
16.3172 3
16.4173 3
16.5174 3
16.6174 3
16.7175 3
16.8176 3
16.9177 3
17.0178 3
17.1179 3
17.2179 3
17.318 3
17.4181 3
17.5182 3
17.6182 3
17.7183 3
17.8184 3
17.9185 3
18.0185 3
18.1186 3
18.2187 3
18.3188 3
18.4188 3
18.5189 3
18.619 3
18.7191 3
18.8192 3
18.9192 3
19.0193 3
19.1194 3
19.2195 3
19.3196 3
19.4196 3
19.5197 3
19.6198 3
19.7199 3
19.82 3
19.92 3
20.0201 2
20.1202 1
20.2203 1
20.3204 1
20.4204 1
20.5205 1
20.6206 1
20.7207 1
20.8208 1
20.9209 1
21.0209 1
21.1213 1
21.2215 1
21.3216 1
21.4217 1
21.5218 1
21.6219 1
21.7221 1
21.8222 1
21.9223 1
22.0224 1
22.123 1
22.2237 1
22.3238 1
22.4239 1
22.5241 1
22.6242 2
22.7242 3
22.8243 4
22.9244 5
23.0244 6
23.1245 7
23.2246 8
23.3247 9
23.4248 9
23.5248 9
23.6249 9
23.725 9
23.8251 9
23.9252 9
24.0253 9
24.1254 9
24.2255 9
24.3256 9
24.4257 9
24.5258 9
24.6259 9
24.7259 9
24.826 9
24.9261 9
25.0262 9
25.1263 9
25.2263 9
25.3264 9
25.4265 9
25.5266 9
25.6266 9
25.7267 9
25.8268 9
25.9269 9
26.027 9
26.1271 9
26.2272 9
26.3273 9
26.4274 9
26.5275 9
26.6276 9
26.7276 9
26.8277 9
26.9278 9
27.0279 9
27.1279 9
27.228 9
27.3281 9
27.4282 9
27.5282 9
27.6283 9
27.7284 9
27.8285 9
27.9286 9
28.0287 9
28.1287 9
28.2288 9
28.3289 9
28.429 9
28.5291 9
28.6291 9
28.7292 9
28.8293 9
28.9294 9
29.0295 9
29.1295 9
29.2296 9
29.3297 9
29.4298 8
29.5298 7
29.6299 6
29.73 5
29.8301 4
29.9302 3
30.0302 2
30.1303 1
30.2304 1
30.3305 1
30.4306 1
30.5306 1
30.6307 1
30.7308 1
30.8309 1
30.931 1
31.031 1
31.1311 1
31.2312 1
31.3313 1
31.4313 1
31.5314 1
31.6315 1
31.7316 1
31.8317 1
31.9321 1
32.0322 1
32.1322 1
32.2324 1
32.3328 1
32.4329 1
32.533 1
32.6331 1
32.7332 1
32.8333 1
32.9335 1
33.0335 1
33.1336 1
33.2337 1
33.3338 1
33.4339 1
33.5339 1
33.634 1
33.7341 1
33.8342 1
33.9343 1
34.0343 1
34.1344 1
34.2345 1
34.3346 1
34.4347 1
34.5347 1
34.6348 1
34.7349 1
34.835 1
34.9351 1
35.0351 1
35.1352 1
35.2354 1
35.3354 1
35.4355 1
35.5356 1
35.6357 1
35.7358 1
35.8358 2
35.9359 3
36.036 3
36.1361 3
36.2362 3
36.3363 3
36.4363 3
36.5364 3
36.6365 3
36.7365 3
36.8366 3
36.9367 3
37.0368 3
37.1368 3
37.2369 3
37.337 3
37.4371 3
37.5371 3
37.6372 3
37.7373 3
37.8374 3
37.9374 3
38.0375 3
38.1376 3
38.2377 3
38.3378 3
38.4378 3
38.5379 3
38.638 3
38.7381 3
38.8382 3
38.9382 3
39.0383 3
39.1384 3
39.2385 3
39.3386 3
39.4386 3
39.5387 3
39.6388 3
39.7389 3
39.839 3
39.9391 3
40.0392 3
40.1393 3
40.2394 3
40.3394 2
40.4395 1
40.5396 1
40.6397 1
40.7398 1
40.8398 1
40.9399 1
41.04 1
41.1401 1
41.2402 1
41.3403 1
41.4404 1
41.5405 1
41.6406 1
41.7407 1
41.8408 1
41.9409 1
42.0409 1
42.1416 1
42.2417 1
42.3418 1
42.4428 1
42.5429 1
42.643 1
42.7431 1
42.8431 1
42.9432 1
43.0433 1
43.1434 1
43.2435 1
43.3436 1
43.4437 1
43.5438 1
43.6439 1
43.744 2
43.844 3
43.9441 4
44.0442 5
44.1443 6
44.2443 7
44.3444 8
44.4445 8
44.5446 8
44.6447 8
44.7447 8
44.8448 8
44.9449 8
45.045 8
45.1451 8
45.2452 8
45.3453 8
45.4454 8
45.5455 8
45.6456 8
45.7457 8
45.8457 8
45.9458 8
46.0459 8
46.146 8
46.2461 8
46.3461 8
46.4462 8
46.5463 8
46.6464 8
46.7465 8
46.8465 8
46.9466 8
47.0467 8
47.1468 8
47.2469 8
47.3469 8
47.447 8
47.5472 8
47.6472 8
47.7473 8
47.8474 8
47.9475 8
48.0476 8
48.1477 8
48.2477 8
48.3478 8
48.4479 8
48.548 8
48.6481 8
48.7481 8
48.8482 8
48.9483 8
49.0484 8
49.1485 8
49.2486 9
49.3486 9
49.4487 9
49.5488 9
49.6489 9
49.749 9
49.8491 9
49.9492 9
50.0493 9
50.1494 9
50.2495 9
50.3496 9
50.4497 9
50.5498 9
50.6499 9
50.75 9
50.8501 9
50.9502 9
51.0503 8
51.1503 7
51.2504 6
51.3505 5
