3.086e-06 0
0.100456 8
0.200593 21
0.300724 33
0.400813 43
0.500895 55
0.600982 66
0.701084 77
0.801178 88
0.901279 98
1.00137 108
1.10145 120
1.20154 131
1.30162 142
1.4017 153
1.50179 161
1.60187 160
1.70197 154
1.80206 152
1.90213 145
2.0022 143
2.10227 137
2.20235 134
2.30244 132
2.40253 125
2.50261 122
2.60268 116
2.70276 112
2.80284 109
2.90293 101
3.00301 101
3.10309 96
3.20316 91
3.30324 89
3.40331 81
3.5034 80
3.60349 74
3.70358 70
3.80366 68
3.90373 62
4.00381 62
4.10389 53
4.20396 49
4.30403 47
4.40412 39
4.50419 41
4.60427 46
4.70434 50
4.80442 55
4.90451 60
5.00459 67
5.10466 70
5.20475 75
5.30483 83
5.40491 87
5.50498 95
5.60506 101
5.70514 107
5.80522 112
5.90529 116
6.00538 124
6.10548 129
6.20559 133
6.30568 141
6.40575 146
6.50584 152
6.60595 157
6.70606 161
6.80617 159
6.90628 157
7.00638 157
7.10651 155
7.20662 152
7.3067 145
7.40678 138
7.50688 129
7.60697 123
7.70707 117
7.80718 109
7.90727 103
8.00736 94
8.10746 88
8.20754 82
8.30764 74
8.40774 68
8.50784 49
8.60794 34
8.70802 35
8.80809 38
8.90817 41
9.00827 43
9.10835 47
9.20842 49
9.3085 52
9.40859 56
9.50866 57
9.60874 60
9.70882 62
9.8089 65
9.90898 68
10.0091 69
10.1091 74
10.2092 76
10.3093 79
10.4094 82
10.5095 84
10.6095 86
10.7096 89
10.8097 93
10.9098 96
11.0099 97
11.11 100
11.2101 104
11.3101 107
11.4102 110
11.5103 112
11.6104 116
11.7105 118
11.8106 122
11.9106 125
12.0107 126
12.1108 130
12.2109 133
12.311 136
12.4111 140
12.5112 141
12.6113 144
12.7114 147
12.8115 150
12.9116 153
13.0117 155
13.1117 158
13.2118 160
13.3119 157
13.412 156
13.5121 152
13.6122 150
13.7122 147
13.8123 144
13.9124 144
14.0125 139
14.1126 136
14.2126 133
14.3127 130
14.4128 128
14.5129 124
14.613 121
14.713 119
14.8131 118
14.9132 115
15.0133 112
15.1134 108
15.2134 106
15.3135 104
15.4136 102
15.5137 98
15.6138 95
15.7138 92
15.8139 91
15.914 88
16.0141 84
16.1141 81
16.2142 79
16.3143 76
16.4144 74
16.5145 71
16.6146 68
16.7146 64
16.8147 61
16.9148 58
17.0149 56
17.115 53
17.2151 50
17.3152 47
17.4153 44
17.5154 42
17.6155 41
17.7155 43
17.8156 46
17.9157 49
18.0158 51
18.1159 55
18.216 56
18.3161 59
18.4162 63
18.5162 65
18.6163 70
18.7164 71
18.8165 74
18.9166 78
19.0167 80
19.1167 84
19.2168 85
19.3169 88
19.417 92
19.5171 94
19.6172 98
19.7172 99
19.8173 102
19.9174 105
20.0175 108
20.1175 112
20.2176 113
20.3177 117
20.4178 120
20.5179 122
20.6179 126
20.718 128
20.8181 131
20.9182 134
21.0182 136
21.1183 139
21.2184 141
21.3185 144
21.4186 147
21.5187 154
21.6188 160
21.7189 155
21.8189 152
21.919 146
22.0191 138
22.1192 132
22.2193 128
22.3194 119
22.4194 116
22.5195 112
22.6196 116
22.7197 119
22.8198 121
22.9199 124
23.02 126
23.1201 130
23.2202 132
23.3202 137
23.4203 139
23.5204 141
23.6205 145
23.7206 148
23.8206 151
23.9207 153
24.0208 155
24.1209 160
24.221 157
24.3211 159
24.4211 156
24.5212 157
24.6213 154
24.7214 152
24.8215 153
24.9216 150
25.0216 148
25.1217 145
25.2218 144
25.3219 143
25.422 142
25.5221 141
25.6222 138
25.7222 137
25.8223 138
25.9224 134
26.0225 135
26.1226 131
26.2227 130
26.3228 130
26.4229 125
26.5229 127
26.623 124
26.7231 124
26.8232 124
26.9233 119
27.0234 121
27.1235 118
27.2235 116
27.3236 114
27.4237 112
27.5238 114
27.6239 111
27.724 109
27.8241 105
27.9241 105
28.0243 107
28.1244 103
28.2244 102
28.3245 98
28.4247 98
28.5248 99
28.6249 92
28.7249 87
28.825 78
28.9251 71
29.0252 68
29.1253 56
29.2253 52
29.3254 43
29.4255 34
29.5256 37
29.6257 39
29.7258 42
29.8258 44
29.9259 46
30.026 50
30.1261 52
30.2262 55
30.3263 57
30.4263 59
30.5264 63
30.6265 66
30.7266 69
30.8267 71
30.9268 74
31.0269 78
31.127 80
31.227 83
31.3271 85
31.4272 87
31.5273 91
31.6274 93
31.7275 97
31.8276 99
31.9277 102
32.0277 105
32.1278 107
32.2279 110
32.328 112
32.428 116
32.5281 119
32.6282 122
32.7283 125
32.8284 127
32.9284 130
33.0285 133
33.1286 135
33.2287 138
33.3288 140
33.4289 143
33.5289 147
33.629 149
33.7291 152
33.8292 154
33.9293 158
34.0294 160
34.1294 161
34.2295 157
34.3296 153
34.4297 152
34.5298 149
34.6299 145
34.73 143
34.8301 141
34.9301 138
35.0302 136
35.1303 133
35.2304 129
35.3305 126
35.4306 122
35.5306 120
35.6307 117
35.7308 114
35.8309 110
35.931 109
36.0311 107
36.1312 103
36.2313 101
36.3314 98
36.4315 94
36.5315 90
36.6316 89
36.7317 86
36.8318 82
36.9319 80
37.032 78
37.1321 74
37.2322 72
37.3322 69
37.4323 65
37.5324 63
37.6325 60
37.7326 58
37.8327 54
37.9328 52
38.0329 49
38.133 48
38.2332 44
38.3332 39
38.4333 43
38.5334 46
38.6335 48
38.7336 52
38.8337 54
38.9338 57
39.0339 60
39.134 63
39.2341 67
39.3341 68
39.4342 72
39.5343 75
39.6344 78
39.7345 81
39.8346 83
39.9347 86
40.0348 90
40.1349 93
40.235 95
40.335 97
40.4351 100
40.5352 103
40.6353 105
40.7354 108
40.8355 111
40.9356 114
41.0357 117
41.1358 120
41.2359 122
41.3359 124
41.436 128
41.5361 131
41.6362 132
41.7363 136
41.8364 138
41.9365 142
42.0366 145
42.1367 148
42.2368 151
42.3369 152
42.4369 156
42.537 159
42.6371 161
42.7372 158
42.8373 153
42.9374 153
43.0375 155
43.1376 158
43.2377 160
43.3377 159
43.4378 158
43.5379 158
43.638 160
43.7381 158
43.8382 155
43.9382 155
44.0383 153
44.1384 150
44.2385 147
44.3386 152
44.4387 158
44.5388 160
44.6389 159
44.739 154
44.8391 151
44.9392 148
45.0393 147
45.1394 145
45.2395 141
45.3396 137
45.4397 134
45.5397 133
45.6398 130
45.7399 127
45.84 124
45.9401 120
46.0401 119
46.1402 119
46.2403 114
46.3404 112
46.4405 107
46.5406 106
46.6407 105
46.7408 100
46.8408 98
46.9409 95
47.041 94
47.1411 92
47.2412 89
47.3412 87
47.4413 82
47.5414 80
47.6415 74
47.7416 73
47.8416 72
47.9417 68
48.0418 64
48.1419 61
48.242 58
48.3421 58
48.4422 55
48.5423 54
48.6424 48
48.7424 49
48.8425 48
48.9426 45
49.0427 39
49.1428 41
49.2429 43
49.343 49
49.443 53
49.5431 57
49.6432 62
49.7433 66
49.8434 68
49.9435 75
50.0435 68
50.1436 61
50.2437 53
50.3438 46
50.4439 41
50.5439 36
50.644 34
50.7441 33
50.8442 31
50.9443 30
51.0444 28
51.1444 27
51.2445 26
51.3446 24
51.4447 23
51.5448 21
51.6449 20
51.7449 19
51.845 17
51.9451 16
52.0452 14
52.1453 13
52.2454 12
52.3455 10
52.4456 9
52.5456 7
52.6457 6
52.7458 4
52.8459 3
52.946 2
53.0461 0
