2.004e-06 0
0.10056 8
0.200645 21
0.300717 33
0.400813 43
0.500895 55
0.600978 66
0.701057 77
0.801136 87
0.901217 98
1.00132 108
1.1014 120
1.20148 131
1.30156 142
1.40164 153
1.50172 165
1.60182 176
1.7019 187
1.80197 199
1.90206 200
2.00214 200
2.10223 200
2.20232 200
2.3024 200
2.40248 200
2.50258 200
2.60265 200
2.70273 200
2.80283 200
2.90291 200
3.003 200
3.10308 200
3.20316 200
3.30329 200
3.40339 200
3.50348 200
3.60356 200
3.70367 200
3.80375 200
3.90386 200
4.00394 200
4.10401 200
4.20409 200
4.30419 200
4.40432 200
4.50441 200
4.60449 200
4.70457 200
4.80466 200
4.90474 200
5.00484 200
5.10493 200
5.20502 200
5.30512 200
5.40521 200
5.50529 200
5.60538 200
5.70548 200
5.80557 200
5.90565 200
6.00572 200
6.10581 200
6.20589 200
6.30597 200
6.40605 200
6.50613 200
6.6062 200
6.70629 200
6.80637 200
6.90645 200
7.00652 200
7.10662 200
7.2067 200
7.30679 200
7.40692 200
7.50703 200
7.60711 200
7.70719 200
7.80727 200
7.90737 200
8.00745 200
8.10754 200
8.20762 200
8.30771 200
8.40782 200
8.5079 200
8.60799 200
8.70808 200
8.80816 200
8.90825 200
9.00833 200
9.10843 200
9.20854 200
9.30865 200
9.4088 200
9.5089 200
9.60898 200
9.70906 200
9.80914 200
9.90922 200
10.0093 199
10.1094 200
10.2095 200
10.3095 200
10.4096 200
10.5097 199
10.6098 200
10.7099 200
10.8099 200
10.91 200
11.0101 199
11.1102 200
11.2103 199
11.3104 200
11.4104 200
11.5105 199
11.6106 200
11.7107 199
11.8108 200
11.9109 200
12.011 199
12.1111 200
12.2112 199
12.3113 200
12.4114 200
12.5115 199
12.6115 200
12.7116 199
12.8117 200
12.9118 200
13.0119 199
13.112 200
13.2121 199
13.3122 200
13.4123 200
13.5124 198
13.6125 200
13.7125 198
13.8126 200
13.9127 199
14.0128 199
14.1129 198
14.2129 192
14.313 189
14.4131 183
14.5132 179
14.6133 177
14.7134 170
14.8135 168
14.9136 162
15.0136 158
15.1137 156
15.2138 149
15.3139 147
15.414 142
15.514 137
15.6141 134
15.7142 128
15.8143 126
15.9144 121
16.0144 116
16.1145 111
16.2146 99
16.3147 86
16.4148 73
16.5149 57
16.615 43
16.7151 28
16.8152 15
16.9153 3
17.0154 0
17.1155 0
17.2156 0
17.3156 0
17.4157 0
17.5158 0
17.6159 0
17.716 0
17.8161 0
17.9162 0
18.0163 0
18.1163 0
18.2164 0
18.3165 0
18.4166 0
18.5167 0
18.6168 0
18.7169 0
18.817 0
18.9171 0
19.0172 0
19.1173 0
19.2174 0
19.3175 0
19.4175 0
19.5176 0
19.6177 0
19.7178 0
19.8179 0
19.918 0
20.0181 0
20.1182 0
20.2183 0
20.3183 0
20.4184 0
20.5186 0
20.6186 0
20.7187 0
20.8188 0
20.9189 0
21.019 0
21.1192 0
21.2192 0
21.3193 0
21.4194 0
21.5195 0
21.6196 0
21.7197 0
21.8198 0
21.9199 0
22.0199 0
22.12 0
22.2201 0
22.3202 0
22.4203 0
22.5204 0
22.6205 0
22.7205 0
22.8206 0
22.9207 0
23.0208 0
23.1209 0
23.221 0
23.3211 0
23.4212 0
23.5213 0
23.6214 0
23.7215 0
23.8216 0
23.9217 0
24.0218 0
24.1219 0
24.222 0
24.3221 1
24.4222 0
24.5223 0
24.6224 0
24.7225 0
24.8226 0
24.9226 0
25.0227 0
25.1228 0
25.2229 0
25.323 0
25.4231 0
25.5231 0
25.6232 0
25.7233 0
25.8234 1
25.9235 0
26.0236 0
26.1237 1
26.2238 0
26.3239 2
26.4239 0
26.524 1
26.6241 2
26.7242 1
26.8243 3
26.9244 1
27.0244 0
27.1246 0
27.2246 0
27.3247 2
27.4248 2
27.5249 2
27.625 3
27.725 1
27.8251 2
27.9252 0
28.0253 2
28.1254 5
28.2255 6
28.3255 12
28.4256 18
28.5257 27
28.6258 34
28.7259 44
28.826 53
28.9261 60
29.0261 69
29.1262 80
29.2263 88
29.3265 98
29.4265 109
29.5266 119
29.6267 130
29.7268 139
29.8269 148
29.927 158
30.0271 167
30.1272 176
30.2272 184
30.3273 192
30.4274 200
30.5275 200
30.6276 200
30.7277 200
30.8277 200
30.9278 200
31.0279 200
31.128 200
31.2281 200
31.3282 200
31.4283 200
31.5284 200
31.6285 200
31.7286 200
31.8286 200
31.9287 200
32.0288 200
32.1289 200
32.229 200
32.3291 200
32.4291 200
32.5292 200
32.6293 200
32.7294 200
32.8295 200
32.9296 200
33.0296 200
33.1297 200
33.2298 200
33.3299 200
33.43 200
33.5301 200
33.6302 200
33.7303 200
33.8303 200
33.9304 200
34.0305 200
34.1306 200
34.2307 200
34.3307 200
34.4308 200
34.5309 200
34.631 200
34.7311 200
34.8312 200
34.9313 200
35.0314 200
35.1315 200
35.2316 200
35.3316 200
35.4317 200
35.5318 200
35.6319 200
35.732 200
35.8321 200
35.9322 200
36.0323 200
36.1324 200
36.2325 199
36.3326 200
36.4327 199
36.5327 200
36.6328 200
36.7329 200
36.833 200
36.9331 199
37.0332 200
37.1333 200
37.2334 200
37.3335 200
37.4336 200
37.5336 200
37.6337 200
37.7338 200
37.8339 200
37.934 200
38.0341 200
38.1342 200
38.2343 200
38.3344 200
38.4344 199
38.5345 200
38.6346 200
38.7347 200
38.8348 200
38.9349 199
39.035 200
39.1351 200
39.2351 200
39.3352 200
39.4353 200
39.5354 200
39.6355 200
39.7356 200
39.8357 200
39.9358 199
40.0358 200
40.1359 200
40.236 197
40.3361 194
40.4362 187
40.5363 185
40.6364 180
40.7364 176
40.8365 173
40.9366 166
41.0367 164
41.1368 159
41.2369 155
41.337 152
41.437 145
41.5371 143
41.6372 137
41.7373 134
41.8374 131
41.9374 124
42.0375 122
42.1376 116
42.2377 112
42.3378 102
42.4379 85
42.538 73
42.638 59
42.7381 43
42.8382 29
42.9383 14
43.0384 1
43.1385 0
43.2385 0
43.3386 0
43.4387 0
43.5388 0
43.6389 0
43.739 0
43.8391 0
43.9391 0
44.0392 0
44.1393 0
44.2394 0
44.3395 0
44.4396 0
44.5397 0
44.6397 0
44.7398 0
44.8399 0
44.94 0
45.0401 0
45.1402 0
45.2403 0
45.3404 0
45.4405 0
45.5405 0
45.6406 0
45.7407 0
45.8408 0
45.9409 0
46.041 0
46.1411 0
46.2412 0
46.3413 0
46.4413 0
46.5414 0
46.6415 0
46.7416 0
46.8417 0
46.9418 0
47.0419 0
47.1419 0
47.242 0
47.3421 0
47.4422 0
47.5423 0
47.6424 0
47.7425 0
47.8426 0
47.9426 0
48.0427 0
48.1428 0
48.2429 0
48.343 0
48.4431 0
48.5432 0
48.6433 0
48.7434 0
48.8434 0
48.9435 0
49.0436 0
49.1437 0
49.2438 0
49.3439 0
49.444 0
49.5441 0
49.6442 0
49.7442 0
49.8443 0
49.9444 0
50.0445 0
50.1446 0
50.2447 0
50.3448 0
50.4448 0
50.5449 0
50.645 0
50.7451 0
50.8452 0
50.9453 0
51.0454 0
51.1454 0
51.2455 0
51.3456 0
51.4457 0
51.5458 0
51.6459 0
51.7459 0
51.846 0
51.9461 0
52.0462 0
52.1463 1
52.2464 0
52.3465 2
52.4466 1
52.5466 1
52.6467 1
52.7468 0
52.8469 1
52.947 1
53.0471 0
53.1472 1
53.2473 0
53.3473 0
53.4474 2
53.5475 2
53.6476 1
53.7477 2
53.8478 2
53.9479 2
54.048 4
54.148 6
54.2481 9
54.3482 12
54.4483 15
54.5484 19
54.6485 27
54.7486 35
54.8487 41
54.9488 51
55.0489 59
55.1489 68
55.249 78
55.3491 89
55.4492 99
55.5493 110
55.6494 120
55.7495 130
55.8496 140
55.9496 148
56.0497 161
56.1498 169
56.2499 180
56.35 189
56.4501 199
56.5502 200
56.6503 200
56.7504 200
56.8504 200
56.9505 200
57.0506 200
57.1507 200
57.2508 200
57.3509 200
57.451 200
57.5511 200
57.6512 200
57.7512 200
57.8513 200
57.9514 200
58.0515 200
58.1516 200
58.2517 200
58.3518 200
58.4519 200
58.552 200
58.652 200
58.7521 200
58.8522 200
58.9523 200
59.0524 200
59.1525 200
59.2526 200
59.3527 200
59.4528 200
59.5529 200
59.653 200
59.7531 200
59.8531 200
59.9532 200
60.0533 200
60.1534 200
60.2535 200
60.3536 200
60.4537 200
60.5538 200
60.6539 200
60.7539 200
60.854 200
60.9541 200
61.0542 200
61.1543 200
61.2544 200
61.3545 200
61.4546 200
61.5546 200
61.6547 200
61.7548 200
61.8549 200
61.955 200
62.0551 200
62.1552 200
62.2553 200
62.3553 200
62.4554 200
62.5555 200
62.6556 200
62.7557 200
62.8558 200
62.9559 200
63.0559 200
63.156 200
63.2561 200
63.3562 200
63.4563 200
63.5564 200
63.6565 200
63.7565 200
63.8566 200
63.9567 200
64.0568 200
64.1569 200
64.257 200
64.3571 200
64.4572 200
64.5572 200
64.6573 200
64.7574 200
64.8575 200
64.9576 200
65.0577 200
65.1578 199
65.2579 200
65.358 200
65.4581 200
65.5581 200
65.6582 200
65.7583 200
65.8584 199
65.9585 200
66.0586 200
66.1587 198
66.2588 200
66.3589 199
66.459 200
66.559 200
66.6591 199
66.7592 200
66.8593 199
66.9594 200
67.0595 200
67.1596 200
67.2597 200
67.3597 199
67.4598 200
67.5599 200
67.66 199
67.7601 200
67.8602 199
67.9603 200
68.0604 191
68.1605 180
68.2605 172
68.3606 159
68.4607 152
68.5608 141
68.6609 131
68.761 122
68.8611 110
68.9612 103
69.0612 91
69.1613 82
69.2614 73
69.3615 61
69.4616 54
69.5617 42
69.6618 33
69.7619 24
69.862 12
69.9621 5
