2.104e-06 0
0.10062 8
0.200698 21
0.300779 33
0.400866 43
0.500958 55
0.601049 67
0.701131 77
0.801225 88
0.90131 98
1.0014 108
1.10148 119
1.20157 131
1.30167 142
1.40175 153
1.50184 164
1.60192 175
1.702 182
1.8021 190
1.90223 194
2.00231 198
2.10241 200
2.20251 200
2.30262 198
2.40271 197
2.5028 192
2.60291 188
2.70302 183
2.80311 173
2.90319 165
3.00327 153
3.10335 145
3.20343 136
3.30351 125
3.40359 117
3.50367 107
3.60375 97
3.70384 87
3.80392 76
3.90401 68
4.00409 57
4.10417 50
4.20424 36
4.30433 28
4.40441 23
4.50449 16
4.60457 11
4.70466 8
4.80474 6
4.90482 6
5.00491 7
5.10498 9
5.20506 13
5.30515 18
5.40524 26
5.50534 34
5.60542 45
5.7055 54
5.80558 64
5.90569 75
6.0058 85
6.10588 95
6.20597 103
6.30605 114
6.40612 124
6.50621 134
6.60629 143
6.70638 152
6.80647 163
6.90656 170
7.00665 177
7.10673 183
7.20681 183
7.3069 180
7.40699 176
7.50707 169
7.60715 162
7.70724 152
7.80732 144
7.90741 136
8.0075 127
8.10758 119
8.20766 110
8.30774 102
8.40784 93
8.50793 84
8.60801 77
8.7081 56
8.80819 33
8.90828 15
9.00837 0
9.10846 0
9.20854 0
9.30862 0
9.40871 0
9.5088 0
9.60889 1
9.70898 3
9.80907 7
9.90915 10
10.0092 11
10.1093 15
10.2094 18
10.3095 22
10.4096 25
10.5096 26
10.6097 29
10.7098 32
10.8099 36
10.91 39
11.0101 40
11.1102 44
11.2103 47
11.3104 51
11.4104 54
11.5105 55
11.6106 59
11.7107 62
11.8108 65
11.9109 68
12.011 70
12.1111 73
12.2112 77
12.3112 80
12.4113 83
12.5114 85
12.6115 88
12.7116 91
12.8117 94
12.9117 97
13.0118 98
13.1119 102
13.212 105
13.3121 109
13.4122 111
13.5123 113
13.6123 116
13.7124 119
13.8125 121
13.9126 124
14.0127 126
14.1128 129
14.2128 133
14.3129 135
14.413 138
14.5131 140
14.6132 144
14.7133 146
14.8134 149
14.9135 152
15.0135 155
15.1136 158
15.2137 161
15.3138 160
15.4139 160
15.514 160
15.6141 160
15.7141 161
15.8142 158
15.9143 156
16.0144 152
16.1145 150
16.2146 149
16.3146 145
16.4147 142
16.5148 139
16.6149 135
16.715 135
16.8151 131
16.9152 128
17.0153 126
17.1153 123
17.2154 121
17.3155 117
17.4156 115
17.5157 111
17.6158 109
17.7159 105
17.8159 101
17.916 100
18.0161 95
18.1162 94
18.2163 92
18.3164 88
18.4165 85
18.5166 82
18.6166 79
18.7167 77
18.8168 73
18.9169 72
19.017 68
19.1171 65
19.2172 62
19.3173 61
19.4174 58
19.5174 54
19.6175 52
19.7176 48
19.8177 45
19.9178 43
20.0179 39
20.118 39
20.2181 43
20.3181 45
20.4182 48
20.5183 50
20.6184 54
20.7185 57
20.8186 59
20.9187 63
21.0188 65
21.1188 69
21.2189 71
21.319 74
21.4191 76
21.5192 82
21.6193 90
21.7193 98
21.8194 107
21.9195 116
22.0196 124
22.1197 133
22.2198 140
22.3199 150
22.4199 159
22.52 166
22.6201 172
22.7202 174
22.8203 175
22.9204 171
23.0205 167
23.1206 167
23.2206 167
23.3207 166
23.4208 163
23.5209 158
23.621 155
23.7211 148
23.8212 146
23.9213 141
24.0214 135
24.1214 134
24.2215 126
24.3216 124
24.4217 117
24.5218 114
24.6219 112
24.722 106
24.822 103
24.9222 99
25.0222 92
25.1223 89
25.2224 84
25.3225 81
25.4226 76
25.5227 72
25.6228 70
25.7228 65
25.8229 60
25.923 57
26.0231 53
26.1232 47
26.2233 42
26.3234 39
26.4234 34
26.5235 33
26.6236 34
26.7237 35
26.8238 38
26.9239 43
27.024 47
27.124 52
27.2241 55
27.3242 59
27.4243 64
27.5244 68
27.6245 72
27.7246 76
27.8247 80
27.9247 83
28.0248 89
28.1249 93
28.225 97
28.3251 101
28.4252 104
28.5253 110
28.6253 113
28.7254 111
28.8255 109
28.9256 108
29.0257 107
29.1258 106
29.2258 104
29.3259 102
29.426 101
29.5261 99
29.6262 99
29.7263 97
29.8264 96
29.9265 93
30.0266 92
30.1267 91
30.2268 90
30.3268 85
30.4269 75
30.527 67
30.6271 60
30.7272 51
30.8273 42
30.9273 33
31.0274 27
31.1275 25
31.2276 24
31.3277 27
31.4278 30
31.5278 32
31.6279 37
31.728 39
31.8281 42
31.9282 45
32.0283 46
32.1284 51
32.2285 53
32.3286 56
32.4287 60
32.5287 61
32.6289 65
32.729 67
32.829 70
32.9292 74
33.0293 75
33.1293 79
33.2294 82
33.3295 84
33.4296 87
33.5297 89
33.6298 92
33.7299 94
33.83 98
33.9301 101
34.0301 103
34.1302 108
34.2303 110
34.3304 113
34.4305 116
34.5305 117
34.6306 121
34.7307 124
34.8308 127
34.9309 130
35.031 132
35.1311 136
35.2312 138
35.3312 141
35.4313 144
35.5314 146
35.6315 148
35.7316 151
35.8316 155
35.9317 158
36.0318 160
36.1319 160
36.232 160
36.3321 158
36.4322 155
36.5322 152
36.6323 149
36.7324 146
36.8325 144
36.9326 142
37.0327 140
37.1328 136
37.2329 132
37.333 130
37.433 127
37.5331 123
37.6333 120
37.7333 118
37.8334 115
37.9335 112
38.0336 110
38.1337 106
38.2338 103
38.3339 101
38.434 98
38.5341 95
38.6342 92
38.7343 91
38.8343 88
38.9344 85
39.0345 82
39.1346 78
39.2347 75
39.3347 74
39.4348 72
39.5349 69
39.635 65
39.7351 65
39.8352 61
39.9353 58
40.0354 55
40.1355 52
40.2356 50
40.3356 47
40.4357 44
40.5358 41
40.6359 37
40.736 39
40.8361 41
40.9362 44
41.0363 47
41.1364 48
41.2364 53
41.3365 55
41.4366 58
41.5367 61
41.6368 63
41.7369 67
41.837 70
41.937 72
42.0371 76
42.1372 78
42.2373 81
42.3374 84
42.4375 86
42.5376 89
42.6377 91
42.7378 96
42.8379 98
42.938 101
43.038 109
43.1381 116
43.2382 125
43.3383 134
43.4384 140
43.5385 149
43.6385 159
43.7386 168
43.8387 173
43.9388 176
44.0389 176
44.139 174
44.239 169
44.3392 160
44.4393 159
44.5394 160
44.6394 160
44.7395 159
44.8396 157
44.9397 156
45.0398 154
45.1399 153
45.24 151
45.3401 152
45.4402 149
45.5403 146
45.6404 145
45.7404 144
45.8405 145
45.9406 143
46.0407 140
46.1408 139
46.2409 139
46.341 139
46.4411 137
46.5412 135
46.6412 136
46.7413 131
46.8414 131
46.9415 131
47.0416 129
47.1417 129
47.2418 126
47.3419 125
47.442 126
47.5421 122
47.6422 121
47.7423 119
47.8424 118
47.9424 118
48.0425 116
48.1426 115
48.2427 111
48.3428 110
48.4428 110
48.5429 111
48.643 109
48.7431 107
48.8432 108
48.9433 104
49.0434 104
49.1434 104
49.2435 99
49.3436 99
49.4437 96
49.5438 95
49.6439 97
49.744 94
49.8441 93
49.9441 89
50.0442 82
50.1443 72
50.2444 58
50.3445 45
50.4445 31
50.5446 21
50.6447 13
50.7448 4
50.8449 0
