2.073e-06 0
0.100485 8
0.200579 21
0.300673 33
0.400765 43
0.500843 55
0.600919 66
0.70102 77
0.801105 87
0.901181 98
1.00127 108
1.10133 119
1.20141 131
1.30149 142
1.40157 153
1.50165 165
1.60174 176
1.70184 187
1.80192 199
1.90201 200
2.00211 200
2.10219 200
2.20227 200
2.30235 200
2.40244 200
2.50251 200
2.60258 200
2.70266 200
2.80275 200
2.90283 200
3.0029 200
3.10297 200
3.20308 200
3.30321 200
3.40329 200
3.50338 200
3.60346 200
3.70354 200
3.80362 200
3.9037 200
4.00377 200
4.10385 200
4.20394 200
4.30402 200
4.4041 200
4.50419 200
4.60427 200
4.70434 200
4.80443 200
4.90451 200
5.0046 200
5.10468 200
5.20475 200
5.30483 200
5.40492 200
5.505 200
5.60508 200
5.70516 200
5.80525 200
5.90537 200
6.00545 200
6.10553 200
6.20563 200
6.30576 200
6.40584 200
6.50592 200
6.60599 200
6.70608 200
6.80616 200
6.90624 200
7.00633 200
7.10642 200
7.2065 200
7.30661 200
7.40669 200
7.50677 200
7.60685 200
7.70693 200
7.80702 200
7.9071 200
8.00718 200
8.10727 200
8.20734 200
8.30742 200
8.40751 200
8.50758 200
8.60766 200
8.70777 200
8.80784 200
8.90792 200
9.00802 200
9.10811 200
9.2082 200
9.30828 200
9.40836 200
9.50843 200
9.60851 200
9.70858 200
9.80866 200
9.90874 200
10.0088 200
10.1089 200
10.209 200
10.3091 200
10.4091 200
10.5092 200
10.6094 200
10.7095 200
10.8096 200
10.9097 200
11.0098 200
11.1098 200
11.2099 200
11.31 200
11.4101 200
11.5102 200
11.6103 200
11.7104 200
11.8105 200
11.9106 200
12.0107 200
12.1108 200
12.2108 200
12.3109 200
12.411 200
12.5111 200
12.6112 200
12.7113 199
12.8114 200
12.9115 200
13.0116 200
13.1117 200
13.2118 200
13.3119 200
13.412 200
13.5121 200
13.6122 200
13.7123 200
13.8124 200
13.9124 200
14.0125 200
14.1126 200
14.2127 200
14.3128 200
14.4129 200
14.513 200
14.6131 200
14.7132 200
14.8133 200
14.9133 200
15.0134 200
15.1135 200
15.2137 200
15.3137 200
15.4138 200
15.5139 200
15.614 200
15.7141 200
15.8142 200
15.9142 200
16.0143 200
16.1144 200
16.2145 200
16.3146 200
16.4147 200
16.5148 200
16.6149 200
16.715 200
16.815 200
16.9151 200
17.0152 200
17.1153 200
17.2154 200
17.3155 200
17.4155 200
17.5156 200
17.6157 200
17.7158 200
17.8159 200
17.916 200
18.016 200
18.1161 200
18.2162 200
18.3163 200
18.4164 200
18.5165 200
18.6166 200
18.7167 200
18.8168 200
18.9169 200
19.0169 200
19.117 200
19.2171 200
19.3172 200
19.4173 200
19.5174 200
19.6175 200
19.7176 200
19.8176 200
19.9177 200
20.0178 200
20.1179 200
20.218 200
20.3181 200
20.4181 200
20.5182 200
20.6183 200
20.7184 200
20.8185 200
20.9186 200
21.0187 200
21.1187 200
21.2188 200
21.3189 200
21.419 200
21.5191 200
21.6191 200
21.7192 200
21.8193 200
21.9194 200
22.0195 200
22.1196 200
22.2197 200
22.3198 200
22.4199 200
22.52 200
22.62 200
22.7201 200
22.8202 200
22.9203 200
23.0204 200
23.1204 200
23.2205 200
23.3206 200
23.4207 200
23.5208 200
23.6209 199
23.721 200
23.821 200
23.9211 199
24.0212 200
24.1213 200
24.2214 200
24.3215 200
24.4216 199
24.5217 200
24.6217 199
24.7218 200
24.8219 200
24.922 199
25.0221 199
25.1222 197
25.2223 196
25.3224 193
25.4224 193
25.5225 191
25.6226 189
25.7227 189
25.8228 187
25.9229 186
26.023 185
26.1231 182
26.2231 181
26.3232 179
26.4233 178
26.5234 168
26.6236 158
26.7237 150
26.8238 142
26.9238 134
27.0239 125
27.124 115
27.2241 107
27.3242 98
27.4242 93
27.5243 84
27.6244 74
27.7245 69
27.8246 60
27.9247 53
28.0248 44
28.1249 37
28.225 28
28.3251 17
28.4252 11
28.5253 3
28.6254 0
28.7255 0
28.8256 0
28.9257 0
29.0257 0
29.1258 0
29.2259 0
29.326 0
29.4261 0
29.5262 0
29.6263 0
29.7264 0
29.8265 0
29.9266 0
30.0267 0
30.1267 0
30.2268 0
30.3269 0
30.427 0
30.5271 0
30.6272 0
30.7273 0
30.8274 0
30.9275 0
31.0276 0
31.1277 0
31.2277 0
31.3278 0
31.4279 0
31.528 0
31.6281 0
31.7282 0
31.8283 0
31.9284 0
32.0285 0
32.1285 0
32.2286 0
32.3287 0
32.4288 0
32.5289 0
32.629 0
32.729 0
32.8291 0
32.9292 0
33.0293 0
33.1294 0
33.2294 0
33.3295 0
33.4296 0
33.5297 0
33.6298 0
33.73 0
33.83 0
33.9301 0
34.0302 0
34.1303 0
34.2304 0
34.3305 0
34.4306 0
34.5306 0
34.6307 0
34.7308 0
34.8309 0
34.931 0
35.031 0
35.1311 0
35.2312 0
35.3313 0
35.4314 0
35.5314 0
35.6315 0
35.7316 0
35.8317 0
35.9318 0
36.0319 0
36.132 0
36.232 0
36.3321 0
36.4322 0
36.5323 0
36.6324 0
36.7325 0
36.8326 0
36.9326 0
37.0327 0
37.1328 0
37.2329 0
37.333 0
37.4331 0
37.5332 2
37.6333 6
37.7334 15
37.8335 22
37.9336 28
38.0336 35
38.1337 42
38.2338 48
38.3339 56
38.434 61
38.5341 69
38.6341 77
38.7342 83
38.8343 91
38.9344 97
39.0345 104
39.1346 111
39.2347 118
39.3348 126
39.4349 132
39.535 140
39.6351 146
39.7353 154
39.8354 163
39.9355 169
40.0356 175
40.1357 179
40.2358 184
40.3359 189
40.436 194
40.5361 200
40.6361 200
40.7362 200
40.8363 200
40.9364 200
41.0365 200
41.1365 200
41.2366 200
41.3367 200
41.4368 200
41.5369 200
41.637 200
41.7371 200
41.8372 200
41.9373 200
42.0374 200
42.1374 200
42.2375 200
42.3376 200
42.4377 200
42.5377 200
42.6378 200
42.7379 200
42.838 200
42.9381 200
43.0382 200
43.1383 200
43.2384 200
43.3385 200
43.4385 200
43.5386 200
43.6387 200
43.7389 200
43.8389 200
43.939 200
44.0391 200
44.1392 200
44.2393 200
44.3394 200
44.4395 200
44.5396 200
44.6396 200
44.7397 200
44.8398 200
44.9399 200
45.04 200
45.14 200
45.2401 200
45.3402 200
45.4403 200
45.5404 200
45.6404 200
45.7405 200
45.8406 200
45.9407 200
46.0408 200
46.1409 200
46.241 200
46.3411 200
46.4412 200
46.5413 200
46.6414 200
46.7414 200
46.8416 200
46.9417 200
47.0418 200
47.1419 200
47.2419 199
47.342 200
47.4422 200
47.5422 200
47.6424 200
47.7425 200
47.8425 200
47.9426 200
48.0427 200
48.1428 199
48.2429 197
48.343 196
48.4431 194
48.5431 193
48.6432 192
48.7433 191
48.8434 189
48.9434 188
49.0435 186
49.1437 185
49.2438 184
49.3439 182
49.444 180
49.544 179
49.6441 177
49.7443 176
49.8444 175
49.9445 173
50.0445 172
50.1447 169
50.2448 165
50.3448 164
50.4449 161
50.545 157
50.6451 155
50.7452 151
50.8453 149
50.9453 139
51.0454 127
51.1455 116
51.2456 104
51.3457 93
51.4457 82
51.5458 70
51.6459 60
51.746 49
51.8461 38
51.9462 27
52.0462 16
52.1463 5
52.2464 0
52.3465 0
52.4466 0
52.5467 0
52.6468 0
52.7469 0
52.847 0
52.947 0
53.0471 0
53.1472 0
53.2473 0
53.3474 0
53.4475 0
53.5475 0
53.6476 0
53.7477 0
53.8478 0
53.9479 0
54.048 0
54.1481 0
54.2481 0
54.3482 0
54.4483 0
54.5484 0
54.6485 0
54.7485 0
54.8486 0
54.9487 0
55.0488 0
55.1489 0
55.249 0
55.3491 0
55.4491 0
55.5492 0
55.6493 0
55.7494 0
55.8495 0
55.9496 0
56.0497 0
56.1497 0
56.2498 0
56.3499 0
56.45 0
56.5501 0
56.6501 0
56.7502 0
56.8503 0
56.9504 0
57.0505 0
57.1506 0
57.2507 0
57.3508 0
57.4508 0
57.5509 0
57.651 0
57.7511 0
57.8512 0
57.9513 0
58.0514 0
58.1515 0
58.2515 0
58.3516 0
58.4517 0
58.5518 0
58.6519 0
58.752 0
58.852 0
58.9521 0
59.0522 0
59.1523 0
59.2524 0
59.3525 0
59.4526 0
59.5527 0
59.6528 0
59.7529 0
59.8529 0
59.953 0
60.0531 0
60.1532 0
60.2533 0
60.3534 0
60.4535 0
60.5536 0
60.6536 0
60.7537 0
60.8538 0
60.9539 0
61.054 0
61.1541 0
61.2541 0
61.3542 0
61.4543 0
61.5544 0
61.6545 0
61.7546 0
61.8547 0
61.9548 0
62.0549 0
62.155 0
62.2551 0
62.3552 0
62.4552 1
62.5553 4
62.6554 8
62.7555 14
62.8556 19
62.9557 23
63.0558 30
63.1559 34
63.256 42
63.3561 48
63.4561 54
63.5562 62
63.6563 67
63.7564 73
63.8565 76
63.9566 82
64.0567 91
64.1567 95
64.2568 102
64.3569 105
64.457 113
64.5571 119
64.6572 123
64.7573 129
64.8574 134
64.9575 140
65.0576 147
65.1577 151
65.2577 157
65.3578 162
65.4579 168
65.558 175
65.6581 180
65.7582 187
65.8583 192
65.9584 197
66.0585 200
66.1586 200
66.2587 200
66.3588 200
66.4589 200
66.559 200
66.6591 200
66.7592 200
66.8593 200
66.9594 200
67.0595 200
67.1596 200
67.2597 200
67.3599 200
67.4599 200
67.56 200
67.6601 200
67.7603 200
67.8604 200
67.9606 200
68.0607 200
68.1608 200
68.2609 200
68.361 200
68.4611 200
68.5612 200
68.6613 200
68.7614 200
68.8615 200
68.9615 200
69.0616 200
69.1617 200
69.2618 200
69.3619 200
69.462 200
69.5621 200
69.6623 200
69.7624 200
69.8625 200
69.9626 200
70.0627 200
70.1628 200
70.2628 200
70.3629 200
70.463 200
70.5631 200
70.6632 200
70.7633 200
70.8633 200
70.9634 200
71.0635 200
71.1636 200
71.2637 200
71.3638 200
71.4639 200
71.564 200
71.6641 200
71.7642 200
71.8643 200
71.9644 200
72.0645 200
72.1646 200
72.2647 200
72.3647 200
72.4648 200
72.5649 196
72.665 190
72.7652 182
72.8653 175
72.9654 169
73.0655 161
73.1656 155
73.2657 147
73.3658 140
73.4659 133
73.566 125
73.6661 120
73.7661 112
73.8662 105
73.9663 98
74.0664 90
74.1665 85
74.2666 76
74.3667 70
74.4668 63
74.5669 55
74.6669 49
74.767 41
74.8671 35
74.9672 28
75.0673 21
75.1674 16
75.2675 9
75.3676 5
75.4676 0
