1.502e-06 0
0.100474 8
0.200565 21
0.300668 33
0.400746 43
0.500831 55
0.60093 66
0.701019 77
0.801097 88
0.901174 98
1.00125 108
1.10133 120
1.2014 132
1.30148 142
1.40156 153
1.50167 165
1.60175 177
1.70184 188
1.80192 200
1.902 200
2.00209 200
2.10217 200
2.20225 200
2.30233 200
2.40241 200
2.50247 200
2.60257 200
2.70268 200
2.80278 200
2.90287 200
3.00295 200
3.10303 200
3.20313 200
3.30321 200
3.4033 200
3.50337 200
3.60346 200
3.70355 200
3.80362 200
3.9037 200
4.00377 200
4.10387 200
4.20396 200
4.30405 200
4.40416 200
4.50424 200
4.60434 200
4.70443 200
4.8045 200
4.90459 200
5.00467 200
5.10476 200
5.20484 200
5.30492 200
5.405 200
5.50507 200
5.60516 200
5.70526 200
5.80534 200
5.90542 200
6.00553 199
6.10566 200
6.20575 200
6.30583 200
6.40594 200
6.50601 199
6.60609 200
6.70619 200
6.80628 199
6.90636 200
7.00644 198
7.10654 200
7.20662 200
7.30671 200
7.40678 200
7.50687 198
7.60695 200
7.70703 200
7.80712 200
7.9072 200
8.00726 197
8.10735 200
8.20743 200
8.30751 199
8.4076 200
8.50767 196
8.60774 199
8.70783 200
8.80791 198
8.90799 200
9.00806 196
9.10816 200
9.20823 200
9.30831 197
9.4084 199
9.5085 196
9.60859 198
9.70868 200
9.80878 198
9.90886 199
10.009 194
10.1091 196
10.2092 195
10.3093 192
10.4094 192
10.5095 187
10.6096 190
10.7097 187
10.8098 186
10.9098 181
11.0099 168
11.11 164
11.2101 155
11.3102 146
11.4103 140
11.5104 126
11.6105 122
11.7106 113
11.8107 104
11.9108 98
12.0109 84
12.1109 80
12.211 66
12.3111 45
12.4112 27
12.5113 0
12.6114 0
12.7115 0
12.8116 0
12.9117 0
13.0117 0
13.1118 0
13.2119 0
13.312 0
13.4121 0
13.5122 0
13.6123 0
13.7124 0
13.8125 0
13.9126 0
14.0127 0
14.1127 0
14.2128 0
14.3129 0
14.413 0
14.5131 0
14.6132 0
14.7133 0
14.8134 0
14.9135 0
15.0136 0
15.1137 0
15.2138 0
15.3139 0
15.4139 0
15.514 0
15.6141 0
15.7142 0
15.8143 0
15.9144 0
16.0145 0
16.1146 0
16.2147 0
16.3148 0
16.4149 0
16.515 0
16.6151 0
16.7151 0
16.8152 0
16.9153 0
17.0154 0
17.1155 0
17.2156 0
17.3157 0
17.4158 0
17.5158 0
17.6159 0
17.716 0
17.8161 0
17.9162 0
18.0163 0
18.1164 0
18.2165 0
18.3166 0
18.4167 0
18.5168 0
18.6169 0
18.717 0
18.8171 0
18.9171 0
19.0172 0
19.1173 1
19.2174 0
19.3175 0
19.4176 0
19.5177 0
19.6178 1
19.7179 0
19.818 0
19.9181 1
20.0182 0
20.1183 2
20.2184 1
20.3185 1
20.4185 2
20.5186 0
20.6187 2
20.7188 1
20.8189 1
20.919 1
21.019 1
21.1191 6
21.2192 8
21.3193 10
21.4194 14
21.5195 15
21.6196 21
21.7197 22
21.8197 24
21.9198 28
22.0199 30
22.12 35
22.2201 36
22.3202 38
22.4203 42
22.5203 43
22.6204 49
22.7205 50
22.8206 53
22.9207 57
23.0208 58
23.1209 63
23.221 65
23.3211 67
23.4211 71
23.5212 72
23.6213 77
23.7214 78
23.8215 82
23.9216 84
24.0217 85
24.1218 90
24.2218 91
24.3219 95
24.422 98
24.5221 99
24.6222 103
24.7223 105
24.8224 110
24.9224 112
25.0225 113
25.1226 117
25.2227 127
25.3228 137
25.4229 145
25.523 153
25.6231 161
25.7232 170
25.8232 177
25.9233 185
26.0234 194
26.1235 200
26.2236 200
26.3237 200
26.4237 200
26.5238 200
26.6239 200
26.724 200
26.8241 200
26.9242 200
27.0243 200
27.1243 200
27.2244 200
27.3245 200
27.4246 200
27.5247 200
27.6248 200
27.7249 200
27.8249 200
27.925 200
28.0251 200
28.1252 200
28.2253 200
28.3254 200
28.4255 200
28.5255 200
28.6256 200
28.7257 200
28.8258 200
28.9259 200
29.0259 200
29.126 200
29.2261 200
29.3262 200
29.4263 200
29.5264 199
29.6265 200
29.7266 200
29.8267 200
29.9267 200
30.0268 198
30.1269 200
30.227 199
30.3271 200
30.4272 200
30.5272 199
30.6273 200
30.7274 199
30.8275 200
30.9276 200
31.0277 197
31.1277 200
31.2278 198
31.3279 200
31.428 198
31.5281 198
31.6282 200
31.7283 198
31.8283 200
31.9284 199
32.0285 196
32.1286 200
32.2287 196
32.3288 198
32.4289 197
32.529 197
32.6291 198
32.7292 195
32.8292 199
32.9293 197
33.0294 196
33.1295 196
33.2296 192
33.3297 194
33.4298 190
33.5298 189
33.6299 190
33.73 185
33.8301 187
33.9302 181
34.0303 181
34.1303 180
34.2304 174
34.3305 175
34.4306 164
34.5307 159
34.6308 149
34.7309 140
34.831 134
34.931 121
35.0311 116
35.1312 107
35.2313 98
35.3314 91
35.4314 79
35.5315 74
35.6316 64
35.7317 44
35.8318 20
35.9318 0
36.0319 0
36.132 0
36.2321 0
36.3322 0
36.4323 0
36.5324 0
36.6325 0
36.7326 0
36.8327 0
36.9328 0
37.0328 0
37.133 0
37.233 0
37.3331 0
37.4332 0
37.5333 0
37.6334 0
37.7335 0
37.8335 0
37.9336 0
38.0337 0
38.1338 0
38.2339 0
38.334 0
38.4341 0
38.5342 0
38.6343 0
38.7344 0
38.8345 0
38.9346 0
39.0347 0
39.1347 0
39.2348 0
39.3349 0
39.435 0
39.5351 0
39.6351 0
39.7352 0
39.8353 0
39.9354 0
40.0355 0
40.1355 0
40.2356 0
40.3357 0
40.4358 0
40.5359 0
40.636 0
40.7361 0
40.8362 0
40.9362 0
41.0363 0
41.1364 0
41.2365 0
41.3366 0
41.4367 0
41.5368 0
41.6369 0
41.7369 0
41.837 0
41.9371 0
42.0372 0
42.1373 0
42.2374 0
42.3375 0
42.4377 0
42.5377 0
42.6378 0
42.7379 1
42.838 0
42.9381 0
43.0382 0
43.1382 0
43.2383 1
43.3384 0
43.4385 0
43.5386 0
43.6387 1
43.7387 2
43.8388 1
43.9389 2
44.039 3
44.1391 5
44.2391 10
44.3392 11
44.4393 15
44.5394 18
44.6395 20
44.7395 24
44.8396 25
44.9397 29
45.0398 32
45.1399 34
45.24 38
45.3401 39
45.4402 44
45.5403 46
45.6403 48
45.7404 52
45.8405 53
45.9406 57
46.0407 59
46.1408 61
46.2408 65
46.3409 66
46.441 71
46.5411 73
46.6412 75
46.7413 79
46.8414 81
46.9414 85
47.0415 87
47.1416 90
47.2417 94
47.3418 96
47.4418 100
47.5419 102
47.642 104
47.7421 108
47.8422 109
47.9423 112
48.0423 115
48.1424 117
48.2425 122
48.3426 123
48.4427 126
48.5428 130
48.6429 132
48.743 138
48.8431 147
48.9432 154
49.0433 162
49.1433 171
49.2434 178
49.3435 187
49.4436 196
49.5437 200
49.6438 200
49.7439 200
49.844 200
49.9441 200
50.0441 200
50.1442 200
50.2443 200
50.3444 200
50.4445 200
50.5446 200
50.6447 200
50.7448 200
50.8449 200
50.945 200
51.045 200
51.1451 200
51.2452 200
51.3453 200
51.4454 200
51.5454 200
51.6455 200
51.7456 200
51.8457 200
51.9458 200
52.0459 200
52.146 200
52.2461 200
52.3462 200
52.4462 200
52.5463 200
52.6464 200
52.7465 200
52.8466 200
52.9466 200
53.0467 199
53.1468 200
53.2469 200
53.347 200
53.4471 200
53.5471 200
53.6472 200
53.7473 200
53.8474 200
53.9475 200
54.0475 200
54.1476 200
54.2477 198
54.3478 200
54.4479 200
54.5479 200
54.648 200
54.7481 200
54.8482 200
54.9483 200
55.0484 200
55.1485 200
55.2485 199
55.3486 200
55.4487 199
55.5488 200
55.6489 200
55.749 198
55.849 200
55.9491 199
56.0492 200
56.1493 200
56.2494 196
56.3495 200
56.4496 198
56.5497 199
56.6498 199
56.7498 198
56.8499 200
56.95 198
57.0501 199
57.1502 198
57.2503 196
57.3504 193
57.4505 190
57.5505 193
57.6506 189
57.7507 186
57.8508 186
57.9509 183
58.0509 185
58.151 179
58.2511 177
58.3512 175
58.4513 163
58.5514 153
58.6514 135
58.7515 123
58.8516 109
58.9517 93
59.0518 82
59.1519 65
59.2519 53
59.352 38
59.4521 23
59.5522 11
59.6523 0
