2.104e-06 0
0.100488 8
0.200571 21
0.300645 33
0.400731 43
0.500807 55
0.600892 66
0.700966 77
0.801054 87
0.901136 98
1.00121 108
1.10129 120
1.20137 132
1.30144 142
1.40157 153
1.50167 165
1.60175 177
1.70187 187
1.80195 200
1.90203 200
2.00211 200
2.10219 200
2.20227 200
2.30235 200
2.40242 200
2.5025 200
2.60259 200
2.70267 200
2.80275 200
2.90283 200
3.00292 200
3.10301 200
3.20309 200
3.30316 200
3.40323 200
3.50331 200
3.60341 200
3.70349 200
3.81217 200
3.91225 200
4.01233 200
4.1124 200
4.21248 200
4.31257 200
4.41264 200
4.51274 200
4.61282 200
4.7129 200
4.81297 200
4.91306 200
5.01313 200
5.11323 200
5.21331 200
5.31339 200
5.41346 200
5.51356 200
5.61363 200
5.71372 200
5.8138 200
5.91389 200
6.01396 200
6.11405 200
6.21413 200
6.31421 200
6.41429 200
6.51439 200
6.61448 200
6.71456 200
6.81463 200
6.91472 200
7.01481 200
7.11489 200
7.21498 200
7.31505 200
7.41513 200
7.51521 200
7.61528 200
7.71536 200
7.81545 200
7.91555 200
8.01563 200
8.1157 200
8.21578 200
8.31588 200
8.41597 200
8.51606 200
8.61615 200
8.71622 200
8.81631 200
8.91641 200
9.01649 200
9.11657 200
9.21665 200
9.31673 200
9.4168 200
9.51689 200
9.61697 200
9.71706 200
9.81714 200
9.91722 200
10.0173 200
10.1174 200
10.2174 200
10.3175 200
10.4176 200
10.5177 200
10.6178 200
10.7178 200
10.8179 200
10.918 200
11.0181 200
11.1182 200
11.2182 200
11.3183 200
11.4184 200
11.5185 200
11.6185 200
11.7186 200
11.8187 200
11.9187 200
12.0188 200
12.1189 200
12.219 200
12.319 200
12.4191 200
12.5192 200
12.6193 200
12.7194 200
12.8194 200
12.9195 200
13.0196 200
13.1196 200
13.2197 200
13.3198 200
13.4199 200
13.52 200
13.62 200
13.7201 200
13.8202 200
13.9202 200
14.0203 200
14.1204 200
14.2205 200
14.3205 200
14.4206 200
14.5207 200
14.6207 200
14.7208 200
14.8209 200
14.921 200
15.021 200
15.1211 200
15.2212 200
15.3213 200
15.4214 200
15.5215 200
15.6215 200
15.7216 200
15.8217 200
15.9217 200
16.0218 200
16.1219 200
16.2219 200
16.322 200
16.4221 200
16.5222 200
16.6223 200
16.7223 200
16.8224 200
16.9225 200
17.0226 200
17.1227 200
17.2227 200
17.3228 200
17.4229 200
17.523 200
17.623 200
17.7231 200
17.8232 200
17.9233 200
18.0234 200
18.1234 200
18.2235 200
18.3236 200
18.4237 200
18.5238 200
18.6238 200
18.7239 200
18.824 200
18.9241 200
19.0242 200
19.1242 200
19.2243 200
19.3244 200
19.4245 200
19.5246 200
19.6246 200
19.7247 200
19.8248 200
19.9249 200
20.025 200
20.125 200
20.2251 200
20.3252 200
20.4253 200
20.5254 200
20.6254 200
20.7255 200
20.8256 200
20.9257 200
21.0258 200
21.1258 200
21.226 200
21.326 200
21.4261 200
21.5262 200
21.6263 200
21.7264 200
21.8265 200
21.9265 200
22.0266 200
22.1267 200
22.2268 200
22.3269 200
22.427 200
22.5271 200
22.6272 200
22.7273 200
22.8274 200
22.9274 200
23.0275 200
23.1276 200
23.2277 200
23.3278 200
23.4279 200
23.528 200
23.6281 200
23.7281 200
23.8282 200
23.9283 200
24.0284 200
24.1284 200
24.2285 200
24.3286 200
24.4287 200
24.5288 200
24.6289 200
24.729 200
24.829 200
24.9291 200
25.0292 200
25.1293 200
25.2293 200
25.3294 200
25.4295 200
25.5296 200
25.6297 200
25.7298 200
25.8299 200
25.93 200
26.0301 200
26.1302 200
26.2303 200
26.3304 200
26.4305 200
26.5306 200
26.6306 200
26.7307 200
26.8308 200
26.9309 200
27.031 200
27.1311 200
27.2312 200
27.3313 200
27.4313 200
27.5314 200
27.6315 200
27.7316 200
27.8316 200
27.9317 200
28.0318 200
28.1319 200
28.232 200
28.3321 200
28.4322 200
28.5323 200
28.6324 200
28.7325 200
28.8326 200
28.9326 200
29.0327 200
29.1328 200
29.2329 200
29.333 200
29.4331 200
29.5331 200
29.6332 200
29.7333 200
29.8334 200
29.9335 200
30.0336 200
30.1337 200
30.2337 200
30.3339 200
30.4339 200
30.534 200
30.6341 200
30.7342 200
30.8343 200
30.9344 200
31.0345 200
31.1346 200
31.2346 200
31.3347 200
31.4348 200
31.5349 200
31.635 200
31.7351 200
31.8351 200
31.9352 200
32.0353 200
32.1354 200
32.2355 200
32.3356 200
32.4357 200
32.5358 200
32.6359 199
32.736 200
32.836 200
32.9361 200
33.0362 200
33.1363 200
33.2364 200
33.3364 200
33.4365 200
33.5366 200
33.6367 200
33.7368 200
33.8369 200
33.937 200
34.037 200
34.1371 200
34.2372 200
34.3373 200
34.4374 200
34.5375 200
34.6375 200
34.7376 200
34.8377 200
34.9378 200
35.0379 200
35.1379 200
35.238 200
35.3381 200
35.4382 200
35.5383 200
35.6383 200
35.7384 200
35.8385 200
35.9386 200
36.0387 200
36.1388 200
36.2389 200
36.339 200
36.439 200
36.5391 200
36.6392 200
36.7393 200
36.8394 200
36.9395 200
37.0395 200
37.1396 200
37.2397 200
37.3398 200
37.4399 200
37.54 200
37.64 200
37.7401 200
37.8402 200
37.9403 200
38.0404 200
38.1405 200
38.2406 200
38.3407 200
38.4407 200
38.5408 200
38.6409 200
38.741 200
38.8411 200
38.9412 200
39.0412 199
39.1413 196
39.2414 194
39.3415 190
39.4416 188
39.5417 184
39.6417 180
39.7418 179
39.8419 177
39.942 171
40.0421 168
40.1422 162
40.2423 156
40.3424 151
40.4425 146
40.5425 140
40.6426 135
40.7427 130
40.8428 125
40.9429 121
41.043 115
41.1431 109
41.2431 104
41.3432 99
41.4433 94
41.5434 87
41.6434 81
41.7435 76
41.8436 71
41.9437 66
42.0438 59
42.1439 54
42.244 51
42.3441 44
42.4442 39
42.5443 33
42.6443 27
42.7444 22
42.8445 16
42.9446 11
43.0447 5
43.1448 0
43.2449 0
43.345 0
43.4451 0
43.5452 0
43.6453 0
43.7454 0
43.8454 0
43.9455 0
44.0456 0
44.1457 0
44.2458 0
44.3459 0
44.446 0
44.5461 0
44.6462 0
44.7463 0
44.8463 0
44.9464 0
45.0465 0
45.1466 0
45.2467 0
45.3468 0
45.4469 0
45.547 0
45.647 0
45.7471 0
45.8472 0
45.9473 0
46.0474 0
46.1475 0
46.2476 0
46.3477 0
46.4478 0
46.5479 0
46.648 0
46.748 0
46.8481 0
46.9482 0
47.0483 0
47.1484 0
47.2485 0
47.3486 0
47.4487 0
47.5488 0
47.6489 0
47.749 0
47.8491 0
47.9492 0
48.0492 0
48.1493 0
48.2494 0
48.3495 0
48.4496 0
48.5497 0
48.6498 0
48.7499 0
48.85 0
48.9501 0
49.0502 0
49.1503 0
49.2504 0
49.3505 0
49.4505 0
49.5506 0
49.6507 0
49.7508 3
49.8509 9
49.951 16
50.051 22
50.1511 30
50.2512 35
50.3513 41
50.4514 49
50.5515 55
50.6516 63
50.7517 71
50.8518 77
50.9519 84
51.0519 91
51.152 98
51.2521 106
51.3522 112
51.4523 119
51.5524 126
51.6525 134
51.7526 142
51.8527 149
51.9528 158
52.0529 162
52.153 171
52.2531 177
52.3531 183
52.4533 189
52.5533 195
52.6534 200
52.7535 200
52.8536 200
52.9537 200
53.0538 200
53.1539 200
53.254 200
53.354 200
53.4541 200
53.5542 200
53.6543 200
53.7544 200
53.8545 200
53.9546 200
54.0547 200
54.1548 200
54.2548 200
54.3549 200
54.455 200
54.5551 200
54.6552 200
54.7553 200
54.8554 200
54.9555 200
55.0556 200
55.1556 200
55.2557 200
55.3558 200
55.4559 200
55.556 200
55.6561 200
55.7562 200
55.8563 200
55.9564 200
56.0565 200
56.1565 200
56.2566 200
56.3567 200
56.4568 200
56.5569 200
56.657 200
56.757 200
56.8571 200
56.9572 200
57.0573 200
57.1574 200
57.2575 200
57.3576 200
57.4576 200
57.5577 200
57.6578 200
57.7579 200
57.858 200
57.9581 200
58.0582 200
58.1583 200
58.2584 200
58.3584 200
58.4585 200
58.5586 200
58.6587 200
58.7588 200
58.8589 200
58.9589 200
59.059 200
59.1591 200
59.2592 200
59.3593 200
59.4594 200
59.5595 200
59.6596 200
59.7596 200
59.8597 200
59.9598 200
60.0599 200
60.16 200
60.2601 200
60.3602 200
60.4603 200
60.5604 200
60.6605 200
60.7606 200
60.8607 200
60.9608 200
61.0609 200
61.161 200
61.2611 200
61.3611 200
61.4612 200
61.5613 200
61.6614 200
61.7615 200
61.8616 200
61.9617 200
62.0618 200
62.1619 200
62.262 200
62.3621 200
62.4622 200
62.5622 200
62.6623 200
62.7624 200
62.8625 200
62.9626 200
63.0627 200
63.1628 200
63.2629 200
63.363 200
63.4631 200
63.5632 200
63.6632 200
63.7633 200
63.8634 200
63.9635 200
64.0636 200
64.1637 199
64.2638 200
64.3638 200
64.4639 199
64.564 199
64.6641 199
64.7642 200
64.8643 200
64.9643 200
65.0644 199
65.1645 199
65.2646 200
65.3647 200
65.4648 200
65.5649 199
65.665 199
65.765 200
65.8651 200
65.9652 200
66.0653 199
66.1654 198
66.2654 200
66.3655 200
66.4656 197
66.5658 191
66.6659 186
66.766 181
66.8661 174
66.9661 168
67.0662 163
67.1663 156
67.2664 152
67.3665 146
67.4666 139
67.5667 134
67.6667 128
67.7668 124
67.8669 119
67.967 113
68.0671 107
68.1672 101
68.2672 98
68.3673 91
68.4674 86
68.5675 81
68.6676 74
68.7677 68
68.8678 62
68.9679 55
69.068 50
69.1681 45
69.2682 40
69.3682 35
69.4684 27
69.5684 22
69.6685 15
69.7686 11
69.8687 6
69.9688 0
70.0688 0
70.1689 0
70.269 0
70.3691 0
70.4692 0
70.5693 0
70.6694 0
70.7696 0
70.8697 0
70.9698 0
71.0699 1
71.17 0
71.2701 0
71.3701 0
71.4702 0
71.5703 1
71.6704 0
71.7705 0
71.8706 1
71.9707 0
72.0707 1
72.1708 0
72.2709 0
72.371 0
72.4711 0
72.5712 1
72.6712 0
72.7713 0
72.8714 0
72.9715 0
73.0716 0
73.1717 0
73.2718 0
73.3719 0
73.472 0
73.5721 1
73.6722 0
73.7723 0
73.8723 0
73.9724 0
74.0725 1
74.1726 0
74.2727 0
74.3728 0
74.4729 0
74.573 1
74.6731 0
74.7732 0
74.8733 1
74.9734 0
75.0734 1
75.1735 0
75.2736 0
75.3737 0
75.4738 0
75.5739 1
75.674 0
75.7741 0
75.8741 0
75.9742 0
76.0743 0
76.1744 0
76.2745 0
76.3746 0
76.4746 0
76.5747 0
76.6748 0
76.7749 0
76.875 0
76.9751 0
77.0751 0
77.1752 3
77.2753 7
77.3754 14
77.4755 21
77.5756 27
77.6757 36
77.7758 42
77.8759 50
77.976 57
78.0761 65
78.1762 74
78.2763 80
78.3763 89
78.4764 94
78.5765 101
78.6766 110
78.7767 116
78.8768 125
78.9769 130
79.077 137
79.177 145
79.2771 150
79.3772 159
79.4773 166
79.5774 172
79.6775 180
79.7775 185
79.8776 194
79.9777 200
80.0778 200
80.1779 200
80.278 200
80.3781 200
80.4782 200
80.5782 200
80.6783 200
80.7784 200
80.8785 200
80.9786 200
81.0787 200
81.1788 200
81.2789 200
81.379 200
81.479 200
81.5791 200
81.6792 200
81.7793 200
81.8794 200
81.9795 200
82.0796 200
82.1797 200
82.2797 200
82.3798 200
82.4799 200
82.58 200
82.6801 200
82.7802 200
82.8803 200
82.9804 200
83.0805 200
83.1805 200
83.2806 200
83.3807 200
83.4808 200
83.5809 200
83.681 200
83.781 200
83.8811 200
83.9812 200
84.0813 200
84.1814 200
84.2815 200
84.3816 200
84.4817 200
84.5817 200
84.6818 200
84.7819 200
84.882 200
84.9821 200
85.0822 200
85.1823 200
85.2824 200
85.3825 200
85.4826 200
85.5826 200
85.6827 200
85.7828 200
85.8829 200
85.983 200
86.0831 200
86.1832 200
86.2833 200
86.3833 200
86.4834 200
86.5835 200
86.6836 200
86.7837 200
86.8838 200
86.9838 200
87.0839 200
87.184 200
87.2841 200
87.3842 200
87.4843 200
87.5844 200
87.6845 200
87.7846 200
87.8847 200
87.9848 200
88.0849 200
88.185 200
88.2851 200
88.3852 200
88.4852 200
88.5853 197
88.6854 191
88.7855 185
88.8856 180
88.9857 175
89.0858 169
89.1859 163
89.286 157
89.3861 152
89.4861 146
89.5862 141
89.6863 135
89.7864 129
89.8865 124
89.9866 118
90.0866 113
90.1867 107
90.2868 101
90.3869 96
90.487 90
90.5871 85
90.6872 79
90.7873 73
90.8874 68
90.9875 62
91.0876 57
91.1876 51
91.2877 45
91.3878 39
91.4879 33
91.588 28
91.6881 23
91.7882 17
91.8883 11
91.9883 5
92.0884 0
