2.264e-06 0
0.100462 8
0.200547 21
0.300676 33
0.400758 43
0.500831 55
0.600904 66
0.700979 77
0.801058 88
0.901139 98
1.00122 108
1.1013 120
1.20139 132
1.30147 142
1.40154 153
1.50163 165
1.60171 177
1.70179 187
1.80188 200
1.90195 200
2.00204 200
2.10212 200
2.20221 200
2.3023 200
2.40239 200
2.50247 200
2.60256 200
2.70266 200
2.80277 200
2.90285 200
3.00293 200
3.10304 200
3.20313 200
3.30321 200
3.40328 200
3.50336 200
3.60343 200
3.70352 200
3.80359 200
3.90367 200
4.00375 200
4.10383 200
4.20392 200
4.304 200
4.40409 200
4.50418 200
4.60428 200
4.70437 200
4.80445 200
4.90453 200
5.00462 200
5.1047 200
5.20479 200
5.30487 200
5.40496 200
5.50504 200
5.60512 200
5.7052 200
5.80528 200
5.90536 200
6.00544 200
6.10553 200
6.20561 200
6.30568 200
6.40576 200
6.50585 200
6.60593 200
6.70601 200
6.80608 200
6.90616 200
7.00626 200
7.10635 200
7.20644 200
7.30651 200
7.40659 200
7.50669 200
7.60677 200
7.70685 200
7.80692 200
7.907 200
8.00708 200
8.10716 200
8.20724 200
8.3073 200
8.40738 200
8.50746 200
8.60754 200
8.70762 200
8.80771 200
8.90779 200
9.00786 200
9.10794 200
9.20803 200
9.30812 200
9.40821 200
9.5083 200
9.60838 200
9.70846 200
9.80855 200
9.90865 200
10.0087 200
10.1088 200
10.2089 200
10.309 200
10.4091 200
10.5092 200
10.6093 200
10.7093 200
10.8094 200
10.9095 200
11.0096 200
11.1097 200
11.2098 200
11.3099 200
11.41 200
11.5101 200
11.6101 200
11.7102 200
11.8103 200
11.9104 200
12.0105 200
12.1106 200
12.2107 200
12.3108 200
12.4109 200
12.5109 200
12.611 200
12.7111 200
12.8112 200
12.9113 200
13.0114 200
13.1115 200
13.2115 200
13.3116 200
13.4117 200
13.5118 200
13.6119 200
13.712 200
13.812 200
13.9121 200
14.0122 200
14.1123 200
14.2123 200
14.3124 200
14.4125 200
14.5126 200
14.6126 200
14.7127 200
14.8128 200
14.9129 200
15.013 200
15.113 200
15.2131 200
15.3132 200
15.4133 200
15.5133 200
15.6134 200
15.7135 200
15.8136 200
15.9137 200
16.0137 200
16.1138 200
16.2139 200
16.314 200
16.414 200
16.5141 200
16.6142 200
16.7142 200
16.8143 200
16.9144 200
17.0144 200
17.1145 200
17.2146 200
17.3147 200
17.4148 200
17.5148 200
17.6149 200
17.715 200
17.815 200
17.9151 200
18.0152 200
18.1153 200
18.2153 200
18.3154 200
18.4155 200
18.5156 200
18.6157 200
18.7157 200
18.8158 200
18.9159 200
19.016 200
19.116 200
19.2161 200
19.3162 200
19.4163 200
19.5163 200
19.6164 200
19.7165 200
19.8166 200
19.9166 200
20.0167 200
20.1168 200
20.2168 200
20.3169 200
20.417 200
20.5171 200
20.6172 198
20.7172 197
20.8173 195
20.9174 194
21.0175 192
21.1175 190
21.2176 190
21.3177 188
21.4178 188
21.5178 185
21.618 183
21.718 183
21.8181 181
21.9182 181
22.0183 178
22.1184 176
22.2184 176
22.3185 174
22.4186 174
22.5187 171
22.6188 169
22.7189 168
22.819 166
22.9191 164
23.0191 164
23.1192 162
23.2193 161
23.3194 158
23.4194 155
23.5195 147
23.6196 137
23.7197 130
23.8198 122
23.9199 112
24.02 103
24.12 94
24.2201 88
24.3202 77
24.4203 71
24.5204 63
24.6205 54
24.7205 49
24.8206 38
24.9207 31
25.0208 24
25.1209 16
25.2209 7
25.321 0
25.4211 0
25.5212 0
25.6213 0
25.7214 0
25.8215 0
25.9215 0
26.0216 0
26.1217 0
26.2218 0
26.3219 0
26.422 0
26.5221 0
26.6222 0
26.7223 0
26.8224 0
26.9225 0
27.0226 0
27.1227 0
27.2227 0
27.3228 0
27.4229 0
27.523 0
27.6231 0
27.7232 0
27.8232 0
27.9233 0
28.0234 0
28.1235 0
28.2236 0
28.3237 0
28.4238 0
28.5239 0
28.6239 0
28.724 0
28.8241 0
28.9242 0
29.0243 0
29.1244 0
29.2245 0
29.3245 0
29.4246 0
29.5247 0
29.6248 0
29.7249 0
29.825 0
29.9251 0
30.0252 0
30.1253 0
30.2253 0
30.3254 0
30.4255 0
30.5256 0
30.6257 0
30.7258 0
30.8259 0
30.926 0
31.0261 0
31.1262 0
31.2262 0
31.3263 0
31.4264 0
31.5265 0
31.6266 0
31.7267 0
31.8268 0
31.9269 0
32.0269 0
32.127 0
32.2271 1
32.3272 0
32.4273 0
32.5273 0
32.6274 0
32.7275 1
32.8276 0
32.9277 0
33.0278 1
33.1278 0
33.2279 0
33.328 0
33.4281 0
33.5282 0
33.6283 0
33.7284 0
33.8285 0
33.9286 0
34.0287 1
34.1287 0
34.2288 0
34.3289 0
34.429 0
34.5291 0
34.6292 0
34.7292 0
34.8293 1
34.9294 9
35.0295 16
35.1296 24
35.2297 30
35.3298 38
35.4299 42
35.53 51
35.6301 57
35.7302 63
35.8303 72
35.9304 78
36.0305 86
36.1305 93
36.2307 99
36.3308 106
36.4309 113
36.531 120
36.631 128
36.7311 135
36.8312 143
36.9313 148
37.0313 157
37.1314 164
37.2315 171
37.3316 178
37.4317 185
37.5318 190
37.6319 197
37.7319 200
37.832 200
37.9321 200
38.0322 200
38.1323 200
38.2324 200
38.3325 200
38.4326 200
38.5327 200
38.6328 200
38.7329 200
38.833 200
38.9331 200
39.0331 200
39.1332 200
39.2333 200
39.3334 200
39.4335 200
39.5336 200
39.6337 200
39.7338 200
39.8339 200
39.934 200
40.034 200
40.1341 200
40.2342 200
40.3343 200
40.4344 200
40.5345 200
40.6346 200
40.7347 200
40.8348 200
40.9349 200
41.035 200
41.135 200
41.2351 200
41.3352 200
41.4353 200
41.5354 200
41.6355 200
41.7356 200
41.8357 200
41.9357 200
42.0359 200
42.1359 200
42.236 200
42.3361 200
42.4362 200
42.5363 200
42.6364 200
42.7365 200
42.8365 200
42.9366 200
43.0367 200
43.1368 200
43.2369 200
43.337 200
43.4371 200
43.5372 200
43.6373 200
43.7374 200
43.8375 200
43.9375 200
44.0376 200
44.1377 200
44.2378 200
44.3379 200
44.438 200
44.5381 200
44.6382 200
44.7383 200
44.8384 200
44.9384 200
45.0385 200
45.1386 200
45.2387 200
45.3388 200
45.4389 200
45.5389 200
45.639 200
45.7391 200
45.8392 200
45.9393 200
46.0394 200
46.1395 200
46.2396 199
46.3396 198
46.4397 196
46.5398 194
46.6399 194
46.74 192
46.8401 191
46.9401 189
47.0402 187
47.1403 187
47.2404 185
47.3405 184
47.4406 181
47.5407 181
47.6407 180
47.7408 178
47.8409 177
47.941 174
48.0411 172
48.1412 169
48.2413 167
48.3414 165
48.4415 160
48.5416 158
48.6417 155
48.7417 153
48.8418 150
48.9419 145
49.042 132
49.1421 121
49.2422 112
49.3423 98
49.4424 87
49.5424 76
49.6425 63
49.7426 54
49.8427 43
49.9428 33
50.0429 19
50.1429 10
50.243 0
50.3431 0
50.4432 0
50.5433 0
50.6434 0
50.7435 0
50.8435 0
50.9436 0
51.0437 0
51.1438 0
51.2439 0
51.344 0
51.4441 0
51.5442 0
51.6442 0
51.7443 0
51.8444 0
51.9445 0
52.0446 0
52.1447 0
52.2448 0
52.3449 0
52.4449 0
52.545 0
52.6451 0
52.7452 0
52.8453 0
52.9454 0
53.0455 0
53.1455 0
53.2456 0
53.3457 0
53.4458 0
53.5459 0
53.646 0
53.746 0
53.8461 0
53.9462 0
54.0463 0
54.1464 0
54.2465 0
54.3465 0
54.4466 0
54.5467 0
54.6468 0
54.7469 0
54.847 0
54.9471 0
55.0471 0
55.1472 0
55.2473 0
55.3474 0
55.4475 0
55.5476 0
55.6476 0
55.7477 0
55.8478 0
55.9479 0
56.048 0
56.1481 0
56.2482 0
56.3483 0
56.4483 0
56.5484 0
56.6485 0
56.7486 0
56.8487 0
56.9488 0
57.0489 0
57.149 0
57.2491 0
57.3492 0
57.4493 0
57.5493 0
57.6494 0
57.7495 0
57.8496 0
57.9497 0
58.0498 0
58.1499 0
58.2499 0
58.35 0
58.4501 0
58.5502 0
58.6503 0
58.7504 0
58.8505 0
58.9506 0
59.0507 0
59.1508 0
59.2509 0
59.351 0
59.4511 0
59.5512 0
59.6513 0
59.7514 0
59.8515 0
59.9515 0
60.0516 0
60.1517 0
60.2518 0
60.3519 0
60.452 0
60.5521 2
60.6522 7
60.7523 14
60.8524 22
60.9524 28
61.0525 35
61.1526 42
61.2527 51
61.3528 56
61.4528 65
61.5529 73
61.653 80
61.7531 89
61.8532 93
61.9533 101
62.0534 110
62.1535 116
62.2536 125
62.3537 129
62.4538 138
62.5538 145
62.6539 152
62.754 159
62.8541 165
62.9542 173
63.0543 180
63.1544 187
63.2544 193
63.3545 200
63.4546 200
63.5547 200
63.6548 200
63.7549 200
63.855 200
63.9551 200
64.0552 200
64.1553 200
64.2554 200
64.3554 200
64.4555 200
64.5556 200
64.6557 200
64.7558 200
64.8559 200
64.956 200
65.0561 200
65.1561 200
65.2562 200
65.3563 200
65.4564 200
65.5565 200
65.6566 200
65.7567 200
65.8568 200
65.9569 200
66.0569 200
66.157 200
66.2571 200
66.3572 200
66.4573 200
66.5574 200
66.6575 200
66.7575 200
66.8576 200
66.9577 200
67.0578 200
67.1579 200
67.258 200
67.3581 200
67.4582 200
67.5583 200
67.6584 200
67.7585 200
67.8585 200
67.9586 200
68.0587 200
68.1588 200
68.2589 200
68.3589 200
68.459 200
68.5591 200
68.6592 200
68.7593 200
68.8594 200
68.9595 200
69.0596 200
69.1597 200
69.2597 200
69.3598 200
69.4599 200
69.56 200
69.6601 200
69.7602 200
69.8603 200
69.9603 200
70.0604 200
70.1605 200
70.2606 200
70.3607 200
70.4608 200
70.5608 200
70.6609 200
70.761 200
70.8611 200
70.9612 200
71.0612 200
71.1613 200
71.2614 198
71.3615 190
71.4616 183
71.5617 175
71.6618 170
71.7619 163
71.8619 155
71.962 148
72.0621 140
72.1622 135
72.2622 128
72.3624 120
72.4625 113
72.5626 105
72.6626 100
72.7627 93
72.8629 85
72.963 78
73.063 70
73.1631 65
73.2632 58
73.3633 50
73.4634 43
73.5635 35
73.6636 29
73.7637 23
73.8638 15
73.9639 8
74.0639 0
