2.976e-06 0
0.100704 8
0.20079 21
0.300865 33
0.400946 43
0.501022 55
0.601118 66
0.701228 77
0.801308 88
0.901394 98
1.00151 108
1.10161 120
1.2017 133
1.30178 142
1.40185 153
1.50194 165
1.602 177
1.70209 188
1.80217 200
1.90227 200
2.00238 200
2.10246 200
2.20251 200
2.3026 200
2.40271 200
2.50281 200
2.60291 200
2.70299 200
2.80308 200
2.90319 200
3.0033 200
3.10342 200
3.2035 200
3.30361 200
3.40374 200
3.50387 200
3.60395 200
3.70403 200
3.80412 200
3.90421 200
4.00429 200
4.10438 200
4.20446 200
4.3045 200
4.40457 200
4.50466 200
4.60476 200
4.70485 200
4.80498 200
4.90509 200
5.00517 200
5.10528 200
5.20536 200
5.30545 200
5.4055 200
5.50557 200
5.60564 200
5.70572 200
5.80582 200
5.90593 200
6.00601 199
6.10609 200
6.20617 200
6.30625 200
6.40633 200
6.50644 199
6.60651 200
6.70659 200
6.80668 199
6.90676 200
7.00688 198
7.10698 200
7.20708 200
7.30718 200
7.40727 200
7.50735 198
7.60743 200
7.70752 199
7.8076 200
7.90768 200
8.00778 197
8.10789 200
8.20797 197
8.30805 199
8.40813 200
8.50821 198
8.6083 200
8.70838 198
8.80847 199
8.90856 200
9.00866 197
9.10874 200
9.20883 199
9.30891 198
9.40899 200
9.50907 197
9.60914 199
9.70922 197
9.8093 198
9.90938 198
10.0095 194
10.1095 196
10.2096 193
10.3096 193
10.4097 189
10.5098 187
10.6099 190
10.71 185
10.81 186
10.9101 178
11.0102 169
11.1103 165
11.2104 152
11.3105 146
11.4106 137
11.5106 127
11.6107 123
11.7109 109
11.811 104
11.911 95
12.0111 85
12.1112 81
12.2113 68
12.3114 43
12.4114 24
12.5116 0
12.6117 0
12.7118 0
12.8119 0
12.912 0
13.012 0
13.1121 0
13.2122 0
13.3123 0
13.4124 0
13.5125 0
13.6126 0
13.7127 0
13.8127 0
13.9128 0
14.013 0
14.1131 0
14.2131 0
14.3132 0
14.4133 0
14.5134 0
14.6135 1
14.7136 0
14.8137 0
14.9138 0
15.0139 0
15.114 0
15.2141 0
15.3142 0
15.4143 0
15.5144 0
15.6144 0
15.7145 0
15.8146 0
15.9147 0
16.0148 0
16.1149 0
16.215 0
16.3151 0
16.4152 0
16.5153 0
16.6154 0
16.7154 0
16.8155 0
16.9156 0
17.0157 0
17.1158 0
17.2158 0
17.3159 0
17.416 0
17.5161 0
17.6162 0
17.7163 0
17.8163 0
17.9164 0
18.0165 0
18.1166 0
18.2167 0
18.3169 0
18.4169 0
18.5171 0
18.6172 0
18.7172 0
18.8173 0
18.9174 0
19.0175 0
19.1176 0
19.2177 0
19.3178 0
19.4178 0
19.5179 0
19.618 0
19.7181 0
19.8181 0
19.9182 0
20.0183 0
20.1184 1
20.2185 0
20.3185 1
20.4186 1
20.5187 0
20.6187 1
20.7188 0
20.8189 1
20.919 0
21.019 0
21.1191 5
21.2192 6
21.3193 11
21.4194 13
21.5194 16
21.6195 19
21.7196 21
21.8197 24
21.9198 27
22.0199 30
22.12 34
22.2201 35
22.3202 38
22.4202 41
22.5203 43
22.6204 47
22.7205 49
22.8206 52
22.9206 56
23.0207 58
23.1208 62
23.2209 64
23.321 67
23.4211 70
23.5211 72
23.6212 76
23.7213 77
23.8214 81
23.9215 83
24.0216 85
24.1217 89
24.2218 90
24.3219 94
24.422 97
24.5221 98
24.6222 102
24.7222 105
24.8223 107
24.9224 111
25.0225 113
25.1226 117
25.2227 120
25.3228 131
25.4229 139
25.523 148
25.623 157
25.7231 165
25.8232 172
25.9233 181
26.0234 189
26.1234 194
26.2235 200
26.3236 200
26.4237 200
26.5238 200
26.6238 200
26.7239 200
26.824 200
26.9241 200
27.0242 200
27.1243 200
27.2243 200
27.3244 200
27.4245 200
27.5246 200
27.6247 200
27.7247 200
27.8248 200
27.9249 200
28.025 200
28.1251 200
28.2252 200
28.3253 200
28.4253 200
28.5254 200
28.6255 200
28.7256 200
28.8256 200
28.9257 200
29.0258 200
29.1259 200
29.226 200
29.3261 200
29.4262 200
29.5262 200
29.6263 200
29.7264 200
29.8265 200
29.9266 200
30.0267 200
30.1267 200
30.2268 199
30.3269 200
30.427 200
30.5271 199
30.6272 200
30.7273 199
30.8274 200
30.9275 200
31.0276 198
31.1277 200
31.2278 198
31.328 200
31.4281 200
31.5281 199
31.6282 200
31.7283 199
31.8284 200
31.9285 200
32.0286 198
32.1287 200
32.2288 195
32.3289 197
32.429 198
32.529 198
32.6292 199
32.7292 197
32.8293 198
32.9294 197
33.0295 197
33.1296 198
33.2296 193
33.3297 193
33.4298 191
33.5299 189
33.63 188
33.73 185
33.8301 186
33.9302 183
34.0303 181
34.1304 181
34.2305 174
34.3305 174
34.4306 167
34.5307 159
34.6308 152
34.7308 140
34.8309 135
34.931 124
35.0311 118
35.1312 110
35.2312 98
35.3313 93
35.4314 80
35.5315 76
35.6316 68
35.7317 45
35.8317 23
35.9318 0
36.0319 0
36.132 0
36.2321 0
36.3321 0
36.4322 0
36.5323 0
36.6324 0
36.7324 0
36.8325 0
36.9326 0
37.0327 0
37.1328 0
37.2329 0
37.333 0
37.433 0
37.5331 0
37.6332 0
37.7333 0
37.8334 0
37.9335 0
38.0336 0
38.1336 0
38.2337 0
38.3338 0
38.4339 0
38.534 0
38.6341 0
38.7341 0
38.8342 0
38.9343 0
39.0344 0
39.1345 0
39.2346 0
39.3347 0
39.4347 0
39.5348 0
39.6349 0
39.735 0
39.8351 0
39.9351 0
40.0352 0
40.1353 0
40.2354 0
40.3355 0
40.4356 0
40.5356 0
40.6357 0
40.7358 0
40.8359 0
40.936 0
41.0361 0
41.1362 0
41.2362 0
41.3363 0
41.4364 0
41.5365 0
41.6366 0
41.7367 0
41.8367 0
41.9369 0
42.037 0
42.1371 0
42.2372 0
42.3373 0
42.4373 0
42.5374 0
42.6375 0
42.7376 0
42.8377 0
42.9378 0
43.0379 0
43.138 1
43.238 0
43.3382 0
43.4382 0
43.5383 1
43.6384 1
43.7385 1
43.8386 1
43.9387 2
44.0387 3
44.1388 6
44.2389 8
44.339 12
44.4391 14
44.5391 18
44.6392 21
44.7393 23
44.8394 26
44.9395 28
45.0396 32
45.1397 34
45.2397 36
45.3398 39
45.4399 42
45.54 47
45.6401 49
45.7402 50
45.8403 53
45.9403 55
46.0404 59
46.1405 62
46.2406 64
46.3407 67
46.4408 70
46.5409 73
46.641 76
46.741 78
46.8411 82
46.9412 84
47.0413 87
47.1414 90
47.2415 93
47.3416 97
47.4418 98
47.5419 101
47.6419 105
47.742 106
47.8421 111
47.9422 112
48.0423 114
48.1424 117
48.2425 120
48.3426 124
48.4427 126
48.5428 129
48.6429 132
48.743 138
48.8431 145
48.9432 154
49.0433 163
49.1434 171
49.2435 178
49.3436 187
49.4437 196
49.5438 200
49.6439 200
49.744 200
49.844 200
49.9441 200
50.0442 200
50.1443 200
50.2444 200
50.3444 200
50.4445 200
50.5446 200
50.6447 200
50.7448 200
50.8448 200
50.9449 200
51.045 200
51.1451 200
51.2452 200
51.3452 200
51.4453 200
51.5454 200
51.6455 200
51.7456 200
51.8456 200
51.9457 200
52.0458 200
52.1459 200
52.246 200
52.3461 200
52.4461 200
52.5462 200
52.6463 200
52.7464 200
52.8465 200
52.9466 200
53.0467 200
53.1468 200
53.2469 200
53.347 200
53.4471 200
53.5473 200
53.6474 200
53.7475 200
53.8476 200
53.9477 200
54.0478 200
54.1478 200
54.2479 200
54.348 200
54.4481 200
54.5482 200
54.6483 200
54.7483 200
54.8484 200
54.9485 199
55.0486 199
55.1487 200
55.2488 199
55.3489 200
55.449 199
55.5491 199
55.6491 200
55.7492 198
55.8493 200
55.9494 199
56.0495 200
56.1496 198
56.2497 196
56.3498 199
56.4498 198
56.5499 199
56.65 197
56.7501 196
56.8502 200
56.9503 198
57.0504 199
57.1504 194
57.2505 195
57.3506 195
57.4507 191
57.5508 192
57.6509 186
57.751 186
57.851 187
57.9511 181
58.0512 183
58.1513 178
58.2514 176
58.3515 177
58.4516 163
58.5517 153
58.6517 135
58.7518 123
58.8519 111
58.952 93
59.052 83
59.1521 65
59.2522 53
59.3523 39
59.4524 23
59.5525 13
59.6525 0
