2.034e-06 0
0.100571 8
0.200673 21
0.30076 33
0.400846 43
0.500933 55
0.601018 66
0.701093 77
0.801176 88
0.901256 98
1.00133 108
1.10141 120
1.20149 133
1.30157 142
1.40166 153
1.50176 165
1.60185 177
1.70195 187
1.80204 199
1.90213 200
2.00222 200
2.1023 200
2.20238 200
2.30246 200
2.40256 200
2.50265 200
2.60272 200
2.7028 200
2.80289 200
2.90297 200
3.00305 200
3.10313 200
3.20321 200
3.30329 200
3.40336 200
3.50346 200
3.60358 200
3.70371 200
3.80382 200
3.90393 200
4.00404 200
4.10416 200
4.20427 200
4.30438 200
4.40448 200
4.50459 200
4.60471 200
4.70481 200
4.80492 200
4.90502 200
5.00511 200
5.1052 200
5.20528 200
5.30536 200
5.40543 200
5.50551 200
5.60561 200
5.70571 200
5.80579 200
5.90587 200
6.00597 199
6.10605 200
6.20613 200
6.30621 200
6.40628 200
6.50636 199
6.60644 200
6.70652 200
6.8066 200
6.90667 200
7.00675 198
7.10683 200
7.20692 200
7.30699 200
7.40707 200
7.50716 200
7.60726 200
7.70735 200
7.80743 200
7.90751 200
8.00759 198
8.10768 200
8.20776 200
8.30783 199
8.40792 200
8.508 200
8.60809 200
8.70819 200
8.80827 200
8.90835 200
9.00843 200
9.10851 200
9.20859 200
9.30867 200
9.40875 199
9.50886 198
9.60896 199
9.70905 199
9.80914 198
9.90922 199
10.0093 197
10.1094 197
10.2095 195
10.3096 195
10.4097 191
10.5098 189
10.6099 189
10.71 188
10.8101 186
10.9102 180
11.0103 170
11.1104 164
11.2105 155
11.3106 146
11.4107 139
11.5108 127
11.6109 121
11.711 111
11.8111 103
11.9112 97
12.0112 85
12.1113 79
12.2115 67
12.3116 44
12.4116 25
12.5117 0
12.6118 0
12.7119 0
12.8119 0
12.912 0
13.0121 0
13.1122 0
13.2123 0
13.3124 0
13.4125 0
13.5126 0
13.6127 0
13.7128 0
13.8128 0
13.9129 0
14.013 0
14.1132 0
14.2133 0
14.3134 0
14.4135 0
14.5136 0
14.6138 0
14.7139 0
14.814 0
14.9141 0
15.0142 0
15.1143 0
15.2143 0
15.3144 0
15.4145 0
15.5146 0
15.6147 0
15.7147 0
15.8148 0
15.9149 0
16.015 0
16.1151 0
16.2152 0
16.3153 0
16.4154 0
16.5155 0
16.6156 0
16.7157 0
16.8158 0
16.9159 0
17.016 0
17.1161 0
17.2162 0
17.3163 0
17.4164 0
17.5165 0
17.6166 0
17.7168 0
17.8169 0
17.917 0
18.0171 0
18.1172 0
18.2174 0
18.3175 0
18.4176 0
18.5177 0
18.6178 0
18.7179 0
18.818 0
18.9181 0
19.0182 0
19.1182 0
19.2183 0
19.3184 0
19.4185 0
19.5186 0
19.6187 0
19.7188 0
19.8189 0
19.919 0
20.0191 0
20.1192 0
20.2193 1
20.3194 1
20.4195 1
20.5196 1
20.6197 0
20.7198 1
20.82 0
20.92 1
21.0201 2
21.1203 5
21.2204 8
21.3205 10
21.4206 14
21.5207 17
21.6207 19
21.7208 23
21.8209 25
21.921 28
22.0211 31
22.1212 33
22.2213 36
22.3214 39
22.4215 41
22.5215 45
22.6216 47
22.7217 52
22.8218 53
22.9218 56
23.0219 60
23.122 62
23.2221 66
23.3222 67
23.4223 71
23.5223 74
23.6224 76
23.7225 80
23.8226 81
23.9227 84
24.0228 87
24.1229 89
24.2231 92
24.3232 94
24.4233 97
24.5234 101
24.6235 103
24.7236 106
24.8237 108
24.9238 112
25.0239 115
25.124 117
25.224 124
25.3241 134
25.4242 142
25.5243 152
25.6244 159
25.7244 167
25.8245 175
25.9246 184
26.0247 192
26.1247 198
26.2248 200
26.3249 200
26.425 200
26.5251 200
26.6252 200
26.7253 200
26.8254 200
26.9255 200
27.0256 200
27.1257 200
27.2258 200
27.3259 200
27.426 200
27.5261 200
27.6262 200
27.7262 200
27.8263 200
27.9264 200
28.0265 200
28.1265 200
28.2266 200
28.3267 200
28.4268 200
28.5269 200
28.627 200
28.7271 200
28.8272 200
28.9273 200
29.0273 200
29.1274 200
29.2275 200
29.3276 200
29.4277 200
29.5278 200
29.6279 200
29.7279 200
29.828 200
29.9281 200
30.0282 200
30.1283 200
30.2284 199
30.3284 200
30.4285 200
30.5286 200
30.6287 200
30.7287 200
30.8288 200
30.9289 200
31.029 199
31.1291 200
31.2292 199
31.3292 200
31.4294 198
31.5295 199
31.6296 200
31.7297 199
31.8298 200
31.9299 199
32.03 198
32.1301 200
32.2302 197
32.3303 199
32.4305 197
32.5306 197
32.6307 199
32.7308 198
32.831 200
32.9311 197
33.0312 196
33.1313 198
33.2314 194
33.3315 194
33.4316 191
33.5317 189
33.6318 190
33.7318 186
33.8319 187
33.932 182
34.0321 182
34.1322 180
34.2323 174
34.3324 175
34.4324 166
34.5325 159
34.6326 151
34.7327 140
34.8328 135
34.9329 123
35.033 117
35.1331 108
35.2332 97
35.3333 92
35.4334 81
35.5334 75
35.6335 66
35.7336 45
35.8337 20
35.9338 0
36.0338 0
36.1339 0
36.234 0
36.3341 0
36.4342 0
36.5342 0
36.6343 0
36.7344 0
36.8345 0
36.9346 0
37.0347 0
37.1348 0
37.2348 0
37.3349 0
37.435 0
37.5351 0
37.6352 0
37.7353 0
37.8354 0
37.9355 0
38.0355 0
38.1356 0
38.2357 0
38.3358 0
38.4359 0
38.536 0
38.6361 0
38.7362 0
38.8362 0
38.9363 0
39.0364 0
39.1365 0
39.2366 0
39.3367 0
39.437 0
39.537 0
39.6371 0
39.7372 0
39.8373 0
39.9374 0
40.0374 0
40.1375 0
40.2376 0
40.3377 0
40.4378 0
40.5379 0
40.6379 0
40.738 0
40.8381 0
40.9382 0
41.0383 0
41.1383 0
41.2384 0
41.3385 0
41.4386 0
41.5387 0
41.6387 0
41.7388 0
41.8389 0
41.939 0
42.0391 0
42.1392 0
42.2392 0
42.3393 0
42.4394 0
42.5395 0
42.6396 1
42.7396 0
42.8397 0
42.9398 0
43.0399 0
43.14 2
43.24 0
43.3401 0
43.4402 1
43.5403 1
43.6404 1
43.7404 1
43.8405 1
43.9406 2
44.0407 3
44.1408 7
44.2409 8
44.3409 12
44.4411 15
44.5411 18
44.6412 21
44.7413 23
44.8414 26
44.9415 29
45.0416 31
45.1416 34
45.2417 36
45.3418 40
45.4419 43
45.542 46
45.6421 50
45.7422 51
45.8423 54
45.9423 57
46.0424 59
46.1425 62
46.2426 64
46.3427 66
46.4427 71
46.5428 73
46.6429 77
46.743 78
46.843 81
46.9431 85
47.0432 87
47.1433 90
47.2434 93
47.3434 95
47.4435 99
47.5436 101
47.6437 105
47.7438 106
47.8438 109
47.9439 113
48.044 115
48.1441 118
48.2442 120
48.3443 124
48.4443 127
48.5444 129
48.6445 132
48.7446 138
48.8447 146
48.9447 153
49.0448 163
49.1449 171
49.245 178
49.3451 187
49.4452 196
49.5452 200
49.6453 200
49.7454 200
49.8455 200
49.9456 200
50.0457 200
50.1457 200
50.2458 200
50.3459 200
50.446 200
50.5461 200
50.6462 200
50.7463 200
50.8463 200
50.9465 200
51.0466 200
51.1483 200
51.2485 200
51.3485 200
51.4486 200
51.5487 200
51.6488 200
51.7489 200
51.849 200
51.9491 200
52.0492 200
52.1492 200
52.2493 200
52.3494 200
52.4495 200
52.5496 200
52.6496 200
52.7497 200
52.8498 200
52.9499 200
53.05 200
53.1501 200
53.2502 200
53.3502 200
53.4503 200
53.5504 200
53.6505 200
53.7506 200
53.8507 200
53.9508 200
54.0509 200
54.1509 200
54.251 200
54.3511 200
54.4512 200
54.5512 200
54.6513 200
54.7514 200
54.8515 200
54.9516 200
55.0517 200
55.1518 198
55.2518 200
55.3519 200
55.452 200
55.5521 200
55.6522 198
55.7522 199
55.8523 200
55.9524 199
56.0525 200
56.1526 196
56.2527 197
56.3528 199
56.4529 198
56.553 199
56.6531 197
56.7532 199
56.8532 200
56.9533 199
57.0534 199
57.1535 195
57.2536 197
57.3537 194
57.4538 192
57.5538 192
57.6539 186
57.754 187
57.8541 185
57.9542 184
58.0543 184
58.1543 178
58.2544 178
58.3545 173
58.4546 164
58.5547 152
58.6548 135
58.7549 124
58.8549 108
58.955 94
59.0551 82
59.1587 65
59.2588 52
59.3589 36
59.459 24
59.5591 11
59.6592 0
