9.72e-07 0
0.100467 8
0.200592 20
0.300687 32
0.400763 42
0.50084 54
0.600943 64
0.701088 75
0.801198 86
0.901287 97
1.00137 107
1.10145 117
1.20153 127
1.30162 137
1.40172 147
1.50184 156
1.60193 166
1.70203 176
1.80216 186
1.90228 197
2.00239 200
2.10249 200
2.20261 200
2.30272 200
2.40281 200
2.50291 200
2.60303 200
2.70315 200
2.80327 200
2.90339 200
3.00349 200
3.10357 200
3.20369 200
3.30379 200
3.40389 200
3.50402 200
3.60412 200
3.7042 200
3.80428 200
3.90436 200
4.00444 200
4.10451 200
4.20458 200
4.30466 200
4.40474 200
4.50481 200
4.6049 200
4.70497 200
4.80505 200
4.90512 200
5.0052 199
5.10527 200
5.20534 200
5.30542 200
5.40549 200
5.50557 199
5.60565 200
5.70573 200
5.8058 199
5.90588 200
6.00596 198
6.10603 200
6.2061 200
6.30617 200
6.40626 200
6.50639 198
6.60651 200
6.70661 200
6.8067 200
6.90677 200
7.00685 197
7.10693 200
7.20703 198
7.30711 199
7.40719 200
7.50727 199
7.60735 200
7.70743 200
7.80751 199
7.90759 200
8.00767 198
8.10775 199
8.20782 200
8.3079 197
8.40798 199
8.50806 198
8.60816 199
8.70824 199
8.80831 197
8.90839 200
9.00847 197
9.10855 197
9.20862 194
9.3087 194
9.40878 192
9.50886 189
9.60895 189
9.70903 188
9.80912 187
9.90919 182
10.0093 171
10.1094 165
10.2095 156
10.3096 147
10.4096 141
10.5097 129
10.6098 123
10.7099 113
10.81 105
10.9101 97
11.0102 87
11.1103 81
11.2104 71
11.3104 47
11.4105 26
11.5106 2
11.6107 0
11.7108 0
11.8109 0
11.9109 0
12.011 0
12.1111 0
12.2112 0
12.3113 0
12.4114 0
12.5115 0
12.6116 0
12.7116 0
12.8118 0
12.9119 0
13.0119 0
13.112 0
13.2121 0
13.3122 0
13.4123 0
13.5123 0
13.6124 0
13.7125 0
13.8126 0
13.9127 0
14.0128 0
14.1129 0
14.2129 0
14.313 0
14.4131 0
14.5132 0
14.6133 0
14.7134 0
14.8134 0
14.9135 0
15.0136 0
15.1137 0
15.2138 0
15.3139 0
15.414 0
15.5141 0
15.6141 0
15.7142 0
15.8143 0
15.9144 0
16.0145 0
16.1145 0
16.2146 0
16.3147 0
16.4148 0
16.5149 0
16.615 0
16.715 0
16.8151 0
16.9152 0
17.0153 0
17.1154 0
17.2155 0
17.3156 0
17.4157 0
17.5157 0
17.6158 0
17.7159 0
17.816 0
17.9161 0
18.0161 0
18.1162 0
18.2163 0
18.3164 0
18.4165 0
18.5166 0
18.6166 0
18.7167 0
18.8168 0
18.9169 0
19.017 0
19.1171 0
19.2172 0
19.3173 0
19.4173 0
19.5174 0
19.6175 0
19.7176 0
19.8177 0
19.9178 0
20.0179 0
20.1179 3
20.2181 7
20.3182 10
20.4183 13
20.5185 15
20.6186 18
20.7187 21
20.8188 24
20.9189 26
21.019 30
21.1191 32
21.2192 35
21.3193 38
21.4194 40
21.5194 43
21.6195 46
21.7196 49
21.8197 53
21.9198 54
22.0199 58
22.12 61
22.2201 64
22.3201 67
22.4202 68
22.5203 72
22.6204 74
22.7205 77
22.8206 80
22.9206 81
23.0207 84
23.1208 87
23.2209 91
23.321 94
23.4211 95
23.5211 98
23.6212 101
23.7213 104
23.8214 108
23.9215 109
24.0216 111
24.1217 112
24.2218 117
24.3219 122
24.422 130
24.5221 136
24.6222 141
24.7222 145
24.8223 150
24.9224 156
25.0225 160
25.1226 165
25.2226 168
25.3227 171
25.4228 172
25.5229 175
25.623 178
25.7231 182
25.8232 185
25.9233 192
26.0234 198
26.1235 200
26.2236 200
26.3236 200
26.4237 200
26.5238 200
26.6239 200
26.724 200
26.8241 200
26.9242 200
27.0243 200
27.1244 200
27.2245 200
27.3245 200
27.4246 200
27.5247 200
27.6248 200
27.7249 200
27.825 200
27.925 200
28.0251 199
28.1252 200
28.2253 199
28.3254 198
28.4255 200
28.5256 199
28.6257 200
28.7258 199
28.8258 200
28.9259 200
29.026 197
29.1261 200
29.2262 198
29.3263 200
29.4263 200
29.5264 197
29.6265 200
29.7266 198
29.8267 200
29.9267 198
30.0268 197
30.1269 200
30.227 195
30.3271 197
30.4272 196
30.5272 197
30.6273 200
30.7274 196
30.8275 197
30.9276 196
31.0277 196
31.1278 197
31.2279 192
31.328 194
31.4281 189
31.5282 189
31.6283 189
31.7284 184
31.8285 187
31.9285 183
32.0286 181
32.1287 180
32.2288 173
32.3289 174
32.429 167
32.5291 165
32.6292 157
32.7292 146
32.8293 141
32.9294 131
33.0295 122
33.1296 112
33.2297 100
33.3297 94
33.4298 82
33.5299 73
33.63 63
33.7301 44
33.8302 17
33.9303 0
34.0304 0
34.1304 0
34.2305 0
34.3306 0
34.4307 0
34.5308 0
34.6309 0
34.731 0
34.8311 0
34.9312 0
35.0313 0
35.1314 0
35.2315 0
35.3316 0
35.4317 0
35.5318 0
35.6318 0
35.7319 0
35.832 0
35.9321 0
36.0322 0
36.1323 0
36.2324 0
36.3324 0
36.4325 0
36.5326 1
36.6327 0
36.7328 0
36.8329 0
36.933 0
37.0331 0
37.1332 0
37.2332 0
37.3333 0
37.4335 0
37.5336 0
37.6337 0
37.7338 0
37.8339 0
37.934 0
38.0341 0
38.1342 0
38.2343 0
38.3344 0
38.4345 0
38.5346 0
38.6347 0
38.7348 0
38.835 0
38.935 0
39.0351 0
39.1352 0
39.2353 0
39.3354 0
39.4355 0
39.5356 0
39.6357 0
39.7358 0
39.8358 0
39.9359 0
40.036 0
40.1361 0
40.2362 0
40.3363 0
40.4364 0
40.5364 0
40.6365 0
40.7366 0
40.8367 0
40.9368 0
41.0368 0
41.1369 0
41.237 0
41.3371 0
41.4372 0
41.5372 0
41.6373 0
41.7374 0
41.8375 0
41.9376 0
42.0376 0
42.1377 0
42.2378 0
42.3379 0
42.438 1
42.538 0
42.6381 1
42.7382 1
42.8383 1
42.9384 2
43.0385 2
43.1386 5
43.2387 8
43.3388 10
43.4388 13
43.5389 15
43.639 18
43.7391 22
43.8392 23
43.9393 27
44.0393 29
44.1394 32
44.2396 36
44.3397 37
44.4398 43
44.5398 44
44.6399 47
44.74 50
44.8401 51
44.9402 56
45.0402 58
45.1403 61
45.2404 64
45.3405 65
45.4405 69
45.5406 71
45.6407 75
45.7408 78
45.8409 79
45.9409 83
46.041 86
46.1411 90
46.2412 93
46.3413 95
46.4414 97
46.5414 100
46.6415 103
46.7416 106
46.8417 109
46.9418 118
47.0419 123
47.1419 129
47.242 134
47.3421 139
47.4422 146
47.5422 152
47.6423 158
47.7424 163
47.8425 169
47.9426 178
48.0426 183
48.1427 184
48.2428 186
48.3429 191
48.443 194
48.543 198
48.6431 200
48.7432 200
48.8433 200
48.9433 200
49.0434 200
49.1435 200
49.2436 200
49.3437 200
49.4438 200
49.5438 200
49.6439 200
49.744 200
49.8441 200
49.9442 200
50.0443 200
50.1443 200
50.2444 200
50.3445 200
50.4446 200
50.5447 200
50.6448 200
50.7449 199
50.8449 200
50.945 200
51.0451 200
51.1452 200
51.2453 198
51.3454 200
51.4454 199
51.5455 200
51.6456 200
51.7457 200
51.8458 200
51.9459 199
52.0459 200
52.146 200
52.2461 200
52.3462 200
52.4463 197
52.5464 200
52.6464 199
52.7465 199
52.8466 200
52.9467 197
53.0468 200
53.1468 198
53.2469 196
53.347 199
53.4471 196
53.5472 199
53.6472 197
53.7473 198
53.8474 198
53.9475 199
54.0476 199
54.1477 196
54.2477 197
54.3478 196
54.4479 190
54.548 193
54.6481 189
54.7481 187
54.8482 186
54.9483 183
55.0484 185
55.1485 178
55.2485 178
55.3486 175
55.4487 167
55.5488 157
55.6489 139
55.749 127
55.849 114
55.9491 97
56.0492 86
56.1493 68
56.2494 57
56.3495 44
56.4495 27
56.5496 15
56.6497 0
