1.934e-06 0
0.100715 8
0.200821 21
0.300934 33
0.401042 43
0.501137 55
0.601232 66
0.701325 77
0.801416 88
0.901541 98
1.00165 107
1.10174 118
1.20184 130
1.30193 137
1.40201 147
1.50212 157
1.60227 168
1.70243 178
1.80255 188
1.90265 197
2.00274 200
2.10281 200
2.20289 200
2.30298 200
2.40306 200
2.50315 200
2.60323 200
2.70332 200
2.8034 200
2.90349 200
3.00356 200
3.10366 200
3.20376 200
3.30384 200
3.40392 200
3.50403 200
3.60414 200
3.70424 200
3.80435 200
3.90445 200
4.00453 200
4.10462 200
4.2047 200
4.3048 200
4.40492 200
4.505 200
4.60508 200
4.70516 200
4.80527 200
4.90537 200
5.00545 200
5.10553 200
5.20561 200
5.30569 199
5.40577 200
5.50586 200
5.60595 200
5.70603 200
5.80612 199
5.90621 200
6.00629 199
6.10637 200
6.20644 200
6.30652 200
6.4066 200
6.50669 198
6.60676 200
6.70687 200
6.80695 200
6.90704 200
7.00717 197
7.10727 200
7.20736 198
7.30744 199
7.40753 200
7.50761 197
7.60769 200
7.70776 199
7.80783 199
7.9079 200
8.00798 196
8.10807 200
8.20815 199
8.30823 197
8.40831 200
8.50842 196
8.6085 198
8.70858 197
8.80866 196
8.90874 200
9.00882 194
9.10891 196
9.20899 193
9.30907 192
9.40915 193
9.50923 187
9.60933 190
9.70944 186
9.80952 185
9.90961 180
10.0097 168
10.1098 164
10.2098 154
10.3099 144
10.41 139
10.5101 126
10.6102 122
10.7103 110
10.8104 102
10.9105 96
11.0106 83
11.1108 77
11.2109 60
11.311 34
11.4111 12
11.5112 0
11.6113 0
11.7114 0
11.8115 0
11.9115 0
12.0116 0
12.1117 0
12.2118 0
12.3119 0
12.412 0
12.5121 0
12.6122 0
12.7123 0
12.8124 0
12.9125 0
13.0127 0
13.1128 0
13.2129 0
13.313 0
13.4131 0
13.5133 0
13.6134 0
13.7135 0
13.8136 0
13.9137 0
14.0138 0
14.1139 0
14.214 0
14.3141 0
14.4142 0
14.5144 0
14.6145 0
14.7146 0
14.8147 0
14.9148 0
15.0149 0
15.115 0
15.2151 0
15.3153 0
15.4153 0
15.5154 0
15.6155 0
15.7156 0
15.8158 0
15.9158 0
16.0159 0
16.116 0
16.2161 0
16.3162 0
16.4163 0
16.5164 0
16.6165 0
16.7166 0
16.8166 0
16.9167 0
17.0168 0
17.1169 0
17.217 0
17.3171 0
17.4172 0
17.5173 0
17.6174 0
17.7174 0
17.8175 0
17.9176 0
18.0177 0
18.1178 0
18.2179 0
18.3179 0
18.418 0
18.5181 0
18.6182 0
18.7183 0
18.8184 0
18.9185 0
19.0186 0
19.1187 0
19.2188 0
19.3189 0
19.419 0
19.5191 0
19.6192 0
19.7192 1
19.8193 0
19.9194 0
20.0195 1
20.1196 1
20.2197 3
20.3197 1
20.4198 1
20.5199 2
20.62 1
20.7201 2
20.8202 1
20.9203 1
21.0204 3
21.1204 5
21.2205 9
21.3206 10
21.4207 13
21.5208 17
21.6208 19
21.7209 23
21.821 24
21.9211 25
22.0212 29
22.1213 32
22.2213 35
22.3214 37
22.4215 39
22.5216 43
22.6217 46
22.7218 49
22.8219 51
22.922 54
23.0221 58
23.1222 60
23.2223 63
23.3224 65
23.4225 67
23.5226 72
23.6226 74
23.7227 77
23.8228 80
23.9229 82
24.023 86
24.123 85
24.2231 89
24.3232 95
24.4233 101
24.5233 107
24.6234 111
24.7235 119
24.8236 123
24.9237 128
25.0238 133
25.1239 136
25.2239 139
25.324 140
25.4241 144
25.5242 149
25.6243 157
25.7243 161
25.8244 169
25.9245 178
26.0246 183
26.1247 192
26.2247 192
26.3248 200
26.4249 200
26.525 200
26.6251 200
26.7252 200
26.8253 200
26.9253 200
27.0254 199
27.1255 200
27.2256 199
27.3257 200
27.4257 200
27.5258 200
27.6259 200
27.726 199
27.8261 200
27.9262 200
28.0263 199
28.1264 200
28.2264 198
28.3265 200
28.4266 200
28.5267 198
28.6268 200
28.7269 198
28.827 200
28.927 200
29.0271 197
29.1272 200
29.2273 197
29.3274 200
29.4274 199
29.5275 198
29.6276 200
29.7277 197
29.8278 200
29.9279 200
30.028 197
30.128 200
30.2281 193
30.3282 197
30.4283 198
30.5284 197
30.6284 199
30.7285 195
30.8286 197
30.9287 198
31.0288 196
31.1288 197
31.2289 191
31.329 193
31.4291 191
31.5292 187
31.6292 189
31.7293 183
31.8294 186
31.9295 183
32.0296 179
32.1296 180
32.2297 172
32.3298 172
32.4299 168
32.53 157
32.63 152
32.7301 138
32.8303 134
32.9304 125
33.0305 114
33.1306 108
33.2307 92
33.3308 88
33.4309 77
33.531 65
33.6311 51
33.7312 25
33.8313 0
33.9314 0
34.0315 0
34.1316 0
34.2317 0
34.3317 0
34.4318 0
34.532 0
34.6321 0
34.7322 0
34.8323 0
34.9324 0
35.0325 0
35.1325 0
35.2326 0
35.3327 0
35.4328 0
35.533 0
35.6331 0
35.7332 0
35.8333 0
35.9334 0
36.0335 0
36.1336 0
36.2338 0
36.3338 0
36.4339 0
36.534 0
36.6341 0
36.7342 0
36.8343 0
36.9344 0
37.0345 0
37.1346 0
37.2347 0
37.3348 0
37.4349 0
37.535 0
37.6351 0
37.7352 0
37.8353 0
37.9353 0
38.0354 0
38.1355 0
38.2356 0
38.3356 0
38.4357 0
38.5358 0
38.6359 0
38.736 0
38.8361 0
38.9362 0
39.0363 0
39.1364 0
39.2364 0
39.3365 0
39.4366 0
39.5367 0
39.6368 0
39.7369 0
39.837 0
39.9371 0
40.0372 0
40.1373 0
40.2373 0
40.3374 0
40.4375 0
40.5376 0
40.6377 0
40.7378 0
40.8379 0
40.9379 0
41.038 0
41.1381 1
41.2382 0
41.3383 0
41.4384 0
41.5385 0
41.6385 1
41.7386 0
41.8387 0
41.9388 1
42.0389 0
42.1389 2
42.239 1
42.3391 1
42.4392 1
42.5393 0
42.6394 2
42.7394 1
42.8395 2
42.9396 2
43.0397 1
43.1398 6
43.2399 7
43.34 10
43.4401 13
43.5402 15
43.6403 20
43.7404 21
43.8405 24
43.9405 27
44.0406 29
44.1407 34
44.2408 36
44.3409 39
44.441 42
44.5411 43
44.6412 48
44.7413 49
44.8414 51
44.9415 56
45.0416 57
45.1417 61
45.2418 63
45.3419 65
45.442 70
45.542 71
45.6421 76
45.7422 77
45.8423 80
45.9424 84
46.0425 84
46.1426 86
46.2426 84
46.3427 84
46.4428 86
46.5429 83
46.643 85
46.7431 86
46.8431 91
46.9432 96
47.0433 100
47.1434 104
47.2435 106
47.3436 109
47.4437 112
47.5438 115
47.6439 117
47.744 119
47.8442 126
47.9443 133
48.0444 137
48.1445 144
48.2446 149
48.3447 155
48.4448 160
48.5449 166
48.645 173
48.7451 176
48.8452 184
48.9452 190
49.0453 193
49.1454 200
49.2455 199
49.3456 200
49.4456 200
49.5457 200
49.6458 200
49.7459 199
49.846 200
49.9461 200
50.0461 200
50.1462 200
50.2463 198
50.3464 200
50.4465 200
50.5465 200
50.6466 200
50.7467 199
50.8468 200
50.9469 200
51.0469 200
51.147 200
51.2471 197
51.3472 200
51.4473 198
51.5473 200
51.6474 200
51.7475 198
51.8476 200
51.9477 198
52.0478 200
52.1479 200
52.2479 197
52.348 199
52.4481 196
52.5482 197
52.6484 199
52.7484 198
52.8485 199
52.9486 195
53.0487 198
53.1488 196
53.2489 194
53.349 197
53.4491 190
53.5493 192
53.6494 188
53.7495 187
53.8496 188
53.9497 182
54.0498 184
54.1499 179
54.25 176
54.3501 178
54.4502 169
54.5503 168
54.6504 151
54.7505 138
54.8506 127
54.9507 108
55.0508 97
55.1509 78
55.251 64
55.351 52
55.4511 31
55.5512 20
55.6513 2
