2.885e-06 0
0.100444 8
0.200515 21
0.300598 33
0.400666 43
0.500745 55
0.600834 66
0.700931 77
0.801004 87
0.901081 98
1.00116 107
1.10127 118
1.20135 128
1.30143 137
1.4015 147
1.50157 157
1.60164 167
1.70173 177
1.8018 187
1.90189 197
2.00196 200
2.10204 200
2.20212 200
2.30221 200
2.40234 200
2.50246 200
2.60257 200
2.70269 200
2.80279 200
2.90289 200
3.00297 200
3.10307 200
3.20315 200
3.30327 200
3.40334 200
3.50342 200
3.60349 200
3.70359 200
3.8037 200
3.90379 200
4.00387 200
4.10396 200
4.20404 200
4.30413 200
4.4042 200
4.50429 200
4.60437 200
4.70445 200
4.80453 200
4.90461 200
5.00468 199
5.10477 200
5.20485 200
5.30492 200
5.405 200
5.50508 199
5.60516 200
5.70524 200
5.80534 199
5.90542 200
6.0055 198
6.10558 200
6.20565 200
6.30573 200
6.40582 200
6.5059 198
6.60598 200
6.70607 200
6.80615 200
6.90624 200
7.00636 198
7.10645 200
7.20653 200
7.30661 199
7.40669 200
7.50678 198
7.60686 200
7.70695 199
7.80703 200
7.90711 200
8.00719 198
8.10728 200
8.20736 200
8.30743 199
8.40754 199
8.50765 197
8.60773 199
8.70781 198
8.80789 198
8.90798 199
9.00806 196
9.10816 196
9.20824 195
9.30833 193
9.40841 192
9.50848 188
9.60857 188
9.70865 187
9.80872 186
9.9088 180
10.0089 170
10.109 164
10.209 154
10.3091 146
10.4092 139
10.5093 128
10.6094 122
10.7095 112
10.8096 104
10.9097 97
11.0097 85
11.1098 78
11.2099 59
11.31 35
11.4102 12
11.5103 0
11.6104 0
11.7106 0
11.8107 0
11.9108 0
12.0108 0
12.1109 0
12.211 0
12.3111 0
12.4112 0
12.5113 0
12.6114 0
12.7115 0
12.8115 0
12.9116 0
13.0117 0
13.1118 0
13.2119 0
13.3119 0
13.412 0
13.5121 0
13.6122 0
13.7123 0
13.8124 0
13.9124 0
14.0125 0
14.1126 0
14.2127 0
14.3128 0
14.4129 0
14.513 0
14.613 0
14.7131 0
14.8132 0
14.9133 0
15.0134 0
15.1135 0
15.2136 0
15.3137 0
15.4138 0
15.5139 0
15.614 0
15.7141 0
15.8142 0
15.9143 0
16.0144 0
16.1145 0
16.2146 0
16.3146 0
16.4147 0
16.5148 0
16.6149 0
16.715 0
16.8151 0
16.9152 0
17.0153 0
17.1154 0
17.2154 0
17.3155 0
17.4156 0
17.5157 0
17.6158 0
17.7159 0
17.8159 0
17.916 0
18.0161 0
18.1162 0
18.2163 0
18.3164 0
18.4165 0
18.5166 0
18.6166 0
18.7167 0
18.8168 0
18.9169 0
19.017 0
19.1171 0
19.2172 0
19.3172 0
19.4173 0
19.5174 0
19.6175 0
19.7176 0
19.8177 0
19.9178 0
20.0179 0
20.1179 0
20.218 1
20.3181 0
20.4182 1
20.5183 1
20.6184 1
20.7185 1
20.8186 1
20.9186 2
21.0187 3
21.1188 6
21.2189 8
21.319 11
21.419 15
21.5191 17
21.6192 20
21.7193 22
21.8194 23
21.9194 27
22.0195 30
22.1196 32
22.2197 35
22.3198 37
22.4199 41
22.5199 43
22.62 47
22.7201 49
22.8202 52
22.9203 56
23.0203 58
23.1204 61
23.2205 63
23.3206 65
23.4207 70
23.5207 72
23.6208 75
23.7209 78
23.821 80
23.9211 84
24.0211 86
24.1212 86
24.2213 92
24.3214 98
24.4215 104
24.5216 108
24.6217 115
24.7217 120
24.8218 125
24.9219 132
25.022 134
25.1221 136
25.2221 142
25.3222 143
25.4223 148
25.5224 153
25.6225 159
25.7225 166
25.8226 172
25.9227 180
26.0228 186
26.1229 194
26.223 197
26.323 200
26.4231 200
26.5232 200
26.6233 200
26.7234 200
26.8235 200
26.9236 200
27.0237 200
27.1237 200
27.2238 200
27.3239 200
27.424 200
27.5241 200
27.6241 200
27.7242 200
27.8243 200
27.9244 200
28.0245 200
28.1246 200
28.2247 200
28.3247 200
28.4248 200
28.5249 200
28.625 200
28.7251 200
28.8252 200
28.9252 200
29.0253 198
29.1254 200
29.2255 199
29.3256 200
29.4257 199
29.5258 198
29.6258 200
29.7259 199
29.826 200
29.9261 200
30.0262 198
30.1263 199
30.2264 196
30.3265 197
30.4266 197
30.5267 198
30.6268 200
30.7269 197
30.8269 198
30.927 196
31.0271 196
31.1272 197
31.2273 193
31.3274 192
31.4274 191
31.5275 189
31.6276 191
31.7277 186
31.8278 186
31.9279 183
32.028 181
32.128 179
32.2281 174
32.3282 174
32.4283 166
32.5284 157
32.6284 149
32.7285 139
32.8286 134
32.9287 123
33.0287 114
33.1288 105
33.2289 92
33.329 87
33.4291 75
33.5292 65
33.6293 47
33.7293 21
33.8294 0
33.9295 0
34.0296 0
34.1297 0
34.2298 0
34.3298 0
34.4299 0
34.5301 0
34.6302 0
34.7302 0
34.8303 0
34.9304 0
35.0305 0
35.1306 0
35.2307 0
35.3308 0
35.4308 0
35.5309 0
35.631 0
35.7311 0
35.8312 0
35.9313 0
36.0314 0
36.1314 0
36.2316 0
36.3317 0
36.4317 0
36.5318 0
36.6319 0
36.732 0
36.8321 0
36.9322 0
37.0322 0
37.1323 0
37.2324 0
37.3325 0
37.4326 0
37.5327 0
37.6327 0
37.7328 0
37.8329 0
37.933 0
38.0331 0
38.1332 0
38.2333 0
38.3333 0
38.4334 0
38.5335 0
38.6336 0
38.7336 0
38.8337 0
38.9338 0
39.0339 0
39.134 0
39.234 0
39.3341 0
39.4342 0
39.5343 0
39.6344 0
39.7345 0
39.8345 0
39.9346 0
40.0347 0
40.1348 0
40.2349 0
40.335 0
40.435 0
40.5351 0
40.6352 0
40.7353 0
40.8354 0
40.9354 0
41.0355 0
41.1356 0
41.2357 0
41.3358 0
41.4359 0
41.5359 0
41.636 0
41.7361 0
41.8362 1
41.9363 0
42.0365 0
42.1366 0
42.2367 2
42.3368 2
42.4369 0
42.537 1
42.6371 1
42.7372 2
42.8373 2
42.9374 0
43.0374 2
43.1375 4
43.2376 7
43.3377 10
43.4378 12
43.5379 16
43.638 18
43.7381 21
43.8381 25
43.9382 26
44.0383 30
44.1384 33
44.2385 36
44.3386 39
44.4386 40
44.5387 44
44.6388 47
44.7389 50
44.839 53
44.939 54
45.0392 58
45.1392 60
45.2393 62
45.3394 67
45.4395 68
45.5396 72
45.6397 75
45.7398 77
45.8399 82
45.9399 83
46.0401 85
46.1402 85
46.2403 84
46.3404 86
46.4405 84
46.5405 85
46.6406 84
46.7407 88
46.8408 93
46.9409 97
47.041 103
47.1411 106
47.2412 109
47.3413 110
47.4414 114
47.5415 118
47.6416 121
47.7417 126
47.8418 129
47.9419 136
48.042 142
48.1421 146
48.2422 155
48.3423 160
48.4424 165
48.5425 172
48.6426 177
48.7427 183
48.8427 190
48.9428 193
49.0429 198
49.143 200
49.2431 200
49.3431 200
49.4432 199
49.5433 200
49.6434 200
49.7435 200
49.8436 200
49.9438 200
50.0439 200
50.1439 200
50.244 200
50.3442 200
50.4442 199
50.5443 200
50.6445 200
50.7446 200
50.8446 200
50.9447 199
51.0448 200
51.145 200
51.2451 200
51.3452 200
51.4453 199
51.5454 200
51.6455 199
51.7456 200
51.8456 200
51.9457 199
52.0458 199
52.146 198
52.2461 199
52.3462 199
52.4463 196
52.5464 198
52.6464 198
52.7465 197
52.8466 198
52.9467 198
53.0468 200
53.1469 196
53.2469 195
53.347 195
53.4472 193
53.5473 194
53.6474 189
53.7475 189
53.8475 186
53.9476 184
54.0477 184
54.1478 179
54.2479 179
54.3479 175
54.448 173
54.5481 166
54.6482 148
54.7483 137
54.8484 122
54.9485 107
55.0486 93
55.1486 76
55.2487 63
55.3488 46
55.4489 30
55.549 16
55.6491 0
