2.315e-06 0
0.100908 8
0.201027 21
0.301115 33
0.401194 43
0.501281 55
0.601361 66
0.70144 77
0.801518 88
0.901609 98
1.00169 108
1.10177 120
1.20185 132
1.30194 142
1.40202 153
1.5021 165
1.60219 177
1.70227 188
1.80236 200
1.90244 200
2.00252 200
2.1026 200
2.20269 200
2.30277 200
2.40286 200
2.50293 200
2.60302 200
2.70312 200
2.80322 200
2.90331 200
3.00338 200
3.10346 200
3.20354 200
3.30361 200
3.4037 200
3.50377 200
3.60384 200
3.70393 200
3.80401 200
3.90409 200
4.00417 200
4.10424 200
4.20432 200
4.3044 200
4.40449 200
4.50456 200
4.60465 200
4.70475 200
4.80484 200
4.90493 200
5.00501 200
5.10512 200
5.20521 200
5.30533 200
5.40546 200
5.50558 200
5.60572 200
5.70583 200
5.80593 200
5.90602 200
6.00609 199
6.1062 200
6.2063 200
6.3064 199
6.40648 200
6.50655 199
6.60665 200
6.70676 200
6.80688 199
6.90697 200
7.00707 198
7.10719 199
7.20729 200
7.30739 198
7.4075 200
7.50761 198
7.6077 199
7.7078 200
7.80788 198
7.90796 200
8.00804 196
8.10812 198
8.20819 200
8.30829 197
8.40841 200
8.50851 195
8.6086 199
8.70868 200
8.80876 198
8.90886 200
9.00898 195
9.10908 200
9.20917 200
9.30928 196
9.40938 200
9.50949 196
9.6096 198
9.7097 197
9.80982 196
9.90995 200
10.0101 194
10.1102 196
10.2103 193
10.3104 192
10.4105 193
10.5106 186
10.6107 188
10.7107 185
10.8108 186
10.9109 182
11.011 168
11.1111 164
11.2112 154
11.3112 146
11.4113 141
11.5114 127
11.6115 122
11.7116 111
11.8117 104
11.9118 99
12.0118 84
12.1119 80
12.212 68
12.3121 44
12.4122 25
12.5122 0
12.6124 0
12.7124 0
12.8125 0
12.9126 0
13.0127 0
13.1128 0
13.2128 0
13.3129 0
13.413 0
13.5131 0
13.6132 0
13.7133 0
13.8133 0
13.9134 0
14.0135 0
14.1136 0
14.2137 0
14.3138 0
14.4139 0
14.5139 0
14.614 0
14.7141 0
14.8142 0
14.9143 0
15.0143 0
15.1144 0
15.2145 0
15.3146 0
15.4146 0
15.5147 0
15.6148 0
15.7149 0
15.815 0
15.9151 0
16.0152 0
16.1153 0
16.2154 0
16.3155 0
16.4156 0
16.5157 0
16.6158 0
16.7159 0
16.816 0
16.9161 0
17.0162 0
17.1163 0
17.2164 0
17.3165 0
17.4166 0
17.5167 0
17.6169 0
17.7169 0
17.8171 0
17.9172 0
18.0173 0
18.1174 0
18.2175 0
18.3176 0
18.4176 0
18.5177 0
18.6179 0
18.718 0
18.8181 0
18.9182 0
19.0183 0
19.1184 0
19.2184 1
19.3186 0
19.4187 0
19.5188 0
19.6188 0
19.7189 1
19.819 0
19.9191 0
20.0192 0
20.1193 0
20.2194 1
20.3195 0
20.4196 0
20.5197 1
20.6198 0
20.72 2
20.8201 0
20.9202 0
21.0203 1
21.1204 4
21.2205 8
21.3206 9
21.4207 12
21.5208 16
21.6209 18
21.7211 22
21.8212 23
21.9212 26
22.0213 30
22.1214 32
22.2215 36
22.3216 37
22.4217 39
22.5218 44
22.6219 46
22.722 51
22.8221 53
22.9222 54
23.0222 58
23.1223 61
23.2225 65
23.3226 67
23.4227 68
23.5228 73
23.6229 74
23.7231 78
23.8232 80
23.9233 81
24.0234 85
24.1235 87
24.2237 91
24.3238 94
24.4239 95
24.524 99
24.6242 102
24.7243 105
24.8244 108
24.9246 109
25.0247 114
25.1248 115
25.2249 124
25.325 132
25.4251 141
25.5252 151
25.6253 159
25.7254 166
25.8255 175
25.9256 184
26.0258 190
26.1259 196
26.226 200
26.3261 200
26.4262 200
26.5264 200
26.6264 200
26.7265 200
26.8266 200
26.9267 200
27.0268 200
27.1269 200
27.227 200
27.327 200
27.4271 200
27.5272 200
27.6273 200
27.7274 200
27.8274 200
27.9275 200
28.0276 200
28.1277 200
28.2277 200
28.3278 200
28.4279 200
28.528 200
28.6281 200
28.7282 200
28.8283 200
28.9284 200
29.0284 200
29.1285 200
29.2286 199
29.3287 200
29.4288 200
29.5289 200
29.629 200
29.729 200
29.8291 200
29.9292 200
30.0293 199
30.1294 200
30.2294 199
30.3295 200
30.4296 200
30.5297 200
30.6298 200
30.7299 199
30.83 200
30.9301 199
31.0302 199
31.1303 200
31.2303 198
31.3304 200
31.4305 197
31.5306 199
31.6307 200
31.7308 198
31.8309 200
31.931 198
32.0311 197
32.1312 200
32.2313 194
32.3313 198
32.4314 196
32.5315 197
32.6316 199
32.7317 196
32.8318 199
32.9319 195
33.032 196
33.1321 197
33.2321 192
33.3322 194
33.4323 189
33.5324 190
33.6325 189
33.7326 185
33.8327 187
33.9328 180
34.0329 182
34.1329 179
34.233 173
34.3331 175
34.4332 163
34.5333 159
34.6334 150
34.7335 140
34.8336 135
34.9337 120
35.0338 117
35.1339 108
35.2339 98
35.334 93
35.4341 79
35.5342 75
35.6343 65
35.7344 45
35.8345 21
35.9346 0
36.0347 0
36.1348 0
36.2348 0
36.3349 0
36.435 0
36.5351 0
36.6352 0
36.7353 0
36.8354 0
36.9355 0
37.0356 0
37.1357 0
37.2358 0
37.3359 0
37.436 0
37.5361 0
37.6361 0
37.7362 0
37.8363 0
37.9364 0
38.0365 0
38.1366 0
38.2367 0
38.3368 0
38.437 0
38.5371 0
38.6372 0
38.7374 0
38.8375 0
38.9376 0
39.0377 0
39.1379 0
39.2379 0
39.3381 0
39.4382 0
39.5383 0
39.6384 0
39.7385 0
39.8386 0
39.9387 0
40.0389 0
40.1389 0
40.2391 0
40.3392 0
40.4393 0
40.5394 0
40.6396 0
40.7397 0
40.8398 0
40.9399 0
41.04 0
41.14 0
41.2401 0
41.3402 0
41.4403 0
41.5404 0
41.6405 0
41.7406 0
41.8407 0
41.9408 0
42.0409 0
42.1409 0
42.241 0
42.3411 0
42.4412 0
42.5414 0
42.6414 0
42.7415 0
42.8416 0
42.9417 0
43.0418 0
43.1419 1
43.242 0
43.342 1
43.4421 1
43.5422 0
43.6423 1
43.7424 0
43.8424 1
43.9425 2
44.0426 2
44.1427 6
44.2428 8
44.3429 11
44.443 15
44.5431 17
44.6432 20
44.7433 23
44.8434 25
44.9435 28
45.0435 31
45.1436 34
45.2437 36
45.3438 39
45.4439 43
45.544 45
45.6441 48
45.7442 50
45.8443 52
45.9444 56
46.0445 59
46.1446 61
46.2447 63
46.3448 66
46.4449 70
46.5449 72
46.645 75
46.7451 78
46.8452 80
46.9453 84
47.0454 86
47.1455 89
47.2455 93
47.3456 95
47.4457 99
47.5458 100
47.6459 102
47.746 106
47.8461 108
47.9462 113
48.0463 114
48.1464 116
48.2465 120
48.3466 122
48.4467 127
48.5467 128
48.6468 130
48.7469 136
48.847 143
48.9471 150
49.0472 159
49.1472 165
49.2473 168
49.3474 174
49.4475 181
49.5476 187
49.6477 191
49.7478 197
49.8478 200
49.9479 200
50.048 200
50.1482 200
50.2482 200
50.3483 200
50.4485 200
50.5486 200
50.6487 200
50.7488 200
50.8488 200
50.9489 200
51.049 200
51.1491 200
51.2492 200
51.3493 200
51.4494 200
51.5495 200
51.6496 200
51.7497 200
51.8498 200
51.9499 200
52.05 200
52.1501 200
52.2502 199
52.3502 200
52.4503 200
52.5504 200
52.6505 200
52.7505 200
52.8506 200
52.9507 200
53.0508 200
53.1509 200
53.251 199
53.351 200
53.4511 199
53.5512 200
53.6513 200
53.7514 200
53.8515 200
53.9516 199
54.0517 200
54.1518 199
54.2519 199
54.352 200
54.4521 198
54.5522 200
54.6522 200
54.7523 199
54.8524 200
54.9525 198
55.0526 200
55.1527 200
55.2534 199
55.3535 199
55.4537 197
55.5538 198
55.6539 199
55.7541 199
55.8542 199
55.9543 198
56.0544 199
56.1545 196
56.2546 196
56.3547 198
56.4548 193
56.5549 192
56.6551 190
56.7552 189
56.8553 188
56.9554 184
57.0555 184
57.1556 180
57.2557 178
57.3558 177
57.4559 170
57.556 167
57.656 151
57.7561 138
57.8562 125
57.9563 109
58.0564 97
58.1565 80
58.2566 68
58.3567 55
58.4568 39
58.5569 27
58.657 10
58.7571 0
