1.493e-06 0
0.100551 8
0.200647 21
0.300721 33
0.4008 43
0.500904 55
0.600996 66
0.701096 77
0.801215 86
0.901331 98
1.00143 108
1.10151 119
1.20159 130
1.30168 142
1.40176 153
1.50182 165
1.6019 176
1.70201 187
1.80213 199
1.90225 200
2.00238 200
2.10249 200
2.20258 200
2.30268 200
2.40276 200
2.50287 200
2.60299 200
2.70307 200
2.80316 200
2.90329 200
3.00341 200
3.10351 200
3.20359 200
3.3037 200
3.40391 200
3.50399 200
3.60407 200
3.70415 200
3.80423 200
3.90432 200
4.00439 200
4.10446 200
4.20454 200
4.30461 200
4.40469 200
4.50478 200
4.60487 200
4.70494 200
4.80501 200
4.9051 200
5.00518 200
5.10526 200
5.20535 200
5.30542 200
5.4055 200
5.50558 200
5.60566 200
5.70574 200
5.80581 200
5.9059 200
6.00597 199
6.10604 200
6.20614 199
6.30622 200
6.4063 200
6.50638 200
6.60647 200
6.70656 200
6.80664 199
6.90672 200
7.0068 200
7.10688 200
7.20696 200
7.30705 200
7.40713 200
7.50723 200
7.60734 200
7.70744 200
7.80755 200
7.90763 200
8.00771 199
8.10779 200
8.20787 200
8.30795 199
8.40804 200
8.50817 200
8.60825 200
8.70833 200
8.80841 200
8.90849 200
9.00858 199
9.10867 200
9.20876 200
9.30886 198
9.40897 199
9.50907 197
9.60918 198
9.70929 199
9.80939 198
9.90948 198
10.0096 194
10.1096 195
10.2097 195
10.3098 192
10.4099 192
10.51 187
10.6101 189
10.7101 185
10.8102 186
10.9103 181
11.0104 169
11.1105 166
11.2106 157
11.3107 151
11.4108 146
11.5108 134
11.6109 131
11.711 121
11.8111 115
11.9112 111
12.0113 99
12.1113 96
12.2114 86
12.3115 80
12.4116 64
12.5117 42
12.6118 23
12.7118 3
12.8119 0
12.912 0
13.0121 0
13.1122 0
13.2123 0
13.3124 0
13.4125 0
13.5126 0
13.6127 0
13.7128 0
13.8129 0
13.9129 0
14.013 0
14.1131 0
14.2132 0
14.3133 0
14.4134 0
14.5135 0
14.6136 0
14.7136 0
14.8138 0
14.9139 0
15.014 0
15.1141 0
15.2142 0
15.3143 0
15.4144 0
15.5145 0
15.6145 0
15.7146 0
15.8147 0
15.9148 0
16.0149 0
16.115 0
16.2152 0
16.3153 0
16.4154 0
16.5155 0
16.6157 0
16.7158 0
16.8159 0
16.916 0
17.0161 0
17.1162 0
17.2164 0
17.3165 0
17.4166 0
17.5167 0
17.6168 0
17.7169 0
17.8169 0
17.9171 0
18.0172 0
18.1173 0
18.2173 0
18.3174 0
18.4175 1
18.5176 0
18.6177 0
18.7178 1
18.8179 0
18.918 1
19.0181 0
19.1181 0
19.2182 2
19.3183 0
19.4184 2
19.5185 0
19.6185 0
19.7186 2
19.8187 0
19.9188 3
20.0189 1
20.1191 3
20.2192 8
20.3193 10
20.4194 15
20.5194 17
20.6195 19
20.7196 22
20.8197 24
20.9197 28
21.0198 30
21.1199 31
21.2199 35
21.32 37
21.4201 42
21.5202 44
21.6203 45
21.7204 49
21.8204 51
21.9205 55
22.0206 57
22.1207 59
22.2208 64
22.3208 66
22.4209 70
22.521 72
22.6211 75
22.7212 79
22.8212 80
22.9213 84
23.0214 87
23.1215 88
23.2216 92
23.3217 94
23.4218 97
23.5218 100
23.6219 102
23.722 106
23.8221 109
23.9222 113
24.0223 115
24.1224 117
24.2224 121
24.3225 123
24.4226 127
24.5227 129
24.6228 130
24.7229 134
24.823 136
24.9231 140
25.0232 142
25.1233 143
25.2233 153
25.3234 161
25.4235 171
25.5236 179
25.6237 188
25.7238 194
25.8238 200
25.9239 200
26.024 200
26.1241 200
26.2242 200
26.3243 200
26.4244 200
26.5245 200
26.6245 200
26.7246 200
26.8247 200
26.9248 200
27.0249 200
27.125 200
27.2251 200
27.3251 200
27.4252 200
27.5253 200
27.6254 200
27.7255 200
27.8256 200
27.9257 200
28.0257 200
28.1258 200
28.2259 200
28.326 200
28.4261 200
28.5262 200
28.6262 200
28.7263 200
28.8264 200
28.9265 200
29.0266 200
29.1267 200
29.2267 200
29.3268 200
29.4269 200
29.527 200
29.6271 200
29.7272 200
29.8272 200
29.9273 200
30.0274 199
30.1275 200
30.2276 200
30.3277 200
30.4278 200
30.5278 199
30.6279 200
30.728 199
30.8281 200
30.9282 200
31.0283 198
31.1283 200
31.2284 197
31.3285 200
31.4286 200
31.5287 198
31.6287 200
31.7288 198
31.8289 200
31.929 198
32.0291 198
32.1292 200
32.2292 195
32.3293 197
32.4294 196
32.5295 197
32.6296 199
32.7297 196
32.8298 197
32.9298 196
33.03 197
33.1301 197
33.2302 192
33.3303 194
33.4304 190
33.5305 190
33.6306 190
33.7307 185
33.8308 187
33.9308 182
34.0309 183
34.131 183
34.2311 178
34.3312 179
34.4312 173
34.5313 174
34.6314 167
34.7315 158
34.8316 153
34.9317 142
35.0318 139
35.1318 130
35.2319 123
35.332 118
35.4321 107
35.5321 103
35.6322 94
35.7323 88
35.8324 83
35.9324 73
36.0325 56
36.1326 32
36.2327 15
36.3327 0
36.4328 0
36.5329 0
36.6329 0
36.733 0
36.8331 0
36.9332 0
37.0333 0
37.1333 0
37.2334 0
37.3335 0
37.4336 0
37.5337 0
37.6337 0
37.7338 0
37.8339 0
37.934 0
38.0341 0
38.1342 0
38.2342 0
38.3343 0
38.4344 0
38.5345 0
38.6346 0
38.7347 0
38.8347 0
38.9348 0
39.0349 0
39.135 0
39.2351 0
39.3351 0
39.4352 0
39.5353 0
39.6354 0
39.7355 0
39.8356 0
39.9357 0
40.0359 0
40.1359 0
40.236 0
40.3361 0
40.4362 0
40.5363 0
40.6364 0
40.7365 0
40.8366 0
40.9367 0
41.0368 0
41.1369 0
41.237 0
41.3371 0
41.4371 0
41.5372 0
41.6373 0
41.7374 0
41.8374 0
41.9375 0
42.0376 0
42.1377 0
42.2378 0
42.3378 0
42.4379 0
42.538 0
42.6381 0
42.7382 0
42.8384 0
42.9385 0
43.0387 0
43.1388 0
43.2389 1
43.339 0
43.4391 1
43.5392 1
43.6393 0
43.7394 1
43.8394 0
43.9395 3
44.0396 3
44.1397 4
44.2397 8
44.3398 11
44.4399 15
44.54 17
44.6401 19
44.7402 23
44.8403 25
44.9404 30
45.0405 31
45.1406 32
45.2406 37
45.3407 39
45.4408 43
45.5409 45
45.641 46
45.7411 51
45.8412 53
45.9413 57
46.0414 59
46.1415 60
46.2416 64
46.3417 66
46.4417 70
46.5418 73
46.6419 74
46.742 78
46.842 81
46.9421 84
47.0422 87
47.1423 88
47.2424 92
47.3425 95
47.4426 99
47.5426 102
47.6427 103
47.7428 107
47.8429 109
47.943 113
48.043 115
48.1431 116
48.2432 120
48.3433 122
48.4434 126
48.5435 129
48.6436 130
48.7437 135
48.8438 140
48.9439 146
49.044 155
49.1441 163
49.2442 171
49.3443 180
49.4444 189
49.5445 197
49.6446 200
49.7447 200
49.8448 200
49.9449 200
50.045 200
50.1451 200
50.2452 200
50.3453 200
50.4454 200
50.5455 200
50.6457 200
50.7457 200
50.8458 200
50.9459 200
51.046 200
51.1461 200
51.2462 200
51.3463 200
51.4464 200
51.5465 200
51.6466 200
51.7466 200
51.8468 200
51.9469 200
52.047 200
52.1471 200
52.2472 200
52.3473 200
52.4474 200
52.5475 200
52.6476 200
52.7477 200
52.8478 200
52.9479 200
53.048 200
53.1481 200
53.2482 199
53.3483 200
53.4484 200
53.5485 200
53.6486 200
53.7487 200
53.8488 200
53.9488 200
54.0489 200
54.1491 200
54.2492 200
54.3493 200
54.4494 200
54.5495 200
54.6496 200
54.7497 200
54.8498 200
54.9499 200
55.0499 200
55.15 200
55.2501 200
55.3502 200
55.4503 200
55.5504 200
55.6505 200
55.7506 200
55.8507 200
55.9508 200
56.0509 200
56.151 198
56.2511 197
56.3512 199
56.4513 198
56.5514 199
56.6515 197
56.7516 198
56.8517 200
56.9517 200
57.0518 198
57.1519 195
57.252 196
57.3521 196
57.4522 195
57.5522 192
57.6523 188
57.7524 186
57.8524 186
57.9525 185
58.0526 184
58.1527 179
58.2527 177
58.3528 174
58.4529 168
58.553 156
58.653 140
58.7531 126
58.8532 111
58.9533 97
59.0534 85
59.1535 70
59.2535 56
59.3536 40
59.4537 27
59.5538 15
59.6539 0
