1.543e-06 0
0.10048 8
0.200563 21
0.300648 33
0.400723 43
0.500802 55
0.600874 66
0.700974 77
0.801059 88
0.901134 98
1.00121 108
1.10131 120
1.20138 132
1.30146 142
1.40154 153
1.50162 165
1.6017 177
1.70178 188
1.80187 200
1.90196 200
2.00204 200
2.10212 200
2.20222 200
2.3023 200
2.40238 200
2.50245 200
2.60253 200
2.7026 200
2.8027 200
2.90279 200
3.00288 200
3.10297 200
3.20306 200
3.30314 200
3.40322 200
3.5033 200
3.60337 200
3.70344 200
3.80352 200
3.90362 200
4.00375 200
4.10383 200
4.20393 200
4.30403 200
4.4041 200
4.50418 200
4.60425 200
4.70433 200
4.8044 200
4.90448 200
5.00454 200
5.10462 200
5.2047 200
5.30482 200
5.40492 200
5.50503 200
5.60511 200
5.7052 200
5.80527 200
5.90535 200
6.00542 200
6.1055 200
6.20557 200
6.30564 200
6.40572 200
6.5058 200
6.60588 200
6.70596 200
6.80603 200
6.90611 200
7.00618 199
7.10626 200
7.20634 200
7.30641 200
7.40649 200
7.50657 199
7.60664 200
7.70671 200
7.80678 200
7.90687 200
8.00696 198
8.10706 200
8.20716 199
8.30724 199
8.40731 200
8.50742 198
8.60752 200
8.70761 200
8.80769 199
8.90779 200
9.00787 197
9.10797 200
9.20804 200
9.30827 198
9.40844 200
9.50856 197
9.60863 199
9.70871 197
9.80878 197
9.90886 198
10.0089 195
10.109 196
10.2091 194
10.3092 192
10.4093 192
10.5094 189
10.6095 190
10.7095 186
10.8096 186
10.9097 181
11.0098 168
11.1099 164
11.2099 156
11.31 145
11.4101 139
11.5102 126
11.6103 121
11.7104 114
11.8104 103
11.9105 97
12.0106 84
12.1107 80
12.2108 71
12.3108 46
12.4109 27
12.511 0
12.6111 0
12.7111 0
12.8112 0
12.9113 0
13.0114 0
13.1115 0
13.2115 0
13.3116 0
13.4117 0
13.5118 0
13.6119 0
13.712 0
13.8121 0
13.9121 0
14.0122 0
14.1123 0
14.2124 0
14.3124 0
14.4125 0
14.5126 0
14.6127 0
14.7128 0
14.8129 0
14.913 0
15.0131 0
15.1131 0
15.2132 0
15.3133 0
15.4134 0
15.5135 0
15.6135 0
15.7136 0
15.8137 0
15.9138 0
16.0138 0
16.1139 0
16.214 0
16.3141 0
16.4142 0
16.5143 0
16.6144 0
16.7145 0
16.8146 0
16.9147 0
17.0147 0
17.1148 0
17.2149 0
17.315 0
17.4151 0
17.5152 0
17.6152 0
17.7153 0
17.8154 0
17.9155 0
18.0155 0
18.1156 0
18.2157 0
18.3158 0
18.4159 0
18.516 0
18.616 0
18.7161 0
18.8162 0
18.9163 0
19.0163 0
19.1164 0
19.2165 0
19.3166 0
19.4166 0
19.5167 0
19.6168 0
19.7169 0
19.8169 0
19.917 0
20.0171 0
20.1172 0
20.2173 1
20.3173 0
20.4174 1
20.5175 1
20.6176 0
20.7176 1
20.8177 0
20.9178 0
21.0179 1
21.1179 3
21.218 8
21.3181 10
21.4181 14
21.5182 15
21.6183 18
21.7184 22
21.8185 24
21.9185 28
22.0186 30
22.1187 32
22.2188 36
22.3189 38
22.419 41
22.5191 43
22.6192 46
22.7193 50
22.8194 53
22.9194 56
23.0195 58
23.1196 61
23.2197 65
23.3198 67
23.4198 70
23.52 72
23.62 74
23.7201 78
23.8202 80
23.9203 83
24.0204 85
24.1205 87
24.2206 92
24.3208 94
24.421 97
24.5211 99
24.6212 101
24.7214 106
24.8215 108
24.9215 111
25.0216 114
25.1217 115
25.2218 125
25.3219 134
25.422 143
25.5221 152
25.6222 160
25.7223 168
25.8224 177
25.9225 186
26.0225 191
26.1226 196
26.2227 200
26.3228 200
26.4229 200
26.5231 200
26.6231 200
26.7232 200
26.8233 200
26.9234 200
27.0235 200
27.1236 200
27.2237 200
27.3238 200
27.4238 200
27.5239 200
27.624 200
27.7241 200
27.8242 200
27.9242 200
28.0243 200
28.1244 200
28.2245 200
28.3246 200
28.4247 200
28.5248 200
28.6248 200
28.7249 200
28.825 200
28.9251 200
29.0252 200
29.1253 200
29.2253 200
29.3254 200
29.4255 200
29.5256 200
29.6257 200
29.7258 199
29.8259 200
29.9259 200
30.026 199
30.1261 200
30.2262 198
30.3263 200
30.4263 200
30.5264 198
30.6265 200
30.7266 198
30.8267 200
30.9268 200
31.0269 197
31.127 200
31.2271 197
31.3272 200
31.4273 199
31.5273 198
31.6274 200
31.7275 197
31.8276 200
31.9277 199
32.0278 197
32.1278 200
32.2279 193
32.328 197
32.4281 195
32.5282 197
32.6283 199
32.7284 195
32.8284 198
32.9285 195
33.0286 196
33.1287 199
33.2288 192
33.3288 193
33.4289 188
33.529 189
33.6291 187
33.7292 183
33.8293 187
33.9294 181
34.0295 180
34.1295 178
34.2296 174
34.3297 174
34.4298 164
34.5298 158
34.6299 151
34.73 140
34.8301 135
34.9302 122
35.0303 117
35.1304 108
35.2305 97
35.3305 93
35.4306 79
35.5307 75
35.6308 64
35.7309 44
35.831 20
35.9311 0
36.0311 0
36.1312 0
36.2313 0
36.3314 0
36.4315 0
36.5316 0
36.6317 0
36.7318 0
36.8318 0
36.9319 0
37.032 0
37.1321 0
37.2322 0
37.3323 0
37.4324 0
37.5325 0
37.6326 0
37.7327 0
37.8328 0
37.9328 0
38.0329 0
38.133 0
38.2331 0
38.3332 0
38.4333 0
38.5334 0
38.6335 0
38.7336 0
38.8337 0
38.9338 0
39.0339 0
39.134 0
39.2341 0
39.3342 0
39.4343 0
39.5343 0
39.6344 0
39.7345 0
39.8346 0
39.9347 0
40.0348 0
40.1349 0
40.2349 0
40.335 0
40.4351 0
40.5352 0
40.6353 0
40.7354 0
40.8355 0
40.9356 0
41.0357 0
41.1357 0
41.2358 0
41.3359 0
41.436 0
41.5361 0
41.6361 0
41.7362 0
41.8363 0
41.9364 0
42.0365 0
42.1365 1
42.2366 0
42.3367 0
42.4367 0
42.5368 0
42.6369 1
42.737 0
42.837 0
42.9371 0
43.0372 0
43.1373 2
43.2374 0
43.3375 2
43.4376 1
43.5376 1
43.6377 2
43.7378 1
43.8379 3
43.938 3
44.038 2
44.1381 7
44.2382 9
44.3383 13
44.4384 15
44.5385 17
44.6385 22
44.7386 23
44.8387 27
44.9388 29
45.0389 30
45.139 36
45.239 37
45.3391 41
45.4392 43
45.5393 45
45.6394 50
45.7395 51
45.8395 55
45.9396 57
46.0397 58
46.1398 63
46.2399 64
46.3399 68
46.44 71
46.5401 72
46.6402 76
46.7403 78
46.8404 83
46.9405 85
47.0405 86
47.1406 92
47.2407 93
47.3408 97
47.4409 100
47.5409 101
47.641 105
47.7411 107
47.8412 111
47.9412 113
48.0413 114
48.1414 118
48.2415 120
48.3416 125
48.4417 127
48.5418 129
48.6419 133
48.7419 138
48.842 145
48.9421 154
49.0422 160
49.1424 165
49.2424 171
49.3425 178
49.4426 184
49.5427 190
49.6428 196
49.7428 200
49.8429 200
49.943 200
50.0431 200
50.1432 200
50.2433 200
50.3434 200
50.4435 200
50.5436 200
50.6437 200
50.7438 200
50.8438 200
50.9439 200
51.044 200
51.1441 200
51.2442 200
51.3443 200
51.4444 200
51.5445 200
51.6446 200
51.7447 200
51.8447 200
51.9448 200
52.0449 200
52.145 200
52.2451 200
52.3452 200
52.4453 200
52.5454 200
52.6455 200
52.7456 200
52.8456 200
52.9457 200
53.0458 200
53.1459 200
53.246 200
53.3461 200
53.4462 200
53.5462 200
53.6463 200
53.7464 200
53.8465 200
53.9465 200
54.0466 200
54.1467 199
54.2468 200
54.3469 200
54.447 199
54.5471 200
54.6472 199
54.7473 200
54.8473 200
54.9474 199
55.0475 200
55.1476 199
55.2477 200
55.3478 198
55.4479 197
55.5479 199
55.648 198
55.7481 199
55.8482 199
55.9483 199
56.0484 200
56.1484 195
56.2485 196
56.3486 197
56.4487 192
56.5488 194
56.6489 189
56.749 189
56.8491 185
56.9492 183
57.0493 186
57.1493 180
57.2494 178
57.3495 175
57.4496 170
57.5496 168
57.6497 151
57.7498 139
57.8499 124
57.95 109
58.05 97
58.1501 81
58.2502 69
58.3503 54
58.4504 39
58.5505 26
58.6505 11
58.7506 0
