1.753e-06 0
0.100567 8
0.200634 21
0.300718 33
0.400803 43
0.500885 55
0.600981 64
0.701101 74
0.80119 86
0.901271 95
1.00135 106
1.10145 115
1.20152 127
1.30162 136
1.40171 145
1.5018 156
1.60189 165
1.70199 175
1.80207 186
1.90217 194
2.00227 200
2.10236 200
2.20244 200
2.30252 200
2.40258 200
2.50266 200
2.60273 200
2.7028 200
2.80287 200
2.90297 200
3.00307 200
3.10316 200
3.20326 200
3.30337 200
3.40347 200
3.50355 200
3.60367 200
3.70379 200
3.80391 200
3.90405 200
4.00416 200
4.10428 200
4.2044 200
4.30452 200
4.40464 200
4.50473 200
4.60484 200
4.70493 200
4.80505 200
4.90517 200
5.00526 200
5.10534 200
5.20542 200
5.30551 200
5.40559 200
5.50569 200
5.60581 200
5.7059 200
5.80599 200
5.90611 200
6.00622 200
6.10629 200
6.20637 200
6.30646 200
6.40657 199
6.50668 200
6.6068 200
6.70689 200
6.80698 200
6.90705 200
7.00713 200
7.10722 200
7.2073 200
7.30738 199
7.40745 199
7.50753 200
7.60761 199
7.70768 200
7.80777 198
7.90784 200
8.00793 200
8.10802 200
8.2081 200
8.30818 198
8.40826 197
8.50834 197
8.60842 198
8.7085 198
8.80859 196
8.90866 198
9.00874 198
9.10881 197
9.20889 196
9.30896 193
9.40905 191
9.50916 188
9.60924 188
9.70933 189
9.80943 186
9.90952 181
10.0096 171
10.1097 166
10.2099 159
10.31 146
10.4101 140
10.5101 128
10.6102 124
10.7103 115
10.8104 104
10.9105 98
11.0106 85
11.1107 80
11.2108 70
11.3109 41
11.411 18
11.5111 0
11.6113 0
11.7114 0
11.8115 0
11.9116 0
12.0118 0
12.1119 0
12.212 0
12.3121 0
12.4122 0
12.5123 0
12.6123 1
12.7124 0
12.8126 0
12.9126 0
13.0127 0
13.1128 0
13.2129 0
13.313 0
13.4131 0
13.5132 0
13.6133 0
13.7134 0
13.8135 0
13.9135 0
14.0136 0
14.1137 0
14.2138 0
14.3139 0
14.414 0
14.514 0
14.6141 0
14.7142 0
14.8143 0
14.9144 0
15.0145 0
15.1146 0
15.2146 0
15.3147 0
15.4148 0
15.5149 0
15.615 0
15.715 0
15.8151 0
15.9153 0
16.0154 0
16.1154 0
16.2155 0
16.3156 0
16.4157 0
16.5158 0
16.6159 0
16.716 0
16.8161 0
16.9162 0
17.0163 0
17.1164 0
17.2164 0
17.3165 0
17.4166 0
17.5167 0
17.6168 0
17.7168 0
17.8169 0
17.917 0
18.0171 0
18.1172 0
18.2172 0
18.3173 0
18.4174 0
18.5175 0
18.6176 0
18.7177 0
18.8178 0
18.9179 0
19.0179 0
19.118 0
19.2181 0
19.3182 0
19.4183 0
19.5184 0
19.6185 0
19.7186 0
19.8186 0
19.9187 0
20.0188 1
20.1189 0
20.219 2
20.3191 2
20.4192 1
20.5193 2
20.6194 0
20.7195 1
20.8195 1
20.9196 1
21.0197 3
21.1198 4
21.2199 9
21.32 10
21.4201 13
21.5201 17
21.6202 18
21.7203 23
21.8204 24
21.9205 25
22.0206 30
22.1206 31
22.2207 36
22.3208 37
22.4209 39
22.521 43
22.6211 45
22.7211 50
22.8212 51
22.9213 54
23.0214 57
23.1215 55
23.2216 56
23.3217 56
23.4218 56
23.5218 58
23.6219 56
23.722 57
23.8221 56
23.9222 55
24.0223 55
24.1223 52
24.2224 55
24.3225 58
24.4226 61
24.5227 65
24.6227 67
24.7228 70
24.8229 71
24.923 79
25.0231 86
25.1231 92
25.2232 97
25.3233 103
25.4234 109
25.5235 114
25.6237 120
25.7238 125
25.8239 131
25.924 137
26.0241 141
26.1242 147
26.2243 150
26.3244 155
26.4244 161
26.5245 164
26.6246 170
26.7247 170
26.8247 175
26.9248 178
27.0249 182
27.125 186
27.2251 188
27.3252 191
27.4253 194
27.5254 197
27.6255 200
27.7257 200
27.8258 200
27.9259 200
28.0259 199
28.126 200
28.2261 200
28.3262 200
28.4263 200
28.5264 200
28.6265 200
28.7266 200
28.8267 200
28.9267 200
29.0268 199
29.1269 198
29.227 195
29.327 197
29.4271 197
29.5272 197
29.6273 200
29.7274 196
29.8274 198
29.9275 198
30.0276 197
30.1277 198
30.2278 193
30.3278 193
30.4279 192
30.528 190
30.6282 190
30.7283 185
30.8284 185
30.9285 184
31.0285 182
31.1286 180
31.2287 175
31.3288 174
31.4289 170
31.529 165
31.6291 159
31.7292 148
31.8293 139
31.9294 131
32.0295 121
32.1296 115
32.2297 102
32.3298 92
32.4299 82
32.53 72
32.6301 66
32.7301 46
32.8303 17
32.9304 0
33.0305 0
33.1306 0
33.2307 0
33.3308 0
33.4309 0
33.531 0
33.6311 0
33.7312 0
33.8313 0
33.9313 0
34.0314 0
34.1315 0
34.2316 0
34.3317 0
34.4318 0
34.5319 0
34.6319 0
34.732 0
34.8321 0
34.9322 0
35.0323 0
35.1324 0
35.2325 0
35.3327 0
35.4328 0
35.5329 0
35.633 0
35.7331 0
35.8332 0
35.9333 0
36.0334 0
36.1334 0
36.2335 0
36.3336 0
36.4337 0
36.5338 0
36.6338 0
36.7339 0
36.834 0
36.9341 0
37.0342 0
37.1343 0
37.2344 0
37.3345 0
37.4345 0
37.5346 0
37.6347 0
37.7348 0
37.8348 0
37.9349 0
38.035 0
38.1351 0
38.2352 0
38.3353 0
38.4354 0
38.5355 0
38.6356 0
38.7357 0
38.8358 0
38.9359 0
39.036 0
39.1361 0
39.2362 0
39.3363 0
39.4364 0
39.5365 0
39.6366 0
39.7367 0
39.8367 0
39.9368 0
40.0369 0
40.137 0
40.2371 0
40.3372 0
40.4372 1
40.5373 0
40.6374 0
40.7375 0
40.8376 0
40.9376 1
41.0377 0
41.1378 1
41.2379 1
41.338 0
41.4381 3
41.5382 1
41.6383 0
41.7384 1
41.8385 1
41.9386 2
42.0387 1
42.1387 5
42.2388 7
42.3389 9
42.439 13
42.5391 15
42.6392 18
42.7393 21
42.8394 24
42.9395 27
43.0397 29
43.1398 32
43.2399 36
43.34 37
43.4401 42
43.5402 44
43.6404 46
43.7404 49
43.8405 51
43.9407 54
44.0408 56
44.1409 55
44.241 56
44.3411 55
44.4412 56
44.5414 57
44.6414 56
44.7415 56
44.8416 56
44.9417 56
45.0418 54
45.1419 51
45.242 49
45.3421 46
45.4422 43
45.5423 41
45.6424 38
45.7425 37
45.8426 34
45.9427 36
46.0428 39
46.1429 45
46.243 52
46.3431 55
46.4432 64
46.5433 72
46.6433 82
46.7434 91
46.8435 100
46.9436 110
47.0437 117
47.1438 124
47.2438 129
47.3439 138
47.444 146
47.5441 153
47.6442 160
47.7443 166
47.8444 175
47.9445 181
48.0446 186
48.1447 194
48.2448 198
48.3449 200
48.445 200
48.545 200
48.6451 200
48.7452 200
48.8453 200
48.9454 200
49.0455 200
49.1456 200
49.2457 200
49.3457 200
49.4458 200
49.5459 200
49.646 200
49.746 199
49.8461 200
49.9462 200
50.0463 200
50.1464 200
50.2464 198
50.3465 200
50.4466 199
50.5467 200
50.6468 200
50.7469 199
50.847 200
50.9471 199
51.0472 200
51.1473 200
51.2474 198
51.3475 200
51.4476 198
51.5477 200
51.6478 198
51.7479 198
51.848 200
51.9481 198
52.0482 199
52.1483 197
52.2484 197
52.3485 200
52.4487 196
52.5487 200
52.6488 197
52.7489 196
52.849 200
52.9491 196
53.0492 199
53.1493 193
53.2493 192
53.3494 193
53.4495 188
53.5496 189
53.6497 186
53.7498 185
53.8498 188
53.9499 181
54.05 183
54.1501 166
54.2502 154
54.3502 140
54.4503 124
54.5504 114
54.6505 94
54.7506 84
54.8506 68
54.9507 54
55.0508 43
55.1509 22
55.251 10
55.3511 0
