1.713e-06 0
0.100709 8
0.200797 20
0.300895 31
0.401001 43
0.501091 54
0.601185 64
0.701273 75
0.801358 86
0.901442 97
1.00151 108
1.10159 117
1.20167 130
1.30175 142
1.40183 152
1.50191 163
1.60199 174
1.70207 186
1.80215 198
1.90224 200
2.00231 200
2.10239 200
2.20247 200
2.30258 200
2.40266 200
2.50274 200
2.60282 200
2.70289 200
2.80298 200
2.90306 200
3.00313 200
3.10321 200
3.2033 200
3.30338 200
3.40346 200
3.50355 200
3.60366 200
3.70374 200
3.80386 200
3.904 200
4.0041 200
4.10418 200
4.20426 200
4.30434 200
4.40441 200
4.5045 200
4.60458 200
4.70465 200
4.80474 200
4.90481 200
5.00488 200
5.10496 200
5.20503 200
5.30512 200
5.4052 200
5.50528 200
5.60536 200
5.70543 200
5.80551 200
5.90557 200
6.00564 200
6.10571 200
6.20579 200
6.30588 200
6.40598 200
6.50608 200
6.60616 200
6.70624 200
6.80632 199
6.90639 200
7.00649 199
7.10661 200
7.2067 200
7.3068 199
7.40689 200
7.50698 199
7.60707 200
7.70719 200
7.80731 200
7.90743 200
8.00752 198
8.10761 200
8.20772 199
8.30782 200
8.40791 200
8.508 198
8.60808 200
8.70818 199
8.80825 200
8.90834 200
9.00841 198
9.1085 200
9.2086 200
9.30872 199
9.40886 200
9.50898 198
9.60909 199
9.7092 198
9.80927 198
9.90938 199
10.0095 195
10.1096 196
10.2097 194
10.3098 192
10.4099 193
10.51 188
10.6101 190
10.7102 185
10.8102 186
10.9103 181
11.0104 169
11.1105 165
11.2106 153
11.3107 146
11.4108 138
11.5109 127
11.611 123
11.7111 110
11.8111 104
11.9112 96
12.0113 84
12.1114 80
12.2115 67
12.3116 44
12.4117 25
12.5117 0
12.6118 0
12.7119 0
12.812 0
12.9121 0
13.0122 0
13.1122 0
13.2123 0
13.3124 0
13.4125 0
13.5126 0
13.6127 0
13.7127 0
13.8128 0
13.9129 0
14.013 0
14.1131 0
14.2132 0
14.3132 0
14.4133 0
14.5134 0
14.6135 0
14.7136 0
14.8137 0
14.9137 0
15.0138 0
15.1139 0
15.214 0
15.3141 0
15.4141 0
15.5143 0
15.6143 0
15.7144 0
15.8145 0
15.9146 0
16.0147 0
16.1148 0
16.2149 0
16.315 0
16.415 0
16.5151 0
16.6152 0
16.7153 0
16.8154 0
16.9155 0
17.0155 0
17.1156 0
17.2157 0
17.3158 0
17.4159 0
17.516 0
17.6161 0
17.7162 0
17.8163 0
17.9164 0
18.0164 0
18.1165 0
18.2167 0
18.3167 0
18.4168 0
18.5169 0
18.617 0
18.7171 0
18.8172 0
18.9173 0
19.0173 0
19.1174 0
19.2175 1
19.3176 0
19.4176 1
19.5177 0
19.6178 0
19.7179 0
19.818 0
19.9181 1
20.0182 0
20.1183 0
20.2184 1
20.3185 0
20.4185 2
20.5186 1
20.6187 1
20.7188 2
20.8189 0
20.919 2
21.0191 1
21.1191 5
21.2192 8
21.3193 9
21.4194 15
21.5195 16
21.6196 19
21.7197 22
21.8197 23
21.9198 29
22.0199 30
22.12 33
22.2201 36
22.3202 37
22.4203 42
22.5203 44
22.6204 47
22.7205 51
22.8206 52
22.9207 57
23.0208 58
23.1208 62
23.2209 65
23.321 66
23.4211 71
23.5212 73
23.6212 75
23.7213 78
23.8214 79
23.9215 84
24.0216 85
24.1217 88
24.2218 92
24.3219 93
24.4219 98
24.522 99
24.6221 103
24.7222 105
24.8223 107
24.9224 112
25.0224 113
25.1225 117
25.2227 126
25.3227 134
25.4228 143
25.5229 151
25.623 160
25.7231 169
25.8231 176
25.9232 186
26.0233 192
26.1234 197
26.2235 200
26.3236 200
26.4237 200
26.5237 200
26.6238 200
26.7239 200
26.824 200
26.9241 200
27.0241 200
27.1242 200
27.2243 200
27.3244 200
27.4245 200
27.5246 200
27.6246 200
27.7247 200
27.8248 200
27.9249 200
28.025 200
28.1251 200
28.2252 200
28.3253 200
28.4253 200
28.5254 200
28.6255 200
28.7256 200
28.8257 200
28.9257 200
29.0258 200
29.1259 200
29.226 200
29.3261 200
29.4261 200
29.5262 200
29.6263 200
29.7264 200
29.8265 200
29.9265 200
30.0267 200
30.1267 200
30.2268 200
30.3269 200
30.427 200
30.5271 200
30.6271 200
30.7272 200
30.8273 200
30.9274 200
31.0275 200
31.1276 200
31.2277 200
31.3278 200
31.4278 199
31.528 199
31.628 200
31.7281 199
31.8282 200
31.9283 200
32.0284 198
32.1284 200
32.2285 196
32.3286 197
32.4287 197
32.5288 198
32.6289 200
32.7289 197
32.829 199
32.9291 198
33.0292 197
33.1293 197
33.2294 193
33.3295 193
33.4296 192
33.5297 188
33.6298 189
33.7299 186
33.8299 188
33.93 183
34.0301 181
34.1302 180
34.2303 176
34.3304 175
34.4304 166
34.5305 158
34.6306 148
34.7307 140
34.8308 134
34.9309 124
35.031 116
35.131 106
35.2311 98
35.3312 92
35.4313 80
35.5314 74
35.6315 64
35.7315 43
35.8316 20
35.9317 0
36.0318 0
36.1319 0
36.232 0
36.332 0
36.4321 0
36.5322 0
36.6323 0
36.7324 0
36.8324 0
36.9325 0
37.0326 0
37.1327 0
37.2328 0
37.3329 0
37.433 0
37.5331 0
37.6331 0
37.7332 0
37.8333 0
37.9334 0
38.0335 0
38.1336 0
38.2337 0
38.3338 0
38.4339 0
38.534 0
38.6341 0
38.7342 0
38.8343 0
38.9344 0
39.0345 0
39.1346 0
39.2347 0
39.3348 0
39.4349 0
39.535 0
39.6351 0
39.7352 0
39.8353 0
39.9354 0
40.0355 0
40.1356 0
40.2357 0
40.3358 0
40.4359 0
40.536 0
40.636 0
40.7361 0
40.8362 0
40.9363 0
41.0364 0
41.1365 0
41.2366 0
41.3367 0
41.4368 0
41.5368 0
41.6369 0
41.737 0
41.8371 0
41.9372 0
42.0373 0
42.1373 0
42.2374 0
42.3375 0
42.4376 0
42.5377 0
42.6378 0
42.7379 0
42.838 0
42.9381 0
43.0382 0
43.1382 1
43.2383 0
43.3384 1
43.4385 2
43.5386 0
43.6387 1
43.7388 1
43.8389 2
43.939 3
44.0391 2
44.1392 7
44.2393 9
44.3394 12
44.4396 15
44.5397 17
44.6398 21
44.7399 24
44.84 25
44.9401 29
45.0402 31
45.1403 34
45.2403 37
45.3404 38
45.4405 43
45.5406 45
45.6407 49
45.7408 51
45.8408 52
45.9409 56
46.041 59
46.1411 61
46.2412 65
46.3413 66
46.4414 70
46.5415 73
46.6416 75
46.7417 79
46.8417 80
46.9418 84
47.0419 87
47.142 89
47.2421 93
47.3422 95
47.4423 97
47.5424 101
47.6424 103
47.7425 107
47.8426 109
47.9427 111
48.0428 115
48.1429 116
48.243 120
48.343 122
48.4431 126
48.5432 129
48.6433 130
48.7434 136
48.8435 143
48.9436 151
49.0437 159
49.1437 169
49.2438 175
49.3439 184
49.444 193
49.5441 200
49.6442 200
49.7443 200
49.8443 200
49.9444 200
50.0445 200
50.1446 200
50.2447 200
50.3448 200
50.4449 200
50.545 200
50.6451 200
50.7452 200
50.8453 200
50.9454 200
51.0455 200
51.1455 200
51.2456 200
51.3457 200
51.4458 200
51.5459 200
51.646 200
51.7461 200
51.8462 200
51.9463 200
52.0464 200
52.1465 200
52.2466 200
52.3467 200
52.4468 200
52.5469 200
52.647 200
52.7471 200
52.8472 200
52.9473 200
53.0474 200
53.1474 200
53.2475 200
53.3476 200
53.4477 199
53.5478 200
53.6479 200
53.748 200
53.8481 200
53.9482 199
54.0482 200
54.1483 200
54.2484 200
54.3485 200
54.4486 198
54.5487 200
54.6487 199
54.7488 200
54.8489 200
54.949 198
55.0491 200
55.1492 198
55.2493 200
55.3493 200
55.4494 198
55.5495 200
55.6496 197
55.7497 200
55.8498 200
55.9499 199
56.0499 200
56.15 196
56.2501 198
56.3502 199
56.4503 197
56.5504 200
56.6505 194
56.7506 197
56.8507 199
56.9507 198
57.0508 199
57.1509 193
57.251 197
57.3511 195
57.4512 192
57.5513 193
57.6513 186
57.7514 187
57.8515 185
57.9516 183
58.0517 184
58.1518 176
58.2519 177
58.3519 176
58.452 165
58.5521 154
58.6522 135
58.7523 125
58.8523 109
58.9524 95
59.0525 83
59.1526 65
59.2527 55
59.3528 39
59.4529 25
59.553 12
59.6531 0
