1.744e-06 0
0.100594 8
0.20068 21
0.300758 33
0.400862 43
0.500945 55
0.601014 66
0.701091 77
0.801193 88
0.901294 98
1.00139 108
1.10146 119
1.20156 130
1.30168 142
1.40176 153
1.50184 164
1.60192 175
1.70199 187
1.80207 199
1.90216 200
2.00224 200
2.10231 200
2.20238 200
2.30245 200
2.40253 200
2.5026 200
2.60268 200
2.70275 200
2.80283 200
2.90292 200
3.00301 200
3.10309 200
3.20317 200
3.30325 200
3.40333 200
3.5034 200
3.60348 200
3.70355 200
3.80362 200
3.9037 200
4.00377 200
4.10385 200
4.20393 200
4.30401 200
4.40409 200
4.50417 200
4.60429 200
4.70436 200
4.80445 200
4.90452 200
5.0046 200
5.10468 200
5.20475 200
5.30483 200
5.4049 200
5.50499 200
5.60511 200
5.70519 200
5.80527 200
5.90535 200
6.00546 199
6.10556 200
6.20565 200
6.30574 200
6.40583 200
6.50591 199
6.60601 200
6.7061 200
6.80618 200
6.90627 200
7.00635 198
7.10643 200
7.20651 200
7.30661 200
7.4067 200
7.50678 198
7.60685 200
7.70693 200
7.807 200
7.90707 200
8.00714 197
8.10721 200
8.20729 198
8.30736 199
8.40744 200
8.50752 198
8.60759 200
8.70768 198
8.80775 200
8.90786 200
9.00794 198
9.10803 200
9.2081 199
9.30818 199
9.40827 198
9.50835 198
9.60843 200
9.70851 198
9.80859 198
9.90866 198
10.0087 197
10.1088 196
10.2089 195
10.309 193
10.4091 191
10.5091 188
10.6092 190
10.7093 186
10.8094 186
10.9095 179
11.0095 170
11.1096 165
11.2097 153
11.3098 146
11.4098 138
11.5099 127
11.61 123
11.7101 111
11.8102 104
11.9103 95
12.0104 85
12.1105 80
12.2106 68
12.3106 45
12.4107 23
12.5108 0
12.611 0
12.7111 0
12.8111 0
12.9112 0
13.0113 0
13.1114 0
13.2115 0
13.3116 0
13.4117 0
13.5118 0
13.6119 0
13.712 0
13.8121 0
13.9121 0
14.0122 0
14.1123 0
14.2124 0
14.3124 0
14.4125 0
14.5126 0
14.6127 0
14.7128 0
14.8128 0
14.9129 0
15.013 0
15.1131 0
15.2132 0
15.3133 0
15.4133 0
15.5134 0
15.6135 0
15.7136 0
15.8137 0
15.9138 0
16.0139 0
16.1139 0
16.214 0
16.3141 0
16.4142 0
16.5142 0
16.6143 0
16.7144 0
16.8145 0
16.9146 0
17.0147 0
17.1147 0
17.2148 0
17.3149 0
17.415 0
17.5151 0
17.6152 0
17.7152 0
17.8153 0
17.9154 0
18.0155 0
18.1156 0
18.2157 0
18.3157 0
18.4158 0
18.5159 0
18.616 0
18.7161 0
18.8162 0
18.9162 0
19.0163 0
19.1164 0
19.2165 0
19.3165 0
19.4166 0
19.5167 0
19.6168 0
19.7169 0
19.8169 0
19.917 0
20.0171 0
20.1172 0
20.2173 1
20.3174 0
20.4174 1
20.5175 0
20.6176 1
20.7177 1
20.8178 0
20.9179 0
21.0179 1
21.118 5
21.2181 7
21.3182 10
21.4183 14
21.5183 15
21.6184 20
21.7185 22
21.8186 24
21.9187 28
22.0188 29
22.1188 34
22.2189 36
22.319 38
22.4191 42
22.5192 43
22.6193 47
22.7194 50
22.8194 53
22.9195 57
23.0196 59
23.1197 61
23.2198 65
23.3199 67
23.42 71
23.5201 72
23.6201 74
23.7202 78
23.8203 80
23.9204 84
24.0205 85
24.1206 87
24.2206 91
24.3207 94
24.4208 98
24.5209 99
24.621 101
24.721 105
24.8211 108
24.9212 111
25.0213 113
25.1214 115
25.2214 125
25.3215 134
25.4216 143
25.5217 151
25.6218 160
25.7218 168
25.8219 176
25.922 186
26.0221 192
26.1222 196
26.2223 200
26.3224 200
26.4224 200
26.5225 200
26.6226 200
26.7227 200
26.8228 200
26.9228 200
27.0229 200
27.123 200
27.2231 200
27.3232 200
27.4233 200
27.5233 200
27.6234 200
27.7235 200
27.8236 200
27.9237 200
28.0238 200
28.1239 200
28.224 200
28.3241 200
28.4242 200
28.5243 200
28.6244 200
28.7245 200
28.8246 200
28.9246 200
29.0247 200
29.1248 200
29.2249 200
29.325 200
29.4251 200
29.5253 200
29.6254 200
29.7255 200
29.8256 200
29.9258 200
30.0259 199
30.126 200
30.2261 200
30.3262 200
30.4263 200
30.5264 199
30.6265 200
30.7266 200
30.8267 200
30.9268 200
31.0269 198
31.1269 200
31.227 198
31.3271 200
31.4272 198
31.5273 199
31.6274 200
31.7275 198
31.8276 200
31.9276 199
32.0277 197
32.1278 200
32.2279 195
32.328 197
32.4281 197
32.5281 197
32.6282 198
32.7283 196
32.8284 198
32.9285 196
33.0286 196
33.1287 198
33.2288 194
33.3289 192
33.429 189
33.5291 189
33.6291 190
33.7292 186
33.8293 186
33.9294 182
34.0295 181
34.1295 180
34.2296 174
34.3297 173
34.4298 166
34.5298 159
34.6299 151
34.73 139
34.8301 134
34.9302 123
35.0303 117
35.1303 107
35.2304 97
35.3305 92
35.4306 80
35.5306 75
35.6307 65
35.7308 44
35.8309 20
35.931 0
36.0311 0
36.1312 0
36.2313 0
36.3314 0
36.4315 0
36.5316 0
36.6316 0
36.7317 0
36.8318 0
36.9319 0
37.032 0
37.132 0
37.2321 0
37.3322 0
37.4323 0
37.5324 0
37.6325 0
37.7325 0
37.8326 0
37.9327 0
38.0328 0
38.1329 0
38.2329 0
38.333 0
38.4331 0
38.5332 0
38.6333 0
38.7333 0
38.8334 0
38.9335 0
39.0336 0
39.1337 0
39.2337 0
39.3338 0
39.4339 0
39.534 0
39.6341 0
39.7342 0
39.8342 0
39.9343 0
40.0344 0
40.1345 0
40.2346 0
40.3347 0
40.4347 0
40.5348 0
40.6349 0
40.735 0
40.8351 0
40.9352 0
41.0353 0
41.1353 0
41.2354 0
41.3355 0
41.4356 0
41.5357 0
41.6358 0
41.7359 0
41.836 0
41.9361 0
42.0361 0
42.1362 0
42.2363 0
42.3364 0
42.4365 0
42.5365 1
42.6366 0
42.7367 0
42.8367 0
42.9368 0
43.0369 1
43.137 0
43.2371 1
43.3371 0
43.4372 0
43.5373 2
43.6374 0
43.7374 2
43.8375 2
43.9376 2
44.0377 4
44.1378 5
44.2379 9
44.338 12
44.4381 14
44.5382 19
44.6383 20
44.7383 24
44.8384 26
44.9385 28
45.0386 32
45.1386 33
45.2387 38
45.3388 40
45.4389 42
45.539 47
45.639 48
45.7391 52
45.8392 54
45.9393 56
46.0394 60
46.1395 61
46.2396 65
46.3396 67
46.4397 70
46.5398 74
46.6399 75
46.74 79
46.8401 82
46.9401 84
47.0402 88
47.1403 89
47.2404 94
47.3405 96
47.4406 98
47.5406 102
47.6407 104
47.7408 107
47.8409 110
47.941 112
48.0411 116
48.1412 117
48.2413 121
48.3413 124
48.4414 126
48.5415 130
48.6416 132
48.7417 138
48.8418 146
48.9418 153
49.0419 163
49.142 171
49.2421 178
49.3422 187
49.4422 196
49.5423 200
49.6424 200
49.7425 200
49.8425 200
49.9426 200
50.0427 200
50.1428 200
50.2428 200
50.3429 200
50.443 200
50.5431 200
50.6432 200
50.7432 200
50.8433 200
50.9434 200
51.0435 200
51.1435 200
51.2436 200
51.3437 200
51.4438 200
51.5439 200
51.6439 200
51.744 200
51.8441 200
51.9442 200
52.0443 200
52.1443 200
52.2444 200
52.3445 200
52.4446 200
52.5446 200
52.6447 200
52.7448 200
52.8448 200
52.9449 200
53.045 200
53.1451 200
53.2451 200
53.3452 200
53.4453 200
53.5454 200
53.6455 200
53.7455 200
53.8456 200
53.9457 200
54.0458 200
54.1458 200
54.2459 199
54.346 200
54.4461 200
54.5462 200
54.6462 200
54.7463 200
54.8464 200
54.9465 200
55.0465 200
55.1466 200
55.2467 200
55.3468 200
55.4468 200
55.5469 200
55.6471 200
55.7472 198
55.8473 200
55.9474 199
56.0475 199
56.1476 200
56.2477 196
56.3478 199
56.4478 197
56.5479 199
56.648 200
56.7481 197
56.8482 200
56.9483 198
57.0483 199
57.1484 196
57.2485 195
57.3486 195
57.4487 191
57.5488 193
57.6489 188
57.749 186
57.8491 186
57.9492 183
58.0493 183
58.1494 180
58.2495 176
58.3496 175
58.4498 164
58.5498 152
58.6499 137
58.75 124
58.8501 111
58.9502 94
59.0503 82
59.1504 67
59.2505 54
59.3505 41
59.4506 25
59.5507 12
59.6508 0
