2.576e-06 0
0.100558 8
0.200653 21
0.300756 33
0.400879 43
0.500972 55
0.601057 65
0.701155 77
0.801239 86
0.901321 98
1.0014 108
1.10148 119
1.20159 130
1.3017 142
1.4018 153
1.50191 164
1.60199 175
1.70208 187
1.80216 199
1.90224 200
2.00233 200
2.10244 200
2.20253 200
2.30261 200
2.40269 200
2.50279 200
2.60287 200
2.70294 200
2.80301 200
2.90309 200
3.00316 200
3.10324 200
3.20332 200
3.3034 200
3.40347 200
3.50356 200
3.60363 200
3.70371 200
3.80379 200
3.90386 200
4.00393 200
4.10401 200
4.2041 200
4.30418 200
4.40426 200
4.50437 200
4.60446 200
4.70456 200
4.80465 200
4.90477 200
5.00488 200
5.10495 200
5.20503 200
5.30511 200
5.40519 200
5.50527 200
5.60535 200
5.70542 200
5.8055 200
5.90559 200
6.00567 199
6.10574 200
6.20583 200
6.3059 199
6.40598 200
6.50608 199
6.60618 200
6.70627 200
6.80636 199
6.90643 200
7.00651 198
7.10659 200
7.20668 200
7.30675 200
7.40683 200
7.50692 198
7.607 200
7.70708 200
7.80717 200
7.90726 200
8.00737 197
8.10745 200
8.20754 199
8.30762 199
8.40771 200
8.50784 197
8.60796 200
8.70806 200
8.80816 199
8.90829 200
9.00844 196
9.10856 200
9.20869 200
9.3088 197
9.40891 200
9.50905 196
9.60916 198
9.70927 197
9.80937 196
9.90947 200
10.0096 194
10.1097 196
10.2098 193
10.3099 192
10.41 193
10.5101 186
10.6101 189
10.7102 186
10.8103 186
10.9104 183
11.0105 168
11.1106 164
11.2107 154
11.3108 146
11.4108 140
11.5109 127
11.611 122
11.7111 111
11.8112 103
11.9113 99
12.0113 85
12.1114 81
12.2115 70
12.3116 51
12.4117 35
12.5117 14
12.6118 0
12.7119 0
12.812 0
12.9121 0
13.0122 0
13.1123 0
13.2124 0
13.3124 0
13.4125 0
13.5126 0
13.6127 0
13.7128 0
13.8129 0
13.913 0
14.0132 0
14.1133 0
14.2133 0
14.3134 0
14.4135 0
14.5136 0
14.6136 0
14.7138 0
14.8138 0
14.9139 0
15.014 0
15.1141 0
15.2142 0
15.3143 1
15.4144 0
15.5145 0
15.6146 0
15.7147 0
15.8147 0
15.9148 0
16.0149 0
16.115 0
16.2151 0
16.3151 0
16.4152 0
16.5153 0
16.6154 0
16.7155 0
16.8155 0
16.9156 0
17.0157 0
17.1158 0
17.2159 0
17.316 0
17.4161 0
17.5162 0
17.6162 0
17.7163 0
17.8164 0
17.9165 0
18.0166 0
18.1166 0
18.2168 0
18.3169 0
18.417 0
18.5171 0
18.6171 0
18.7172 0
18.8173 0
18.9174 0
19.0174 0
19.1175 0
19.2177 1
19.3178 0
19.4179 0
19.518 0
19.6181 1
19.7182 2
19.8182 0
19.9183 0
20.0184 1
20.1185 4
20.2186 8
20.3187 10
20.4187 12
20.5188 16
20.6189 19
20.7189 22
20.819 24
20.9191 26
21.0192 29
21.1192 32
21.2194 35
21.3194 37
21.4195 40
21.5196 43
21.6197 45
21.7198 49
21.8199 51
21.92 53
22.02 56
22.1201 59
22.2202 63
22.3203 66
22.4204 68
22.5205 71
22.6205 74
22.7206 78
22.8207 80
22.9208 82
23.0208 85
23.1209 87
23.221 92
23.3211 94
23.4212 96
23.5213 99
23.6213 102
23.7214 106
23.8215 108
23.9216 110
24.0217 114
24.1217 116
24.2218 119
24.3219 122
24.422 125
24.5221 128
24.6222 130
24.7224 133
24.8224 136
24.9225 138
25.0226 141
25.1227 143
25.2228 151
25.3228 160
25.4229 170
25.523 178
25.6231 187
25.7232 193
25.8233 200
25.9234 200
26.0235 200
26.1235 200
26.2236 200
26.3237 200
26.4238 200
26.5239 200
26.624 200
26.724 200
26.8241 200
26.9242 200
27.0243 200
27.1244 200
27.2244 200
27.3245 200
27.4246 200
27.5247 200
27.6247 200
27.7248 200
27.8249 200
27.925 200
28.0251 200
28.1251 200
28.2252 200
28.3253 200
28.4254 200
28.5255 200
28.6255 200
28.7256 200
28.8257 200
28.9258 200
29.0259 200
29.126 200
29.2261 200
29.3262 200
29.4262 200
29.5263 200
29.6264 200
29.7265 200
29.8266 200
29.9267 200
30.0267 200
30.1268 200
30.2269 200
30.327 200
30.4271 200
30.5272 200
30.6273 200
30.7274 200
30.8275 200
30.9276 200
31.0277 199
31.1278 200
31.2278 200
31.3279 200
31.428 200
31.5281 199
31.6282 200
31.7283 200
31.8284 198
31.9285 200
32.0286 198
32.1287 200
32.2288 197
32.3289 196
32.429 200
32.5291 196
32.6292 198
32.7293 198
32.8294 197
32.9295 199
33.0295 197
33.1296 196
33.2297 194
33.3298 193
33.4299 192
33.53 190
33.63 189
33.7301 187
33.8302 185
33.9303 185
34.0304 182
34.1305 181
34.2306 177
34.3306 173
34.4307 169
34.5308 166
34.6309 159
34.731 149
34.8311 141
34.9311 131
35.0313 123
35.1314 117
35.2315 107
35.3316 99
35.4317 88
35.5318 80
35.6319 74
35.7321 65
35.8321 43
35.9322 22
36.0324 0
36.1325 0
36.2343 0
36.3344 0
36.4345 0
36.5346 0
36.6346 0
36.7347 0
36.8348 0
36.9349 0
37.035 0
37.1351 0
37.2352 0
37.3353 0
37.4354 0
37.5355 0
37.6356 0
37.7357 0
37.8357 0
37.9358 0
38.0359 0
38.136 0
38.2361 0
38.3362 0
38.4363 0
38.5364 0
38.6365 0
38.7366 0
38.8367 0
38.9367 0
39.0368 0
39.1369 0
39.237 0
39.3371 0
39.4372 0
39.5372 0
39.6373 0
39.7374 0
39.8375 0
39.9376 0
40.0377 0
40.1378 0
40.2378 0
40.3379 0
40.438 0
40.5381 0
40.6382 0
40.7383 0
40.8383 0
40.9384 0
41.0385 0
41.1386 0
41.2387 0
41.3387 0
41.4388 0
41.5389 0
41.639 0
41.7391 0
41.8391 0
41.9392 0
42.0393 0
42.1394 0
42.2395 0
42.3395 0
42.4396 0
42.5397 0
42.6398 0
42.7398 0
42.8399 0
42.94 0
43.0401 0
43.1402 0
43.2403 1
43.3403 0
43.4404 0
43.5405 0
43.6406 1
43.7407 1
43.8407 1
43.9408 1
44.0409 2
44.141 5
44.2411 8
44.3411 11
44.4412 13
44.5413 16
44.6414 20
44.7415 23
44.8415 25
44.9416 28
45.0417 30
45.1418 34
45.2419 37
45.3419 39
45.442 41
45.5421 44
45.6422 48
45.7423 51
45.8423 53
45.9424 55
46.0425 58
46.1426 61
46.2427 65
46.3428 66
46.4428 69
46.5429 72
46.643 75
46.7431 78
46.8431 81
46.9432 83
47.0433 86
47.1434 89
47.2435 93
47.3436 95
47.4436 98
47.5437 101
47.6438 104
47.7439 107
47.844 109
47.944 111
48.0441 114
48.1442 117
48.2443 121
48.3444 122
48.4445 125
48.5445 128
48.6446 132
48.7447 135
48.8448 139
48.9449 146
49.045 155
49.145 162
49.2451 171
49.3452 179
49.4453 188
49.5454 197
49.6454 200
49.7455 200
49.8456 200
49.9457 200
50.0458 200
50.1458 200
50.2459 200
50.3461 200
50.4462 200
50.5462 200
50.6463 200
50.7464 200
50.8465 199
50.9466 200
51.0466 200
51.1467 200
51.2468 200
51.3469 200
51.447 200
51.547 200
51.6471 200
51.7472 200
51.8473 200
51.9474 200
52.0475 200
52.1475 200
52.2476 200
52.3477 200
52.4478 200
52.5479 200
52.648 200
52.7481 200
52.8481 200
52.9482 200
53.0483 200
53.1484 200
53.2485 200
53.3486 200
53.4487 200
53.5488 200
53.6489 200
53.749 200
53.8491 200
53.9492 200
54.0493 200
54.1494 200
54.2495 200
54.3496 200
54.4497 200
54.5497 200
54.6498 200
54.7499 200
54.85 200
54.9501 199
55.0502 200
55.1503 199
55.2504 200
55.3504 200
55.4505 199
55.5506 200
55.6507 198
55.7507 200
55.8508 200
55.9509 199
56.051 200
56.1511 197
56.2511 197
56.3512 199
56.4513 198
56.5514 198
56.6514 197
56.7515 199
56.8516 200
56.9517 199
57.0517 198
57.1518 195
57.2519 198
57.352 197
57.452 193
57.5521 192
57.6522 188
57.7523 188
57.8524 186
57.9524 185
58.0525 184
58.1526 178
58.2527 179
58.3528 173
58.4529 168
58.553 156
58.653 139
58.7531 127
58.8533 111
58.9534 98
59.0535 86
59.1536 71
59.2536 59
59.3537 45
59.4538 34
59.5539 22
59.654 8
59.754 0
