8.42e-07 0
0.100495 8
0.200582 21
0.300671 33
0.400762 43
0.500854 55
0.600941 66
0.701034 77
0.801115 88
0.901198 98
1.00128 108
1.10136 120
1.20145 133
1.30153 142
1.40161 153
1.50169 165
1.60176 177
1.70185 188
1.80193 200
1.90201 200
2.0021 200
2.10218 200
2.20226 200
2.30234 200
2.40242 200
2.50249 200
2.60257 200
2.70265 200
2.80273 200
2.90281 200
3.00288 200
3.10296 200
3.20304 200
3.30312 200
3.40321 200
3.50332 200
3.60341 200
3.70349 200
3.80358 200
3.90365 200
4.00373 200
4.10382 200
4.20392 200
4.304 200
4.40409 200
4.50416 200
4.60423 200
4.70433 200
4.80443 200
4.90453 200
5.00462 200
5.10472 200
5.20483 200
5.3049 200
5.40499 200
5.5051 200
5.60523 200
5.70535 200
5.80547 200
5.9056 200
6.00571 200
6.10581 200
6.20591 200
6.306 200
6.40608 200
6.5062 200
6.60635 200
6.70649 200
6.80662 200
6.90673 200
7.00685 198
7.10697 200
7.20709 200
7.30718 200
7.40726 200
7.50734 200
7.60743 200
7.70751 200
7.80759 200
7.90768 200
8.00776 199
8.10785 200
8.20793 200
8.30802 199
8.40812 200
8.50823 199
8.60833 200
8.70841 200
8.80848 199
8.90857 200
9.00864 198
9.10873 200
9.20881 200
9.30888 198
9.40897 199
9.50904 198
9.60912 198
9.7092 197
9.80928 199
9.90935 199
10.0094 196
10.1095 196
10.2096 193
10.3097 194
10.4097 193
10.5098 189
10.6099 189
10.71 186
10.8101 187
10.9102 182
11.0102 170
11.1103 164
11.2104 154
11.3105 146
11.4106 140
11.5106 128
11.6107 122
11.7108 112
11.8109 104
11.911 98
12.0111 86
12.1112 81
12.2113 72
12.3114 53
12.4114 35
12.5115 16
12.6116 0
12.7117 0
12.8118 0
12.9119 0
13.0119 0
13.112 0
13.2121 0
13.3122 0
13.4123 0
13.5124 0
13.6125 0
13.7125 0
13.8126 0
13.9127 0
14.0128 0
14.1129 0
14.213 0
14.313 0
14.4131 0
14.5132 0
14.6133 0
14.7134 0
14.8134 0
14.9135 0
15.0136 0
15.1137 0
15.2138 0
15.3139 0
15.414 0
15.5141 0
15.6142 0
15.7142 0
15.8143 0
15.9144 0
16.0145 0
16.1146 0
16.2147 0
16.3147 0
16.4148 0
16.5149 0
16.615 0
16.7151 0
16.8152 0
16.9153 0
17.0154 0
17.1155 0
17.2156 0
17.3156 0
17.4157 0
17.5158 0
17.6159 0
17.7161 0
17.8162 0
17.9163 0
18.0163 0
18.1164 0
18.2165 0
18.3166 0
18.4167 0
18.5167 0
18.6168 0
18.7169 1
18.817 0
18.9171 0
19.0172 0
19.1172 0
19.2174 2
19.3174 0
19.4175 2
19.5176 0
19.6177 0
19.7178 1
19.8179 0
19.918 2
20.018 1
20.1181 4
20.2182 8
20.3183 10
20.4184 14
20.5184 16
20.6185 18
20.7186 22
20.8187 23
20.9187 27
21.0188 29
21.1189 31
21.219 35
21.3191 37
21.4191 40
21.5192 43
21.6193 45
21.7194 49
21.8195 50
21.9196 52
22.0197 57
22.1197 59
22.2198 64
22.3199 65
22.42 68
22.5201 71
22.6202 74
22.7202 78
22.8203 79
22.9204 82
23.0205 86
23.1206 88
23.2207 92
23.3207 93
23.4208 95
23.5209 100
23.621 102
23.7211 107
23.8211 108
23.9212 110
24.0213 115
24.1214 117
24.2214 120
24.3215 122
24.4216 125
24.5217 129
24.6218 130
24.7218 133
24.8219 135
24.922 138
25.0221 142
25.1222 144
25.2223 152
25.3224 160
25.4224 169
25.5225 177
25.6226 186
25.7227 194
25.8228 200
25.9229 200
26.0229 200
26.123 200
26.2231 200
26.3232 200
26.4233 200
26.5233 200
26.6234 200
26.7235 200
26.8236 200
26.9237 200
27.0238 200
27.1239 200
27.224 200
27.3241 200
27.4241 200
27.5242 200
27.6243 200
27.7244 200
27.8245 200
27.9246 200
28.0246 200
28.1247 200
28.2248 200
28.3249 200
28.425 200
28.5251 200
28.6253 200
28.7254 200
28.8255 200
28.9255 200
29.0257 200
29.1258 200
29.2259 200
29.326 200
29.4261 200
29.5262 200
29.6263 200
29.7264 200
29.8265 200
29.9266 200
30.0267 200
30.1267 200
30.2268 200
30.3269 199
30.427 200
30.5271 200
30.6272 200
30.7273 200
30.8274 200
30.9275 200
31.0276 198
31.1277 199
31.2278 200
31.3278 199
31.4279 200
31.528 198
31.6281 200
31.7282 200
31.8283 199
31.9284 200
32.0285 199
32.1286 199
32.2287 197
32.3288 197
32.4289 199
32.529 197
32.6291 198
32.7292 198
32.8293 197
32.9293 200
33.0294 197
33.1295 196
33.2296 195
33.3297 193
33.4298 192
33.5299 190
33.6301 189
33.7302 186
33.8303 186
33.9304 186
34.0305 181
34.1306 181
34.2307 175
34.3308 173
34.4309 171
34.531 166
34.6311 158
34.7312 148
34.8312 141
34.9313 133
35.0314 123
35.1315 116
35.2316 105
35.3318 99
35.4318 90
35.532 80
35.632 75
35.7321 63
35.8322 43
35.9323 22
36.0324 0
36.1325 0
36.2325 0
36.3326 0
36.4327 0
36.5328 0
36.6329 0
36.733 0
36.8331 0
36.9332 0
37.0332 0
37.1333 0
37.2334 0
37.3335 0
37.4336 0
37.5338 0
37.6339 0
37.734 0
37.8341 0
37.9341 0
38.0342 0
38.1343 0
38.2344 0
38.3345 0
38.4346 0
38.5347 0
38.6348 0
38.7349 0
38.835 0
38.9351 0
39.0352 0
39.1353 0
39.2354 0
39.3355 0
39.4355 0
39.5356 0
39.6357 0
39.7358 0
39.8359 0
39.936 0
40.036 0
40.1361 0
40.2362 0
40.3363 0
40.4364 0
40.5365 0
40.6366 0
40.7366 0
40.8367 0
40.9368 0
41.0369 0
41.137 0
41.2371 0
41.3371 0
41.4372 0
41.5373 0
41.6374 0
41.7375 0
41.8375 0
41.9376 0
42.0377 0
42.1378 0
42.2379 1
42.338 0
42.438 0
42.5381 0
42.6382 0
42.7383 1
42.8384 0
42.9385 0
43.0385 0
43.1386 0
43.2388 2
43.3388 0
43.4389 1
43.539 0
43.6391 0
43.7392 2
43.8393 1
43.9394 2
44.0395 3
44.1396 4
44.2396 10
44.3397 11
44.4398 15
44.5399 18
44.64 19
44.7401 24
44.8402 26
44.9403 29
45.0404 32
45.1405 33
45.2406 38
45.3407 39
45.4408 42
45.5409 46
45.641 47
45.741 51
45.8411 54
45.9412 57
46.0413 59
46.1414 61
46.2415 65
46.3415 67
46.4416 70
46.5417 73
46.6418 74
46.7419 79
46.842 81
46.9421 83
47.0422 87
47.1422 89
47.2423 93
47.3424 95
47.4425 98
47.5426 102
47.6426 104
47.7427 106
47.8428 110
47.9429 112
48.043 115
48.1431 117
48.2432 120
48.3433 123
48.4434 125
48.5435 129
48.6436 131
48.7437 134
48.8438 138
48.9439 146
49.044 153
49.1441 162
49.2442 169
49.3443 178
49.4444 187
49.5445 195
49.6446 200
49.7447 200
49.8448 200
49.9449 200
50.045 200
50.1451 200
50.2452 200
50.3453 200
50.4454 200
50.5455 200
50.6456 200
50.7457 200
50.8458 200
50.9459 200
51.046 200
51.1461 200
51.2462 200
51.3462 200
51.4463 200
51.5464 200
51.6465 200
51.7466 200
51.8467 200
51.9468 200
52.0469 200
52.147 200
52.2471 200
52.3472 200
52.4473 200
52.5473 200
52.6474 200
52.7476 200
52.8476 200
52.9477 200
53.0478 200
53.1479 200
53.248 200
53.3481 200
53.4482 199
53.5483 200
53.6484 199
53.7485 200
53.8486 200
53.9487 200
54.0488 200
54.1489 200
54.249 200
54.3491 200
54.4492 200
54.5493 200
54.6494 200
54.7494 200
54.8495 200
54.9496 199
55.0497 200
55.1498 200
55.2499 200
55.35 200
55.45 199
55.5501 200
55.6502 199
55.7503 200
55.8504 200
55.9505 199
56.0505 200
56.1506 198
56.2507 198
56.3508 199
56.4509 196
56.5509 199
56.651 198
56.7511 197
56.8512 198
56.9513 197
57.0514 200
57.1515 196
57.2515 197
57.3516 196
57.4517 192
57.5518 194
57.6519 188
57.752 189
57.852 188
57.9521 184
58.0522 184
58.1523 177
58.2524 179
58.3524 177
58.4525 169
58.5526 158
58.6527 139
58.7528 129
58.8529 116
58.953 99
59.0531 88
59.1532 71
59.2533 62
59.3534 49
59.4535 35
59.5536 25
59.6537 8
59.7537 0
