1.653e-06 0
0.100707 8
0.200789 21
0.300857 32
0.400927 43
0.500999 55
0.601068 66
0.701135 77
0.801217 87
0.901299 98
1.00138 108
1.10146 119
1.20154 132
1.30162 142
1.40171 153
1.50181 165
1.60189 177
1.70197 187
1.80205 200
1.90213 200
2.00221 200
2.10229 200
2.20237 200
2.30246 200
2.40254 200
2.50261 200
2.6027 200
2.70278 200
2.80286 200
2.90294 200
3.00301 200
3.10308 200
3.20316 200
3.30324 200
3.40335 200
3.50345 200
3.60355 200
3.70365 200
3.80373 200
3.90381 200
4.00389 200
4.10398 200
4.20409 200
4.30417 200
4.40425 200
4.50433 200
4.60441 200
4.70449 200
4.80459 200
4.90466 200
5.00474 200
5.10483 200
5.20493 200
5.30502 200
5.4051 200
5.50517 200
5.60524 200
5.70532 200
5.8054 200
5.90548 200
6.00555 199
6.10563 200
6.20571 200
6.30579 199
6.40588 200
6.50597 199
6.60605 200
6.70614 200
6.80625 199
6.90632 200
7.0064 198
7.10649 200
7.20658 200
7.30668 198
7.4068 200
7.50688 198
7.60695 200
7.70704 200
7.80712 199
7.9072 200
8.00728 197
8.10737 199
8.20745 200
8.30754 198
8.40762 200
8.50771 197
8.6078 200
8.70789 198
8.80797 198
8.90806 200
9.00814 196
9.10825 200
9.20834 199
9.30842 197
9.40849 200
9.50856 196
9.60863 198
9.70871 197
9.80879 196
9.90887 200
10.009 194
10.1091 196
10.2092 193
10.3093 192
10.4094 193
10.5095 187
10.6096 190
10.7097 185
10.8097 186
10.9098 182
11.0099 168
11.11 164
11.21 154
11.3101 146
11.4102 141
11.5103 126
11.6104 122
11.7104 110
11.8105 104
11.9106 97
12.0107 84
12.1108 81
12.2109 70
12.311 51
12.4111 33
12.5111 12
12.6112 0
12.7113 0
12.8114 0
12.9115 0
13.0116 0
13.1116 0
13.2117 0
13.3118 0
13.4119 0
13.512 0
13.612 0
13.7121 0
13.8122 0
13.9123 0
14.0124 0
14.1125 0
14.2126 0
14.3127 0
14.4128 0
14.5129 0
14.613 0
14.7131 0
14.8132 0
14.9133 0
15.0134 0
15.1134 0
15.2135 0
15.3136 0
15.4137 0
15.5138 0
15.6138 0
15.7139 0
15.814 0
15.9141 0
16.0142 0
16.1142 0
16.2143 0
16.3144 0
16.4145 0
16.5146 0
16.6146 0
16.7147 0
16.8148 0
16.9149 0
17.015 0
17.1151 0
17.2151 0
17.3152 0
17.4153 0
17.5154 0
17.6154 0
17.7155 0
17.8156 0
17.9157 0
18.0158 0
18.1159 0
18.216 0
18.3161 0
18.4162 0
18.5163 0
18.6164 0
18.7165 0
18.8165 0
18.9166 0
19.0167 0
19.1168 0
19.2169 1
19.317 0
19.4171 0
19.5172 0
19.6173 1
19.7174 1
19.8176 0
19.9177 1
20.0177 1
20.1178 4
20.2179 8
20.318 10
20.4181 13
20.5182 16
20.6183 17
20.7183 21
20.8184 24
20.9185 27
21.0186 29
21.1187 31
21.2188 35
21.3189 37
21.419 40
21.5191 43
21.6191 45
21.7192 48
21.8193 51
21.9194 54
22.0195 56
22.1196 59
22.2197 63
22.3198 66
22.4198 69
22.5199 71
22.62 73
22.7201 78
22.8202 80
22.9203 83
23.0204 85
23.1205 87
23.2206 92
23.3207 93
23.4207 96
23.5209 99
23.621 102
23.7211 105
23.8212 107
23.9212 111
24.0213 113
24.1214 116
24.2215 119
24.3215 122
24.4216 126
24.5217 127
24.6218 130
24.7219 133
24.8219 135
24.922 139
25.0221 140
25.1221 143
25.2222 151
25.3223 159
25.4224 168
25.5225 178
25.6225 185
25.7226 193
25.8227 200
25.9228 200
26.0229 200
26.123 200
26.2231 200
26.3231 200
26.4232 200
26.5233 200
26.6234 200
26.7234 200
26.8235 200
26.9236 200
27.0237 200
27.1238 200
27.2239 200
27.324 200
27.424 200
27.5241 200
27.6242 200
27.7243 200
27.8244 200
27.9245 200
28.0245 200
28.1246 200
28.2247 200
28.3248 200
28.4249 200
28.525 200
28.6251 200
28.7252 200
28.8253 200
28.9254 200
29.0255 200
29.1255 200
29.2256 200
29.3257 200
29.4258 200
29.5259 200
29.6259 200
29.726 200
29.8261 200
29.9262 200
30.0263 200
30.1263 200
30.2264 200
30.3265 200
30.4266 200
30.5267 200
30.6267 200
30.7268 199
30.8269 200
30.927 200
31.0271 198
31.1272 200
31.2272 198
31.3273 200
31.4274 200
31.5275 198
31.6276 200
31.7277 199
31.8277 200
31.9278 200
32.0279 199
32.128 199
32.2281 196
32.3281 198
32.4282 198
32.5283 197
32.6284 198
32.7285 196
32.8286 197
32.9287 197
33.0287 197
33.1288 196
33.2289 192
33.329 193
33.4291 190
33.5291 190
33.6292 189
33.7293 186
33.8294 186
33.9295 184
34.0296 181
34.1297 181
34.2298 175
34.3299 173
34.43 169
34.5301 166
34.6302 159
34.7303 148
34.8303 141
34.9304 130
35.0305 124
35.1306 118
35.2307 110
35.3308 104
35.4309 94
35.531 89
35.6311 83
35.7311 75
35.8312 67
35.9313 48
36.0314 28
36.1315 11
36.2316 0
36.3317 0
36.4318 0
36.5318 0
36.6319 0
36.732 0
36.8321 0
36.9322 0
37.0323 0
37.1323 0
37.2325 0
37.3325 0
37.4326 0
37.5327 0
37.6328 0
37.7329 0
37.833 0
37.9331 0
38.0331 0
38.1332 0
38.2333 0
38.3334 0
38.4334 0
38.5335 0
38.6336 0
38.7337 0
38.8337 0
38.9338 0
39.0339 0
39.134 0
39.2341 0
39.3341 0
39.4342 0
39.5343 0
39.6344 0
39.7344 0
39.8345 0
39.9346 0
40.0347 0
40.1348 0
40.2349 0
40.3349 0
40.435 0
40.5351 0
40.6352 0
40.7353 0
40.8353 0
40.9354 0
41.0355 0
41.1356 0
41.2356 0
41.3357 0
41.4358 0
41.5359 0
41.636 0
41.7361 0
41.8362 0
41.9363 0
42.0364 0
42.1365 0
42.2366 2
42.3367 0
42.4368 0
42.5368 1
42.6369 0
42.737 2
42.8371 1
42.9372 2
43.0373 3
43.1374 5
43.2375 9
43.3376 10
43.4377 14
43.5377 17
43.6378 19
43.7379 23
43.838 24
43.9381 27
44.0382 30
44.1383 32
44.2384 37
44.3385 38
44.4386 41
44.5386 44
44.6387 47
44.7388 51
44.8389 52
44.939 56
45.039 59
45.1391 61
45.2392 66
45.3393 67
45.4394 70
45.5395 73
45.6396 76
45.7397 80
45.8398 82
45.9399 85
46.04 88
46.1401 90
46.2401 94
46.3402 96
46.4403 99
46.5404 102
46.6405 104
46.7405 108
46.8406 110
46.9407 114
47.0408 115
47.1409 117
47.241 122
47.3411 124
47.4412 126
47.5413 129
47.6414 131
47.7415 136
47.8415 138
47.9416 141
48.0417 143
48.1418 145
48.2419 150
48.342 152
48.4421 155
48.5422 158
48.6423 160
48.7423 164
48.8424 169
48.9425 175
49.0426 182
49.1427 186
49.2427 193
49.3428 197
49.4429 200
49.543 200
49.6431 200
49.7432 200
49.8433 200
49.9433 200
50.0434 200
50.1435 200
50.2436 200
50.3437 200
50.4438 200
50.5439 200
50.6439 200
50.744 200
50.8441 200
50.9442 200
51.0443 200
51.1444 200
51.2444 200
51.3445 200
51.4446 200
51.5447 200
51.6448 200
51.7449 200
51.845 200
51.9451 200
52.0451 200
52.1452 200
52.2453 200
52.3454 200
52.4455 200
52.5456 200
52.6457 200
52.7458 200
52.8458 200
52.9459 200
53.0461 200
53.1462 200
53.2463 200
53.3463 200
53.4464 200
53.5465 200
53.6466 200
53.7467 200
53.8467 200
53.9468 200
54.0469 200
54.147 200
54.2471 199
54.3472 200
54.4472 199
54.5473 200
54.6474 200
54.7475 200
54.8476 200
54.9477 200
55.0478 200
55.1479 198
55.248 198
55.348 200
55.4481 198
55.5482 198
55.6483 197
55.7484 198
55.8485 200
55.9485 198
56.0486 197
56.1487 196
56.2488 196
56.3489 196
56.449 193
56.5491 192
56.6491 192
56.7492 190
56.8493 189
56.9494 185
57.0495 184
57.1495 181
57.2496 179
57.3497 176
57.4498 172
57.5499 171
57.65 168
57.75 154
57.8502 142
57.9503 126
58.0504 114
58.1506 101
58.2507 87
58.3508 76
58.4508 62
58.5509 51
58.651 36
58.7511 24
58.8512 13
58.9513 0
