1.633e-06 0
0.100529 8
0.200619 21
0.300685 33
0.400765 43
0.500855 55
0.600931 66
0.70101 77
0.80109 88
0.901162 98
1.00125 108
1.10133 120
1.20142 132
1.30152 142
1.40161 153
1.50169 164
1.60177 176
1.70184 187
1.80192 199
1.90203 200
2.00217 200
2.10231 200
2.20243 200
2.30251 200
2.4026 200
2.50268 200
2.60276 200
2.70284 200
2.80293 200
2.90304 200
3.00313 200
3.10321 200
3.20332 200
3.30343 200
3.40354 200
3.50366 200
3.60377 200
3.70385 200
3.80393 200
3.90401 200
4.00412 200
4.10423 200
4.20431 200
4.30439 200
4.40447 200
4.50458 200
4.60473 200
4.70493 200
4.80502 200
4.9051 200
5.00519 200
5.10527 200
5.20537 200
5.30548 200
5.40557 200
5.50567 200
5.60576 200
5.70584 200
5.80594 200
5.90602 200
6.00612 199
6.10621 200
6.2063 200
6.30638 200
6.40646 200
6.50654 199
6.60662 200
6.70671 200
6.80682 199
6.90692 200
7.00703 198
7.10715 199
7.20724 200
7.30732 198
7.40742 200
7.50752 200
7.60763 198
7.70772 200
7.80783 198
7.90794 200
8.00804 200
8.10814 198
8.20823 200
8.30832 200
8.40844 199
8.50852 200
8.60861 198
8.70869 200
8.80881 200
8.90892 200
9.00902 199
9.10908 198
9.20919 200
9.3093 197
9.40939 197
9.50946 199
9.60955 196
9.70964 200
9.80974 195
9.90982 197
10.0099 199
10.11 195
10.2101 197
10.3101 192
10.4102 191
10.5104 190
10.6105 186
10.7106 190
10.8106 185
10.9108 181
11.0108 172
11.1109 164
11.211 159
11.3111 144
11.4111 140
11.5112 130
11.6113 122
11.7114 116
11.8115 102
11.9115 98
12.0116 88
12.1117 80
12.2118 75
12.3119 56
12.412 36
12.5121 17
12.6122 1
12.7123 0
12.8123 0
12.9124 0
13.0125 0
13.1126 0
13.2127 0
13.3128 0
13.4129 0
13.513 0
13.6131 0
13.7132 0
13.8132 0
13.9133 0
14.0134 0
14.1135 0
14.2136 0
14.3137 0
14.4138 0
14.5139 0
14.614 0
14.7141 0
14.8142 0
14.9142 0
15.0143 0
15.1144 0
15.2145 0
15.3145 0
15.4146 0
15.5147 0
15.6148 0
15.7148 0
15.8149 0
15.915 0
16.0151 0
16.1151 0
16.2152 0
16.3153 0
16.4154 0
16.5155 0
16.6155 0
16.7156 0
16.8157 0
16.9158 0
17.0159 0
17.1159 0
17.216 0
17.3161 0
17.4162 0
17.5163 0
17.6164 0
17.7165 0
17.8166 0
17.9167 0
18.0168 0
18.1168 0
18.2169 1
18.317 0
18.4171 0
18.5172 0
18.6173 0
18.7174 0
18.8174 0
18.9175 0
19.0176 0
19.1176 0
19.2177 2
19.3178 1
19.4179 1
19.5179 2
19.6181 0
19.7181 2
19.8182 0
19.9183 1
20.0184 2
20.1185 3
20.2185 7
20.3186 10
20.4187 13
20.5188 16
20.6189 17
20.719 22
20.8191 23
20.9192 26
21.0192 30
21.1193 31
21.2194 36
21.3195 37
21.4196 39
21.5197 44
21.6198 44
21.7198 50
21.8199 51
21.9201 53
22.0201 57
22.1202 59
22.2203 64
22.3204 65
22.4204 68
22.5205 72
22.6206 73
22.7207 78
22.8207 80
22.9208 82
23.0209 86
23.121 87
23.221 93
23.3211 94
23.4212 95
23.5213 100
23.6213 102
23.7214 107
23.8215 108
23.9216 111
24.0216 115
24.1217 116
24.2218 120
24.3219 123
24.422 125
24.522 129
24.6221 130
24.7222 134
24.8223 136
24.9223 138
25.0224 142
25.1225 143
25.2226 151
25.3226 161
25.4227 170
25.5228 178
25.6229 186
25.7229 194
25.8231 200
25.9232 200
26.0233 200
26.1234 200
26.2235 200
26.3236 200
26.4237 200
26.5238 200
26.6239 200
26.724 200
26.8241 200
26.9242 200
27.0243 200
27.1244 200
27.2245 200
27.3246 200
27.4247 200
27.5248 200
27.6249 200
27.725 200
27.8251 200
27.9252 200
28.0253 200
28.1254 200
28.2255 200
28.3255 200
28.4256 200
28.5257 200
28.6258 200
28.7259 200
28.826 200
28.9261 200
29.0262 200
29.1262 200
29.2263 200
29.3264 200
29.4265 200
29.5266 200
29.6267 200
29.7268 200
29.8269 200
29.927 200
30.027 200
30.1271 200
30.2272 200
30.3273 199
30.4274 200
30.5275 200
30.6276 200
30.7277 200
30.8277 200
30.9278 200
31.0279 198
31.128 200
31.2281 198
31.3282 200
31.4283 200
31.5284 198
31.6285 200
31.7285 198
31.8286 200
31.9287 199
32.0288 199
32.1289 200
32.229 196
32.3291 197
32.4292 196
32.5293 197
32.6294 200
32.7296 197
32.8297 199
32.9297 196
33.0298 197
33.1299 197
33.23 193
33.3301 194
33.4301 190
33.5302 190
33.6303 190
33.7304 185
33.8305 187
33.9306 183
34.0307 182
34.1308 180
34.2309 174
34.331 175
34.4311 168
34.5312 165
34.6312 156
34.7313 147
34.8314 140
34.9315 130
35.0316 124
35.1316 115
35.2317 108
35.3318 103
35.432 95
35.5321 89
35.6322 80
35.7323 73
35.8324 67
35.9324 46
36.0325 26
36.1326 11
36.2327 0
36.3328 0
36.4329 0
36.533 0
36.633 0
36.7331 0
36.8333 0
36.9333 0
37.0334 0
37.1335 0
37.2336 0
37.3337 0
37.4337 0
37.5338 0
37.6339 0
37.734 0
37.8341 0
37.9341 0
38.0342 0
38.1343 0
38.2344 0
38.3345 0
38.4345 0
38.5346 0
38.6347 0
38.7348 0
38.8349 0
38.9349 0
39.0351 0
39.1352 0
39.2353 0
39.3354 0
39.4355 0
39.5356 0
39.6356 0
39.7357 0
39.8358 0
39.9359 0
40.036 0
40.1361 0
40.2362 0
40.3362 0
40.4363 0
40.5364 0
40.6365 0
40.7366 0
40.8366 0
40.9367 0
41.0368 0
41.1369 0
41.237 0
41.3372 0
41.4373 1
41.5374 0
41.6375 0
41.7376 0
41.8377 0
41.9378 0
42.0379 0
42.138 0
42.2381 2
42.3381 0
42.4382 1
42.5384 1
42.6385 1
42.7386 0
42.8388 1
42.939 2
43.0391 3
43.1392 4
43.2393 7
43.3394 10
43.4394 14
43.5395 17
43.6396 18
43.7397 21
43.8397 24
43.9398 27
44.0399 30
44.14 31
44.2401 34
44.3402 37
44.4403 41
44.5404 44
44.6405 46
44.7405 49
44.8407 52
44.9407 56
45.0408 59
45.1409 60
45.241 64
45.3411 67
45.4412 70
45.5413 73
45.6414 75
45.7415 78
45.8416 82
45.9417 85
46.0418 88
46.1419 89
46.242 92
46.3421 95
46.4421 98
46.5422 102
46.6423 103
46.7424 106
46.8425 110
46.9426 113
47.0427 115
47.1428 116
47.2428 120
47.3429 123
47.443 126
47.5432 129
47.6433 130
47.7433 134
47.8435 137
47.9436 140
48.0437 143
48.1438 145
48.2439 148
48.344 151
48.4441 154
48.5442 156
48.6443 160
48.7444 163
48.8445 167
48.9446 173
49.0447 179
49.1449 185
49.245 189
49.3451 195
49.4451 200
49.5452 200
49.6453 200
49.7454 200
49.8455 200
49.9456 200
50.0457 200
50.1458 200
50.2459 200
50.346 200
50.4461 200
50.5462 200
50.6463 200
50.7464 200
50.8464 200
50.9465 200
51.0467 199
51.1468 199
51.2469 200
51.347 200
51.4471 200
51.5472 200
51.6472 200
51.7473 200
51.8474 200
51.9475 200
52.0476 200
52.1477 200
52.2477 200
52.3478 200
52.4479 200
52.548 200
52.6481 200
52.7482 200
52.8483 200
52.9484 200
53.0484 200
53.1485 200
53.2486 200
53.3487 200
53.4488 200
53.5488 200
53.6489 200
53.749 200
53.8491 200
53.9492 200
54.0493 200
54.1493 200
54.2494 199
54.3495 200
54.4496 200
54.5497 200
54.6497 200
54.7498 200
54.8499 200
54.95 200
55.0501 199
55.1502 197
55.2502 200
55.3503 200
55.4504 198
55.5505 196
55.6506 196
55.7507 199
55.8508 199
55.9509 198
56.051 197
56.1511 197
56.2512 196
56.3512 196
56.4513 193
56.5514 193
56.6515 191
56.7516 190
56.8517 189
56.9518 185
57.0519 183
57.152 178
57.2521 179
57.3521 177
57.4522 172
57.5523 171
57.6524 166
57.7525 157
57.8526 144
57.9527 128
58.0528 115
58.1529 101
58.253 90
58.3531 78
58.4531 64
58.5532 52
58.6533 38
58.7534 27
58.8535 15
58.9536 1
