2.294e-06 0
0.100319 8
0.200417 21
0.300505 33
0.400583 43
0.500687 55
0.600795 66
0.700886 77
0.800978 88
0.901057 98
1.00114 108
1.10123 119
1.20132 130
1.3014 142
1.40148 153
1.50157 164
1.60165 174
1.70173 185
1.80182 198
1.9019 200
2.00201 200
2.10211 200
2.2022 200
2.30229 200
2.40237 200
2.50248 200
2.60259 200
2.70271 200
2.80279 200
2.90288 200
3.00297 200
3.10306 200
3.20318 200
3.30332 200
3.40342 200
3.50351 200
3.60359 200
3.70366 200
3.80375 200
3.90385 200
4.00394 200
4.10402 200
4.2041 200
4.30419 200
4.40423 200
4.50431 200
4.6044 200
4.7045 200
4.80458 200
4.90466 200
5.00474 200
5.10482 200
5.20489 200
5.30498 200
5.40506 200
5.50513 200
5.60522 200
5.70529 200
5.80536 200
5.90544 200
6.00552 199
6.1056 200
6.20568 200
6.30577 200
6.40585 200
6.50594 200
6.60601 200
6.7061 200
6.80623 199
6.90635 200
7.00646 200
7.10655 200
7.20664 200
7.30674 199
7.40684 200
7.50695 200
7.60743 199
7.70754 200
7.80765 199
7.90777 200
8.00786 199
8.10795 197
8.20804 199
8.30814 198
8.40827 200
8.50839 200
8.60849 200
8.70862 200
8.80873 200
8.90881 200
9.00889 199
9.10898 198
9.20906 200
9.30914 198
9.40922 200
9.5093 198
9.60938 198
9.70946 200
9.80954 198
9.90962 198
10.0097 198
10.1098 197
10.2099 197
10.31 192
10.41 194
10.5101 190
10.6102 190
10.7103 188
10.8104 186
10.9104 183
11.0105 173
11.1106 167
11.2107 159
11.3108 150
11.4108 142
11.5109 131
11.611 125
11.7186 115
11.8187 107
11.9188 98
12.0189 90
12.119 83
12.2191 73
12.3192 55
12.4192 33
12.5193 10
12.6194 0
12.7195 0
12.8196 0
12.9197 0
13.02 0
13.1201 0
13.2202 0
13.3203 0
13.4203 0
13.5204 0
13.6205 0
13.7206 0
13.8207 0
13.9208 0
14.0209 0
14.1209 0
14.221 0
14.3211 0
14.4212 0
14.5213 0
14.6213 0
14.7214 0
14.8215 0
14.9216 0
15.0217 0
15.1218 0
15.2219 0
15.322 0
15.422 0
15.5221 0
15.6222 0
15.7223 0
15.8223 0
15.9224 0
16.0225 0
16.1226 0
16.2227 0
16.3228 0
16.4229 0
16.523 0
16.6231 0
16.7232 0
16.8233 0
16.9234 0
17.0245 0
17.1249 0
17.2251 0
17.3253 0
17.4254 0
17.5255 0
17.6258 0
17.7259 0
17.826 0
17.9261 0
18.0262 0
18.1263 0
18.2264 0
18.3264 0
18.4265 0
18.5266 0
18.6267 0
18.7267 0
18.8268 0
18.9269 0
19.027 0
19.1271 0
19.2272 0
19.3273 0
19.4273 0
19.5274 0
19.6275 0
19.7276 0
19.8277 0
19.9278 0
20.0279 0
20.1279 0
20.228 1
20.3281 2
20.4282 1
20.5283 1
20.6283 0
20.7284 0
20.8285 1
20.9286 0
21.0287 2
21.1287 3
21.2288 7
21.3289 10
21.429 13
21.5291 17
21.6292 18
21.7293 21
21.8293 25
21.9294 27
22.0295 31
22.1296 32
22.2297 36
22.3298 38
22.4299 41
22.53 45
22.63 45
22.7301 49
22.8302 53
22.9303 55
23.0304 59
23.1305 61
23.2305 64
23.3306 68
23.4307 70
23.5308 74
23.6309 75
23.7309 78
23.831 81
23.9311 83
24.0312 87
24.1313 88
24.2314 91
24.3314 94
24.4315 96
24.5316 100
24.6317 102
24.7318 105
24.8319 108
24.932 110
25.032 115
25.1321 116
25.2322 119
25.3323 127
25.4324 135
25.5325 145
25.6326 154
25.7326 162
25.8327 169
25.9328 177
26.0329 185
26.133 190
26.2331 196
26.334 200
26.4346 200
26.5347 200
26.6349 200
26.735 200
26.8351 200
26.9354 200
27.0357 200
27.1358 200
27.2367 200
27.3368 200
27.4368 200
27.5369 200
27.637 200
27.7371 200
27.8372 200
27.9373 200
28.0374 200
28.1375 200
28.2376 200
28.3377 200
28.4377 200
28.5378 200
28.6379 200
28.738 200
28.8381 200
28.9382 200
29.0383 200
29.1383 200
29.2384 200
29.3385 200
29.4386 200
29.5387 200
29.6388 200
29.7389 199
29.8389 200
29.939 200
30.0391 200
30.1392 200
30.2393 198
30.3393 200
30.4394 199
30.5395 199
30.6396 200
30.7397 198
30.8398 200
30.9399 199
31.04 200
31.1401 200
31.2401 197
31.3402 200
31.4403 197
31.5404 200
31.6405 200
31.7406 197
31.8407 200
31.9408 198
32.0409 200
32.141 198
32.241 196
32.3411 200
32.4412 195
32.5413 198
32.6414 199
32.7415 197
32.8415 200
32.9416 196
33.0417 197
33.1418 197
33.2419 194
33.3419 195
33.442 188
33.5421 190
33.6422 189
33.7423 185
33.8423 187
33.9424 181
34.0425 182
34.1426 178
34.2427 174
34.3428 175
34.4428 166
34.5429 161
34.643 150
34.7431 143
34.8432 138
34.9433 124
35.0434 119
35.1434 108
35.2435 101
35.3436 96
35.4437 82
35.5438 77
35.6439 66
35.744 51
35.8441 26
35.9442 4
36.0442 0
36.1443 0
36.2444 0
36.3445 0
36.4446 0
36.5447 0
36.6449 0
36.745 0
36.8456 0
36.9458 0
37.0464 0
37.1465 0
37.2466 0
37.3471 0
37.4477 0
37.5478 0
37.6479 0
37.748 0
37.8481 0
37.9482 0
38.0482 0
38.1483 0
38.2484 0
38.3485 0
38.4486 0
38.5487 0
38.6488 0
38.7489 0
38.8489 0
38.949 0
39.0491 0
39.1492 0
39.2493 0
39.3494 0
39.4495 0
39.5495 0
39.6496 0
39.7497 0
39.8498 0
39.9499 0
40.05 0
40.15 0
40.2501 0
40.3502 0
40.4503 0
40.5504 0
40.6505 0
40.7506 0
40.8506 0
40.9507 0
41.0508 0
41.1509 0
41.251 0
41.3511 0
41.4512 0
41.5513 0
41.6513 0
41.7514 0
41.8515 0
41.9516 0
42.0517 0
42.1518 0
42.2519 0
42.352 0
42.452 0
42.5521 0
42.6522 0
42.7523 0
42.8524 0
42.9525 0
43.0525 0
43.1526 1
43.2527 1
43.3528 1
43.4529 0
43.553 0
43.653 1
43.7531 1
43.8532 1
43.9533 2
44.0534 3
44.1535 6
44.2536 9
44.3536 12
44.4537 15
44.5538 18
44.6539 20
44.754 24
44.8541 27
44.9542 29
45.0542 32
45.1544 34
45.2544 37
45.3545 41
45.4546 43
45.5547 46
45.6548 49
45.7549 52
45.8549 55
45.955 57
46.0551 60
46.1552 63
46.2553 65
46.3554 68
46.4555 70
46.5558 73
46.6558 76
46.756 78
46.8561 82
46.9573 85
47.0582 87
47.1583 90
47.2584 93
47.3585 95
47.4586 100
47.5587 102
47.6588 105
47.7589 107
47.8589 109
47.959 113
48.0591 116
48.1592 119
48.2593 121
48.3594 122
48.4595 127
48.5596 128
48.6597 133
48.7598 135
48.8598 141
48.9599 148
49.06 156
49.1601 166
49.2601 174
49.3602 181
49.4603 190
49.5604 199
49.6605 200
49.7606 200
49.8607 200
49.9607 200
50.0608 200
50.1609 200
50.261 200
50.3611 200
50.4612 200
50.5613 200
50.6613 200
50.7614 200
50.8615 200
50.9616 200
51.0617 200
51.1617 200
51.2618 200
51.3619 200
51.462 200
51.5621 200
51.6621 200
51.7622 200
51.8623 200
51.9624 200
52.0625 200
52.1626 200
52.2627 200
52.3627 200
52.4628 200
52.5629 200
52.663 200
52.7631 200
52.8632 200
52.9633 200
53.0633 200
53.1634 200
53.2635 200
53.3636 200
53.4637 200
53.5638 200
53.6639 200
53.7639 200
53.864 200
53.9641 200
54.0642 200
54.1643 199
54.2644 200
54.3645 198
54.4646 200
54.5647 199
54.6647 200
54.7648 200
54.865 200
54.965 200
55.0651 200
55.1652 200
55.2653 200
55.3654 199
55.4655 200
55.5656 200
55.6657 200
55.7658 200
55.8658 198
55.9659 200
56.066 199
56.1661 198
56.2662 199
56.3663 199
56.4664 199
56.5666 200
56.6666 197
56.7667 200
56.8668 198
56.9669 200
57.067 198
57.1675 196
57.2676 196
57.3677 193
57.4678 192
57.5679 189
57.668 188
57.7681 187
57.8683 186
57.9684 183
58.0684 181
58.1685 177
58.2686 177
58.3687 171
58.4688 171
58.5689 157
58.6689 142
58.769 130
58.8691 114
58.9692 102
59.0693 87
59.1694 72
59.2695 60
59.3696 44
59.4697 32
59.5698 17
59.6699 2
