3.206e-06 0
0.100429 8
0.200512 21
0.300586 33
0.400673 43
0.500762 55
0.600836 66
0.700925 77
0.800992 88
0.901076 98
1.00115 108
1.10124 120
1.20132 133
1.30141 142
1.40149 153
1.50159 165
1.60168 177
1.70178 188
1.80187 200
1.90197 200
2.00208 200
2.10218 200
2.20227 200
2.30235 200
2.40243 200
2.50251 200
2.60258 200
2.70267 200
2.80276 200
2.90285 200
3.00295 200
3.10306 200
3.20313 200
3.30599 200
3.4061 200
3.5062 200
3.60631 200
3.70641 200
3.8065 200
3.90658 200
4.00667 200
4.10675 200
4.20683 200
4.30692 200
4.407 200
4.50708 200
4.60716 200
4.70724 200
4.80745 200
4.90756 200
5.00942 200
5.10952 200
5.20962 200
5.30973 200
5.40982 200
5.51024 200
5.61072 200
5.71084 200
5.81092 200
5.911 200
6.01111 200
6.11119 200
6.21126 200
6.31134 199
6.41142 200
6.51151 200
6.61158 200
6.71166 200
6.81174 199
6.91182 200
7.0119 199
7.11198 200
7.21205 200
7.31214 198
7.41223 200
7.5124 199
7.61252 200
7.71264 200
7.81273 199
7.91283 200
8.01298 197
8.11309 200
8.21317 200
8.31327 197
8.41335 200
8.51346 197
8.61355 200
8.71363 200
8.81373 199
8.91381 200
9.0139 196
9.114 200
9.21408 200
9.31417 198
9.41426 200
9.51434 195
9.61444 199
9.71455 198
9.81467 196
9.91477 200
10.0149 195
10.115 197
10.2151 194
10.3152 193
10.4153 192
10.5154 188
10.6155 188
10.7156 184
10.8157 186
10.9158 180
11.0158 170
11.1159 166
11.216 154
11.3161 146
11.4162 139
11.5163 128
11.6164 124
11.7166 112
11.8167 104
11.9168 97
12.017 86
12.1171 82
12.2171 70
12.3173 46
12.4174 25
12.5175 0
12.6176 0
12.7177 0
12.8178 0
12.9179 0
13.018 0
13.1181 0
13.2182 0
13.3183 0
13.4184 0
13.5185 0
13.6187 0
13.7188 0
13.8189 0
13.9189 0
14.019 0
14.1191 0
14.2192 0
14.3193 0
14.4194 0
14.5195 0
14.6199 0
14.7203 0
14.8203 0
14.9224 0
15.0225 0
15.1234 0
15.2246 0
15.3249 0
15.425 0
15.5251 0
15.6252 0
15.7253 0
15.8254 0
15.9255 0
16.0257 0
16.1257 0
16.2259 0
16.3259 0
16.426 0
16.5261 0
16.6262 0
16.7263 0
16.8264 0
16.9265 0
17.0266 0
17.1267 0
17.2268 0
17.3269 0
17.427 0
17.5271 0
17.6272 0
17.7273 0
17.8274 0
17.9275 0
18.0276 0
18.1277 0
18.2278 0
18.3279 0
18.428 0
18.5281 0
18.6282 0
18.7283 0
18.8284 0
18.9285 0
19.0286 0
19.1286 0
19.2287 1
19.3288 0
19.4289 0
19.5289 0
19.629 0
19.7291 0
19.8292 0
19.9293 0
20.0294 0
20.1294 0
20.2295 1
20.3296 1
20.4297 2
20.5298 1
20.6299 0
20.73 2
20.8301 1
20.9301 1
21.0302 2
21.1303 3
21.2304 8
21.3305 10
21.4305 14
21.5306 17
21.6308 18
21.7309 23
21.831 25
21.9311 29
22.0312 31
22.1313 32
22.2314 37
22.3315 38
22.4316 43
22.5317 44
22.6318 45
22.7319 51
22.8319 53
22.932 57
23.0321 59
23.1322 60
23.2323 66
23.3324 67
23.4324 71
23.5325 73
23.6326 75
23.7327 80
23.8329 81
23.933 85
24.033 87
24.1331 88
24.2332 92
24.3333 94
24.4343 97
24.5344 101
24.6345 102
24.7346 106
24.8347 108
24.9349 109
25.035 114
25.1351 116
25.2352 120
25.3354 128
25.4355 137
25.5356 145
25.6357 154
25.7358 163
25.8359 169
25.936 178
26.0361 188
26.1362 192
26.2363 196
26.3364 200
26.4365 200
26.5366 200
26.6366 200
26.7367 200
26.8368 200
26.9369 200
27.037 200
27.1371 200
27.2371 200
27.3372 200
27.4373 200
27.5374 200
27.6375 200
27.7375 200
27.8376 200
27.9377 200
28.0378 200
28.1379 200
28.238 200
28.338 200
28.4381 200
28.5382 200
28.6383 200
28.7384 200
28.8385 200
28.9386 200
29.0386 200
29.1387 200
29.2388 200
29.3389 200
29.4389 200
29.539 200
29.6391 200
29.7391 200
29.8392 200
29.9393 200
30.0394 200
30.1395 200
30.2395 199
30.3396 200
30.4397 200
30.5398 200
30.6398 200
30.7399 199
30.84 200
30.94 199
31.0401 200
31.1402 200
31.2403 199
31.3404 200
31.4405 199
31.5406 200
31.6406 199
31.7407 200
31.8408 200
31.9409 199
32.041 200
32.1411 199
32.2412 198
32.3413 199
32.4413 197
32.5414 199
32.6415 198
32.7416 197
32.8416 198
32.9417 197
33.0418 198
33.1419 197
33.242 194
33.342 193
33.4421 190
33.5422 191
33.6423 188
33.7424 186
33.8425 187
33.9426 183
34.0426 183
34.1427 179
34.2429 175
34.343 174
34.4432 168
34.5432 162
34.6434 155
34.7435 144
34.8436 138
34.9436 129
35.0437 120
35.1441 114
35.2442 103
35.3443 97
35.4444 88
35.5445 78
35.6446 71
35.7447 57
35.8447 33
35.9448 11
36.0449 0
36.145 0
36.2451 0
36.3452 0
36.4452 0
36.5453 0
36.6454 0
36.7455 0
36.8456 0
36.9456 0
37.0457 0
37.1458 0
37.2459 0
37.346 0
37.446 0
37.5461 0
37.6462 0
37.7463 0
37.8464 0
37.9465 0
38.0466 0
38.1467 0
38.2468 0
38.3468 0
38.447 0
38.547 0
38.6471 0
38.7472 0
38.8473 0
38.9475 0
39.0476 0
39.1477 0
39.2478 0
39.3479 0
39.448 0
39.5481 0
39.6482 0
39.7483 0
39.8484 0
39.9484 0
40.0485 0
40.1486 0
40.2487 0
40.3488 0
40.4489 0
40.549 0
40.6491 0
40.7491 0
40.8492 0
40.9493 0
41.0494 0
41.1495 0
41.2495 0
41.3496 0
41.4497 0
41.5498 0
41.6499 0
41.7499 0
41.85 0
41.9502 0
42.0503 0
42.1504 0
42.2505 0
42.3506 1
42.4507 0
42.5508 0
42.6508 0
42.7509 0
42.851 1
42.9511 0
43.0511 0
43.1512 1
43.2513 0
43.3514 2
43.4515 0
43.5516 1
43.6516 1
43.7517 0
43.8518 3
43.9519 2
44.0523 3
44.1524 6
44.2525 8
44.3528 12
44.4529 15
44.553 17
44.6531 22
44.7532 23
44.8533 26
44.9534 29
45.0535 30
45.1537 34
45.2538 36
45.3539 39
45.454 43
45.5541 44
45.6542 48
45.7543 51
45.8544 52
45.9545 56
46.0545 58
46.1546 62
46.2547 64
46.3548 66
46.4548 70
46.5549 72
46.655 76
46.7551 78
46.8552 80
46.9552 85
47.0553 86
47.1554 90
47.2555 93
47.3556 94
47.4557 99
47.5557 100
47.6558 105
47.7559 107
47.856 107
47.956 113
48.0561 114
48.1562 117
48.2563 120
48.3563 121
48.4564 127
48.5565 128
48.6566 131
48.7566 135
48.8567 142
48.9568 150
49.0569 159
49.157 166
49.257 174
49.3571 181
49.4572 191
49.5573 200
49.6573 200
49.7574 200
49.8575 200
49.9575 200
50.0576 200
50.1577 200
50.2578 200
50.3578 200
50.4579 200
50.558 200
50.6581 200
50.7582 200
50.8583 200
50.9584 200
51.0585 200
51.1586 200
51.2586 200
51.3587 200
51.4588 200
51.5589 200
51.659 200
51.7591 200
51.8592 200
51.9593 200
52.0594 200
52.1595 200
52.2595 200
52.3596 200
52.4597 200
52.5598 200
52.6599 200
52.76 200
52.8601 200
52.9601 200
53.0602 200
53.1603 200
53.2604 200
53.3605 200
53.4605 200
53.5606 200
53.6607 200
53.7608 200
53.8609 200
53.961 200
54.0611 200
54.1612 200
54.2613 200
54.3614 200
54.4615 200
54.5616 200
54.6617 200
54.7618 200
54.8619 200
54.962 200
55.0623 200
55.1624 199
55.2625 200
55.3626 200
55.4627 198
55.5628 200
55.6628 200
55.7629 200
55.863 200
55.9631 199
56.0632 200
56.1632 198
56.2633 197
56.3635 199
56.4636 197
56.5637 199
56.6638 197
56.7639 198
56.864 200
56.964 197
57.0641 198
57.1642 195
57.2643 197
57.3644 196
57.4645 191
57.5646 192
57.6647 188
57.7647 186
57.8648 184
57.9649 184
58.065 184
58.1651 177
58.2652 177
58.3653 173
58.4653 167
58.5654 156
58.6655 138
58.7656 126
58.8657 110
58.9658 97
59.0658 86
59.1659 68
59.266 56
59.3661 39
59.4662 27
59.5663 16
59.6664 0
