2.244e-06 0
0.100418 8
0.200512 21
0.300581 33
0.40065 43
0.500741 55
0.600828 66
0.700899 77
0.800966 88
0.901058 98
1.00113 108
1.1012 120
1.20127 133
1.30136 142
1.40146 153
1.50155 165
1.6021 176
1.70222 187
1.80233 199
1.90243 200
2.00254 200
2.10265 200
2.20275 200
2.30285 200
2.40354 200
2.50562 200
2.60573 200
2.70586 200
2.80598 200
2.90609 200
3.00617 200
3.10626 200
3.20634 200
3.30644 200
3.40655 200
3.50667 200
3.60677 200
3.70685 200
3.80693 200
3.90702 200
4.0071 200
4.10719 200
4.20728 200
4.30738 200
4.40748 200
4.50757 200
4.60765 200
4.70774 200
4.80783 200
4.90791 200
5.008 200
5.1081 200
5.20819 200
5.30829 200
5.40838 200
5.50849 200
5.60858 200
5.70866 200
5.80876 200
5.90886 200
6.00895 199
6.10903 200
6.20911 200
6.3092 200
6.40928 200
6.50937 199
6.60945 200
6.70954 200
6.80963 200
6.90972 200
7.00981 199
7.1099 200
7.20998 200
7.31007 200
7.41015 200
7.51023 199
7.61033 200
7.71042 200
7.81051 200
7.9106 200
8.01069 199
8.11079 200
8.2109 200
8.31099 200
8.41106 200
8.51115 198
8.61124 200
8.71133 199
8.81142 200
8.91151 200
9.01159 196
9.11169 200
9.21177 200
9.31186 198
9.41195 199
9.51203 197
9.61213 199
9.71221 199
9.8123 197
9.91239 200
10.0125 198
10.1126 197
10.2127 196
10.3127 194
10.4128 191
10.5129 190
10.613 190
10.7131 189
10.8132 187
10.9133 182
11.0134 171
11.1135 165
11.2135 158
11.3136 148
11.4137 141
11.5138 130
11.6139 125
11.7143 118
11.8144 106
11.9145 101
12.0148 91
12.1149 82
12.2174 80
12.3175 63
12.4176 43
12.5177 22
12.6178 1
12.7179 0
12.818 0
12.9181 0
13.0182 0
13.1183 0
13.2184 0
13.3185 0
13.4186 0
13.5187 0
13.6187 0
13.7188 0
13.8189 0
13.919 0
14.0191 0
14.1191 0
14.2192 0
14.3193 0
14.4194 0
14.5194 0
14.6195 0
14.7196 0
14.8197 0
14.9197 0
15.0198 0
15.1199 0
15.22 0
15.32 0
15.4201 0
15.5202 0
15.6203 0
15.7204 0
15.8205 0
15.9205 0
16.0206 0
16.1207 0
16.2208 0
16.3209 0
16.421 0
16.5211 0
16.6211 0
16.7212 0
16.8213 0
16.9214 0
17.0215 0
17.1215 0
17.2216 0
17.3217 0
17.4218 0
17.5219 0
17.6219 0
17.722 0
17.8221 0
17.9222 0
18.0222 0
18.1223 0
18.2224 0
18.3225 0
18.4226 0
18.5226 0
18.6227 0
18.7228 0
18.8229 0
18.9229 0
19.023 0
19.1231 0
19.2232 0
19.3233 0
19.4233 0
19.5234 0
19.6235 0
19.7236 0
19.8236 0
19.9237 0
20.0238 0
20.1239 1
20.2239 1
20.324 1
20.4241 0
20.5242 1
20.6242 0
20.7243 1
20.8244 1
20.9245 0
21.0245 3
21.1246 5
21.2247 8
21.3248 11
21.4251 13
21.5252 16
21.6253 20
21.7254 21
21.8255 24
21.9258 28
22.0258 29
22.1259 31
22.226 35
22.3261 37
22.4262 41
22.5262 43
22.6263 45
22.7264 49
22.8265 50
22.9266 56
23.0267 57
23.1267 60
23.2268 64
23.3269 65
23.427 70
23.5271 71
23.6272 74
23.7273 77
23.8273 78
23.9274 83
24.0275 84
24.1276 87
24.2277 90
24.3278 92
24.4278 97
24.5279 98
24.628 100
24.7281 104
24.8282 105
24.9283 110
25.0284 112
25.1285 114
25.2286 119
25.3287 127
25.4287 137
25.5288 145
25.6289 153
25.729 162
25.8291 171
25.9292 178
26.0292 186
26.1293 191
26.2294 198
26.3295 200
26.4296 200
26.5297 200
26.6298 200
26.7299 200
26.83 200
26.93 200
27.0301 200
27.1302 200
27.2303 200
27.3304 200
27.4305 200
27.5306 200
27.6307 200
27.7307 200
27.8309 200
27.9309 200
28.031 200
28.1311 200
28.2312 200
28.3313 200
28.4314 200
28.5315 200
28.6316 200
28.7317 200
28.8318 200
28.9318 200
29.0319 200
29.132 200
29.2321 200
29.3322 200
29.4323 200
29.5323 200
29.6324 200
29.7325 200
29.8326 200
29.9327 200
30.0327 200
30.1328 200
30.2329 198
30.333 200
30.4331 199
30.5331 200
30.6332 200
30.7333 200
30.8334 200
30.9335 200
31.0335 200
31.1336 200
31.2344 199
31.3345 200
31.4349 200
31.535 200
31.6369 199
31.737 200
31.8371 200
31.9372 199
32.0382 200
32.1383 200
32.2384 198
32.3389 199
32.439 200
32.5391 199
32.6391 199
32.7392 200
32.8393 199
32.9394 198
33.0395 199
33.1396 196
33.2397 195
33.3397 195
33.4398 192
33.5399 191
33.64 190
33.7401 186
33.8402 186
33.9403 184
34.0404 185
34.1405 180
34.2405 176
34.3406 175
34.4407 172
34.5408 170
34.6409 162
34.741 153
34.8411 144
34.9411 136
35.0412 128
35.1413 120
35.2414 111
35.3415 102
35.4416 92
35.5417 85
35.6417 77
35.7418 69
35.8419 55
35.942 32
36.0421 12
36.1422 1
36.2422 0
36.3423 0
36.4424 0
36.5425 0
36.6426 0
36.7427 0
36.8428 0
36.9429 0
37.043 0
37.143 0
37.2431 0
37.3432 0
37.4433 0
37.5433 0
37.6434 0
37.7435 0
37.8436 0
37.9437 0
38.0438 0
38.1439 0
38.2439 0
38.344 0
38.4441 0
38.5442 0
38.6442 0
38.7443 0
38.8444 0
38.9445 0
39.0446 0
39.1447 0
39.2448 0
39.3449 0
39.4449 0
39.545 0
39.6451 0
39.7452 0
39.8453 0
39.9454 0
40.0455 0
40.1455 0
40.2456 0
40.3457 0
40.4458 0
40.5459 0
40.646 0
40.746 0
40.8461 0
40.9463 0
41.0468 0
41.1469 0
41.247 0
41.3474 0
41.4474 0
41.5475 0
41.6477 0
41.748 0
41.8482 0
41.9483 0
42.0484 0
42.1485 0
42.2486 0
42.3487 0
42.4488 0
42.5488 0
42.6489 0
42.749 0
42.8491 0
42.9492 0
43.0492 0
43.1493 0
43.2494 1
43.3495 0
43.4496 1
43.5497 1
43.6498 0
43.7498 1
43.8499 0
43.95 1
44.0501 3
44.1502 5
44.2502 9
44.3503 11
44.4504 14
44.5505 17
44.6506 20
44.7507 23
44.8508 25
44.9509 29
45.051 32
45.1511 34
45.2511 37
45.3512 39
45.4513 42
45.5514 45
45.6515 47
45.7515 51
45.8516 53
45.9517 58
46.0518 60
46.1519 62
46.252 65
46.352 67
46.4521 71
46.5522 73
46.6523 75
46.7524 78
46.8524 81
46.9525 85
47.0526 87
47.1527 89
47.2528 93
47.3529 95
47.4529 99
47.553 101
47.6531 104
47.7532 107
47.8533 110
47.9534 114
48.0535 115
48.1536 118
48.2537 121
48.3537 123
48.4538 127
48.5539 128
48.654 131
48.7541 134
48.8542 137
48.9542 143
49.0543 149
49.1544 158
49.2545 165
49.3546 175
49.4547 182
49.5548 191
49.6548 199
49.7549 200
49.855 200
49.9551 200
50.0552 200
50.1553 200
50.2553 200
50.3554 200
50.4555 200
50.5556 200
50.6557 200
50.7558 200
50.8563 200
50.9564 200
51.0566 200
51.1567 200
51.2568 200
51.3569 200
51.457 200
51.5571 200
51.6571 200
51.7572 198
51.8575 200
51.9576 200
52.0577 200
52.1578 200
52.2579 200
52.358 200
52.458 200
52.5581 200
52.6582 200
52.7583 200
52.8584 200
52.9584 200
53.0585 200
53.1586 200
53.2587 200
53.3588 200
53.4589 200
53.5589 200
53.659 200
53.7591 200
53.8592 200
53.9593 200
54.0593 200
54.1594 200
54.2595 200
54.3596 200
54.4597 200
54.5597 200
54.6598 200
54.7599 200
54.86 200
54.9601 200
55.0601 200
55.1602 200
55.2603 200
55.3604 200
55.4605 199
55.5605 200
55.6606 200
55.7607 200
55.8608 200
55.9609 200
56.061 200
56.161 198
56.2611 198
56.3612 198
56.4613 198
56.5614 199
56.6614 198
56.7615 197
56.8616 197
56.9617 200
57.0618 200
57.1618 195
57.2619 196
57.362 196
57.4621 194
57.5622 193
57.6622 189
57.7623 188
57.8624 187
57.9625 184
58.0626 185
58.1626 178
58.2627 179
58.3628 173
58.4629 172
58.563 159
58.663 144
58.7632 132
58.8633 115
58.9634 102
59.0635 89
59.1636 74
59.2637 62
59.3637 45
59.4638 32
59.5639 19
59.664 4
59.7641 0
