2.625e-06 0
0.100586 8
0.200707 21
0.300848 33
0.400932 43
0.501017 55
0.601092 66
0.701185 77
0.801273 88
0.901355 98
1.00144 109
1.10153 120
1.20162 133
1.30171 142
1.4018 153
1.50188 165
1.60197 177
1.70205 188
1.80214 200
1.90222 200
2.0023 200
2.10237 200
2.20246 200
2.30254 200
2.40262 200
2.5027 200
2.6028 200
2.70288 200
2.80296 200
2.90305 200
3.00317 200
3.10326 200
3.20336 200
3.30373 200
3.40383 200
3.50392 200
3.60413 200
3.70426 200
3.80437 200
3.90447 200
4.00458 200
4.10469 200
4.20517 200
4.30548 200
4.40556 200
4.50581 200
4.60591 200
4.70597 200
4.80605 200
4.90614 200
5.00629 200
5.1064 200
5.20652 200
5.30662 200
5.4067 200
5.50677 200
5.60687 200
5.70694 200
5.80702 200
5.90709 200
6.00718 200
6.10725 200
6.20733 200
6.3074 199
6.4075 200
6.50757 200
6.60766 200
6.70773 200
6.80781 199
6.90788 200
7.00796 200
7.10805 199
7.20813 200
7.30824 198
7.40832 200
7.5084 199
7.60848 200
7.70857 200
7.80865 199
7.90873 200
8.00882 198
8.10891 200
8.20899 200
8.30906 198
8.40914 200
8.50922 197
8.6093 199
8.70938 200
8.80947 198
8.90959 200
9.0097 196
9.1098 200
9.20989 200
9.30998 196
9.41007 200
9.51018 196
9.61027 198
9.71037 197
9.81048 196
9.91057 200
10.0107 194
10.1108 196
10.2109 193
10.311 192
10.4111 193
10.5112 187
10.6113 188
10.7114 186
10.8115 186
10.9116 183
11.0116 168
11.1117 164
11.2118 153
11.3119 146
11.412 142
11.5121 126
11.6122 122
11.7123 110
11.8124 104
11.9125 97
12.0126 84
12.1127 80
12.2128 68
12.3128 45
12.4129 25
12.513 0
12.6131 0
12.7132 0
12.8133 0
12.9134 0
13.0135 0
13.1136 0
13.2136 0
13.3137 0
13.4139 0
13.514 0
13.6141 0
13.7142 0
13.8146 0
13.9146 0
14.0148 0
14.1149 0
14.215 0
14.3151 0
14.4152 0
14.5153 0
14.6154 0
14.7155 0
14.8156 0
14.9157 0
15.0159 0
15.116 0
15.2161 0
15.3162 0
15.4163 0
15.5164 0
15.6165 0
15.7166 0
15.8167 0
15.9168 0
16.0168 0
16.1169 0
16.217 0
16.3171 0
16.4172 0
16.5173 0
16.6174 0
16.7175 0
16.8176 0
16.9177 0
17.0178 0
17.1178 0
17.2179 0
17.318 0
17.4181 0
17.5182 0
17.6183 0
17.7184 0
17.8185 0
17.9186 0
18.0187 0
18.1188 0
18.2189 0
18.319 0
18.4191 0
18.5192 0
18.6193 0
18.7194 0
18.8195 0
18.9195 0
19.0196 0
19.1197 0
19.2198 0
19.3199 0
19.42 0
19.5201 0
19.6202 0
19.7203 0
19.8204 0
19.9205 0
20.0207 0
20.1208 0
20.2209 0
20.3212 0
20.4213 1
20.5213 0
20.6214 0
20.7215 0
20.8216 0
20.9217 0
21.0218 1
21.1219 3
21.222 7
21.3221 10
21.4222 13
21.5223 15
21.6224 19
21.7225 21
21.8226 24
21.9227 27
22.0228 30
22.1229 33
22.223 35
22.3231 38
22.4232 41
22.5233 43
22.6234 47
22.7235 49
22.8235 53
22.9236 56
23.0237 58
23.1238 62
23.2239 64
23.324 67
23.4241 70
23.5242 72
23.6243 74
23.7244 78
23.8246 81
23.9247 82
24.0248 85
24.1249 88
24.2251 91
24.3252 93
24.4253 95
24.526 98
24.6261 101
24.7262 105
24.8263 107
24.9264 110
25.0264 113
25.1265 116
25.2266 122
25.3267 130
25.4268 138
25.5269 148
25.627 156
25.7271 164
25.8272 172
25.9272 180
26.0273 188
26.1274 195
26.2275 199
26.3276 200
26.4276 200
26.5277 200
26.6278 200
26.7279 200
26.828 200
26.9281 200
27.0282 200
27.1282 200
27.2283 200
27.3284 200
27.4285 200
27.5286 200
27.6287 200
27.7288 200
27.8289 200
27.929 200
28.0291 200
28.1291 200
28.2292 200
28.3293 200
28.4294 200
28.5295 200
28.6296 200
28.7297 200
28.8298 200
28.9298 200
29.0299 200
29.13 200
29.2301 200
29.3302 200
29.4303 200
29.5304 200
29.6305 200
29.7306 200
29.8306 200
29.9307 200
30.0308 200
30.1309 200
30.231 199
30.3311 200
30.4312 200
30.5313 200
30.6313 200
30.7314 198
30.8316 200
30.9317 199
31.0318 198
31.1319 200
31.232 198
31.3321 200
31.4322 198
31.5322 199
31.6323 200
31.7324 198
31.8325 200
31.9326 198
32.0327 199
32.1328 198
32.2328 195
32.3329 198
32.4329 196
32.533 198
32.6331 198
32.7332 196
32.8333 199
32.9333 196
33.0334 197
33.1335 196
33.2336 193
33.3337 193
33.4342 189
33.5342 190
33.6343 189
33.7344 185
33.8363 186
33.9364 183
34.0368 179
34.1369 180
34.237 172
34.3371 172
34.4372 169
34.5374 159
34.6375 152
34.7376 140
34.8377 134
34.9378 127
35.0378 117
35.1379 110
35.238 98
35.3381 91
35.4382 85
35.5383 74
35.6384 67
35.7384 50
35.8385 25
35.9386 4
36.0387 0
36.1388 0
36.2389 0
36.339 0
36.4391 0
36.5392 0
36.6392 0
36.7393 0
36.8394 0
36.9395 0
37.0396 0
37.1397 0
37.2399 0
37.34 0
37.4401 0
37.5402 0
37.6403 0
37.7404 0
37.8404 0
37.9405 0
38.0406 0
38.1407 0
38.2408 0
38.3409 0
38.4409 0
38.541 0
38.6411 0
38.7412 0
38.8413 0
38.9414 0
39.0415 0
39.1416 0
39.2417 0
39.3418 0
39.4418 0
39.5419 0
39.642 0
39.7421 0
39.8422 0
39.9422 0
40.0424 0
40.1425 0
40.2425 0
40.3426 0
40.4427 0
40.5428 0
40.6429 0
40.743 0
40.8431 0
40.9432 0
41.0433 0
41.1434 0
41.2435 0
41.3436 0
41.4437 0
41.5438 0
41.6439 0
41.744 0
41.844 0
41.9441 0
42.0442 0
42.1443 0
42.2444 0
42.3445 0
42.4446 0
42.5447 0
42.6447 0
42.7448 0
42.8449 0
42.945 0
43.0451 1
43.1461 1
43.2462 0
43.3462 0
43.4464 0
43.5464 0
43.6465 0
43.7466 1
43.8468 1
43.947 1
44.0472 3
44.1473 5
44.2474 8
44.3475 11
44.4475 14
44.5476 17
44.6477 19
44.7478 23
44.8479 25
44.948 28
45.0481 31
45.1481 33
45.2483 35
45.3483 39
45.4484 41
45.5485 45
45.6487 48
45.7488 50
45.8488 53
45.9489 55
46.049 58
46.1492 61
46.2492 64
46.3493 67
46.4494 69
46.5495 73
46.6496 75
46.7497 78
46.8498 81
46.9498 84
47.0499 87
47.15 89
47.2501 92
47.3502 96
47.4503 97
47.5503 101
47.6504 103
47.7505 106
47.8506 109
47.9507 111
48.0508 115
48.1509 117
48.251 119
48.3511 123
48.4512 125
48.5513 129
48.6513 132
48.7514 134
48.8515 142
48.9516 149
49.0517 157
49.1518 167
49.2519 174
49.352 182
49.4521 191
49.5522 200
49.6523 200
49.7524 200
49.8524 200
49.9526 200
50.0527 200
50.1528 200
50.2528 200
50.3529 200
50.453 200
50.5531 200
50.6532 200
50.7532 200
50.8533 200
50.9534 200
51.0535 200
51.1536 200
51.2537 200
51.3538 200
51.4539 200
51.554 200
51.6541 200
51.7542 200
51.8543 200
51.9544 200
52.0545 200
52.1545 200
52.2546 200
52.3547 200
52.4548 200
52.5549 200
52.655 200
52.7551 200
52.8552 200
52.9553 200
53.0556 199
53.1563 200
53.2564 200
53.3565 200
53.4576 200
53.5577 200
53.6578 200
53.7579 200
53.858 200
53.9581 200
54.0581 200
54.1587 200
54.2588 200
54.3589 200
54.459 200
54.5591 200
54.6592 200
54.7593 200
54.8594 200
54.9595 200
55.0596 200
55.1597 199
55.2598 200
55.3599 200
55.4601 199
55.5602 200
55.6603 200
55.7604 200
55.8605 200
55.9606 199
56.0607 200
56.1607 198
56.2608 197
56.3609 199
56.461 197
56.5611 199
56.6612 197
56.7613 197
56.8614 199
56.9614 199
57.0615 199
57.1616 195
57.2617 196
57.3618 195
57.4619 194
57.562 192
57.6621 188
57.7623 187
57.8623 186
57.9624 185
58.0626 184
58.1627 178
58.2628 178
58.3628 176
58.4629 168
58.563 156
58.6631 139
58.7632 127
58.8633 113
58.9634 98
59.0635 86
59.1636 69
59.2637 57
59.3638 43
59.4639 28
59.564 16
59.6641 0
