2.705e-06 0
0.100624 8
0.200705 21
0.300794 33
0.400874 43
0.500951 55
0.601031 66
0.701107 77
0.801187 88
0.901267 98
1.00135 108
1.10143 120
1.20152 133
1.30159 142
1.40167 153
1.50176 165
1.60184 177
1.70192 188
1.80201 200
1.9021 200
2.00221 200
2.1023 200
2.20273 200
2.30283 200
2.40294 200
2.50303 200
2.60314 200
2.70335 200
2.80346 200
2.90358 200
3.00366 200
3.10374 200
3.20401 200
3.30412 200
3.40423 200
3.50431 200
3.60441 200
3.70449 200
3.80458 200
3.90466 200
4.00474 200
4.10482 200
4.20491 200
4.30499 200
4.40508 200
4.50515 200
4.60525 200
4.70534 200
4.80542 200
4.90549 200
5.00558 200
5.10569 200
5.20577 200
5.30585 200
5.40594 200
5.50601 200
5.60609 200
5.70617 200
5.80626 200
5.90635 200
6.00644 200
6.10655 200
6.20663 200
6.30671 199
6.40681 200
6.50689 200
6.60698 200
6.70708 200
6.80716 199
6.90724 200
7.00733 199
7.10741 200
7.20749 200
7.30757 199
7.40765 200
7.50773 199
7.60781 200
7.7079 200
7.808 199
7.9081 200
8.00819 197
8.10827 200
8.20835 200
8.30843 199
8.40851 200
8.50861 196
8.60871 199
8.7088 200
8.80888 198
8.90897 200
9.00905 196
9.10914 200
9.20924 200
9.30933 197
9.40943 199
9.50952 196
9.60962 198
9.70972 199
9.80983 197
9.90991 199
10.01 194
10.1101 196
10.2101 196
10.3102 192
10.4103 192
10.5104 187
10.6105 189
10.7106 189
10.8106 186
10.9107 182
11.0108 168
11.1109 164
11.211 157
11.3111 146
11.4112 140
11.5113 126
11.6114 122
11.7115 114
11.8116 104
11.9117 98
12.0121 84
12.1122 80
12.2122 73
12.3125 48
12.4127 26
12.5131 1
12.6132 0
12.7133 0
12.8134 0
12.9135 0
13.0136 0
13.1138 0
13.2139 0
13.314 0
13.4141 0
13.5142 0
13.6143 0
13.7144 0
13.8145 0
13.9147 0
14.0148 0
14.1149 0
14.215 0
14.3151 0
14.4151 0
14.5152 0
14.6153 0
14.7154 0
14.8155 0
14.9156 0
15.0157 0
15.1158 0
15.2158 0
15.3159 0
15.416 0
15.5161 0
15.6162 0
15.7163 0
15.8164 0
15.9165 0
16.0166 0
16.1167 0
16.2168 0
16.3169 0
16.4169 0
16.517 0
16.6171 0
16.7172 0
16.8173 0
16.9174 0
17.0175 0
17.1176 0
17.2176 0
17.3177 0
17.4178 0
17.518 0
17.6181 0
17.7182 0
17.8183 0
17.9184 0
18.0184 0
18.1185 0
18.2186 0
18.3187 0
18.4188 0
18.5189 0
18.619 0
18.7191 0
18.8192 0
18.9193 0
19.0194 0
19.1195 0
19.2196 0
19.3197 0
19.4198 0
19.5199 0
19.62 0
19.7201 0
19.8202 0
19.9203 0
20.0204 0
20.1205 0
20.2206 1
20.3207 1
20.4208 1
20.5209 0
20.621 0
20.7211 0
20.8212 0
20.9213 0
21.0214 0
21.1216 3
21.2217 7
21.3218 9
21.4219 13
21.522 15
21.6221 18
21.7222 22
21.8223 24
21.9226 27
22.0226 29
22.1228 32
22.2229 35
22.323 37
22.4231 41
22.5232 43
22.6233 45
22.7233 49
22.8234 51
22.9236 54
23.0237 57
23.1238 59
23.2239 64
23.324 66
23.4241 68
23.5242 71
23.6242 74
23.7243 77
23.8244 79
23.9245 82
24.0246 84
24.1247 86
24.2247 90
24.3248 93
24.4249 96
24.525 98
24.6251 100
24.7252 104
24.8253 107
24.9254 110
25.0254 112
25.1255 115
25.2256 119
25.3257 128
25.4258 138
25.5259 146
25.626 155
25.726 162
25.8261 171
25.9262 180
26.0263 187
26.1264 192
26.2264 198
26.3265 200
26.4266 200
26.5267 200
26.6268 200
26.7269 200
26.827 200
26.9271 200
27.0271 200
27.1272 200
27.2273 200
27.3274 200
27.4275 200
27.5276 200
27.6277 200
27.7277 200
27.8278 200
27.9279 200
28.028 200
28.1281 200
28.2281 200
28.3282 200
28.4283 200
28.5284 200
28.6285 200
28.7286 200
28.8286 200
28.9287 200
29.0288 200
29.1289 200
29.229 200
29.3291 200
29.4291 200
29.5292 200
29.6293 200
29.7294 200
29.8295 200
29.9296 200
30.0296 200
30.1297 200
30.2298 200
30.3299 200
30.43 200
30.5301 199
30.6301 200
30.7302 200
30.8303 200
30.9304 200
31.0305 197
31.1305 200
31.2306 199
31.3307 200
31.4308 200
31.5309 199
31.631 200
31.7311 199
31.8312 198
31.9315 200
32.0316 197
32.1317 197
32.2318 195
32.3319 195
32.432 197
32.5321 194
32.6322 197
32.7323 197
32.8323 194
32.9324 198
33.0326 193
33.1327 193
33.2327 195
33.3328 189
33.4329 190
33.533 187
33.6331 187
33.7331 185
33.8332 182
33.9333 184
34.0334 179
34.1334 177
34.2335 174
34.3336 170
34.4337 171
34.5338 158
34.6338 151
34.7339 142
34.834 132
34.9341 127
35.0342 115
35.1343 109
35.2344 100
35.3345 90
35.4345 85
35.5346 73
35.6347 67
35.7348 49
35.8349 25
35.935 3
36.0351 0
36.1351 0
36.2352 0
36.3353 0
36.4354 0
36.5355 0
36.6356 0
36.7357 0
36.8357 0
36.9358 0
37.0359 0
37.136 0
37.2361 0
37.3362 0
37.4362 0
37.5363 0
37.6364 0
37.7365 0
37.8366 0
37.9367 0
38.0367 0
38.1368 0
38.2369 0
38.337 0
38.4371 0
38.5372 0
38.6372 0
38.7373 0
38.8374 0
38.9375 0
39.0376 0
39.1377 0
39.2378 0
39.3378 0
39.4379 0
39.538 0
39.6381 0
39.7382 0
39.8383 0
39.9384 0
40.0385 0
40.1385 0
40.2386 0
40.3387 0
40.4388 0
40.5389 0
40.639 0
40.7391 0
40.8392 0
40.9392 0
41.0393 0
41.1394 0
41.2395 0
41.3396 0
41.4397 0
41.5398 0
41.6399 0
41.74 0
41.8401 0
41.9402 0
42.0404 0
42.1405 0
42.2406 1
42.3414 0
42.4415 1
42.5416 0
42.6417 0
42.7417 0
42.8418 0
42.9419 0
43.042 1
43.1421 0
43.2421 1
43.3423 0
43.4424 0
43.5425 2
43.6427 0
43.7428 2
43.8429 1
43.943 1
44.0432 4
44.1433 5
44.2434 8
44.3434 12
44.4435 14
44.5436 18
44.6437 20
44.7438 23
44.8439 26
44.9439 28
45.044 32
45.1441 34
45.2442 37
45.3443 40
45.4443 42
45.5444 46
45.6445 48
45.7446 51
45.8447 54
45.9448 56
46.0449 60
46.1449 61
46.245 64
46.3451 67
46.4452 69
46.5453 73
46.6454 75
46.7454 78
46.8455 81
46.9456 84
47.0457 87
47.1458 89
47.2459 93
47.3459 96
47.446 98
47.5461 103
47.6462 104
47.7463 107
47.8464 110
47.9465 112
48.0466 116
48.1466 118
48.2467 120
48.3468 123
48.4469 126
48.547 130
48.6471 132
48.7472 135
48.8473 142
48.9474 149
49.0475 158
49.1476 165
49.2477 174
49.3478 183
49.4478 192
49.5479 200
49.648 200
49.7481 200
49.8482 200
49.9483 200
50.0484 200
50.1484 200
50.2485 200
50.3486 200
50.4488 200
50.5489 200
50.649 200
50.749 200
50.8491 200
50.9492 200
51.0493 200
51.1494 200
51.2495 200
51.3496 200
51.4497 200
51.5498 200
51.6499 200
51.75 200
51.8501 200
51.9502 200
52.0508 200
52.1509 200
52.251 200
52.3511 200
52.4512 200
52.5513 200
52.6514 200
52.7515 200
52.8516 200
52.9517 200
53.0518 200
53.1519 200
53.252 199
53.3521 200
53.4521 200
53.5522 200
53.6523 200
53.7524 199
53.8525 200
53.9525 200
54.0526 200
54.1527 200
54.2528 200
54.3529 200
54.453 199
54.5531 200
54.6532 198
54.7533 200
54.8534 200
54.9535 199
55.0536 200
55.1537 198
55.2537 200
55.3538 200
55.4539 198
55.554 200
55.6541 197
55.7542 199
55.8543 200
55.9544 198
56.0545 199
56.1545 195
56.2546 196
56.3547 200
56.4548 195
56.5549 197
56.655 193
56.7551 196
56.8552 200
56.9553 197
57.0553 199
57.1554 194
57.2555 194
57.3556 196
57.4557 192
57.5558 193
57.6559 186
57.7559 187
57.856 187
57.9561 184
58.0562 184
58.1563 177
58.2564 176
58.3564 176
58.4565 168
58.5566 158
58.6567 141
58.7568 128
58.8569 114
58.957 98
59.057 88
59.1571 72
59.2572 58
59.3573 44
59.4574 28
59.5575 18
59.6576 2
