2.485e-06 0
0.100904 8
0.201004 20
0.301078 32
0.401212 43
0.501321 55
0.601443 65
0.701536 77
0.801625 86
0.901702 98
1.00178 108
1.10186 119
1.20193 130
1.30202 142
1.40209 153
1.50222 164
1.6023 175
1.70239 187
1.80247 199
1.90256 200
2.00264 200
2.10272 200
2.2028 200
2.3029 200
2.40299 200
2.5031 200
2.60322 200
2.70332 200
2.80341 200
2.9035 200
3.00359 200
3.10367 200
3.20375 200
3.30383 200
3.40392 200
3.504 200
3.60408 200
3.70417 200
3.8043 200
3.90439 200
4.00448 200
4.10457 200
4.20466 200
4.30475 200
4.40486 200
4.50496 200
4.60504 200
4.70513 200
4.80522 200
4.90529 200
5.00538 200
5.10545 200
5.20554 200
5.30563 200
5.40571 200
5.50579 200
5.60588 200
5.70596 200
5.80606 200
5.90615 200
6.00624 199
6.10633 200
6.20643 200
6.30652 200
6.4066 200
6.50669 199
6.60677 200
6.70686 200
6.80695 199
6.90705 200
7.00716 198
7.10724 200
7.20732 200
7.3074 199
7.40748 200
7.50757 198
7.60765 200
7.70773 200
7.80781 199
7.90789 200
8.00798 197
8.10806 200
8.20815 200
8.30823 198
8.40831 200
8.50841 198
8.6085 200
8.70861 199
8.80872 198
8.9088 200
9.00888 197
9.10985 200
9.20994 200
9.31006 197
9.41018 199
9.5103 195
9.61079 197
9.71089 200
9.811 195
9.91138 199
10.0115 195
10.1125 196
10.2126 196
10.3127 191
10.4128 191
10.5128 188
10.6129 186
10.713 190
10.8131 184
10.9132 182
11.0133 168
11.1133 164
11.2134 159
11.3136 144
11.4136 140
11.5137 126
11.6138 122
11.7139 114
11.814 102
11.9141 98
12.0142 84
12.1142 80
12.2143 68
12.3144 44
12.4145 26
12.5146 0
12.6147 0
12.7147 0
12.8148 0
12.9149 0
13.015 0
13.1151 0
13.2152 0
13.3152 0
13.4153 0
13.5154 0
13.6155 0
13.7156 0
13.8157 1
13.9157 0
14.0159 0
14.116 0
14.2161 0
14.3162 0
14.4163 0
14.5164 0
14.6164 0
14.7165 0
14.8166 0
14.9167 0
15.0168 0
15.1168 0
15.2169 0
15.317 0
15.4171 0
15.5172 0
15.6173 0
15.7173 0
15.8174 0
15.9175 0
16.0176 0
16.1177 0
16.2177 0
16.3178 0
16.4179 0
16.518 0
16.6181 0
16.7181 0
16.8182 0
16.9183 0
17.0184 0
17.1185 0
17.2185 0
17.3186 0
17.4187 0
17.5188 0
17.6189 0
17.7189 0
17.819 0
17.9191 0
18.0192 0
18.1193 0
18.2194 0
18.3194 0
18.4195 0
18.5196 0
18.6197 0
18.7198 0
18.8199 0
18.9202 0
19.0202 0
19.1204 0
19.2205 1
19.3209 0
19.421 0
19.5211 0
19.6215 0
19.7217 0
19.8218 0
19.9219 0
20.022 0
20.1221 0
20.2222 1
20.3222 0
20.4223 1
20.5224 0
20.6225 1
20.7226 0
20.8226 0
20.9227 1
21.0228 1
21.1229 4
21.223 7
21.3231 9
21.4231 13
21.5232 16
21.6233 19
21.7234 21
21.8235 23
21.9236 27
22.0236 30
22.1237 33
22.2238 35
22.3239 37
22.424 41
22.524 43
22.6241 47
22.7242 49
22.8243 52
22.9244 56
23.0245 58
23.1245 62
23.2246 64
23.3247 66
23.4248 70
23.5249 72
23.6249 76
23.725 78
23.8251 81
23.9252 83
24.0253 85
24.1253 88
24.2254 91
24.3255 94
24.4256 97
24.5257 99
24.6258 102
24.7259 105
24.826 108
24.9261 111
25.0262 114
25.1263 117
25.2263 124
25.3264 132
25.4265 140
25.5266 150
25.6267 158
25.7268 165
25.8269 174
25.9269 183
26.027 188
26.1271 194
26.2272 200
26.3273 200
26.4273 200
26.5274 200
26.6275 200
26.7276 200
26.8277 200
26.9278 200
27.0279 200
27.1279 200
27.228 200
27.3281 200
27.4282 200
27.5283 200
27.6284 200
27.7284 200
27.8285 200
27.9286 200
28.0287 200
28.1288 200
28.2289 200
28.329 200
28.4291 200
28.5291 200
28.6292 200
28.7293 200
28.8295 200
28.9296 200
29.0297 200
29.1298 200
29.2299 200
29.33 200
29.4312 200
29.5314 200
29.6315 200
29.7316 200
29.8317 200
29.9318 200
30.0319 199
30.132 200
30.2321 198
30.3321 200
30.4322 200
30.5323 199
30.6324 200
30.7325 199
30.8326 200
30.9327 200
31.0328 199
31.1329 200
31.233 198
31.3331 200
31.4332 200
31.5333 200
31.6333 200
31.7334 198
31.8335 200
31.9336 200
32.0337 198
32.1338 200
32.2339 194
32.334 198
32.4341 200
32.5342 198
32.6343 200
32.7344 197
32.8345 199
32.9346 199
33.0347 197
33.1348 197
33.2349 194
33.335 194
33.4351 191
33.5352 189
33.6353 188
33.7354 185
33.8355 187
33.9356 184
34.0357 180
34.1358 180
34.2359 175
34.336 175
34.436 166
34.5362 159
34.6362 153
34.7363 141
34.8364 136
34.9365 124
35.0366 117
35.1367 111
35.2368 99
35.3368 94
35.4369 81
35.537 75
35.6371 68
35.7372 47
35.8372 25
35.9373 2
36.0374 0
36.1375 0
36.2376 0
36.3377 0
36.4377 0
36.5378 0
36.6379 0
36.738 0
36.8381 0
36.9382 0
37.0383 0
37.1383 0
37.2384 0
37.3385 0
37.4386 0
37.5387 0
37.6388 0
37.7389 0
37.839 0
37.9391 0
38.0392 0
38.1392 0
38.2393 0
38.3394 0
38.4395 0
38.5397 0
38.6401 0
38.7404 0
38.8406 0
38.9414 0
39.0415 0
39.1416 0
39.2417 0
39.3418 0
39.4419 0
39.5422 0
39.6423 0
39.7424 0
39.8425 0
39.9426 0
40.0427 0
40.1428 0
40.2429 0
40.343 0
40.4431 0
40.5432 0
40.6432 0
40.7433 0
40.8434 0
40.9435 0
41.0436 0
41.1437 0
41.2438 0
41.3439 0
41.444 0
41.5441 0
41.6442 0
41.7443 0
41.8443 0
41.9444 0
42.0445 0
42.1446 0
42.2447 0
42.3448 0
42.4449 0
42.5449 0
42.645 0
42.7451 0
42.8452 0
42.9453 0
43.0454 0
43.1455 1
43.2456 0
43.3457 0
43.4458 0
43.5458 2
43.6459 0
43.746 1
43.8461 1
43.9462 2
44.0463 2
44.1464 5
44.2465 9
44.3466 11
44.4467 14
44.5468 17
44.6468 20
44.7469 23
44.847 25
44.9471 28
45.0472 31
45.1473 34
45.2474 37
45.3475 39
45.4476 42
45.5476 45
45.6477 48
45.7478 51
45.8479 53
45.948 56
46.0481 58
46.1481 61
46.2482 64
46.3483 67
46.4484 70
46.5485 72
46.6486 76
46.7487 79
46.8487 81
46.9488 85
47.0489 87
47.149 90
47.2491 93
47.3492 96
47.4492 100
47.5493 101
47.6493 104
47.7494 107
47.8495 109
47.9496 113
48.0497 115
48.1498 117
48.2498 120
48.3499 123
48.4501 127
48.5502 129
48.6505 131
48.7506 137
48.8516 144
48.9517 151
49.0518 160
49.1519 169
49.252 176
49.3521 185
49.4522 192
49.5523 200
49.6524 200
49.7525 200
49.8526 200
49.9527 200
50.0528 200
50.1529 200
50.253 200
50.3531 200
50.4531 200
50.5532 200
50.6533 200
50.7534 200
50.8535 200
50.9536 200
51.0537 200
51.1538 200
51.2538 200
51.3539 200
51.454 200
51.5542 200
51.6543 200
51.7544 200
51.8545 200
51.9546 200
52.0547 200
52.1548 200
52.2549 200
52.3551 200
52.4552 200
52.5553 200
52.6554 200
52.7555 200
52.8556 200
52.9557 200
53.0558 200
53.1559 200
53.256 200
53.3561 200
53.4562 200
53.5563 200
53.6564 200
53.7566 200
53.8567 200
53.9568 200
54.0569 200
54.157 198
54.2571 200
54.3571 200
54.4572 200
54.5573 200
54.6574 198
54.7575 200
54.8576 200
54.9577 200
55.0578 200
55.1579 198
55.258 200
55.3581 200
55.4582 200
55.5583 200
55.6584 198
55.7584 200
55.8585 200
55.9586 200
56.0587 199
56.1588 196
56.2589 199
56.359 199
56.4591 199
56.5592 199
56.6593 197
56.7594 199
56.8595 200
56.9596 199
57.0597 199
57.1597 194
57.2598 197
57.3599 195
57.46 193
57.56 192
57.6601 187
57.7602 187
57.8603 187
57.9604 186
58.0605 184
58.1606 177
58.2607 177
58.3613 175
58.4618 167
58.5619 153
58.662 137
58.7622 127
58.8627 112
58.9628 97
59.0631 84
59.1631 68
59.2632 57
59.3633 42
59.4635 27
59.5636 14
59.6636 0
