1.353e-06 0
0.100381 8
0.200503 21
0.30061 33
0.400737 43
0.500811 55
0.60089 67
0.700973 77
0.801055 87
0.90231 98
1.00262 108
1.10274 119
1.20285 130
1.30298 142
1.40311 153
1.50322 164
1.60326 175
1.70336 187
1.80382 199
1.90427 200
2.00436 200
2.10447 200
2.20457 200
2.30465 200
2.40474 200
2.50484 200
2.60492 200
2.70501 200
2.80509 200
2.90517 200
3.00525 200
3.10533 200
3.20543 200
3.30553 200
3.40564 200
3.50574 200
3.60583 200
3.70591 200
3.806 200
3.90608 200
4.00615 200
4.10624 200
4.20635 200
4.30647 200
4.40656 200
4.50665 200
4.60674 200
4.70681 200
4.80689 200
4.90698 200
5.00705 200
5.10713 200
5.20723 200
5.30731 200
5.40739 200
5.50747 200
5.60755 200
5.70763 200
5.80771 200
5.90779 200
6.00788 199
6.10796 200
6.20805 200
6.30814 200
6.40823 200
6.50831 199
6.6084 200
6.70849 200
6.80858 200
6.90869 200
7.00878 198
7.10886 200
7.20894 200
7.30907 200
7.40919 200
7.50928 198
7.60936 200
7.70945 199
7.80954 200
7.90962 199
8.0097 197
8.10979 200
8.20987 198
8.30995 199
8.41003 200
8.51013 197
8.61021 200
8.7103 197
8.81038 200
8.91046 200
9.01054 198
9.11062 200
9.21071 198
9.31079 199
9.41088 199
9.51097 197
9.61106 199
9.71115 196
9.81125 198
9.91134 197
10.0114 196
10.1115 196
10.2116 193
10.3117 193
10.4118 189
10.5119 188
10.612 190
10.7124 184
10.8125 186
10.9128 178
11.0129 168
11.113 164
11.2131 153
11.3132 146
11.4133 141
11.5134 126
11.6135 122
11.7136 113
11.8137 102
11.9138 99
12.0138 86
12.1139 80
12.214 71
12.3141 45
12.4142 26
12.5143 1
12.6144 0
12.7145 0
12.8146 0
12.9146 0
13.0147 0
13.1148 0
13.2149 0
13.315 0
13.415 0
13.5151 0
13.6152 0
13.7153 0
13.8154 0
13.9154 0
14.0155 0
14.1156 0
14.2157 0
14.3158 0
14.4158 0
14.516 0
14.616 0
14.7161 0
14.8163 0
14.9163 0
15.0164 0
15.1165 0
15.2167 0
15.3167 0
15.4168 0
15.5169 0
15.617 0
15.7171 0
15.8172 0
15.9173 0
16.0173 0
16.1174 0
16.2175 0
16.3176 0
16.4177 0
16.5177 0
16.6178 0
16.7179 0
16.818 0
16.9181 0
17.0181 0
17.1182 0
17.2183 0
17.3184 0
17.4184 0
17.5185 0
17.6186 0
17.7187 0
17.8188 0
17.9189 0
18.0189 0
18.119 0
18.2191 0
18.3192 0
18.4193 0
18.5193 0
18.6194 0
18.7195 0
18.8196 0
18.9196 0
19.0197 0
19.1198 0
19.2199 0
19.32 0
19.4201 0
19.5202 0
19.6203 0
19.7204 0
19.8205 0
19.9205 0
20.0206 0
20.1207 0
20.2208 1
20.3209 1
20.4209 0
20.5211 1
20.6212 0
20.7213 0
20.8213 1
20.9215 0
21.0222 2
21.1224 4
21.2225 7
21.3225 10
21.4226 13
21.5227 17
21.6228 19
21.7229 21
21.823 25
21.9231 27
22.0232 29
22.1233 33
22.2234 35
22.3235 39
22.4235 40
22.5236 43
22.6237 47
22.7238 50
22.8239 53
22.9239 55
23.024 58
23.1241 62
23.2242 64
23.3243 67
23.4243 70
23.5244 72
23.6245 76
23.7246 78
23.8247 81
23.9247 82
24.0248 86
24.1249 89
24.225 90
24.3251 94
24.4251 96
24.5252 100
24.6253 103
24.7254 104
24.8255 108
24.9255 111
25.0256 113
25.1257 117
25.2258 123
25.3259 133
25.4259 141
25.526 150
25.6261 158
25.7262 167
25.8263 174
25.9263 183
26.0264 192
26.1265 197
26.2266 200
26.3267 200
26.4268 200
26.5269 200
26.627 200
26.7271 200
26.8271 200
26.9272 200
27.0273 200
27.1274 200
27.2275 200
27.3276 200
27.4276 200
27.5277 200
27.6278 200
27.7279 200
27.828 200
27.9281 200
28.0281 200
28.1282 200
28.2283 200
28.3284 200
28.4285 200
28.5286 200
28.6286 200
28.7287 200
28.8288 200
28.9289 200
29.029 200
29.1291 200
29.2291 200
29.3292 200
29.4293 200
29.5294 200
29.6295 200
29.7296 200
29.8297 200
29.9297 200
30.0298 200
30.1299 200
30.23 200
30.3301 200
30.4302 200
30.5303 200
30.6304 200
30.7305 200
30.8306 199
30.9307 200
31.0308 200
31.1309 200
31.231 200
31.3311 200
31.4312 200
31.5313 200
31.6314 200
31.7315 200
31.8316 199
31.9317 200
32.0318 200
32.1319 197
32.232 197
32.3321 197
32.4321 200
32.5322 199
32.6323 198
32.7324 199
32.8325 198
32.9325 199
33.0326 197
33.1327 197
33.2328 195
33.3329 193
33.433 191
33.533 190
33.6331 188
33.7332 186
33.8333 186
33.9334 184
34.0334 181
34.1335 180
34.2336 176
34.3337 173
34.4338 167
34.5338 160
34.6339 153
34.734 142
34.8341 135
34.9341 125
35.0342 118
35.1343 111
35.2344 99
35.3345 93
35.4345 83
35.5346 76
35.6347 68
35.7348 48
35.8349 25
35.935 3
36.0351 0
36.1351 0
36.2352 0
36.3353 0
36.4353 0
36.5354 0
36.6355 0
36.7356 0
36.8356 0
36.9357 0
37.0358 0
37.1359 0
37.236 0
37.3361 0
37.4362 0
37.5362 0
37.6363 0
37.7364 0
37.8365 0
37.9366 0
38.0366 0
38.1367 0
38.2368 0
38.3369 0
38.4369 0
38.537 0
38.6371 0
38.7372 0
38.8373 0
38.9375 0
39.0376 0
39.1377 0
39.2378 0
39.3378 0
39.4379 0
39.538 0
39.6381 0
39.7381 0
39.8382 0
39.9383 0
40.0384 0
40.1385 0
40.2396 0
40.34 0
40.4407 0
40.5408 0
40.6409 0
40.7409 0
40.841 0
40.9411 0
41.0412 0
41.1431 0
41.2432 0
41.3433 0
41.4434 0
41.5434 0
41.6435 0
41.7436 0
41.8437 0
41.9438 0
42.0439 0
42.144 0
42.244 0
42.3441 0
42.4442 0
42.5443 0
42.6444 0
42.7445 0
42.8446 0
42.9447 0
43.0447 0
43.1448 0
43.2449 1
43.345 0
43.4451 0
43.5452 1
43.6453 0
43.7453 2
43.8454 1
43.9455 2
44.0456 3
44.1457 6
44.2458 9
44.3458 11
44.4459 15
44.546 17
44.6461 20
44.7462 23
44.8463 26
44.9463 29
45.0464 31
45.1465 34
45.2466 37
45.3467 39
45.4468 43
45.5468 45
45.6469 48
45.747 51
45.8471 53
45.9472 57
46.0473 58
46.1474 61
46.2475 64
46.3475 67
46.4476 70
46.5477 72
46.6478 75
46.7479 78
46.848 82
46.9481 85
47.0481 86
47.1482 90
47.2483 93
47.3484 96
47.4485 99
47.5486 101
47.6487 104
47.7488 107
47.8488 110
47.9489 112
48.049 114
48.1491 117
48.2492 120
48.3493 124
48.4493 126
48.5494 128
48.6495 131
48.7496 137
48.8497 143
48.9498 153
49.0498 160
49.1499 169
49.25 176
49.3501 185
49.4502 193
49.5503 200
49.6503 200
49.7504 200
49.8505 200
49.9506 200
50.0507 200
50.1508 200
50.2509 200
50.3511 200
50.4512 200
50.5513 200
50.6513 200
50.7514 200
50.8515 200
50.9515 200
51.0517 200
51.1519 200
51.252 200
51.3521 200
51.4522 200
51.5523 200
51.6524 200
51.7524 200
51.8525 200
51.9526 200
52.0527 200
52.1528 200
52.2529 200
52.353 200
52.4531 200
52.5532 200
52.6532 200
52.7533 200
52.8534 200
52.9535 200
53.0536 200
53.1537 200
53.2538 200
53.3538 200
53.4539 200
53.554 200
53.6541 200
53.7542 200
53.8542 200
53.9543 200
54.0544 200
54.1545 200
54.2546 200
54.3547 200
54.4547 199
54.5548 200
54.6549 199
54.755 200
54.8551 200
54.9552 198
55.0553 200
55.1553 197
55.2555 200
55.3556 200
55.4556 198
55.5557 200
55.6558 198
55.7559 200
55.856 200
55.9561 198
56.0562 200
56.1562 195
56.2563 196
56.3565 198
56.4566 195
56.5566 199
56.6567 194
56.7568 197
56.8569 200
56.957 197
57.0571 198
57.1572 192
57.2574 196
57.3575 197
57.4576 192
57.5577 191
57.6578 185
57.7579 187
57.858 185
57.9581 184
58.0582 183
58.1583 175
58.2584 177
58.3585 174
58.4586 166
58.5587 155
58.6587 136
58.7588 125
58.8589 111
58.959 96
59.0591 85
59.1592 66
59.2593 55
59.3594 39
59.4594 26
59.5595 15
59.6596 0
59.7597 0
