1.753e-06 0
0.10048 8
0.200569 21
0.300635 33
0.400728 43
0.500864 55
0.600985 66
0.701085 77
0.801198 88
0.901301 98
1.00139 108
1.1015 120
1.20161 133
1.30172 142
1.40181 153
1.50191 165
1.60199 177
1.70207 188
1.80215 200
1.90222 200
2.00229 200
2.10239 200
2.20247 200
2.30257 200
2.40267 200
2.50276 200
2.60287 200
2.70296 200
2.80306 200
2.90313 200
3.00322 200
3.10335 200
3.20345 200
3.30354 200
3.40361 200
3.50368 200
3.60378 200
3.7048 200
3.80487 200
3.90495 200
4.00507 200
4.10517 200
4.20528 200
4.3054 200
4.40551 200
4.50561 200
4.60569 200
4.70577 200
4.80584 200
4.90592 200
5.00599 200
5.10607 200
5.20619 200
5.30629 200
5.40637 200
5.50646 200
5.60653 200
5.70662 200
5.8067 200
5.90679 200
6.00688 200
6.10699 200
6.20706 200
6.30715 199
6.40722 200
6.50731 200
6.60742 200
6.70755 200
6.80765 199
6.90773 200
7.00781 200
7.1079 200
7.20799 200
7.30808 198
7.40817 200
7.50827 198
7.60836 200
7.70845 200
7.80855 199
7.90864 200
8.00872 197
8.10882 200
8.20892 200
8.30902 197
8.40912 200
8.50922 196
8.60932 200
8.70942 200
8.80952 198
8.90963 200
9.00975 196
9.10986 200
9.20993 200
9.31001 198
9.41011 200
9.51022 195
9.6103 198
9.71039 198
9.81047 196
9.91057 199
10.0106 195
10.1107 196
10.2108 194
10.3109 193
10.411 192
10.5111 188
10.6112 188
10.7113 185
10.8114 186
10.9115 182
11.0116 170
11.1117 166
11.2118 154
11.3119 146
11.412 141
11.5121 128
11.6122 124
11.7123 111
11.8124 104
11.9125 98
12.0126 86
12.1127 82
12.2128 69
12.3128 46
12.4129 26
12.513 1
12.6131 0
12.7132 0
12.8133 0
12.9134 0
13.0135 0
13.1153 0
13.2154 0
13.3155 0
13.4156 0
13.5157 0
13.6158 0
13.7159 0
13.816 0
13.9161 0
14.0162 0
14.1163 0
14.2164 0
14.3164 0
14.4165 0
14.5167 0
14.6168 0
14.7169 0
14.8169 0
14.917 0
15.0171 0
15.1172 0
15.2172 0
15.3173 0
15.4174 0
15.5175 0
15.6175 0
15.7176 0
15.8177 0
15.9178 0
16.0179 0
16.1179 0
16.218 0
16.3181 0
16.4182 0
16.5183 0
16.6184 0
16.7184 0
16.8185 0
16.9186 0
17.0187 0
17.1188 0
17.2189 0
17.3189 0
17.419 0
17.5191 0
17.6192 0
17.7193 0
17.8194 0
17.9194 0
18.0195 0
18.1196 0
18.2197 0
18.3198 0
18.4198 0
18.5199 0
18.62 0
18.7201 0
18.8202 0
18.9202 0
19.0203 0
19.1204 0
19.2205 0
19.3206 0
19.4206 0
19.5207 0
19.6208 0
19.7209 0
19.8209 0
19.921 0
20.0211 0
20.1212 0
20.2212 1
20.3213 1
20.4214 0
20.5215 0
20.6216 1
20.7217 0
20.8218 1
20.9218 0
21.0219 2
21.1221 4
21.2221 7
21.3222 10
21.4223 12
21.5224 16
21.6225 19
21.7226 21
21.8227 24
21.9228 26
22.0229 30
22.123 33
22.2231 35
22.3232 38
22.4233 40
22.5234 44
22.6235 47
22.7236 49
22.8237 53
22.924 55
23.0244 58
23.1245 62
23.2245 64
23.3246 67
23.4247 70
23.5249 72
23.625 75
23.7251 77
23.8252 81
23.9253 83
24.0255 85
24.1256 88
24.2257 90
24.3258 92
24.4259 96
24.5259 99
24.6261 102
24.7261 104
24.8262 106
24.9263 111
25.0264 113
25.1264 116
25.2265 121
25.3266 131
25.4267 139
25.5268 148
25.6269 156
25.727 165
25.827 172
25.9271 180
26.0272 188
26.1273 194
26.2274 199
26.3275 200
26.4276 200
26.5276 200
26.6277 200
26.7278 200
26.8279 200
26.928 200
27.0281 200
27.1282 200
27.2283 200
27.3283 200
27.4284 200
27.5285 200
27.6286 200
27.7287 200
27.8288 200
27.9289 200
28.029 200
28.1291 200
28.2292 200
28.3293 200
28.4293 200
28.5295 200
28.6296 200
28.7297 200
28.8298 200
28.9299 200
29.03 200
29.1301 200
29.2302 200
29.3302 200
29.4303 200
29.5304 200
29.6305 200
29.7306 200
29.8306 200
29.9307 200
30.0308 200
30.1309 200
30.231 200
30.331 200
30.4311 200
30.5312 200
30.6313 200
30.7314 200
30.8314 200
30.9315 200
31.0316 198
31.1317 200
31.2318 199
31.3318 200
31.4319 198
31.532 200
31.6321 200
31.7321 200
31.8322 200
31.9323 198
32.0324 198
32.1325 200
32.2325 196
32.3326 198
32.4327 197
32.5328 198
32.6328 198
32.7329 197
32.833 199
32.9331 197
33.0332 197
33.1333 199
33.2336 194
33.3337 194
33.4337 191
33.5339 190
33.634 189
33.7341 185
33.8342 187
33.9343 187
34.0344 181
34.1345 180
34.2346 176
34.3347 174
34.4348 170
34.5349 161
34.635 153
34.7351 142
34.8351 136
34.9352 128
35.0353 119
35.1354 111
35.2355 100
35.3356 94
35.4356 86
35.5357 77
35.6358 69
35.7359 52
35.836 29
35.9361 5
36.0362 0
36.1363 0
36.2364 0
36.3365 0
36.4366 0
36.5367 0
36.6368 0
36.7369 0
36.8369 0
36.9371 0
37.0372 0
37.1373 0
37.2373 0
37.3374 0
37.4375 0
37.5376 0
37.6377 0
37.7378 0
37.8379 0
37.938 0
38.038 0
38.1381 0
38.2383 0
38.3384 0
38.4385 0
38.5386 0
38.6387 0
38.7387 0
38.8388 0
38.9389 0
39.039 0
39.1391 0
39.2392 0
39.3393 0
39.4394 0
39.5395 0
39.6396 0
39.7397 0
39.8398 0
39.9398 0
40.0399 0
40.14 0
40.2401 0
40.3402 0
40.4402 0
40.5403 0
40.6404 0
40.7405 0
40.8406 0
40.9406 0
41.0407 0
41.1408 0
41.2409 0
41.341 0
41.4411 0
41.5411 0
41.6412 0
41.7413 0
41.8414 0
41.9415 0
42.0416 0
42.1417 0
42.2418 0
42.3418 0
42.4419 0
42.542 0
42.6421 0
42.7422 0
42.8423 0
42.9426 0
43.0433 0
43.1434 1
43.2435 1
43.3436 0
43.4437 1
43.5438 1
43.6439 2
43.744 2
43.8441 0
43.9442 3
44.0443 3
44.1444 5
44.2445 8
44.3446 11
44.4447 15
44.5448 17
44.6449 21
44.745 23
44.845 25
44.9451 29
45.0452 31
45.1453 34
45.2454 36
45.3454 38
45.4455 43
45.5456 45
45.6457 48
45.7458 51
45.8459 52
45.9461 57
46.0462 59
46.1463 62
46.2464 64
46.3465 66
46.4466 70
46.5467 73
46.6468 76
46.7468 78
46.8469 80
46.947 85
47.0471 87
47.1472 90
47.2473 93
47.3474 95
47.4475 99
47.5475 101
47.6476 105
47.7477 107
47.8478 108
47.9478 113
48.0479 115
48.148 117
48.2481 120
48.3482 122
48.4483 127
48.5484 129
48.6484 131
48.7485 136
48.8486 144
48.9487 151
49.0488 160
49.1488 169
49.2489 176
49.349 185
49.4491 193
49.5492 200
49.6493 200
49.7493 200
49.8494 200
49.9495 200
50.0496 200
50.1497 200
50.2497 200
50.3498 200
50.4499 200
50.55 200
50.6501 200
50.7501 200
50.8502 200
50.9503 200
51.0504 200
51.1505 200
51.2506 200
51.3506 200
51.4507 200
51.5508 200
51.6509 200
51.7509 200
51.851 200
51.9511 200
52.0512 200
52.1513 200
52.2514 200
52.3514 200
52.4515 200
52.5516 200
52.6517 200
52.7519 200
52.852 200
52.9521 200
53.0522 200
53.1523 200
53.2524 200
53.3525 200
53.4526 200
53.5534 200
53.6544 200
53.7545 200
53.8545 200
53.9546 200
54.0547 200
54.1548 200
54.2549 200
54.355 200
54.4551 199
54.5552 200
54.6553 200
54.7554 200
54.8554 200
54.9555 199
55.0556 200
55.1557 200
55.2558 200
55.3559 200
55.4559 198
55.556 200
55.6561 200
55.7562 199
55.8562 200
55.9563 198
56.0564 200
56.1565 198
56.2565 196
56.3566 198
56.4567 195
56.5568 200
56.6569 197
56.7569 197
56.857 200
56.9571 197
57.0572 198
57.1573 195
57.2573 196
57.3574 197
57.4575 192
57.5576 191
57.6577 188
57.7577 187
57.8578 187
57.9579 183
58.058 183
58.1581 176
58.2581 177
58.3582 175
58.4583 166
58.5584 155
58.6585 137
58.7585 126
58.8586 112
58.9587 96
59.0588 85
59.1588 66
59.259 56
59.359 40
59.4591 26
59.5592 15
59.6593 0
