2.755e-06 0
0.100773 8
0.200862 21
0.300934 33
0.401016 43
0.50111 55
0.601201 66
0.70128 77
0.801359 88
0.901435 98
1.00152 108
1.10159 120
1.20167 133
1.30175 142
1.40184 153
1.50193 165
1.60203 177
1.70211 188
1.80218 200
1.90227 200
2.00237 200
2.10249 200
2.2026 200
2.30269 200
2.40278 200
2.50285 200
2.60294 200
2.70303 200
2.80312 200
2.9032 200
3.00329 200
3.10337 200
3.20347 200
3.30358 200
3.40367 200
3.50376 200
3.60385 200
3.70395 200
3.80403 200
3.90412 200
4.0042 200
4.10428 200
4.20436 200
4.30446 200
4.40457 200
4.50467 200
4.60475 200
4.70483 200
4.80495 200
4.90507 200
5.00517 200
5.10525 200
5.20533 200
5.30543 200
5.40552 200
5.5056 200
5.60568 200
5.70576 200
5.80584 200
5.90595 200
6.00608 200
6.10616 200
6.20624 200
6.30631 200
6.4064 200
6.5065 200
6.60661 200
6.70672 200
6.80682 199
6.90694 200
7.00706 200
7.10718 200
7.2073 200
7.30743 198
7.40755 200
7.50768 200
7.60777 200
7.7079 200
7.80802 200
7.90815 200
8.00826 200
8.10836 198
8.20843 200
8.30852 199
8.40861 200
8.50872 198
8.6088 199
8.70888 200
8.80896 198
8.90904 200
9.00912 198
9.10919 200
9.20927 200
9.30935 196
9.40942 200
9.50949 197
9.60957 197
9.70965 200
9.80972 196
9.9098 199
10.0099 197
10.1099 196
10.21 195
10.3101 192
10.4102 191
10.5103 189
10.6104 187
10.7104 188
10.8105 185
10.9106 182
11.0107 170
11.1108 164
11.2109 156
11.3109 145
11.411 141
11.5111 128
11.6112 122
11.7113 113
11.8114 102
11.9115 99
12.0116 85
12.1116 80
12.2117 69
12.3118 47
12.4119 27
12.512 0
12.6121 0
12.7122 0
12.8123 0
12.9124 0
13.0125 0
13.1126 0
13.2127 0
13.3128 0
13.4129 0
13.513 0
13.6131 0
13.7132 0
13.8132 0
13.9133 0
14.0134 0
14.1135 0
14.2136 0
14.3137 0
14.4139 0
14.514 0
14.6141 0
14.7142 0
14.8143 0
14.9144 0
15.0145 0
15.1145 0
15.2146 0
15.3147 0
15.4148 0
15.5149 0
15.6149 0
15.715 0
15.8151 0
15.9152 0
16.0153 0
16.1154 0
16.2154 0
16.3155 0
16.4156 0
16.5158 0
16.6159 0
16.716 0
16.816 0
16.9161 0
17.0162 0
17.1163 0
17.2164 0
17.3165 0
17.4165 0
17.5166 0
17.6167 0
17.7168 0
17.8169 0
17.917 0
18.0171 0
18.1171 0
18.2172 0
18.3173 0
18.4174 0
18.5175 0
18.6176 0
18.7177 0
18.8178 0
18.9179 0
19.018 0
19.1181 0
19.2182 0
19.3183 0
19.4184 0
19.5185 0
19.6186 0
19.7187 0
19.8188 0
19.9189 0
20.019 0
20.1191 0
20.2192 1
20.3193 0
20.4194 1
20.5195 1
20.6196 0
20.7197 2
20.8198 0
20.9199 1
21.02 1
21.1201 4
21.2202 9
21.3203 10
21.4204 14
21.5204 16
21.6205 19
21.7206 23
21.8207 24
21.9207 28
22.0208 31
22.1209 32
22.221 37
22.3211 38
22.4212 42
22.5213 44
22.6214 47
22.7215 51
22.8216 53
22.9216 57
23.0217 59
23.1218 62
23.2219 66
23.3219 67
23.422 69
23.5221 74
23.6222 74
23.7223 79
23.8224 80
23.9225 82
24.0226 86
24.1227 88
24.2228 93
24.3229 94
24.423 96
24.5231 100
24.6232 101
24.7233 106
24.8233 108
24.9234 110
25.0235 115
25.1236 116
25.2237 123
25.3238 133
25.4239 141
25.524 150
25.6241 158
25.7242 166
25.8243 174
25.9244 183
26.0245 190
26.1245 194
26.2246 200
26.3247 200
26.4248 200
26.5249 200
26.625 200
26.7251 200
26.8252 200
26.9253 200
27.0254 200
27.1255 200
27.2256 200
27.3257 200
27.4258 200
27.5259 200
27.626 200
27.7261 200
27.8262 200
27.9263 200
28.0264 200
28.1265 200
28.2266 200
28.3267 200
28.4268 200
28.5268 200
28.6269 200
28.727 200
28.8271 200
28.9272 200
29.0272 200
29.1273 200
29.2274 200
29.3275 200
29.4275 200
29.5276 200
29.6277 200
29.7278 200
29.8279 200
29.9279 200
30.028 200
30.1281 200
30.2282 200
30.3283 200
30.4283 200
30.5284 200
30.6285 200
30.7286 199
30.8287 200
30.9288 200
31.0289 199
31.1289 200
31.229 198
31.3291 200
31.4292 200
31.5293 198
31.6294 200
31.7295 198
31.8295 200
31.9296 200
32.0297 198
32.1298 199
32.2298 194
32.3299 198
32.43 200
32.5301 198
32.6302 199
32.7302 196
32.8303 198
32.9304 200
33.0305 196
33.1306 198
33.2307 193
33.3308 193
33.4309 190
33.531 189
33.631 189
33.7311 184
33.8312 187
33.9313 183
34.0314 180
34.1316 180
34.2317 174
34.3318 175
34.4319 166
34.532 159
34.632 153
34.7321 140
34.8322 135
34.9323 123
35.0324 117
35.1324 111
35.2325 98
35.3326 93
35.4327 81
35.5328 75
35.633 69
35.7331 47
35.8332 25
35.9332 2
36.0333 0
36.1334 0
36.2335 0
36.3336 0
36.4336 0
36.5337 0
36.6338 0
36.7339 0
36.834 0
36.934 0
37.0341 0
37.1342 0
37.2343 0
37.3343 0
37.4344 0
37.5345 0
37.6346 0
37.7346 0
37.8347 0
37.9348 0
38.0349 0
38.1349 0
38.235 0
38.3351 0
38.4352 0
38.5352 0
38.6353 0
38.7354 0
38.8355 0
38.9356 0
39.0356 0
39.1357 0
39.2358 0
39.3359 0
39.4359 0
39.536 0
39.6361 0
39.7362 0
39.8363 0
39.9363 0
40.0364 0
40.1365 0
40.2366 0
40.3366 0
40.4367 0
40.5368 0
40.6369 0
40.737 0
40.837 0
40.9371 0
41.0372 0
41.1373 0
41.2373 0
41.3374 0
41.4375 0
41.5376 0
41.6376 0
41.7377 0
41.8378 0
41.9379 0
42.038 0
42.1381 0
42.2382 0
42.3383 0
42.4384 0
42.5384 1
42.6385 0
42.7386 0
42.8387 0
42.9388 0
43.0388 1
43.139 0
43.239 1
43.3391 1
43.4392 0
43.5393 2
43.6394 1
43.7395 2
43.8395 3
43.9396 1
44.0397 4
44.1398 6
44.2399 9
44.34 12
44.4401 14
44.5402 18
44.6403 20
44.7404 24
44.8405 26
44.9406 27
45.0407 31
45.1408 34
45.2409 36
45.3409 40
45.441 41
45.5411 45
45.6412 48
45.7413 50
45.8413 54
45.9414 55
46.0415 60
46.1416 61
46.2417 63
46.3418 68
46.4418 69
46.5419 73
46.642 76
46.7421 78
46.8422 82
46.9422 83
47.0423 88
47.1424 90
47.2425 92
47.3425 97
47.4426 98
47.5427 100
47.6428 104
47.7428 105
47.8429 109
47.943 112
48.0431 114
48.1432 117
48.2432 119
48.3433 124
48.4434 126
48.5435 128
48.6436 132
48.7437 136
48.8437 144
48.9438 152
49.0439 160
49.144 169
49.2441 176
49.3442 185
49.4443 193
49.5444 200
49.6445 200
49.7446 200
49.8447 200
49.9448 200
50.0449 200
50.145 200
50.2451 200
50.3452 200
50.4453 200
50.5453 200
50.6454 200
50.7455 200
50.8456 200
50.9457 200
51.0458 200
51.1459 200
51.246 200
51.3461 200
51.4462 200
51.5463 200
51.6463 200
51.7464 200
51.8465 200
51.9466 200
52.0467 200
52.1468 200
52.2469 200
52.3469 200
52.447 200
52.5471 200
52.6472 200
52.7473 200
52.8473 200
52.9474 200
53.0475 200
53.1476 200
53.2477 200
53.3478 200
53.4479 200
53.548 200
53.6481 200
53.7481 200
53.8482 200
53.9483 200
54.0484 200
54.1485 199
54.2486 200
54.3486 200
54.4487 199
54.5488 200
54.6489 198
54.749 200
54.8491 200
54.9491 199
55.0492 200
55.1493 199
55.2494 200
55.3495 200
55.4496 199
55.5497 200
55.6498 198
55.7499 200
55.8499 200
55.95 200
56.0501 199
56.1502 196
56.2503 199
56.3503 200
56.4504 197
56.5505 199
56.6506 196
56.7507 198
56.8508 200
56.9509 198
57.051 199
57.1511 195
57.2512 197
57.3513 196
57.4514 193
57.5515 193
57.6516 188
57.7517 187
57.8518 184
57.9519 184
58.052 184
58.1521 179
58.2522 177
58.3523 174
58.4524 166
58.5525 154
58.6526 137
58.7526 124
58.8527 109
58.9528 96
59.0529 84
59.1529 67
59.253 54
59.3531 39
59.4532 26
59.5533 14
59.6534 0
