1.873e-06 0
0.100133 5
0.200236 5
0.300373 5
0.400463 5
0.500556 5
0.600652 5
0.70075 5
0.800841 5
0.900945 5
1.00104 5
1.10113 5
1.20121 5
1.30131 5
1.4014 5
1.50148 5
1.60156 5
1.70164 5
1.80172 5
1.90181 5
2.0019 5
2.10199 5
2.20208 5
2.30218 5
2.40229 5
2.50237 5
2.60245 5
2.70253 5
2.80261 5
2.90269 5
3.00278 5
3.10287 5
3.20296 5
3.30304 5
3.40313 5
3.5032 5
3.60328 5
3.70335 5
3.80343 5
3.9035 5
4.00359 5
4.10369 5
4.20376 5
4.30384 5
4.40392 5
4.504 5
4.60408 5
4.70416 5
4.80423 5
4.9043 5
5.00438 5
5.10446 5
5.20454 5
5.30461 5
5.40469 5
5.50478 5
5.60486 5
5.70494 5
5.80501 5
5.9051 5
6.00521 4
6.10529 5
6.20536 5
6.30544 4
6.40551 5
6.50559 4
6.60567 4
6.70577 5
6.80584 4
6.90591 5
7.00599 3
7.10608 5
7.20618 5
7.30626 3
7.40634 5
7.50641 3
7.60649 5
7.70657 4
7.80664 2
7.90672 5
8.0068 2
8.10712 4
8.20724 2
8.30735 2
8.40746 3
8.50754 1
8.60764 2
8.7087 3
8.80902 0
8.90913 2
9.00963 0
9.1097 1
9.2098 1
9.31013 0
9.41022 0
9.51033 0
9.61042 1
9.71051 0
9.81059 0
9.91069 0
10.0108 1
10.1108 1
10.2109 0
10.311 0
10.4111 0
10.5111 0
10.6112 0
10.7113 0
10.8114 0
10.9114 0
11.0115 0
11.1116 0
11.2117 0
11.3118 0
11.4118 0
11.5119 0
11.612 0
11.7121 0
11.8122 0
11.9122 0
12.0123 0
12.1124 0
12.2125 0
12.3126 0
12.4126 0
12.5127 0
12.6128 0
12.7129 0
12.813 0
12.9131 0
13.0132 0
13.1132 0
13.2133 0
13.3134 0
13.4135 0
13.5136 0
13.6137 0
13.7138 0
13.8139 0
13.914 0
14.014 0
14.1141 0
14.2142 0
14.3143 0
14.4144 0
14.5145 0
14.6146 0
14.7147 0
14.8148 0
14.9148 0
15.0149 0
15.115 0
15.2151 0
15.3152 0
15.4153 0
15.5154 0
15.6155 0
15.7156 0
15.8157 0
15.9158 0
16.0159 0
16.116 0
16.216 0
16.3161 0
16.4162 0
16.5163 0
16.6164 0
16.7165 0
16.8166 0
16.9167 0
17.0168 0
17.1169 0
17.217 0
17.3171 0
17.4172 0
17.5173 0
17.6173 0
17.7174 0
17.8175 0
17.9176 0
18.0176 0
18.1177 0
18.2178 0
18.3179 0
18.4183 0
18.5189 0
18.619 0
18.7192 0
18.8193 0
18.9193 0
19.0195 0
19.1196 0
19.2196 0
19.3197 0
19.4198 0
19.5199 0
19.62 0
19.7201 0
19.8201 0
19.9202 0
20.0203 0
20.1204 0
20.2204 0
20.3205 0
20.4206 0
20.5206 0
20.6207 0
20.7208 0
20.8209 0
20.9209 0
21.021 0
21.1211 0
21.2212 0
21.3213 0
21.4213 0
21.5214 0
21.6215 0
21.7216 0
21.8217 0
21.9217 0
22.0218 0
22.1219 0
22.222 0
22.3221 0
22.4221 0
22.5222 0
22.6223 0
22.7224 0
22.8225 0
22.9226 0
23.0226 0
23.1227 0
23.2228 0
23.3229 0
23.423 0
23.523 0
23.6231 0
23.7232 0
23.8233 0
23.9233 0
24.0235 0
24.1236 0
24.2237 0
24.3237 0
24.4238 0
24.5239 0
24.624 0
24.7241 0
24.8241 0
24.9242 0
25.0243 0
25.1244 0
25.2245 0
25.3245 0
25.4246 0
25.5247 0
25.6248 0
25.7249 0
25.825 0
25.9251 0
26.0251 0
26.1252 0
26.2253 0
26.3254 0
26.4255 0
26.5255 0
26.6256 0
26.7257 0
26.8258 0
26.9259 0
27.0259 0
27.126 0
27.2261 0
27.3262 0
27.4263 0
27.5264 0
27.6264 0
27.7265 0
27.8266 0
27.9267 0
28.0268 0
28.1268 0
28.227 2
28.3277 0
28.428 0
28.5299 0
28.63 0
28.7301 0
28.8317 0
28.9318 0
29.032 0
29.1321 0
29.2322 0
29.3323 0
29.4324 0
29.5325 1
29.6325 0
29.7327 0
29.8327 0
29.9328 0
30.0329 0
30.133 0
30.2331 1
30.3331 0
30.4332 0
30.5333 0
30.6334 0
30.7334 0
30.8335 0
30.9336 0
31.0337 0
31.1337 0
31.2338 0
31.3339 0
31.434 0
31.534 0
31.6341 0
31.7342 0
31.8343 0
31.9344 0
32.0345 0
32.1345 0
32.2346 0
32.3347 0
32.4348 0
32.5349 0
32.6349 0
32.735 0
32.8351 0
32.9352 0
33.0353 0
33.1353 0
33.2354 0
33.3355 0
33.4356 0
33.5357 0
33.6357 0
33.7358 0
33.8359 0
33.936 0
34.0361 0
34.1361 0
34.2362 0
34.3363 0
34.4364 0
34.5365 0
34.6366 0
34.7366 0
34.8367 0
34.9368 0
35.0369 0
35.137 0
35.2371 0
35.3372 0
35.4372 0
35.5373 0
35.6374 0
35.7375 0
35.8376 0
35.9377 0
36.0377 0
36.1378 0
36.2379 0
36.338 0
36.4381 0
36.5382 0
36.6383 0
36.7383 0
36.8384 0
36.9385 0
37.0386 0
37.1387 0
37.2388 0
37.3389 0
37.4389 0
37.539 0
37.6391 0
37.7392 0
37.8393 0
37.9393 0
38.0395 0
38.1396 0
38.2397 0
38.3398 0
38.4399 0
38.54 0
38.6401 0
38.7414 0
38.8432 0
38.9433 0
39.0435 0
39.1435 0
39.2436 0
39.3437 0
39.4438 0
39.5439 0
39.644 0
39.7441 0
39.8442 0
39.9443 0
40.0444 0
40.1444 0
40.2445 0
40.3446 0
40.4447 0
40.5448 0
40.6448 0
40.7449 0
40.845 0
40.9452 0
41.0452 0
41.1453 0
41.2454 0
41.3455 0
41.4455 0
41.5456 0
41.6457 0
41.7458 0
41.8459 0
41.9459 0
42.046 0
42.1461 0
42.2462 0
42.3463 0
42.4464 0
42.5464 0
42.6465 0
42.7466 0
42.8467 0
42.9468 0
43.0469 0
43.147 0
43.247 0
43.3471 0
43.4472 0
43.5473 0
43.6473 0
43.7474 0
43.8475 0
43.9476 0
44.0476 0
44.1477 0
44.2478 0
44.3479 0
44.448 0
44.548 0
44.6481 0
44.7482 0
44.8483 0
44.9484 0
45.0484 0
45.1485 0
45.2486 0
45.3487 0
45.4487 0
45.5488 0
45.6489 0
45.749 0
45.849 0
45.9491 0
46.0492 0
46.1493 0
46.2494 0
46.3495 0
46.4496 0
46.5497 0
46.6498 0
46.7498 0
46.8499 0
46.95 0
47.0501 0
47.1501 0
47.2502 0
47.3503 0
47.4504 0
47.5505 0
47.6506 0
47.7507 0
47.8508 0
47.9509 0
48.0519 0
48.152 0
48.2524 0
48.3525 0
48.4527 1
48.554 1
48.654 1
48.7541 2
48.8542 4
48.9543 2
49.0544 0
49.1545 0
49.2546 0
49.3547 0
49.4548 0
49.5548 0
49.6549 0
49.755 0
49.8551 0
49.9551 0
50.0552 0
50.1553 0
50.2554 0
50.3554 0
50.4555 0
50.5556 0
50.6556 0
50.7557 0
50.8558 0
50.9559 0
51.0559 0
51.156 0
51.2561 0
51.3562 0
51.4562 0
51.5563 0
51.6564 0
51.7565 0
51.8565 0
51.9566 0
52.0567 0
52.1568 0
52.2568 0
52.3569 0
52.457 0
52.5571 0
52.6571 0
52.7572 0
52.8573 0
52.9574 0
53.0574 0
53.1575 0
53.2576 0
53.3577 0
53.4577 0
53.5578 0
53.6579 0
53.758 0
53.8581 0
53.9582 0
54.0583 0
54.1584 0
54.2585 0
54.3586 0
54.4586 0
54.5587 0
54.6588 0
54.7589 0
