1.873e-06 0
0.100335 8
0.200463 21
0.300578 33
0.400677 43
0.500748 55
0.600819 66
0.700894 77
0.800975 88
0.901048 98
1.00112 108
1.10119 120
1.20127 132
1.30136 142
1.40147 153
1.50155 165
1.60163 177
1.7017 188
1.80179 200
1.90186 200
2.00194 200
2.10205 200
2.20216 200
2.30228 200
2.40239 200
2.5025 200
2.60262 200
2.70273 200
2.80281 200
2.90289 200
3.00299 200
3.1031 200
3.20318 200
3.30327 200
3.4034 200
3.50346 200
3.60353 200
3.70361 200
3.80369 200
3.90377 200
4.00385 200
4.10393 200
4.20402 200
4.3041 200
4.40417 200
4.50425 200
4.60433 200
4.7044 200
4.80448 200
4.90455 200
5.00462 200
5.10471 200
5.20479 200
5.30488 200
5.40496 200
5.50504 200
5.60512 200
5.7052 200
5.80528 200
5.90536 200
6.00544 199
6.10551 200
6.20558 200
6.30566 200
6.40574 200
6.50583 199
6.6059 200
6.70599 200
6.80607 199
6.90615 200
7.00625 198
7.10634 200
7.20642 199
7.3065 200
7.40658 200
7.50667 199
7.60675 200
7.70683 200
7.80691 200
7.907 200
8.0071 198
8.10717 200
8.20726 198
8.30734 199
8.40743 200
8.50753 199
8.60762 200
8.70769 200
8.81234 200
8.91244 200
9.01252 198
9.1126 199
9.2127 200
9.31279 198
9.41349 196
9.51358 193
9.61374 195
9.71383 194
9.81394 193
9.91405 192
10.0141 191
10.1142 189
10.2143 188
10.3144 185
10.4145 185
10.5146 182
10.6146 181
10.7147 181
10.8148 177
10.9149 178
11.015 172
11.1151 165
11.2152 159
11.3153 148
11.4153 142
11.5154 131
11.6155 123
11.7156 116
11.8157 106
11.9158 99
12.0159 88
12.116 81
12.2161 74
12.3162 63
12.4163 40
12.5164 20
12.6164 0
12.7165 0
12.8166 0
12.9167 0
13.0168 0
13.1169 0
13.217 0
13.317 0
13.4171 0
13.5172 0
13.6173 0
13.7173 0
13.8174 0
13.9176 0
14.0177 0
14.1178 0
14.2179 0
14.318 0
14.4181 0
14.5182 0
14.6183 0
14.7184 0
14.8185 0
14.9186 0
15.0187 0
15.1187 0
15.2188 0
15.3189 0
15.419 0
15.5191 0
15.6192 0
15.7193 0
15.8194 0
15.9194 0
16.0195 0
16.1196 0
16.2197 0
16.3198 0
16.4199 0
16.52 0
16.62 0
16.7201 0
16.8202 0
16.9203 0
17.0204 0
17.1205 0
17.2206 0
17.3207 0
17.4207 0
17.5208 0
17.6209 0
17.721 0
17.8211 0
17.9212 0
18.0213 0
18.1214 0
18.2215 0
18.3216 0
18.4218 0
18.522 0
18.6221 0
18.7226 0
18.8227 0
18.9228 0
19.0244 0
19.1245 0
19.2247 0
19.3248 0
19.4253 0
19.5266 1
19.6267 0
19.7268 0
19.8269 0
19.927 0
20.0271 0
20.1271 0
20.2272 0
20.3273 0
20.4274 1
20.5274 1
20.6275 1
20.7276 0
20.8277 0
20.9277 0
21.0278 0
21.1279 4
21.228 6
21.3281 9
21.4282 12
21.5282 14
21.6283 18
21.7284 20
21.8285 23
21.9286 27
22.0287 29
22.1287 32
22.2288 34
22.3289 38
22.429 40
22.5291 43
22.6291 46
22.7292 48
22.8293 53
22.9294 55
23.0295 56
23.1296 60
23.2297 63
23.3297 67
23.4298 69
23.5299 72
23.63 75
23.7301 77
23.8301 81
23.9302 83
24.0303 86
24.1304 89
24.2305 91
24.3306 95
24.4306 96
24.5307 99
24.6308 102
24.7309 104
24.831 107
24.931 109
25.0311 113
25.1312 116
25.2313 118
25.3314 121
25.4314 124
25.5315 131
25.6316 140
25.7317 149
25.8317 157
25.9318 166
26.0319 174
26.132 177
26.2321 184
26.3322 190
26.4323 196
26.5324 200
26.6324 200
26.7325 200
26.8326 200
26.9327 200
27.0328 200
27.1328 200
27.2329 200
27.333 200
27.4331 200
27.5332 200
27.6333 200
27.7334 200
27.8335 200
27.9335 200
28.0336 200
28.1337 200
28.2338 200
28.3339 200
28.434 200
28.5345 200
28.6346 200
28.7348 200
28.8349 200
28.935 199
29.0351 200
29.1352 200
29.2353 200
29.3354 200
29.4356 200
29.5357 200
29.6358 200
29.7359 200
29.836 200
29.9361 200
30.0362 200
30.1363 200
30.2364 198
30.3365 199
30.4366 200
30.5367 200
30.6368 200
30.7369 199
30.837 200
30.937 200
31.0371 198
31.1373 200
31.2373 200
31.3374 200
31.4375 200
31.5376 198
31.6376 200
31.7377 200
31.8378 199
31.9379 200
32.0379 197
32.138 200
32.2381 196
32.3382 197
32.4383 197
32.5383 197
32.6384 200
32.7385 196
32.8386 199
32.9387 198
33.0388 197
33.1388 198
33.2389 192
33.339 195
33.4391 192
33.5392 189
33.6393 191
33.7394 187
33.8395 185
33.9396 185
34.0396 182
34.1397 182
34.2398 175
34.3399 174
34.44 170
34.5401 167
34.6402 161
34.7403 148
34.8404 143
34.9405 131
35.0406 126
35.1407 118
35.2408 107
35.3409 102
35.4409 89
35.541 84
35.6411 75
35.7412 66
35.8413 53
35.9414 29
36.0415 8
36.1415 0
36.2416 0
36.3417 0
36.4418 0
36.5419 0
36.642 0
36.742 0
36.8421 0
36.9422 0
37.0423 0
37.1424 0
37.2425 0
37.3426 0
37.4427 0
37.5428 0
37.6428 0
37.7429 0
37.843 0
37.9431 0
38.0432 0
38.1433 0
38.2434 0
38.3438 0
38.4439 0
38.544 0
38.6443 0
38.7444 0
38.8445 0
38.9446 0
39.0449 0
39.145 0
39.2451 0
39.3452 0
39.4453 0
39.5453 0
39.6454 0
39.7456 0
39.8456 0
39.9457 0
40.0458 0
40.1459 0
40.246 0
40.3461 0
40.4462 0
40.5463 0
40.6463 0
40.7464 0
40.8465 0
40.9466 0
41.0467 0
41.1468 0
41.2469 0
41.3469 0
41.447 0
41.5471 0
41.6472 0
41.7473 0
41.8474 0
41.9475 0
42.0476 0
42.1476 0
42.2477 0
42.3478 0
42.4479 1
42.548 0
42.648 0
42.7481 0
42.8482 0
42.9483 1
43.0484 0
43.1485 1
43.2485 1
43.3486 2
43.4487 1
43.5488 0
43.6489 1
43.749 1
43.8491 1
43.9491 2
44.0492 1
44.1493 6
44.2494 8
44.3495 11
44.4496 15
44.5497 16
44.6497 20
44.7498 22
44.8499 26
44.95 29
45.0501 31
45.1502 35
45.2503 37
45.3504 40
45.4504 43
45.5505 44
45.6506 48
45.7507 50
45.8508 53
45.9509 57
46.0509 58
46.151 62
46.2511 64
46.3512 67
46.4513 70
46.5514 71
46.6514 75
46.7515 78
46.8516 81
46.9517 84
47.0518 86
47.1519 90
47.2519 92
47.352 94
47.4521 98
47.5522 100
47.6523 104
47.7523 106
47.8524 109
47.9525 113
48.0526 114
48.1528 118
48.2529 120
48.353 122
48.4532 127
48.5542 127
48.6542 130
48.7543 133
48.8544 135
48.9545 139
49.0546 146
49.1547 154
49.2548 162
49.355 169
49.4551 178
49.5552 190
49.6553 199
49.7554 200
49.8555 200
49.9556 200
50.0557 200
50.1557 200
50.2558 200
50.3559 200
50.456 200
50.5561 200
50.6562 200
50.7563 200
50.8564 200
50.9564 200
51.0565 200
51.1566 200
51.2567 200
51.3568 200
51.4568 200
51.5569 200
51.6571 200
51.7572 200
51.8573 200
51.9574 200
52.0575 200
52.1575 200
52.2576 200
52.3577 200
52.4578 200
52.5579 200
52.658 200
52.758 200
52.8582 200
52.9583 200
53.0583 200
53.1584 200
53.2585 200
53.3586 200
53.4587 199
53.5587 200
53.6588 200
53.7589 200
53.859 200
53.9591 199
54.0592 200
54.1593 200
54.2593 199
54.3594 200
54.4595 198
54.5596 200
54.6597 200
54.7598 200
54.8599 200
54.96 200
55.06 200
55.1601 199
55.2602 200
55.3603 200
55.4604 198
55.5605 200
55.6605 199
55.7606 200
55.8607 200
55.9608 198
56.0609 200
56.1609 196
56.261 198
56.3611 198
56.4612 196
56.5613 199
56.6613 196
56.7614 198
56.8615 197
56.9616 197
57.0617 200
57.1618 195
57.2619 196
57.3619 194
57.462 192
57.5621 194
57.6622 187
57.7623 189
57.8623 185
57.9624 184
58.0632 184
58.1633 179
58.2634 178
58.3635 175
58.4636 170
58.5637 164
58.664 147
58.7641 136
58.8642 121
58.9643 107
59.0644 96
59.1646 80
59.2647 69
59.3648 56
59.465 40
59.565 29
59.6652 12
59.7653 0
