1.403e-06 0
0.100446 8
0.20057 21
0.300664 33
0.400764 43
0.500848 55
0.600926 66
0.701004 77
0.801085 88
0.901168 98
1.00124 100
1.10133 100
1.20142 100
1.3015 100
1.40157 100
1.50166 100
1.60176 100
1.70185 100
1.80193 100
1.90201 100
2.0021 100
2.10218 100
2.20227 100
2.30235 100
2.40243 100
2.50252 100
2.60257 100
2.70266 100
2.80276 100
2.90284 100
3.00291 100
3.10298 100
3.20307 100
3.30317 100
3.40325 100
3.50332 100
3.60339 100
3.70347 100
3.80355 100
3.90365 100
4.00372 100
4.10379 100
4.20387 100
4.30394 100
4.40401 100
4.50408 100
4.60417 100
4.70429 100
4.80439 100
4.9045 100
5.00458 99
5.10465 100
5.20475 100
5.30484 99
5.40492 100
5.505 100
5.60508 100
5.70516 100
5.80526 100
5.90534 100
6.00571 100
6.10581 100
6.20626 100
6.3065 99
6.40715 100
6.5087 99
6.60877 100
6.70885 100
6.80894 99
6.90905 100
7.00918 99
7.10928 100
7.20936 100
7.30947 98
7.40954 100
7.50961 99
7.6097 99
7.70978 100
7.80986 98
7.90993 100
8.01002 98
8.1101 98
8.2102 98
8.31029 97
8.41037 97
8.51045 96
8.61054 95
8.71061 96
8.8107 93
8.91078 96
9.01087 93
9.11094 95
9.21103 96
9.31113 90
9.41121 92
9.51129 87
9.61138 89
9.71146 87
9.81154 83
9.91161 87
10.0117 80
10.1118 79
10.2118 78
10.3119 71
10.412 72
10.5121 64
10.6122 66
10.7123 63
10.8124 54
10.9124 48
11.0125 36
11.1126 31
11.2127 19
11.3128 0
11.4129 0
11.513 0
11.6131 0
11.7132 0
11.8133 0
11.9134 0
12.0135 0
12.1135 0
12.2136 0
12.3137 0
12.4138 0
12.5139 0
12.6139 0
12.714 0
12.8141 0
12.9142 0
13.0143 0
13.1143 0
13.2144 0
13.3145 0
13.4146 0
13.5147 0
13.6148 0
13.7148 0
13.8149 0
13.915 0
14.0151 0
14.1152 0
14.2152 0
14.3153 0
14.4154 0
14.5155 0
14.6156 0
14.7157 0
14.8157 0
14.9158 0
15.0159 0
15.116 0
15.2161 0
15.3162 0
15.4162 0
15.5163 0
15.6164 0
15.7165 0
15.8166 0
15.9177 0
16.0178 0
16.1179 0
16.218 0
16.3185 0
16.4187 0
16.5188 0
16.6189 0
16.719 0
16.8192 0
16.9193 0
17.0194 0
17.1195 0
17.2196 0
17.3196 0
17.4197 0
17.5198 0
17.6199 0
17.72 0
17.8201 0
17.9202 0
18.0203 0
18.1204 0
18.2204 0
18.3205 0
18.4206 0
18.5207 0
18.6208 0
18.7209 0
18.821 0
18.9211 0
19.0211 0
19.1212 0
19.2213 0
19.3214 1
19.4215 0
19.5215 1
19.6216 1
19.7217 0
19.8218 1
19.9219 1
20.022 2
20.122 4
20.2221 7
20.3222 11
20.4223 13
20.5224 16
20.6224 18
20.7225 21
20.8226 25
20.9227 27
21.0227 30
21.1228 32
21.2229 34
21.323 38
21.4231 40
21.5231 43
21.6232 45
21.7233 47
21.8234 52
21.9235 54
22.0236 58
22.1237 60
22.2238 62
22.3238 67
22.4239 69
22.524 72
22.6241 74
22.7242 76
22.8243 81
22.9243 83
23.0244 85
23.1245 84
23.2246 83
23.3247 86
23.4247 85
23.5248 86
23.6249 85
23.725 84
23.8251 85
23.9251 84
24.0252 84
24.1253 80
24.2254 78
24.3255 75
24.4256 72
24.5256 70
24.6257 67
24.7258 65
24.8259 61
24.926 57
25.026 56
25.1261 57
25.2262 60
25.3263 61
25.4264 66
25.5269 70
25.627 70
25.7271 73
25.8272 79
25.9273 85
26.0274 92
26.1275 96
26.2276 100
26.3277 100
26.4278 100
26.5284 100
26.6285 100
26.7286 100
26.8287 100
26.9288 100
27.0289 100
27.129 100
27.2291 100
27.3292 100
27.4293 100
27.5294 100
27.6295 100
27.7296 100
27.8297 100
27.9298 100
28.0299 100
28.13 100
28.2301 100
28.3301 100
28.4302 100
28.5303 100
28.6304 100
28.7305 99
28.8305 100
28.9306 100
29.0307 99
29.1308 100
29.2309 100
29.331 100
29.4311 99
29.5311 100
29.6312 100
29.7313 98
29.8314 100
29.9315 100
30.0315 98
30.1316 100
30.2317 96
30.3318 100
30.4319 99
30.5319 98
30.632 100
30.7321 98
30.8322 98
30.9323 99
31.0323 97
31.1324 97
31.2325 90
31.3326 92
31.4326 90
31.5327 90
31.6328 88
31.7329 85
31.833 86
31.9331 82
32.0331 81
32.1332 80
32.2333 75
32.3334 74
32.4335 69
32.5336 67
32.6336 66
32.7337 61
32.8338 60
32.9339 54
33.034 54
33.134 52
33.2341 46
33.3342 47
33.4343 37
33.5344 31
33.6344 22
33.7345 13
33.8346 0
33.9347 0
34.0348 0
34.1348 0
34.2349 0
34.335 0
34.4351 0
34.5352 0
34.6353 0
34.7353 0
34.8354 0
34.9355 0
35.0357 0
35.1357 0
35.2358 0
35.3359 0
35.436 0
35.5361 0
35.6362 0
35.7364 0
35.8365 0
35.9366 0
36.0366 0
36.1368 0
36.2369 0
36.337 0
36.4371 0
36.5372 0
36.6373 0
36.7374 0
36.8375 0
36.9376 0
37.0377 0
37.1378 0
37.2378 0
37.338 0
37.438 0
37.5381 0
37.6382 0
37.7383 0
37.8384 0
37.9385 0
38.0385 0
38.1386 0
38.2387 0
38.3388 0
38.4389 0
38.539 0
38.6391 0
38.7392 0
38.8393 0
38.9394 0
39.0395 0
39.1395 0
39.2396 0
39.3397 0
39.4398 0
39.5399 0
39.64 0
39.7401 0
39.8402 0
39.9403 0
40.0403 0
40.1404 0
40.2405 0
40.3406 0
40.4407 0
40.5407 0
40.6408 1
40.7409 0
40.841 0
40.9411 0
41.0412 0
41.1413 1
41.2414 0
41.3415 0
41.4416 0
41.5417 0
41.6418 2
41.7418 0
41.8419 1
41.942 2
42.0421 3
42.1422 6
42.2423 8
42.3424 10
42.4425 13
42.5425 17
42.6426 20
42.7427 21
42.8428 23
42.9429 27
43.043 30
43.143 33
43.2431 34
43.3432 38
43.4433 41
43.5434 45
43.6434 48
43.7435 49
43.8436 53
43.9437 56
44.0438 58
44.1439 62
44.244 64
44.3441 67
44.4442 70
44.5443 73
44.6443 77
44.7444 78
44.8446 81
44.9447 84
45.0447 85
45.1448 86
45.2449 85
45.345 86
45.4451 86
45.5455 85
45.6457 85
45.7459 85
45.846 85
45.9461 86
46.0462 84
46.1462 82
46.2463 78
46.3464 75
46.4465 74
46.5467 70
46.6467 68
46.7468 66
46.8469 61
46.947 60
47.0471 56
47.1472 54
47.2473 51
47.3473 47
47.4474 46
47.5475 43
47.6476 40
47.7477 39
47.8478 40
47.9479 42
48.0479 44
48.148 46
48.2481 51
48.3482 58
48.4483 66
48.5483 72
48.6484 82
48.7485 87
48.8486 97
48.9487 100
49.0488 100
49.1489 100
49.2489 100
49.349 100
49.4491 100
49.5492 100
49.6493 100
49.7494 100
49.8494 100
49.9495 100
50.0496 100
50.1497 100
50.2497 99
50.3498 100
50.4499 99
50.55 100
50.6501 100
50.7502 100
50.8503 100
50.9504 99
51.0504 100
51.1505 100
51.2506 99
51.3507 100
51.4508 98
51.5508 100
51.6509 100
51.751 100
51.8511 100
51.9512 98
52.0513 100
52.1514 100
52.2514 100
52.3515 100
52.4516 97
52.5517 100
52.6518 100
52.7519 100
52.852 99
52.9521 98
53.0521 100
53.1522 97
53.2523 99
53.3524 100
53.4525 97
53.5525 100
53.6526 96
53.7527 97
53.8528 99
53.9529 96
54.053 99
54.153 92
54.2531 93
54.3532 93
54.4533 89
54.5533 91
54.6534 87
54.7535 89
54.8536 88
54.9537 84
55.0537 85
55.1538 79
55.2539 79
55.354 76
55.4541 71
55.5542 69
55.6548 66
55.7555 65
55.8556 63
55.9566 59
56.0567 57
56.1568 53
56.2569 45
56.3572 29
56.4573 15
56.5574 3
