2.885e-06 0
0.100728 6
0.200815 16
0.300903 27
0.400997 38
0.501065 50
0.60117 62
0.701279 73
0.801365 83
0.901458 94
1.00154 104
1.10162 115
1.20172 126
1.3018 138
1.40189 149
1.50198 161
1.60206 171
1.70214 182
1.80223 194
1.90231 206
2.00239 217
2.10247 228
2.20255 241
2.30262 251
2.40272 262
2.50282 273
2.6029 284
2.70297 295
2.80305 306
2.90312 317
3.00322 327
3.10332 339
3.20342 351
3.30353 362
3.40363 373
3.50371 385
3.6038 397
3.70387 407
3.80395 419
3.90405 430
4.00416 443
4.10433 453
4.20443 464
4.30455 474
4.40465 486
4.50479 497
4.60486 507
4.70495 518
4.80503 528
4.90513 540
5.00521 551
5.10529 561
5.2054 572
5.30551 584
5.40559 594
5.50567 607
5.60575 620
5.70583 632
5.80591 642
5.90599 653
6.00607 664
6.10615 675
6.20623 686
6.30663 698
6.40673 707
6.50685 718
6.60695 729
6.70708 741
6.80741 749
6.90751 760
7.00761 771
7.10773 784
7.20839 796
7.30856 802
7.40864 808
7.509 812
7.60912 818
7.70923 824
7.80932 830
7.9094 835
8.00949 840
8.10957 846
8.20965 852
8.30975 858
8.40983 863
8.50991 868
8.60999 875
8.71007 880
8.81017 886
8.91027 891
9.01036 896
9.11044 903
9.21052 908
9.3106 913
9.41067 918
9.51075 924
9.61083 930
9.7109 936
9.811 941
9.91112 946
10.0112 952
10.1113 958
10.2114 963
10.3115 969
10.4116 974
10.5117 980
10.6117 986
10.7118 990
10.8119 997
10.912 1002
11.0121 1008
11.1122 1013
11.2123 1019
11.3123 1025
11.4124 1030
11.5126 1036
11.6126 1041
11.7127 1047
11.8128 1053
11.9129 1058
12.013 1064
12.1131 1069
12.2132 1076
12.3133 1081
12.4134 1086
12.5134 1092
12.6135 1097
12.7136 1104
12.8137 1109
12.9138 1114
13.0139 1120
13.114 1125
13.214 1132
13.3141 1137
13.4142 1142
13.5143 1149
13.6144 1153
13.7145 1159
13.8145 1165
13.9146 1170
14.0147 1177
14.1148 1181
14.2149 1188
14.315 1193
14.4151 1198
14.5151 1205
14.6152 1209
14.7153 1216
14.8154 1221
14.9155 1226
15.0156 1233
15.1157 1237
15.2158 1243
15.3159 1249
15.416 1253
15.5161 1260
15.6162 1265
15.7163 1271
15.8164 1277
15.9165 1281
16.0166 1289
16.117 1293
16.2171 1299
16.3172 1302
16.4174 1305
16.5175 1311
16.6177 1314
16.7178 1318
16.8179 1325
16.918 1329
17.0181 1334
17.1184 1341
17.2193 1345
17.3194 1351
17.4195 1355
17.5196 1360
17.6197 1367
17.7198 1371
17.8199 1379
17.92 1383
18.0201 1388
18.1202 1395
18.2203 1400
18.3204 1407
18.4205 1411
18.5206 1416
18.6207 1423
18.7207 1428
18.8208 1435
18.9209 1439
19.021 1444
19.1212 1451
19.2213 1456
19.3214 1463
19.4215 1467
19.5216 1472
19.6217 1479
19.7218 1484
19.8219 1491
19.9219 1495
20.022 1500
20.1221 1507
20.2222 1512
20.3223 1519
20.4224 1523
20.5225 1528
20.6225 1535
20.7226 1540
20.8227 1547
20.9228 1551
21.0228 1556
21.1229 1563
21.223 1568
21.3231 1575
21.4232 1579
21.5233 1584
21.6234 1591
21.7235 1595
21.8236 1606
21.9237 1618
22.0237 1629
22.1238 1639
22.2239 1648
22.324 1659
22.4241 1667
22.5242 1677
22.6242 1687
22.7243 1697
22.8244 1706
22.9245 1717
23.0246 1725
23.1247 1735
23.2247 1742
23.3248 1750
23.4249 1759
23.525 1766
23.6251 1777
23.7251 1786
23.8252 1792
23.9253 1801
24.0254 1810
24.1254 1817
24.2255 1823
24.3256 1831
24.4257 1839
24.5258 1842
24.6258 1850
24.7259 1856
24.826 1866
24.9261 1873
25.0262 1877
25.1263 1884
25.2264 1889
25.3264 1894
25.4265 1898
25.5266 1905
25.6267 1911
25.7268 1915
25.8269 1923
25.927 1930
26.0271 1932
26.1272 1938
26.2273 1942
26.3278 1947
26.4279 1948
26.5286 1950
26.6287 1955
26.7288 1958
26.8289 1960
26.9291 1965
27.0292 1968
27.1298 1972
27.2299 1973
27.33 1977
27.4301 1981
27.5302 1983
27.6303 1987
27.7304 1988
27.8304 1993
27.9305 1993
28.0306 1996
28.1307 1999
28.2308 2000
28.3308 2000
28.4309 1999
28.531 2000
28.6311 2000
28.7312 1999
28.8312 2000
28.9314 1999
29.0315 1999
29.1316 1996
29.2317 1989
29.3318 1984
29.4319 1977
29.5319 1972
29.632 1968
29.7321 1961
29.8322 1956
29.9323 1949
30.0325 1943
30.1325 1938
30.2326 1929
30.3327 1923
30.4328 1914
30.5329 1908
30.633 1902
30.7331 1894
30.8331 1888
30.9332 1880
31.0333 1872
31.1334 1864
31.2335 1855
31.3336 1848
31.4337 1838
31.5337 1830
31.6338 1822
31.7339 1813
31.834 1805
31.9341 1796
32.0342 1787
32.1342 1777
32.2343 1766
32.3344 1740
32.4345 1714
32.5346 1686
32.6347 1659
32.7348 1641
32.8348 1615
32.9349 1590
33.035 1563
33.1351 1539
33.2352 1515
33.3353 1490
33.4353 1467
33.5354 1441
33.6355 1415
33.7356 1391
33.8357 1363
33.9358 1339
34.0359 1312
34.136 1288
34.236 1264
34.3361 1237
34.4362 1215
34.5363 1189
34.6364 1162
34.7365 1137
34.8366 1112
34.9367 1105
35.0368 1095
35.1369 1082
35.2369 1078
35.337 1063
35.4371 1056
35.5372 1047
35.6373 1033
35.7374 1027
35.8375 1013
35.9376 1008
36.0376 998
36.1382 984
36.2386 979
36.3387 966
36.4389 958
36.539 949
36.6391 935
36.7392 930
36.8393 918
36.9394 907
37.0398 900
37.1405 886
37.2406 882
37.3407 869
37.4408 858
37.5409 851
37.641 837
37.7411 833
37.8412 820
37.9413 809
38.0414 801
38.1415 788
38.2415 783
38.3416 771
38.4417 760
38.5417 752
38.6418 739
38.7419 733
38.842 721
38.9421 711
39.0422 703
39.1423 690
39.2424 685
39.3425 672
39.4425 662
39.5426 654
39.6427 641
39.7428 635
39.8429 622
39.943 613
40.043 601
40.1431 574
40.2432 550
40.3433 525
40.4433 497
40.5434 473
40.6435 446
40.7436 426
40.8437 399
40.9438 372
41.0438 349
41.1439 325
41.244 303
41.3441 280
41.4442 257
41.5442 235
41.6443 214
41.7444 190
41.8445 170
41.9446 147
42.0447 127
42.1448 105
42.2448 87
42.3449 67
42.445 47
42.5451 27
42.6451 9
42.7452 0
42.8453 0
42.9454 0
43.0455 0
43.1455 0
43.2456 0
43.3457 0
43.4458 0
43.5459 0
43.646 0
43.746 1
43.8461 1
43.9462 0
44.0463 2
44.1464 3
44.2465 5
44.3466 8
44.4466 11
44.5467 12
44.6468 14
44.7469 13
44.847 15
44.9471 18
45.0472 20
45.1472 23
45.2474 24
45.3475 28
45.4476 29
45.5477 35
45.6478 37
45.7479 39
45.848 42
45.9481 45
46.0482 50
46.1483 52
46.2484 57
46.3485 62
46.4486 66
46.5487 70
46.6488 74
46.7489 77
46.849 85
46.949 88
47.0492 92
47.1493 100
47.2494 103
47.3494 110
47.4495 116
47.5496 121
47.6497 130
47.7498 134
47.8498 140
47.9499 145
48.0501 152
48.1501 160
48.2502 166
48.3503 172
48.4504 178
48.5505 186
48.6506 194
48.7507 200
48.8508 209
48.9509 216
49.0509 224
49.151 234
49.2511 241
49.3511 250
49.4512 258
49.5513 268
49.6514 275
49.7514 283
49.8515 290
49.9516 298
50.0517 309
50.1517 320
50.2518 329
50.3519 339
50.452 350
50.552 350
50.6521 349
50.7522 347
50.8523 346
50.9524 344
51.0524 343
51.1525 342
51.2526 340
51.3527 339
51.4528 337
51.5528 336
51.6529 335
51.753 333
51.8531 332
51.9531 330
52.0532 329
52.1533 328
52.2534 326
52.3535 325
52.4536 323
52.5537 322
52.6538 321
52.7538 319
52.8539 318
52.954 316
53.0541 315
53.1542 313
53.2543 312
53.3543 311
53.4544 309
53.5545 308
53.6546 306
53.7547 305
53.8548 304
53.9548 302
54.0549 301
54.155 299
54.2551 298
54.3552 297
54.4553 295
54.5554 294
54.6555 292
54.7556 291
54.8557 290
54.9558 288
55.0558 287
55.1559 285
55.256 284
55.3561 283
55.4561 281
55.5562 280
55.6564 278
55.7568 277
55.8568 276
55.957 274
56.0571 273
56.1572 271
56.2573 270
56.3578 269
56.4579 267
56.558 266
56.6581 264
56.7582 263
56.8583 262
56.9584 260
57.0585 259
57.1586 258
57.2586 256
57.3587 255
57.4588 253
57.5589 252
57.659 250
57.759 249
57.8591 248
57.9592 246
58.0593 245
58.1593 243
58.2594 242
58.3595 241
58.4596 239
58.5597 238
58.6598 236
58.7599 235
58.86 234
58.9601 232
59.0601 231
59.1602 229
59.2603 228
59.3604 227
59.4605 225
59.5606 224
59.6607 222
59.7608 221
59.8609 220
59.961 218
60.061 217
60.1611 215
60.2612 214
60.3613 213
60.4613 211
60.5614 210
60.6615 208
60.7616 207
60.8617 206
60.9618 204
61.0618 203
61.1619 201
61.262 200
61.3621 199
61.4622 197
61.5622 196
61.6623 194
61.7624 193
61.8625 191
61.9626 190
62.0626 189
62.1627 187
62.2628 186
62.3629 184
62.463 183
62.5631 182
62.6631 180
62.7632 179
62.8633 177
62.9634 176
63.0635 175
63.1636 173
63.2637 172
63.3638 170
63.4638 169
63.5639 168
63.664 166
63.7642 165
63.8643 163
63.9644 162
64.0645 161
64.1646 159
64.2647 158
64.3648 156
64.4649 155
64.565 153
64.665 152
64.7651 151
64.8652 149
64.9653 148
65.0653 146
65.1654 145
65.2655 144
65.3656 142
65.4656 141
65.5657 139
65.6658 138
65.7659 137
65.866 135
65.9661 134
66.0662 132
66.1663 131
66.2664 130
66.3665 128
66.4666 127
66.5672 126
66.6674 124
66.768 123
66.8681 121
66.9682 120
67.0683 119
67.1684 117
67.2685 116
67.3686 114
67.4688 113
67.5689 112
67.669 110
67.769 109
67.8691 107
67.9692 106
68.0693 105
68.1694 103
68.2694 102
68.3695 100
68.4696 99
68.5697 97
68.6698 96
68.7699 95
68.87 93
68.9701 92
69.0701 90
69.1702 89
69.2703 88
69.3704 86
69.4705 85
69.5706 83
69.6707 82
69.7708 81
69.8708 79
69.9709 78
70.071 76
70.1711 75
70.2712 74
70.3713 72
70.4713 71
70.5714 69
70.6715 68
70.7716 67
70.8717 65
70.9718 64
71.0719 62
71.172 61
71.272 60
71.3721 58
71.4722 57
71.5723 55
71.6724 54
71.7725 53
71.8725 51
71.9726 50
72.0727 48
72.1728 47
72.2729 45
72.373 44
72.473 43
72.5731 41
72.6732 40
72.7733 38
72.8734 37
72.9735 36
73.0735 34
73.1736 33
73.2737 31
73.3738 30
73.4739 29
73.574 27
73.6741 26
73.7742 24
73.8743 23
73.9743 22
74.0744 20
74.1745 19
74.2746 17
74.3747 16
74.4748 14
74.5748 13
74.6749 12
74.775 10
74.8751 9
74.9752 7
75.0753 6
75.1753 5
75.2754 3
75.3755 2
75.4756 0
