2.194e-06 0
0.100731 8
0.200806 10
0.30088 10
0.400952 10
0.501036 10
0.601121 10
0.701194 10
0.801265 10
0.901333 10
1.00142 10
1.1015 10
1.20158 10
1.30166 10
1.40173 10
1.50182 10
1.60189 10
1.70197 10
1.80204 10
1.90213 10
2.00221 10
2.10229 10
2.20236 10
2.30245 10
2.40253 10
2.50261 10
2.60268 10
2.70276 10
2.80284 10
2.90291 10
3.0031 10
3.1034 10
3.20348 10
3.30399 10
3.40407 10
3.50416 9
3.60428 10
3.70441 10
3.80506 10
3.90582 10
4.00593 10
4.10604 10
4.20615 10
4.30628 10
4.40639 10
4.50647 10
4.60655 10
4.70669 10
4.80678 10
4.90686 10
5.00695 10
5.10704 10
5.20715 10
5.30728 9
5.40736 10
5.50744 10
5.60752 9
5.7076 10
5.80768 10
5.90775 10
6.00784 10
6.10792 9
6.20801 10
6.30813 9
6.40823 10
6.50833 10
6.60841 9
6.70849 10
6.80857 8
6.90867 10
7.00875 10
7.10883 8
7.20892 10
7.309 8
7.40908 10
7.50916 10
7.60924 8
7.70932 10
7.8094 8
7.90948 10
8.00959 6
8.10967 8
8.20975 10
8.30984 6
8.40992 9
8.51 8
8.61008 8
8.71017 9
8.81025 7
8.91033 8
9.01043 5
9.11051 6
9.21059 4
9.31069 2
9.41076 1
9.51084 0
9.61093 0
9.71101 0
9.8111 0
9.91118 0
10.0113 0
10.1113 0
10.2114 0
10.3115 0
10.4116 0
10.5117 0
10.6118 0
10.7119 0
10.8119 0
10.912 0
11.0121 0
11.1122 0
11.2123 0
11.3124 0
11.4125 0
11.5125 0
11.6126 0
11.7127 0
11.8128 0
11.9129 0
12.013 0
12.113 0
12.2131 0
12.3132 0
12.4133 0
12.5134 0
12.6135 0
12.7136 0
12.8137 0
12.9138 0
13.0139 0
13.1147 1
13.2148 0
13.3149 0
13.4158 0
13.5158 0
13.6159 0
13.716 0
13.8163 0
13.9167 0
14.0168 0
14.1169 0
14.217 0
14.3171 0
14.4172 0
14.5172 0
14.6173 0
14.7174 0
14.8176 0
14.9177 0
15.0178 0
15.1179 0
15.2179 0
15.318 0
15.4181 0
15.5182 0
15.6183 0
15.7184 0
15.8185 0
15.9185 0
16.0186 0
16.1187 0
16.2188 0
16.3189 0
16.419 0
16.5191 0
16.6192 0
16.7192 0
16.8193 0
16.9194 0
17.0195 0
17.1196 0
17.2197 0
17.3198 0
17.4198 0
17.5199 0
17.62 0
17.7201 0
17.8202 0
17.9203 0
18.0204 0
18.1204 0
18.2205 0
18.3206 0
18.4207 0
18.5208 0
18.6209 0
18.721 0
18.8211 0
18.9212 0
19.0213 0
19.1214 0
19.2215 0
19.3216 0
19.4216 0
19.5217 0
19.6218 0
19.7219 0
19.822 0
19.9221 0
20.0222 0
20.1223 0
20.2224 0
20.3225 0
20.4226 0
20.5227 0
20.6227 0
20.7228 0
20.8229 0
20.923 0
21.0231 0
21.1232 0
21.2233 0
21.3234 0
21.4234 0
21.5236 0
21.6237 0
21.7238 0
21.8239 0
21.9239 0
22.024 0
22.1241 0
22.2242 0
22.3243 0
22.4244 0
22.5245 0
22.6246 0
22.7246 0
22.8249 0
22.925 0
23.0251 0
23.1254 0
23.2255 0
23.3256 0
23.4257 0
23.5258 0
23.6259 0
23.726 0
23.8261 0
23.9262 0
24.0263 0
24.1264 0
24.2265 0
24.3266 0
24.4267 0
24.5267 0
24.6268 0
24.7269 0
24.827 0
24.9271 0
25.0271 0
25.1272 0
25.2273 0
25.3274 0
25.4275 0
25.5276 0
25.6277 0
25.7278 0
25.8279 0
25.9279 0
26.028 0
26.1281 0
26.2282 0
26.3283 0
26.4284 0
26.5285 0
26.6286 0
26.7287 0
26.8288 0
26.9289 0
27.029 0
27.129 0
27.2291 0
27.3292 0
27.4293 0
27.5295 0
27.6295 0
27.7296 0
27.8297 0
27.9298 0
28.0299 0
28.13 0
28.2301 0
28.3301 0
28.4302 0
28.5303 0
28.6304 0
28.7305 0
28.8306 0
28.9307 0
29.0308 0
29.1308 0
29.2309 0
29.331 0
29.4311 0
29.5312 0
29.6313 0
29.7314 0
29.8314 0
29.9315 0
30.0316 0
30.1317 0
30.2318 0
30.3318 0
30.4319 0
30.532 0
30.6321 0
30.7321 0
30.8323 0
30.9323 0
31.0324 0
31.1325 0
31.2326 0
31.3327 0
31.4328 0
31.5329 0
31.6329 0
31.733 0
31.8331 0
31.9332 0
32.0333 0
32.1334 0
32.2334 0
32.3335 0
32.4336 0
32.5337 0
32.6338 0
32.7339 0
32.8343 0
32.9346 0
33.0347 0
33.1348 0
33.2349 0
33.3361 0
33.4362 0
33.5367 0
33.6368 0
33.7368 0
33.8369 0
33.9376 0
34.0377 0
34.1378 0
34.2379 0
34.338 0
34.4381 0
34.5382 0
34.6383 0
34.7384 0
34.8385 0
34.9386 0
35.0386 0
35.1387 0
35.2388 0
35.3389 0
35.439 0
35.5391 0
35.6392 0
35.7392 0
35.8393 0
35.9394 0
36.0395 0
36.1396 0
36.2397 0
36.3398 0
36.4399 0
36.5399 0
36.64 0
36.7401 0
36.8402 0
36.9403 0
37.0404 0
37.1405 0
37.2405 0
37.3406 0
37.4407 0
37.5408 0
37.6409 0
37.741 0
37.8411 0
37.9411 0
38.0412 0
38.1413 0
38.2414 0
38.3415 0
38.4416 0
38.5417 0
38.6418 0
38.7419 0
38.8419 0
38.942 0
39.0421 0
39.1422 0
39.2423 0
39.3424 0
39.4424 0
39.5425 0
39.6426 0
39.7427 0
39.8428 0
39.9429 0
40.043 0
40.143 0
40.2431 0
40.3432 0
40.4433 0
40.5434 0
40.6435 0
40.7436 0
40.8437 0
40.9438 0
41.0438 0
41.1439 0
41.244 0
41.3441 0
41.4442 0
41.5443 0
41.6444 0
41.7445 0
41.8445 0
41.9447 0
42.0447 0
42.1449 0
42.2449 0
42.345 0
42.4451 0
42.5452 0
42.6453 0
42.7454 0
42.8457 0
42.9459 0
43.0459 0
43.146 0
43.2462 0
43.3462 0
43.4463 0
43.5468 0
43.6473 0
43.7474 0
43.8475 0
43.9476 0
44.0477 0
44.1478 0
44.2479 0
44.348 0
44.4481 0
44.5482 0
44.6483 0
44.7484 0
44.8485 0
44.9486 0
45.0486 0
45.1487 0
45.2488 0
45.3489 0
45.449 0
45.5491 0
45.6492 0
45.7493 0
45.8493 0
45.9494 0
46.0495 0
46.1496 0
46.2497 0
46.3498 0
46.4499 0
46.5499 0
46.65 0
46.7501 0
46.8502 0
46.9503 0
47.0504 0
47.1504 0
47.2505 0
47.3506 0
47.4507 0
47.5508 0
47.6509 0
47.751 0
47.8511 0
47.9512 0
48.0513 0
48.1514 0
48.2514 0
48.3515 0
48.4516 0
48.5517 0
48.6518 0
48.7518 1
48.8519 0
48.952 0
49.0521 0
49.1522 0
49.2523 0
49.3524 0
49.4525 0
49.5526 0
49.6526 0
49.7527 0
49.8528 0
49.9529 0
50.053 0
50.1531 0
50.2532 0
50.3532 0
50.4533 0
50.5534 0
50.6535 0
50.7536 0
50.8537 0
50.9538 0
51.0538 0
51.1539 0
51.254 0
51.3541 0
51.4542 0
51.5542 0
51.6543 0
51.7544 0
51.8545 0
51.9546 0
52.0547 0
52.1548 0
52.2548 0
52.3549 0
52.455 0
52.5551 0
52.6552 0
52.7552 0
52.8553 0
52.9554 0
53.0555 0
53.1556 0
53.2557 0
53.3558 0
53.4559 0
53.5559 0
53.6563 0
53.7564 0
53.8565 0
53.9566 0
54.0567 0
54.1568 0
54.2569 0
54.357 0
54.4571 0
54.5572 0
54.6572 0
54.7573 0
54.8574 0
54.9575 0
