2.215e-06 0
0.100903 2
0.201013 2
0.301102 2
0.401193 2
0.50131 2
0.601396 2
0.701489 2
0.801583 2
0.901664 2
1.00175 2
1.10185 2
1.20194 2
1.30204 2
1.40215 2
1.50223 2
1.60231 2
1.70239 2
1.80249 2
1.90259 2
2.00267 2
2.10275 2
2.20284 2
2.30293 2
2.40301 2
2.50309 2
2.60317 2
2.70326 2
2.80334 2
2.90341 2
3.00349 2
3.10358 2
3.20365 2
3.30373 2
3.4038 2
3.50389 2
3.60401 2
3.7041 2
3.8042 2
3.90429 2
4.00501 2
4.10509 2
4.20532 2
4.30542 2
4.40562 2
4.50571 2
4.6058 2
4.70591 2
4.80599 2
4.9061 2
5.00617 2
5.10624 2
5.20631 2
5.30639 2
5.40646 2
5.50654 2
5.60664 2
5.70674 2
5.80683 2
5.90693 2
6.00703 2
6.10712 2
6.2072 2
6.30729 2
6.40736 2
6.50745 2
6.60752 2
6.70756 2
6.80764 2
6.90774 2
7.00784 2
7.10793 2
7.20801 2
7.3081 2
7.40819 2
7.50826 2
7.60834 2
7.70846 2
7.80856 2
7.90865 2
8.00873 2
8.10881 0
8.20889 2
8.30898 1
8.40908 1
8.5092 2
8.60929 1
8.70937 1
8.80945 1
8.90953 0
9.00961 0
9.10969 0
9.20977 0
9.30985 0
9.40993 0
9.51002 0
9.61013 0
9.71021 0
9.81029 2
9.91037 1
10.0105 0
10.1105 0
10.2106 0
10.3107 0
10.4108 0
10.5109 0
10.611 0
10.7111 0
10.8112 1
10.9113 0
11.0114 0
11.1116 0
11.2117 0
11.3118 0
11.4119 0
11.512 0
11.6121 0
11.7122 0
11.8123 0
11.9123 0
12.0124 0
12.1125 0
12.2126 0
12.3127 0
12.4128 0
12.5129 0
12.613 0
12.7131 0
12.8132 0
12.9133 0
13.0134 0
13.1136 0
13.2137 0
13.3137 0
13.4138 0
13.5139 0
13.614 0
13.7141 0
13.8142 0
13.9147 0
14.0148 0
14.1149 0
14.2156 0
14.3157 0
14.4158 0
14.5159 0
14.616 0
14.7161 0
14.8162 0
14.9163 0
15.0164 0
15.1165 0
15.2166 0
15.3167 0
15.4168 0
15.5169 0
15.617 0
15.717 0
15.8171 0
15.9172 0
16.0173 0
16.1174 0
16.2175 0
16.3176 0
16.4176 0
16.5177 0
16.6178 0
16.7179 0
16.818 0
16.9181 0
17.0182 0
17.1182 0
17.2183 0
17.3184 0
17.4185 0
17.5186 0
17.6187 0
17.7188 0
17.8189 0
17.9189 0
18.019 0
18.1191 0
18.2192 0
18.3193 0
18.4193 0
18.5194 0
18.6195 0
18.7196 0
18.8196 0
18.9197 0
19.0198 0
19.1199 0
19.2199 0
19.32 0
19.4201 0
19.5202 0
19.6203 0
19.7203 0
19.8204 0
19.9205 0
20.0206 0
20.1206 0
20.2207 0
20.3208 0
20.4209 0
20.521 0
20.621 0
20.7211 0
20.8212 0
20.9213 0
21.0213 0
21.1214 0
21.2215 0
21.3216 0
21.4217 0
21.5217 0
21.6218 0
21.7219 0
21.822 0
21.922 0
22.0221 0
22.1222 0
22.2223 0
22.3224 0
22.4224 0
22.5225 0
22.6227 0
22.7227 0
22.8228 0
22.9229 0
23.0232 0
23.1239 0
23.224 0
23.3242 0
23.4243 0
23.5244 0
23.6247 0
23.7248 0
23.8249 0
23.925 0
24.0251 0
24.1252 0
24.2253 0
24.3254 0
24.4255 0
24.5256 0
24.6257 0
24.7258 0
24.8259 0
24.926 0
25.0261 0
25.1262 0
25.2262 0
25.3263 0
25.4264 0
25.5265 0
25.6266 0
25.7266 0
25.8267 0
25.9268 0
26.0269 0
26.127 0
26.227 0
26.3271 0
26.4272 0
26.5273 0
26.6274 0
26.7274 0
26.8275 0
26.9276 0
27.0277 0
27.1278 0
27.2279 0
27.328 0
27.4281 0
27.5283 0
27.6284 0
27.7285 0
27.8286 0
27.9286 0
28.0287 0
28.1288 0
28.2289 0
28.329 0
28.4291 0
28.5291 0
28.6292 1
28.7293 0
28.8294 0
28.9294 0
29.0295 0
29.1296 0
29.2297 0
29.3298 0
29.4299 0
29.5299 0
29.63 0
29.7301 0
29.8302 0
29.9303 0
30.0303 0
30.1304 0
30.2305 0
30.3306 0
30.4307 0
30.5308 0
30.6308 0
30.7309 0
30.831 0
30.9311 0
31.0311 0
31.1312 0
31.2313 0
31.3314 0
31.4314 0
31.5315 0
31.6316 0
31.7317 0
31.8318 0
31.9319 0
32.0319 0
32.132 0
32.2321 0
32.3322 0
32.4323 0
32.5324 0
32.6324 0
32.7325 0
32.8326 0
32.9328 0
33.0329 0
33.1332 0
33.2333 0
33.3334 0
33.4337 0
33.5338 0
33.6339 0
33.734 0
33.8341 0
33.9342 0
34.0343 0
34.1344 0
34.2345 0
34.3346 0
34.4346 0
34.5347 0
34.6348 0
34.7349 0
34.835 0
34.935 0
35.0351 0
35.1352 0
35.2353 0
35.3354 0
35.4355 0
35.5356 0
35.6357 0
35.7358 0
35.8359 0
35.936 0
36.036 0
36.1361 0
36.2362 0
36.3363 0
36.4364 0
36.5365 0
36.6365 0
36.7366 0
36.8367 0
36.9368 0
37.0369 0
37.137 0
37.2371 0
37.3372 0
37.4373 0
37.5373 0
37.6374 0
37.7375 0
37.8376 0
37.9377 0
38.0378 0
38.1379 0
38.2379 0
38.338 0
38.4381 0
38.5382 0
38.6382 0
38.7383 0
38.8384 0
38.9385 0
39.0386 0
39.1386 0
39.2387 0
39.3388 0
39.4389 0
39.539 0
39.6391 0
39.7392 0
39.8393 0
39.9394 0
40.0394 0
40.1395 0
40.2396 0
40.3397 0
40.4398 0
40.5399 0
40.6399 0
40.74 0
40.8401 0
40.9402 0
41.0403 0
41.1404 0
41.2405 0
41.3406 0
41.4406 0
41.5407 0
41.6408 0
41.7409 0
41.841 0
41.9411 0
42.0411 0
42.1412 0
42.2413 0
42.3414 0
42.4415 0
42.5416 0
42.6417 0
42.7418 0
42.8419 0
42.9439 0
43.044 0
43.1452 0
43.2453 0
43.3462 0
43.4463 0
43.5464 0
43.6468 0
43.7469 0
43.847 0
43.947 0
44.0472 0
44.1475 0
44.2488 0
44.3494 0
44.4495 0
44.5496 0
44.6497 0
44.7498 0
44.8499 0
44.95 0
45.0501 0
45.1502 0
45.2503 0
45.3503 0
45.4504 0
45.5505 0
45.6506 0
45.7507 0
45.8507 0
45.9508 0
46.051 0
46.1511 0
46.2511 0
46.3512 0
46.4513 0
46.5514 0
46.6515 0
46.7516 0
46.8517 0
46.9518 0
47.0518 0
47.1519 0
47.252 0
47.3521 0
47.4522 0
47.5523 0
47.6524 0
47.7525 0
47.8526 0
47.9527 0
48.0528 0
48.1529 0
48.2529 0
48.353 0
48.4531 0
48.5532 0
48.6533 0
48.7534 0
48.8534 0
48.9535 0
49.0536 0
49.1537 0
49.2537 0
49.3538 0
49.4539 0
49.554 0
49.6541 0
49.7542 0
49.8542 0
49.9543 0
50.0544 0
50.1545 0
50.2546 0
50.3547 0
50.4547 0
50.5548 0
50.6549 0
50.755 0
50.8551 0
50.9551 0
51.0552 0
51.1553 0
51.2554 0
51.3555 0
51.4556 1
51.5557 0
51.6558 0
51.7558 0
51.8559 0
51.956 1
52.0561 0
52.1562 0
52.2563 0
52.3564 0
52.4565 0
52.5565 0
52.6566 0
52.7567 0
52.8568 1
52.9569 0
53.057 0
53.1571 0
53.2572 0
53.3577 2
53.4578 2
53.5579 0
53.6584 1
53.7587 0
53.8597 0
53.9598 0
54.0599 0
54.16 0
54.2601 0
54.3601 1
54.4602 0
54.5603 0
54.6604 0
54.7605 0
54.8606 0
