1.422e-06 0
0.100434 8
0.200552 21
0.300639 33
0.400721 43
0.500803 55
0.600885 66
0.700986 77
0.801094 88
0.90118 98
1.00127 108
1.10136 120
1.20146 132
1.30155 142
1.40164 153
1.50173 165
1.60181 177
1.70189 188
1.80196 200
1.90205 210
2.00213 223
2.10221 234
2.20229 246
2.3024 256
2.4025 268
2.50258 279
2.60266 291
2.70275 301
2.80284 311
2.90291 323
3.003 333
3.1031 346
3.20319 357
3.30328 369
3.40335 379
3.50344 391
3.60352 402
3.70361 414
3.80373 424
3.90382 436
4.00391 448
4.10401 458
4.2041 470
4.30419 482
4.40427 492
4.50436 502
4.60446 514
4.70454 524
4.80462 536
4.90472 545
5.00481 556
5.10489 567
5.20498 578
5.30507 590
5.40517 600
5.50528 612
5.6054 625
5.70559 636
5.80651 646
5.90661 657
6.00673 670
6.10685 682
6.20695 690
6.30703 703
6.40714 714
6.50725 725
6.60737 736
6.70747 748
6.80755 758
6.90763 770
7.00771 781
7.1078 792
7.20787 800
7.30798 806
7.40808 812
7.50816 818
7.60824 824
7.70832 828
7.80841 834
7.90849 840
8.00857 845
8.10867 850
8.20875 853
8.30883 857
8.40893 862
8.50904 866
8.60913 871
8.70921 874
8.80929 878
8.90937 883
9.00946 886
9.10954 890
9.20962 892
9.30974 895
9.40987 898
9.50998 900
9.61008 904
9.71019 907
9.81028 908
9.91038 912
10.0105 913
10.1105 916
10.2106 917
10.3107 917
10.4108 920
10.5109 920
10.611 923
10.7111 923
10.8112 924
10.9112 927
11.0113 926
11.1114 928
11.2115 926
11.3116 926
11.4117 928
11.5118 926
11.6118 928
11.7119 925
11.812 927
11.9121 928
12.0122 924
12.1122 926
12.2123 922
12.3124 922
12.4125 922
12.5126 918
12.6127 919
12.7128 914
12.8128 914
12.9129 915
13.013 909
13.1131 910
13.2132 904
13.3133 902
13.4134 900
13.5135 895
13.6136 896
13.7136 891
13.8137 888
13.9138 885
14.0139 880
14.114 880
14.2141 873
14.3142 868
14.4143 865
14.5144 859
14.6144 859
14.7146 852
14.8147 847
14.9151 844
15.0152 837
15.1152 835
15.2156 828
15.3156 821
15.4157 820
15.5183 809
15.6184 806
15.7185 800
15.8186 793
15.9186 792
16.0187 781
16.1188 778
16.2189 772
16.319 765
16.4191 764
16.5192 752
16.6193 750
16.7193 744
16.8194 737
16.9195 736
17.0196 725
17.1197 721
17.2198 716
17.3198 709
17.4199 706
17.52 697
17.6201 693
17.7202 687
17.8203 681
17.9203 677
18.0204 669
18.1205 665
18.2206 659
18.3207 653
18.4207 648
18.5208 641
18.6209 637
18.721 622
18.8211 604
18.9212 587
19.0212 569
19.1213 552
19.2214 537
19.3215 520
19.4216 505
19.5216 489
19.6217 472
19.7218 457
19.8219 438
19.9219 422
20.022 404
20.1221 389
20.2222 374
20.3223 356
20.4224 340
20.5224 323
20.6225 307
20.7226 291
20.8227 272
20.9228 256
21.0229 239
21.123 221
21.223 204
21.3231 187
21.4232 174
21.5233 159
21.6234 147
21.7234 137
21.8235 126
21.9236 114
22.0237 103
22.1237 93
22.2238 84
22.3239 83
22.424 84
22.5241 87
22.6242 86
22.7242 89
22.8243 91
22.9244 92
23.0245 95
23.1245 94
23.2246 99
23.3247 102
23.4248 106
23.5249 111
23.6249 109
23.725 114
23.8251 117
23.9252 119
24.0253 123
24.1254 126
24.2255 129
24.3256 133
24.4257 136
24.5258 144
24.6272 147
24.7273 152
24.8274 154
24.9275 160
25.0289 164
25.129 168
25.2291 174
25.3292 177
25.4296 184
25.5302 191
25.6303 196
25.7304 202
25.8305 207
25.9306 214
26.0307 220
26.1308 224
26.2309 230
26.331 234
26.4311 240
26.5312 247
26.6313 251
26.7314 257
26.8315 264
26.9316 268
27.0317 275
27.1318 279
27.2319 285
27.3319 291
27.432 297
27.5321 303
27.6322 307
27.7323 313
27.8324 319
27.9325 325
28.0325 330
28.1326 336
28.2327 342
28.3328 347
28.4329 352
28.533 357
28.6331 363
28.7332 365
28.8332 362
28.9333 364
29.0334 364
29.1335 363
29.2336 365
29.3337 362
29.4337 364
29.5338 364
29.6339 363
29.734 364
29.8341 362
29.9342 364
30.0343 363
30.1343 363
30.2344 364
30.3345 362
30.4346 364
30.5347 363
30.6348 363
30.7349 364
30.8349 362
30.935 364
31.0351 363
31.1352 363
31.2353 363
31.3354 363
31.4355 364
31.5355 363
31.6356 363
31.7357 363
31.8358 363
31.9359 364
32.036 362
32.1361 363
32.2362 363
32.3362 362
32.4363 364
32.5364 362
32.6365 363
32.7366 362
32.8367 363
32.9367 363
33.0368 362
33.1369 363
33.237 362
33.3371 363
33.4372 363
33.5372 362
33.6373 362
33.7374 362
33.8375 363
33.9376 363
34.0377 362
34.1378 362
34.2379 362
34.338 363
34.4381 363
34.5382 362
34.6385 362
34.7395 362
34.8396 362
34.9397 363
35.0398 362
35.1399 363
35.24 360
35.3401 354
35.4405 347
35.5406 341
35.6406 336
35.7407 332
35.8408 326
35.941 319
36.041 313
36.1411 309
36.2412 302
36.3413 298
36.4414 292
36.5415 286
36.6416 281
36.7417 278
36.8418 270
36.9418 264
37.0419 259
37.142 254
37.2421 249
37.3422 243
37.4423 236
37.5424 230
37.6425 224
37.7425 217
37.8426 213
37.9427 208
38.0428 202
38.1429 197
38.243 191
38.3431 185
38.4432 178
38.5433 174
38.6433 168
38.7434 163
38.8435 157
38.9436 151
39.0436 146
39.1437 143
39.2438 140
39.3439 139
39.444 135
39.544 133
39.6441 130
39.7442 127
39.8443 124
39.9444 121
40.0445 119
40.1446 119
40.2446 120
40.3447 121
40.4448 120
40.5449 121
40.645 120
40.7451 121
40.8452 121
40.9452 120
41.0453 121
41.1454 124
41.2455 127
41.3456 130
41.4457 132
41.5458 135
41.6458 137
41.7459 141
41.846 144
41.9461 145
42.0462 149
42.1462 151
42.2463 155
42.3464 158
42.4465 160
42.5466 163
42.6467 165
42.7468 168
42.8469 172
42.947 174
43.0471 182
43.1472 189
43.2472 197
43.3473 205
43.4474 212
43.5475 222
43.6476 232
43.7477 241
43.8478 248
43.9479 257
44.048 266
44.148 277
44.2481 284
44.3482 292
44.4483 302
44.5484 311
44.6485 319
44.7486 328
44.849 336
44.9491 344
45.05 352
45.1501 361
45.2502 370
45.3503 377
45.4504 386
45.5505 395
45.6507 402
45.7507 409
45.8509 419
45.951 427
46.0511 436
46.1511 445
46.2512 453
46.3513 463
46.4514 471
46.5515 480
46.6515 489
46.7516 498
46.8517 504
46.9518 515
47.0519 524
47.152 533
47.2521 543
47.3522 550
47.4524 559
47.5525 567
47.6525 577
47.7526 584
47.8527 592
47.9528 600
48.0529 609
48.153 618
48.2531 627
48.3532 633
48.4533 643
48.5533 653
48.6534 663
48.7535 669
48.8536 679
48.9536 689
49.0537 698
49.1538 705
49.2539 713
49.354 720
49.454 731
49.5541 740
49.6542 750
49.7543 760
49.8544 770
49.9545 780
50.0545 790
50.1546 789
50.2547 787
50.3548 786
50.4549 784
50.555 783
50.6551 782
50.7552 780
50.8552 779
50.9553 777
51.0554 776
51.1555 775
51.2556 773
51.3556 772
51.4557 770
51.5558 769
51.6559 768
51.7559 766
51.856 765
51.9561 763
52.0562 762
52.1563 761
52.2564 759
52.3564 758
52.4565 756
52.5566 755
52.6567 753
52.7568 752
52.8568 751
52.9569 749
53.057 748
53.1571 746
53.2572 745
53.3573 744
53.4573 742
53.5574 741
53.6575 739
53.7576 738
53.8577 737
53.9578 735
54.0578 734
54.1579 732
54.258 731
54.3581 730
54.4582 728
54.5583 727
54.6584 725
54.7585 724
54.8585 723
54.9627 721
55.0629 720
55.163 718
55.2632 717
55.3635 716
55.4639 714
55.5647 713
55.6648 712
55.7649 710
55.865 709
55.9651 707
56.0652 706
56.1652 704
56.2653 703
56.3654 702
56.4655 700
56.5655 699
56.6656 697
56.7657 696
56.8658 695
56.9658 693
57.0659 692
57.166 690
57.2661 689
57.3662 688
57.4662 686
57.5664 685
57.6665 683
57.7665 682
57.8666 681
57.9667 679
58.0668 678
58.1669 676
58.267 675
58.3671 673
58.4672 672
58.5672 671
58.6673 669
58.7674 668
58.8675 666
58.9676 665
59.0676 664
59.1677 662
59.2678 661
59.3679 659
59.468 658
59.5681 657
59.6681 655
59.7682 654
59.8683 652
59.9684 651
60.0684 650
60.1685 648
60.2686 647
60.3687 645
60.4688 644
60.5689 643
60.669 641
60.769 640
60.8691 638
60.9692 637
61.0693 636
61.1693 634
61.2694 633
61.3695 631
61.4696 630
61.5697 628
61.6698 627
61.7699 626
61.87 624
61.97 623
62.0701 621
62.1702 620
62.2703 619
62.3704 617
62.4704 616
62.5705 614
62.6706 613
62.7707 612
62.8708 610
62.9708 609
63.0709 607
63.171 606
63.2711 605
63.3712 603
63.4712 602
63.5713 600
63.6714 599
63.7715 598
63.8716 596
63.9716 595
64.0717 593
64.1718 592
64.2719 591
64.372 589
64.4724 588
64.5729 586
64.673 585
64.7734 584
64.8736 582
64.9737 581
65.0738 579
65.1739 578
65.274 577
65.3741 575
65.4742 574
65.5742 572
65.6743 571
65.7744 570
65.8745 568
65.9746 567
66.0747 565
66.1748 564
66.2749 563
66.375 561
66.475 560
66.5751 558
66.6752 557
66.7753 556
66.8754 554
66.9755 553
67.0755 551
67.1756 550
67.2757 549
67.3758 547
67.4758 546
67.5759 544
67.676 543
67.7761 542
67.8762 540
67.9762 539
68.0763 537
68.1764 536
68.2765 535
68.3765 533
68.4766 532
68.5767 530
68.6768 529
68.7768 527
68.8769 526
68.977 525
69.0771 523
69.1772 522
69.2773 520
69.3773 519
69.4774 518
69.5775 516
69.6776 515
69.7776 513
69.8777 512
69.9778 511
70.0779 509
70.178 508
70.278 506
70.3781 505
70.4782 504
70.5783 502
70.6784 501
70.7785 499
70.8786 498
70.9787 497
71.0787 495
71.1788 494
71.2789 492
71.379 491
71.4791 489
71.5792 488
71.6793 487
71.7793 485
71.8794 484
71.9795 482
72.0796 481
72.1796 480
72.2797 478
72.3798 477
72.4799 475
72.58 474
72.68 473
72.7801 471
72.8802 470
72.9803 468
73.0804 467
73.1805 466
73.2806 464
73.3806 463
73.4807 461
73.5808 460
73.6809 459
73.781 457
73.8811 456
73.9812 454
74.0813 453
74.1818 451
74.2819 450
74.382 449
74.4829 449
74.583 448
74.6831 447
74.7832 446
74.8833 445
74.9836 444
75.0837 442
75.1838 441
75.284 439
75.3841 438
75.4842 437
75.5843 435
75.6844 434
75.7845 432
75.8846 431
75.9846 430
76.0847 428
76.1848 427
76.2849 425
76.385 424
76.4851 423
76.5852 421
76.6853 420
76.7854 418
76.8855 417
76.9855 415
77.0856 414
77.1857 413
77.2858 411
77.3859 410
77.486 408
77.586 407
77.6861 406
77.7862 404
77.8863 403
77.9864 401
78.0865 400
78.1866 399
78.2867 397
78.3868 396
78.4869 394
78.587 393
78.6871 392
78.7871 390
78.8872 389
78.9873 387
79.0874 386
79.1875 384
79.2876 383
79.3876 382
79.4877 380
79.5878 379
79.6879 377
79.788 376
79.8881 375
79.9882 373
80.0883 372
80.1884 370
80.2885 369
80.3886 368
80.4887 366
80.5887 365
80.6888 363
80.789 362
80.8891 361
80.9892 359
81.0893 358
81.1894 356
81.2895 355
81.3896 354
81.4897 352
81.5898 351
81.6899 349
81.79 348
81.8901 347
81.9902 345
82.0903 344
82.1903 342
82.2904 341
82.3905 340
82.4906 338
82.5907 337
82.6908 335
82.7909 334
82.891 333
82.991 331
83.0912 330
83.1913 328
83.2913 327
83.3914 325
83.4915 324
83.5916 323
83.6917 321
83.7917 320
83.8918 318
83.9919 317
84.092 316
84.1927 315
84.2928 314
84.3939 314
84.4943 313
84.5943 312
84.6947 311
84.7949 311
84.895 310
84.9954 309
85.0955 309
85.1957 308
85.2958 307
85.3959 305
85.496 304
85.5961 302
85.6962 301
85.7963 300
85.8964 298
85.9965 297
86.0966 295
86.1967 294
86.2967 293
86.3968 291
86.4969 290
86.597 288
86.6971 287
86.7972 286
86.8973 284
86.9973 283
87.0974 282
87.1975 280
87.2976 279
87.3977 278
87.4977 276
87.5978 275
87.6979 274
87.798 272
87.8981 271
87.9981 270
88.0982 268
88.1983 267
88.2984 265
88.3984 264
88.4985 263
88.5986 261
88.6987 260
88.7987 258
88.8988 257
88.9989 256
89.099 254
89.1991 253
89.2992 251
89.3993 250
89.4994 249
89.5995 247
89.6995 246
89.7996 244
89.8997 243
89.9997 242
90.0998 240
90.1999 239
90.3 238
90.4001 236
90.5002 235
90.6003 233
90.7004 232
90.8004 231
90.9005 229
91.0006 228
91.1007 226
91.2008 225
91.3008 224
91.4009 222
91.501 221
91.6011 219
91.7013 218
91.8013 217
91.9015 215
92.0015 214
92.1016 212
92.2017 211
92.3018 210
92.4018 208
92.5019 207
92.602 205
92.7021 204
92.8023 202
92.9023 201
93.0024 200
93.1025 198
93.2026 197
93.3027 195
93.4028 194
93.5029 193
93.603 191
93.7031 190
93.8032 188
93.9032 187
94.0039 186
94.1043 184
94.2047 183
94.3048 181
94.4051 180
94.5052 179
94.6053 177
94.7054 176
94.8055 174
94.9056 173
95.0057 172
95.1059 170
95.2059 169
95.306 168
95.4061 166
95.5063 165
95.6063 163
95.7064 162
95.8065 161
95.9066 159
96.0067 158
96.1067 156
96.2068 155
96.3069 153
96.407 152
96.5071 151
96.6072 149
96.7072 148
96.8073 146
96.9074 145
97.0075 144
97.1076 142
97.2077 141
97.3078 139
97.4078 138
97.5079 137
97.608 135
97.7081 134
97.8082 132
97.9083 131
98.0084 130
98.1085 128
98.2085 127
98.3086 125
98.4087 124
98.5088 123
98.6089 121
98.709 120
98.8091 118
98.9092 117
99.0093 116
99.1093 114
99.2094 113
99.3095 111
99.4096 110
99.5097 108
99.6098 107
99.7099 106
99.81 104
99.9101 103
100.01 101
100.11 100
100.21 99
100.31 97
100.411 96
100.511 94
100.611 93
100.711 92
100.811 90
100.911 89
101.011 87
101.111 86
101.211 85
101.311 83
101.411 82
101.511 81
101.612 80
101.712 79
101.812 77
101.912 76
102.012 74
102.112 73
102.212 72
102.312 70
102.412 69
102.512 67
102.612 66
102.713 65
102.813 63
102.913 62
103.013 60
103.113 59
103.213 58
103.313 56
103.413 55
103.513 53
103.614 52
103.714 51
103.814 49
103.914 48
104.014 46
104.114 45
104.214 44
104.314 42
104.416 41
104.516 39
104.616 38
104.716 37
104.816 35
104.916 34
105.016 33
105.116 31
105.216 30
105.317 28
105.417 27
105.517 26
105.617 24
105.717 23
105.817 21
105.917 20
106.017 19
106.117 17
106.217 16
106.317 14
106.418 13
106.518 11
106.618 10
106.718 9
106.818 7
106.918 6
107.018 4
107.118 3
107.218 2
107.318 0
