3.126e-06 0
0.100499 1
0.200614 1
0.300733 1
0.400837 1
0.500927 1
0.601015 1
0.701094 1
0.801191 1
0.901329 1
1.00145 1
1.10155 1
1.20165 1
1.30175 1
1.40184 1
1.50195 1
1.60206 1
1.70215 1
1.80226 1
1.90232 1
2.00239 1
2.10248 1
2.20257 1
2.30266 1
2.40274 1
2.50283 1
2.60293 1
2.70305 1
2.80315 1
2.90324 1
3.00332 1
3.10342 1
3.2035 1
3.30358 1
3.40368 1
3.50376 1
3.60384 1
3.70392 1
3.804 1
3.90408 1
4.00415 1
4.10423 1
4.20431 1
4.3044 1
4.40451 1
4.5046 1
4.60468 1
4.70476 1
4.80484 1
4.90515 1
5.00524 1
5.10561 0
5.20571 1
5.30581 1
5.40591 1
5.50601 1
5.60609 1
5.70618 1
5.80628 1
5.9064 1
6.00652 0
6.10661 1
6.20669 1
6.30677 1
6.40686 1
6.50693 1
6.60701 1
6.70709 1
6.80717 1
6.90726 1
7.00733 1
7.10742 1
7.2075 1
7.30758 1
7.40767 1
7.50776 1
7.60788 1
7.70798 1
7.80806 1
7.90815 1
8.00824 1
8.10832 0
8.20841 1
8.3085 0
8.40859 1
8.50867 0
8.60878 0
8.70888 1
8.80897 1
8.90905 1
9.00914 0
9.10923 1
9.20932 1
9.3094 0
9.4095 0
9.5096 0
9.60971 1
9.70984 1
9.80996 1
9.91004 1
10.0101 0
10.1102 1
10.2103 1
10.3105 0
10.4106 0
10.5106 1
10.6107 1
10.7108 0
10.8109 0
10.911 0
11.0111 0
11.1112 0
11.2112 0
11.3113 1
11.4114 0
11.5115 0
11.6116 0
11.7117 0
11.8118 0
11.9119 0
12.0119 0
12.112 0
12.2121 0
12.3122 0
12.4123 0
12.5124 0
12.6125 0
12.7126 0
12.8127 0
12.9128 0
13.0128 0
13.1129 0
13.213 0
13.3131 0
13.4132 0
13.5133 0
13.6133 0
13.7134 0
13.8135 0
13.9136 0
14.0137 0
14.1138 0
14.2139 0
14.314 0
14.414 0
14.5141 0
14.6142 0
14.7143 0
14.8144 0
14.9146 0
15.0147 0
15.1148 0
15.2149 0
15.315 0
15.4151 0
15.5152 0
15.6159 0
15.716 0
15.8161 0
15.9162 0
16.0163 0
16.1164 0
16.2165 0
16.3166 0
16.4167 0
16.5169 0
16.617 0
16.7171 0
16.8172 0
16.9174 0
17.0175 0
17.1175 0
17.2176 0
17.3177 0
17.4178 0
17.518 0
17.6181 0
17.7182 0
17.8183 0
17.9183 0
18.0184 0
18.1185 0
18.2186 0
18.3187 0
18.4188 0
18.5189 0
18.619 0
18.7191 0
18.8191 0
18.9192 0
19.0193 0
19.1194 0
19.2195 0
19.3196 0
19.4196 0
19.5197 0
19.6198 0
19.7199 0
19.82 0
19.9201 0
20.0202 0
20.1203 0
20.2204 0
20.3205 0
20.4206 0
20.5207 0
20.6208 0
20.7209 0
20.821 0
20.9211 0
21.0212 0
21.1213 0
21.2214 0
21.3215 0
21.4216 0
21.5217 0
21.6217 0
21.7219 0
21.8219 0
21.922 0
22.0221 0
22.1222 0
22.2223 0
22.3224 0
22.4224 0
22.5225 0
22.6226 0
22.7227 0
22.8228 0
22.9229 0
23.023 0
23.1231 0
23.2232 0
23.3233 0
23.4234 0
23.5235 0
23.6236 0
23.7236 0
23.8237 0
23.9238 0
24.0239 0
24.124 0
24.2241 0
24.3242 0
24.4243 0
24.5244 0
24.6245 0
24.7246 0
24.8248 0
24.9249 0
25.0252 0
25.1253 0
25.2258 0
25.3261 0
25.4262 0
25.5263 0
25.6263 0
25.7264 0
25.8265 0
25.9266 0
26.0267 0
26.1268 0
26.2269 0
26.327 0
26.4271 0
26.5272 0
26.6273 0
26.7274 0
26.8274 0
26.9275 0
27.0276 0
27.1277 0
27.2278 0
27.3279 0
27.428 0
27.5281 0
27.6281 0
27.7282 0
27.8283 0
27.9284 0
28.0285 0
28.1285 0
28.2286 0
28.3287 0
28.4288 0
28.5289 1
28.629 1
28.7291 0
28.8292 0
28.9293 0
29.0294 0
29.1295 0
29.2296 0
29.3297 0
29.4298 0
29.5298 1
29.6299 1
29.73 0
29.8301 1
29.9302 0
30.0303 1
30.1303 0
30.2304 1
30.3305 0
30.4306 1
30.5307 0
30.6308 0
30.731 0
30.8311 0
30.9312 0
31.0313 0
31.1314 0
31.2315 0
31.3316 1
31.4317 0
31.5319 0
31.632 0
31.7321 0
31.8321 0
31.9322 0
32.0323 0
32.1324 0
32.2325 0
32.3326 0
32.4326 0
32.5327 0
32.6328 0
32.7329 0
32.833 0
32.9331 0
33.0331 1
33.1332 0
33.2333 0
33.3334 0
33.4335 0
33.5335 0
33.6336 0
33.7337 1
33.8338 1
33.9339 0
34.0339 0
34.134 0
34.2341 0
34.3348 0
34.435 0
34.5351 1
34.6352 0
34.7353 0
34.8357 0
34.9358 0
35.0359 0
35.136 0
35.2361 0
35.3362 0
35.4363 0
35.5364 0
35.6365 0
35.7366 0
35.8367 0
35.9368 0
36.0369 0
36.137 0
36.2371 0
36.3372 0
36.4372 0
36.5373 0
36.6374 0
36.7375 0
36.8376 0
36.9377 0
37.0378 0
37.1379 0
37.2379 0
37.338 0
37.4381 0
37.5382 0
37.6383 0
37.7384 0
37.8384 0
37.9385 0
38.0386 0
38.1387 0
38.2388 0
38.3389 0
38.439 0
38.5391 0
38.6392 0
38.7393 0
38.8393 0
38.9394 0
39.0395 0
39.1396 0
39.2397 0
39.3398 0
39.4399 0
39.54 0
39.64 0
39.7401 0
39.8402 0
39.9403 0
40.0404 0
40.1405 0
40.2406 0
40.3407 0
40.4407 0
40.5408 0
40.6409 0
40.741 0
40.8411 0
40.9412 0
41.0413 0
41.1414 0
41.2414 0
41.3415 0
41.4416 0
41.5417 0
41.6418 0
41.7418 0
41.8419 0
41.942 0
42.0421 0
42.1422 0
42.2423 0
42.3423 0
42.4424 0
42.5425 0
42.6426 0
42.7427 0
42.8428 0
42.9428 0
43.0429 0
43.143 0
43.2431 0
43.3432 0
43.4433 0
43.5434 0
43.6434 0
43.7436 0
43.8445 0
43.9446 0
44.0447 0
44.145 0
44.2452 0
44.3453 0
44.446 0
44.5461 0
44.6462 0
44.7463 0
44.8464 0
44.9467 0
45.0469 0
45.147 0
45.2471 0
45.3472 0
45.4473 0
45.5474 0
45.6474 0
45.7475 0
45.8476 0
45.9477 0
46.0478 0
46.1479 0
46.248 0
46.348 0
46.4481 0
46.5482 0
46.6483 0
46.7483 0
46.8484 0
46.9485 0
47.0486 0
47.1486 0
47.2487 0
47.3488 0
47.4489 0
47.5489 0
47.649 0
47.7491 0
47.8492 0
47.9492 0
48.0493 0
48.1494 0
48.2495 0
48.3496 0
48.4497 0
48.5498 0
48.6499 0
48.75 0
48.8501 0
48.9501 0
49.0502 0
49.1503 0
49.2504 0
49.3505 0
49.4506 0
49.5507 0
49.6508 0
49.7509 0
49.8509 0
49.951 0
50.0511 0
50.1512 0
50.2512 0
50.3513 0
50.4514 0
50.5515 0
50.6516 0
50.7516 0
50.8517 0
50.9518 0
51.0519 0
51.152 0
51.252 0
51.3521 0
51.4522 0
51.5523 0
51.6524 0
51.7524 0
51.8525 0
51.9526 0
52.0527 0
52.1528 0
52.2528 0
52.3529 0
52.453 0
52.5531 0
52.6532 1
52.7533 0
52.8534 0
52.9534 0
53.0535 0
53.1536 0
53.2537 0
53.3538 0
53.4539 0
53.554 0
53.6541 0
53.7542 0
53.8543 0
53.9547 0
54.0553 0
54.1554 0
54.2563 0
54.3569 0
54.457 0
54.5572 0
54.6573 0
54.7574 0
54.8575 0
54.9576 0
55.0577 0
55.1578 0
55.2579 0
55.358 0
55.4581 0
55.5582 0
55.6582 0
55.7583 0
55.8584 0
55.9585 0
56.0586 0
56.1587 0
56.2587 0
56.3588 0
56.4589 0
56.559 0
56.6591 0
56.7592 0
56.8593 0
56.9594 0
57.0595 0
57.1596 0
57.2597 0
57.3598 0
57.4598 0
57.56 0
57.6601 0
57.7602 0
57.8604 0
57.9605 0
58.0606 0
58.1607 0
58.2607 0
58.3608 0
58.4609 0
58.561 0
58.6611 0
58.7611 0
58.8612 0
58.9613 0
59.0614 0
59.1615 0
