3.026e-06 0
0.100497 8
0.200578 18
0.300658 30
0.400737 42
0.500819 52
0.600919 64
0.701006 75
0.801091 86
0.901202 96
1.00131 108
1.10138 117
1.20145 130
1.30154 142
1.40161 151
1.50169 164
1.60176 174
1.70185 186
1.80194 198
1.90206 209
2.00217 221
2.10228 232
2.20235 244
2.30244 254
2.40252 266
2.5026 276
2.6027 287
2.70282 299
2.80294 310
2.90306 320
3.00316 332
3.10327 344
3.20336 355
3.30345 366
3.40352 377
3.5036 389
3.60367 400
3.70374 411
3.80382 422
3.9039 433
4.00396 443
4.10404 455
4.20412 464
4.30422 474
4.4043 484
4.50438 492
4.60445 500
4.70452 500
4.80459 500
4.90466 500
5.00473 500
5.10481 500
5.20488 500
5.30496 500
5.40503 500
5.50511 500
5.60519 500
5.70527 500
5.80533 500
5.90557 500
6.00564 500
6.10572 500
6.20579 500
6.30587 500
6.40594 500
6.50603 500
6.60613 500
6.70623 500
6.80632 500
6.90644 500
7.00656 500
7.10666 500
7.20676 500
7.30686 500
7.40695 500
7.50703 500
7.60712 500
7.7072 500
7.80731 500
7.90793 500
8.008 499
8.10809 500
8.2082 500
8.3083 499
8.40842 500
8.50855 500
8.60868 499
8.70911 500
8.80921 499
8.90933 500
9.00943 500
9.10959 499
9.2097 500
9.30982 498
9.40992 500
9.51001 500
9.61008 500
9.71016 500
9.81019 498
9.91029 500
10.0104 500
10.1105 494
10.2106 494
10.3107 485
10.4107 485
10.5108 479
10.6109 473
10.711 473
10.8111 464
10.9112 464
11.0112 457
11.1113 450
11.2114 449
11.3114 438
11.4115 437
11.5116 426
11.6117 422
11.7118 420
11.8118 411
11.9119 409
12.012 397
12.1121 392
12.2122 387
12.3122 378
12.4123 375
12.5124 362
12.6125 357
12.7126 352
12.8127 343
12.9128 340
13.0129 327
13.113 322
13.2131 316
13.3132 308
13.4133 305
13.5134 292
13.6135 287
13.7136 280
13.8136 273
13.9137 270
14.0138 257
14.1139 252
14.214 244
14.314 238
14.4141 226
14.5142 203
14.6143 184
14.7143 164
14.8144 143
14.9145 125
15.0145 105
15.1146 88
15.2147 69
15.3148 51
15.4148 31
15.5149 11
15.615 0
15.7151 0
15.8151 0
15.9152 0
16.0153 0
16.1154 0
16.2155 0
16.3156 0
16.4156 0
16.5157 0
16.6158 0
16.7159 0
16.816 0
16.9161 0
17.0161 0
17.1162 0
17.2163 0
17.3164 0
17.4165 0
17.5165 0
17.6166 0
17.7167 0
17.817 0
17.9171 0
18.0172 0
18.1173 0
18.2174 0
18.3175 0
18.4176 0
18.5192 0
18.6193 0
18.7198 0
18.8198 0
18.9199 0
19.0201 0
19.1202 0
19.2203 0
19.3203 0
19.4204 0
19.5205 0
19.6206 0
19.7207 0
19.8207 0
19.9209 0
20.0209 0
20.121 0
20.2211 0
20.3212 0
20.4213 0
20.5214 1
20.6214 0
20.7215 0
20.8216 0
20.9217 0
21.0217 0
21.1218 0
21.2219 0
21.322 0
21.4221 0
21.5221 0
21.6222 0
21.7223 0
21.8224 0
21.9225 0
22.0226 0
22.1228 0
22.2228 1
22.3229 0
22.423 1
22.5231 1
22.6232 0
22.7233 1
22.8233 1
22.9234 1
23.0235 1
23.1236 5
23.2237 7
23.3238 9
23.4238 13
23.5239 15
23.624 18
23.7241 21
23.8242 24
23.9243 28
24.0244 30
24.1244 33
24.2245 36
24.3246 39
24.4247 43
24.5248 50
24.6249 58
24.725 67
24.8251 75
24.9251 83
25.0252 93
25.1253 100
25.2254 110
25.3255 117
25.4255 125
25.5256 134
25.6257 142
25.7258 151
25.8258 160
25.9259 168
26.026 177
26.1261 187
26.2262 197
26.3263 206
26.4263 216
26.5264 226
26.6265 237
26.7266 248
26.8267 257
26.9268 266
27.0269 277
27.1269 285
27.227 294
27.3271 304
27.4272 314
27.5273 325
27.6273 334
27.7274 343
27.8286 354
27.9287 362
28.0287 372
28.1289 382
28.2295 390
28.3297 401
28.4297 409
28.5298 421
28.6304 432
28.7305 441
28.8306 452
28.9307 460
29.0308 469
29.1309 479
29.231 485
29.331 494
29.4311 500
29.5312 500
29.6313 500
29.7314 500
29.8314 500
29.9315 500
30.0316 500
30.1317 500
30.2318 500
30.3318 500
30.4319 500
30.532 500
30.6321 500
30.7322 500
30.8322 500
30.9323 500
31.0324 500
31.1325 500
31.2326 500
31.3327 500
31.4327 500
31.5328 500
31.6329 500
31.733 500
31.8331 500
31.9331 500
32.0332 500
32.1333 500
32.2334 500
32.3335 500
32.4336 499
32.5337 500
32.6338 500
32.7338 499
32.8339 500
32.934 499
33.0341 500
33.1342 500
33.2343 498
33.3344 500
33.4345 498
33.5345 500
33.6346 500
33.7347 497
33.8348 496
33.9349 490
34.035 489
34.135 485
34.2351 480
34.3352 477
34.4353 470
34.5354 468
34.6355 463
34.7356 459
34.8357 456
34.9358 449
35.0358 446
35.1359 440
35.236 434
35.3361 430
35.4362 421
35.5362 418
35.6363 412
35.7364 406
35.8365 402
35.9365 394
36.0366 390
36.1367 384
36.2368 378
36.3368 373
36.4369 366
36.537 362
36.6371 354
36.7372 350
36.8372 345
36.9373 338
37.0373 333
37.1374 326
37.2375 321
37.3376 316
37.4377 310
37.5379 305
37.638 298
37.7384 294
37.8385 288
37.939 281
38.0391 276
38.1392 270
38.2394 266
38.3398 261
38.4399 248
38.5399 230
38.6405 216
38.7405 197
38.8406 181
38.9407 163
39.0408 148
39.1409 130
39.241 113
39.3411 98
39.4412 82
39.5413 63
39.6414 46
39.7415 29
39.8416 13
39.9417 0
40.0418 0
40.1418 0
40.2419 0
40.342 0
40.4421 0
40.5422 0
40.6423 0
40.7424 0
40.8425 0
40.9426 0
41.0427 0
41.1428 0
41.2429 0
41.3429 0
41.443 0
41.5431 0
41.6432 0
41.7433 0
41.8434 0
41.9434 0
42.0435 0
42.1436 0
42.2437 0
42.3438 0
42.4439 0
42.544 0
42.6441 0
42.7442 0
42.8442 0
42.9443 0
43.0444 0
43.1445 0
43.2446 0
43.3446 0
43.4447 0
43.5448 0
43.6449 0
43.745 0
43.8451 0
43.9451 0
44.0452 0
44.1453 0
44.2454 0
44.3454 0
44.4455 0
44.5456 0
44.6457 0
44.7458 0
44.8459 0
44.946 0
45.0461 0
45.1463 1
45.2464 0
45.3465 0
45.4465 1
45.5466 1
45.6467 2
45.7468 2
45.8469 1
45.947 1
46.047 3
46.1471 5
46.2472 8
46.3473 11
46.4474 14
46.5475 17
46.6476 20
46.7477 22
46.8478 24
46.9479 27
47.048 30
47.1481 33
47.2481 36
47.3482 38
47.4483 42
47.549 44
47.6491 48
47.7492 50
47.8493 53
47.9494 57
48.0495 61
48.1496 68
48.2497 76
48.3498 84
48.4499 93
48.5501 101
48.6502 109
48.7502 116
48.8503 125
48.9504 134
49.0505 143
49.1506 153
49.2507 163
49.3508 170
49.4509 177
49.551 187
49.6511 196
49.7512 204
49.8513 213
49.9513 222
50.0514 230
50.1515 240
50.2516 250
50.3517 258
50.4518 268
50.5519 277
50.652 287
50.7521 297
50.8522 308
50.9523 317
51.0524 328
51.1525 336
51.2526 347
51.3527 357
51.4527 367
51.5528 377
51.6529 387
51.753 398
51.853 408
51.9531 417
52.0532 427
52.1533 435
52.2534 445
52.3534 454
52.4535 461
52.5536 470
52.6537 477
52.7537 487
52.8538 496
52.9539 500
53.054 500
53.1541 500
53.2541 500
53.3542 500
53.4543 500
53.5544 500
53.6544 500
53.7545 500
53.8546 500
53.9547 500
54.0548 500
54.1548 500
54.2549 500
54.355 500
54.4551 500
54.5552 500
54.6552 500
54.7553 500
54.8554 500
54.9555 500
55.0556 500
55.1556 500
55.2557 500
55.3558 500
55.4559 500
55.556 500
55.656 500
55.7561 500
55.8562 500
55.9563 500
56.0564 500
56.1565 499
56.2566 500
56.3567 500
56.4567 500
56.5568 500
56.6569 499
56.757 500
56.8571 500
56.9572 496
57.0572 488
57.1573 475
57.2574 467
57.3575 458
57.4584 447
57.5585 439
57.6585 426
57.7588 418
57.8593 409
57.9594 398
58.0595 390
58.1601 377
58.2602 369
58.3603 360
58.4614 349
58.5615 341
58.6617 329
58.7617 320
58.8618 311
58.9619 300
59.062 292
59.1621 279
59.2622 271
59.3622 262
59.4623 251
59.5624 243
59.6625 230
59.7626 222
59.8627 213
59.9627 201
60.0628 194
60.1629 181
60.263 173
60.3632 164
60.4633 152
60.5634 143
60.6635 132
60.7636 124
60.8637 113
60.9638 103
61.0638 95
61.1639 86
61.264 79
61.3641 69
61.4642 61
61.5642 53
61.6643 44
61.7644 37
61.8645 27
61.9645 19
62.0646 11
62.1647 3
62.2648 0
