2.494e-06 0
0.100604 8
0.200681 21
0.300756 33
0.400837 43
0.500937 55
0.601058 66
0.70118 77
0.801301 88
0.901428 98
1.00156 108
1.10167 120
1.20178 132
1.30191 142
1.40202 153
1.50213 164
1.60225 176
1.70236 187
1.80245 199
1.90256 210
2.00263 221
2.1027 232
2.20279 244
2.30287 256
2.40295 267
2.50304 276
2.60315 287
2.70323 299
2.80332 310
2.90341 321
3.00352 333
3.10358 345
3.20369 356
3.3038 367
3.40389 378
3.50397 389
3.60405 401
3.70412 411
3.80421 422
3.90429 434
4.00437 444
4.10444 457
4.20453 466
4.30456 478
4.40464 490
4.50471 499
4.60478 510
4.70487 521
4.80497 532
4.90505 543
5.00514 554
5.10522 564
5.2053 576
5.30537 586
5.40546 598
5.50559 610
5.60569 622
5.70578 633
5.80586 644
5.90595 655
6.00603 666
6.1061 678
6.20618 688
6.30625 701
6.40634 711
6.50645 722
6.60657 734
6.70667 745
6.80678 755
6.90689 767
7.00701 778
7.10712 790
7.20723 800
7.30734 806
7.40743 811
7.50752 816
7.60763 822
7.70774 828
7.80783 834
7.90792 839
8.008 844
8.10811 850
8.20823 856
8.30835 862
8.40847 867
8.50858 872
8.60866 878
8.70874 884
8.80883 890
8.90896 895
9.00908 900
9.10918 906
9.20926 912
9.30934 917
9.40941 923
9.50949 928
9.60956 934
9.70964 940
9.80971 945
9.90979 951
10.0099 956
10.11 961
10.21 968
10.3101 973
10.4102 978
10.5103 984
10.6104 989
10.7105 995
10.8106 1001
10.9107 1006
11.0108 1012
11.1109 1017
11.211 1023
11.3111 1029
11.4111 1034
11.5112 1040
11.6113 1045
11.7114 1051
11.8115 1056
11.9116 1062
12.0116 1068
12.1117 1073
12.2118 1079
12.3119 1084
12.4119 1090
12.512 1096
12.6121 1101
12.7122 1107
12.8122 1112
12.9123 1118
13.0124 1124
13.1125 1129
13.2126 1135
13.3126 1140
13.4127 1146
13.5128 1152
13.6129 1157
13.713 1163
13.813 1168
13.9131 1173
14.0132 1180
14.1133 1185
14.2134 1191
14.3134 1197
14.4135 1201
14.5136 1208
14.6137 1213
14.7138 1219
14.8139 1225
14.914 1229
15.0141 1236
15.1142 1241
15.2143 1247
15.3144 1252
15.4144 1257
15.5145 1264
15.6146 1269
15.7147 1275
15.8148 1280
15.9149 1285
16.015 1292
16.1151 1297
16.2152 1303
16.3152 1308
16.4153 1313
16.5154 1320
16.6155 1325
16.7156 1331
16.8157 1336
16.9159 1341
17.016 1348
17.116 1352
17.2162 1359
17.3162 1364
17.4163 1369
17.5164 1376
17.6165 1380
17.7166 1387
17.8167 1392
17.9167 1397
18.0168 1404
18.1169 1408
18.217 1415
18.3171 1420
18.4172 1425
18.5172 1432
18.6173 1436
18.7174 1443
18.8175 1448
18.9176 1453
19.0176 1460
19.1177 1464
19.2178 1471
19.3179 1476
19.418 1481
19.5181 1487
19.6182 1492
19.7183 1497
19.8184 1504
19.9185 1509
20.0187 1515
20.1188 1520
20.2189 1525
20.319 1532
20.4191 1537
20.5191 1543
20.6192 1548
20.7193 1553
20.8194 1559
20.9195 1565
21.0196 1571
21.1197 1576
21.2198 1581
21.3199 1587
21.42 1593
21.5201 1600
21.6202 1611
21.7202 1622
21.8203 1634
21.9204 1645
22.0205 1656
22.1205 1667
22.2207 1677
22.3208 1689
22.4209 1699
22.521 1712
22.6211 1723
22.7212 1734
22.8213 1746
22.9214 1758
23.0214 1769
23.1215 1779
23.2216 1790
23.3217 1801
23.4218 1813
23.5219 1825
23.622 1836
23.7221 1848
23.8221 1859
23.9222 1869
24.0223 1881
24.1224 1892
24.2225 1904
24.3225 1914
24.4226 1924
24.5227 1936
24.6228 1948
24.7229 1959
24.823 1968
24.9231 1981
25.0232 1991
25.1232 2002
25.2233 2013
25.3234 2024
25.4235 2035
25.5236 2047
25.6236 2059
25.7237 2071
25.8238 2081
25.9239 2093
26.024 2105
26.124 2115
26.2241 2126
26.3242 2138
26.4243 2148
26.5243 2158
26.6244 2171
26.7245 2183
26.8246 2194
26.9247 2204
27.0248 2216
27.1248 2228
27.2249 2238
27.325 2250
27.4251 2263
27.5252 2273
27.6252 2284
27.7253 2295
27.8254 2304
27.9255 2316
28.0255 2328
28.1256 2340
28.2256 2351
28.3257 2361
28.4258 2373
28.5259 2384
28.6259 2395
28.726 2402
28.8261 2408
28.9262 2413
29.0263 2419
29.1263 2424
29.2264 2430
29.3265 2436
29.4266 2441
29.5267 2447
29.6267 2452
29.7268 2459
29.8269 2464
29.927 2469
30.0271 2475
30.1272 2480
30.2273 2487
30.3273 2492
30.4274 2497
30.5275 2503
30.6276 2508
30.7277 2515
30.8278 2520
30.9279 2525
31.028 2531
31.128 2536
31.2281 2543
31.3282 2548
31.4283 2553
31.5284 2559
31.6285 2564
31.7285 2571
31.8286 2576
31.9287 2581
32.0288 2587
32.1288 2592
32.2289 2599
32.329 2604
32.4291 2609
32.5291 2615
32.6292 2620
32.7293 2627
32.8294 2632
32.9295 2637
33.0296 2643
33.1297 2648
33.2298 2654
33.3299 2660
33.43 2665
33.5301 2671
33.6302 2676
33.7303 2682
33.8304 2688
33.9305 2693
34.0306 2699
34.1306 2704
34.2307 2710
34.3308 2716
34.4309 2721
34.531 2727
34.6311 2732
34.7311 2738
34.8312 2743
34.9313 2749
35.0314 2755
35.1315 2760
35.2316 2767
35.3317 2771
35.4318 2777
35.5319 2783
35.632 2788
35.7321 2794
35.8322 2799
35.9323 2805
36.0324 2811
36.1325 2816
36.2326 2822
36.3327 2827
36.4328 2833
36.5329 2839
36.633 2844
36.7331 2851
36.8332 2855
36.9333 2861
37.0334 2867
37.1335 2872
37.2336 2879
37.3337 2883
37.4338 2889
37.5339 2895
37.6339 2900
37.734 2907
37.8341 2911
37.9342 2917
38.0343 2923
38.1344 2928
38.2345 2934
38.3346 2939
38.4347 2945
38.5348 2951
38.6349 2955
38.735 2963
38.8351 2967
38.9352 2973
39.0353 2979
39.1355 2983
39.2356 2991
39.3357 2995
39.4358 3001
39.5358 3007
39.6359 3011
39.736 3019
39.8361 3023
39.9362 3029
40.0362 3035
40.1364 3039
40.2364 3047
40.3366 3051
40.4367 3057
40.5368 3063
40.6369 3067
40.737 3074
40.8371 3079
40.9372 3085
41.0373 3091
41.1374 3095
41.2375 3102
41.3376 3107
41.4376 3113
41.5377 3119
41.6378 3123
41.7379 3130
41.8379 3135
41.938 3141
42.0381 3147
42.1382 3151
42.2382 3158
42.3383 3163
42.4384 3169
42.5385 3175
42.6386 3179
42.7386 3186
42.8387 3191
42.9388 3197
43.0389 3207
43.1389 3216
43.239 3228
43.3391 3237
43.4392 3249
43.5392 3262
43.6393 3272
43.7394 3284
43.8394 3296
43.9395 3307
44.0396 3319
44.1397 3332
44.2398 3342
44.3399 3354
44.44 3364
44.54 3377
44.6401 3388
44.7402 3400
44.8404 3410
44.9404 3422
45.0405 3433
45.1406 3445
45.2407 3456
45.3408 3466
45.4409 3478
45.541 3489
45.6411 3499
45.7412 3513
45.8412 3524
45.9413 3535
46.0414 3546
46.1415 3558
46.2416 3569
46.3417 3580
46.4419 3592
46.542 3603
46.6421 3615
46.7423 3626
46.8424 3639
46.9425 3649
47.0426 3660
47.1427 3672
47.2428 3685
47.3429 3696
47.443 3707
47.543 3718
47.6431 3730
47.7432 3741
47.8433 3751
47.9435 3763
48.0435 3774
48.1436 3785
48.2437 3796
48.3438 3808
48.4439 3820
48.544 3832
48.6441 3844
48.7442 3854
48.8443 3866
48.9444 3878
49.0445 3890
49.1446 3900
49.2447 3910
49.3448 3921
49.4449 3932
49.5449 3944
49.645 3956
49.7451 3967
49.8452 3977
49.9453 3990
50.0454 3999
50.1455 3998
50.2455 3996
50.3456 3995
50.4457 3993
50.5458 3992
50.6459 3990
50.746 3989
50.8461 3988
50.9461 3986
51.0462 3984
51.1463 3981
51.2464 3978
51.3465 3976
51.4466 3972
51.5467 3970
51.6468 3966
51.7469 3964
51.8469 3962
51.947 3958
52.0471 3955
52.1472 3950
52.2473 3946
52.3474 3943
52.4475 3937
52.5476 3934
52.6476 3928
52.7477 3925
52.8478 3922
52.9479 3916
53.048 3913
53.1481 3907
53.2482 3904
53.3483 3900
53.4484 3895
53.5485 3892
53.6486 3886
53.7487 3883
53.8487 3879
53.9488 3874
54.0489 3871
54.149 3865
54.2491 3862
54.3492 3857
54.4493 3853
54.5494 3850
54.6495 3844
54.7496 3841
54.8497 3835
54.9497 3832
55.0498 3829
55.1499 3823
55.25 3820
55.3501 3814
55.4501 3811
55.5502 3808
55.6503 3802
55.7504 3799
55.8504 3793
55.9505 3790
56.0507 3786
56.1507 3781
56.2508 3778
56.3509 3772
56.451 3769
56.5511 3765
56.6512 3760
56.7513 3757
56.8514 3751
56.9515 3748
57.0516 3744
57.1517 3739
57.2518 3736
57.3519 3731
57.452 3727
57.5521 3723
57.6522 3718
57.7523 3715
57.8524 3710
57.9525 3706
58.0526 3701
58.1526 3697
58.2527 3694
58.3528 3688
58.4529 3685
58.553 3680
58.6531 3676
58.7531 3672
58.8532 3667
58.9533 3664
59.0534 3659
59.1535 3655
59.2536 3651
59.3536 3646
59.4537 3643
59.5538 3638
59.6539 3634
59.754 3630
59.8541 3625
59.9542 3622
60.0543 3617
60.1544 3613
60.2545 3609
60.3547 3604
60.4548 3600
60.5549 3596
60.655 3592
60.755 3588
60.8551 3583
60.9552 3579
61.0553 3575
61.1554 3571
61.2555 3566
61.3556 3562
61.4557 3558
61.5557 3553
61.6558 3550
61.7559 3545
61.856 3541
61.9561 3537
62.0562 3532
62.1562 3529
62.2563 3524
62.3564 3520
62.4565 3516
62.5567 3511
62.6567 3508
62.7568 3503
62.8569 3499
62.957 3495
63.0571 3490
63.1571 3486
63.2572 3482
63.3573 3478
63.4574 3475
63.5575 3469
63.6576 3466
63.7576 3462
63.8577 3457
63.9578 3454
64.0579 3448
64.158 3445
64.2581 3441
64.3581 3436
64.4583 3432
64.5584 3427
64.6584 3424
64.7585 3420
64.8586 3415
64.9587 3411
65.0588 3406
65.1589 3403
65.259 3397
65.359 3394
65.4591 3390
65.5592 3385
65.6593 3382
65.7594 3376
65.8595 3373
65.9595 3369
66.0596 3364
66.1597 3361
66.2598 3355
66.3599 3352
66.46 3348
66.56 3343
66.6601 3340
66.7602 3334
66.8603 3331
66.9604 3327
67.0604 3322
67.1605 3318
67.2607 3313
67.3608 3310
67.4609 3306
67.561 3301
67.661 3297
67.7611 3292
67.8612 3289
67.9613 3283
68.0614 3280
68.1615 3276
68.2616 3271
68.3616 3268
68.4617 3262
68.5618 3259
68.6619 3255
68.762 3250
68.8621 3247
68.9622 3241
69.0622 3238
69.1623 3234
69.2624 3229
69.3624 3226
69.4625 3220
69.5626 3217
69.6627 3213
69.7627 3208
69.8628 3205
69.9629 3199
70.063 3193
70.1631 3184
70.2632 3175
70.3633 3166
70.4634 3157
70.5635 3149
70.6635 3142
70.7637 3134
70.8637 3125
70.9638 3115
71.0639 3107
71.164 3099
71.264 3089
71.3641 3081
71.4642 3074
71.5643 3065
71.6644 3057
71.7646 3050
71.8647 3041
71.9648 3033
72.0649 3025
72.165 3017
72.2651 3009
72.3652 3001
72.4653 2993
72.5654 2985
72.6654 2976
72.7655 2968
72.8656 2960
72.9658 2950
73.0658 2942
73.1659 2933
73.266 2925
73.3661 2918
73.4662 2910
73.5662 2901
73.6663 2893
73.7664 2886
73.8665 2877
73.9666 2869
74.0667 2861
74.1667 2854
74.2668 2846
74.3669 2838
74.467 2830
74.567 2821
74.6671 2812
74.7672 2804
74.8673 2797
74.9674 2788
75.0674 2780
75.1675 2771
75.2676 2763
75.3677 2756
75.4677 2747
75.5678 2738
75.6679 2729
75.768 2720
75.8681 2712
75.9682 2703
76.0682 2694
76.1683 2687
76.2684 2678
76.3685 2670
76.4686 2661
76.5687 2653
76.6688 2644
76.7689 2635
76.869 2628
76.969 2619
77.0691 2612
77.1692 2602
77.2693 2593
77.3694 2586
77.4695 2578
77.5696 2570
77.6697 2560
77.7698 2551
77.8698 2544
77.9699 2535
78.07 2527
78.1701 2517
78.2702 2510
78.3703 2502
78.4704 2495
78.5705 2486
78.6706 2476
78.7707 2467
78.8708 2459
78.9709 2452
79.0709 2444
79.171 2434
79.2711 2426
79.3712 2418
79.4713 2409
79.5714 2401
79.6715 2396
79.7716 2391
79.8717 2388
79.9717 2383
80.0718 2379
80.1719 2375
80.272 2370
80.3721 2367
80.4722 2362
80.5722 2358
80.6723 2354
80.7724 2349
80.8725 2345
80.9726 2341
81.0726 2337
81.1727 2333
81.2728 2328
81.3729 2324
81.473 2320
81.5731 2316
81.6732 2311
81.7733 2307
81.8734 2304
81.9735 2299
82.0736 2295
82.1737 2290
82.2738 2286
82.3739 2283
82.4741 2277
82.5742 2274
82.6743 2269
82.7744 2265
82.8746 2261
82.9747 2256
83.0748 2253
83.1749 2248
83.2751 2244
83.3752 2240
83.4753 2235
83.5754 2232
83.6755 2227
83.7756 2223
83.8757 2218
83.9758 2214
84.0759 2211
84.176 2206
84.2761 2202
84.3762 2197
84.4763 2193
84.5764 2190
84.6765 2185
84.7766 2181
84.8767 2176
84.9767 2172
85.0768 2169
85.177 2164
85.2771 2160
85.3772 2155
85.4773 2151
85.5774 2148
85.6775 2143
85.7776 2139
85.8777 2134
85.9778 2130
86.0779 2125
86.178 2122
86.2781 2118
86.3782 2113
86.4783 2109
86.5784 2104
86.6785 2101
86.7786 2097
86.8787 2092
86.9788 2088
87.0789 2083
87.1789 2079
87.279 2076
87.3791 2071
87.4792 2067
87.5793 2062
87.6794 2058
87.7795 2055
87.8796 2050
87.9797 2046
88.0797 2041
88.1799 2037
88.28 2034
88.3801 2029
88.4802 2025
88.5802 2020
88.6803 2016
88.7804 2012
88.8805 2008
88.9806 2004
89.0807 1999
89.1808 1995
89.2809 1991
89.381 1987
89.481 1983
89.5811 1978
89.6812 1974
89.7813 1969
89.8814 1966
89.9816 1962
90.0817 1957
90.1818 1953
90.2819 1949
90.3819 1945
90.482 1941
90.5821 1936
90.6822 1932
90.7823 1928
90.8824 1924
90.9824 1920
91.0825 1915
91.1826 1911
91.2827 1907
91.3828 1903
91.4829 1898
91.5829 1894
91.683 1890
91.7831 1886
91.8832 1882
91.9833 1877
92.0834 1873
92.1835 1869
92.2836 1865
92.3837 1860
92.4838 1856
92.5839 1852
92.684 1848
92.7841 1844
92.8842 1839
92.9843 1835
93.0844 1831
93.1845 1827
93.2846 1823
93.3847 1818
93.4847 1814
93.5848 1810
93.6849 1806
93.785 1802
93.8851 1797
93.9852 1793
94.0853 1789
94.1853 1785
94.2854 1781
94.3855 1776
94.4856 1772
94.5857 1768
94.6857 1763
94.7859 1760
94.8862 1755
94.9863 1751
95.0864 1747
95.1865 1742
95.2865 1739
95.3866 1734
95.4867 1730
95.5868 1726
95.6869 1721
95.787 1718
95.8871 1713
95.9871 1709
96.0874 1704
96.1876 1700
96.2877 1697
96.3877 1692
96.4878 1688
96.5879 1683
96.688 1679
96.7881 1676
96.8883 1671
96.9884 1667
97.0885 1662
97.1886 1658
97.2887 1655
97.3888 1649
97.4889 1646
97.589 1641
97.6891 1637
97.7892 1634
97.8892 1628
97.9893 1625
98.0894 1620
98.1895 1616
98.2896 1613
98.3897 1607
98.4898 1604
98.5898 1599
98.6899 1593
98.79 1584
98.8901 1575
98.9902 1566
99.0902 1557
99.1903 1548
99.2904 1541
99.3905 1532
99.4906 1523
99.5906 1514
99.6907 1505
99.7908 1499
99.8909 1490
99.991 1481
100.091 1472
100.191 1465
100.291 1457
100.391 1448
100.491 1439
100.592 1432
100.692 1422
100.792 1415
100.892 1406
100.992 1398
101.092 1389
101.192 1382
101.292 1373
101.392 1365
101.492 1356
101.592 1347
101.692 1338
101.793 1330
101.893 1321
101.993 1312
102.093 1305
102.193 1297
102.293 1289
102.393 1280
102.493 1273
102.593 1264
102.693 1253
102.793 1244
102.893 1237
102.994 1228
103.094 1221
103.194 1213
103.294 1205
103.394 1197
103.494 1189
103.594 1182
103.694 1172
103.794 1164
103.894 1155
103.994 1146
104.094 1138
104.195 1131
104.295 1122
104.395 1113
104.495 1105
104.595 1096
104.695 1088
104.795 1080
104.895 1072
104.995 1064
105.095 1056
105.195 1048
105.295 1039
105.396 1030
105.496 1023
105.596 1014
105.696 1005
105.796 996
105.896 988
105.996 979
106.096 975
106.196 969
106.296 963
106.396 957
106.496 952
106.597 946
106.697 940
106.797 935
106.897 930
106.997 924
107.097 921
107.197 918
107.297 916
107.397 913
107.497 910
107.598 908
107.698 905
107.798 902
107.898 899
107.998 896
108.098 893
108.198 891
108.298 888
108.398 885
108.499 882
108.599 880
108.699 877
108.799 875
108.899 872
108.999 869
109.099 866
109.199 864
109.299 861
109.399 858
109.499 855
109.6 853
109.7 850
109.8 848
109.9 845
110 842
110.1 839
110.2 836
110.3 833
110.4 831
110.501 828
110.601 825
110.701 822
110.801 819
110.901 816
111.001 813
111.101 811
111.201 808
111.301 806
111.402 803
111.502 801
111.602 799
111.702 798
111.802 796
111.902 794
112.002 793
112.102 792
112.202 790
112.302 789
112.402 787
112.503 786
112.603 785
112.703 783
112.803 782
112.903 781
113.003 779
113.103 778
113.203 776
113.303 775
113.403 774
113.503 772
113.603 771
113.704 769
113.804 768
113.904 767
114.004 765
114.104 764
114.204 763
114.304 761
114.404 760
114.504 758
114.605 757
114.705 756
114.805 754
114.905 753
115.005 751
115.105 750
115.205 749
115.305 747
115.405 746
115.505 745
115.605 743
115.705 742
115.805 740
115.906 739
116.006 738
116.106 736
116.206 735
116.306 733
116.406 732
116.506 731
116.606 729
116.706 728
116.806 726
116.907 725
117.007 724
117.107 722
117.207 721
117.307 719
117.407 718
117.507 717
117.607 715
117.707 714
117.808 712
117.908 711
118.008 710
118.108 708
118.208 707
118.308 705
118.408 704
118.508 703
118.608 701
118.708 700
118.808 698
118.909 697
119.009 696
119.109 694
119.209 693
119.309 691
119.409 690
119.509 689
119.609 687
119.709 686
119.809 684
119.91 683
120.01 682
120.11 680
120.21 679
120.31 678
120.41 676
120.51 675
120.61 673
120.71 672
120.81 671
120.91 669
121.011 668
121.111 666
121.211 665
121.311 664
121.411 662
121.511 661
121.611 659
121.711 658
121.811 657
121.911 655
122.011 654
122.111 653
122.212 651
122.312 650
122.412 648
122.512 647
122.612 646
122.712 644
122.812 643
122.912 641
123.012 640
123.112 639
123.213 637
123.313 636
123.413 634
123.513 633
123.613 632
123.713 630
123.813 629
123.913 627
124.013 626
124.113 625
124.214 623
124.314 622
124.414 620
124.514 619
124.614 618
124.714 616
124.814 615
124.914 614
125.015 612
125.115 611
125.215 609
125.315 608
125.415 606
125.515 605
125.615 604
125.715 602
125.815 601
125.915 599
126.016 598
126.116 597
126.216 595
126.316 594
126.416 592
126.516 591
126.616 590
126.716 588
126.816 587
126.917 585
127.017 584
127.117 583
127.217 581
127.317 580
127.417 578
127.517 577
127.617 576
127.717 574
127.817 573
127.917 572
128.017 570
128.118 569
128.218 567
128.318 566
128.418 565
128.518 563
128.618 562
128.718 560
128.818 559
128.918 558
129.018 556
129.118 555
129.218 553
129.319 552
129.419 551
129.519 549
129.619 548
129.719 547
129.819 545
129.919 544
130.019 542
130.119 541
130.219 540
130.32 538
130.42 537
130.52 535
130.62 534
130.72 533
130.82 531
130.92 530
131.02 528
131.12 527
131.22 526
131.32 524
131.421 523
131.521 521
131.621 520
131.721 519
131.821 517
131.921 516
132.021 514
132.121 513
132.221 512
132.321 510
132.421 509
132.522 507
132.622 506
132.722 505
132.822 503
132.922 502
133.022 501
133.122 499
133.222 498
133.322 496
133.422 495
133.522 494
133.622 492
133.722 491
133.823 489
133.923 488
134.023 486
134.123 485
134.223 484
134.323 482
134.423 481
134.523 480
134.623 478
134.723 477
134.824 475
134.924 474
135.024 473
135.124 471
135.224 470
135.324 468
135.424 467
135.524 466
135.624 464
135.724 463
135.824 461
135.924 460
136.025 459
136.125 457
136.225 456
136.325 454
136.425 453
136.525 452
136.625 450
136.725 449
136.825 447
136.925 446
137.025 445
137.126 443
137.226 442
137.326 440
137.426 439
137.526 438
137.626 436
137.726 435
137.826 433
137.926 432
138.026 430
138.126 429
138.226 428
138.327 426
138.427 425
138.527 423
138.627 422
138.727 421
138.827 419
138.927 418
139.027 416
139.127 415
139.227 414
139.327 412
139.428 411
139.528 409
139.628 408
139.728 407
139.828 405
139.928 404
140.028 402
140.128 401
140.228 400
140.328 398
140.428 397
140.529 395
140.629 394
140.729 393
140.829 391
140.929 390
141.029 388
141.129 387
141.229 386
141.329 384
141.43 383
141.53 382
141.63 380
141.73 379
141.83 378
141.93 376
142.03 375
142.13 373
142.23 372
142.33 371
142.431 369
142.531 368
142.631 366
142.731 365
142.831 364
142.931 362
143.031 361
143.131 359
143.231 358
143.331 357
143.432 355
143.532 354
143.632 352
143.732 351
143.832 350
143.932 348
144.032 347
144.132 345
144.232 344
144.332 343
144.432 341
144.532 340
144.633 338
144.733 337
144.833 336
144.933 334
145.033 333
145.133 331
145.233 330
145.333 328
145.433 327
145.533 326
145.633 324
145.734 323
145.834 321
145.934 320
146.034 319
146.134 317
146.234 316
146.334 314
146.434 313
146.534 312
146.634 310
146.735 309
146.835 307
146.935 306
147.035 305
147.135 303
147.235 302
147.335 300
147.435 299
147.535 298
147.635 296
147.735 295
147.836 293
147.936 292
148.036 291
148.136 289
148.236 288
148.336 286
148.436 285
148.536 284
148.636 282
148.736 281
148.837 279
148.937 278
149.037 277
149.137 275
149.237 274
149.337 272
149.437 271
149.537 269
149.637 268
149.737 267
149.838 265
149.938 264
150.038 262
150.138 261
150.238 260
150.338 258
150.438 257
150.538 255
150.638 254
150.738 253
150.839 251
150.939 250
151.039 248
151.139 247
151.239 246
151.339 244
151.439 243
151.539 241
151.639 240
151.739 239
151.84 237
151.94 236
152.04 234
152.14 233
152.24 232
152.34 230
152.44 229
152.54 227
152.64 226
152.74 225
152.84 223
152.94 222
153.041 220
153.141 219
153.241 218
153.341 216
153.441 215
153.541 213
153.641 212
153.741 211
153.841 209
153.941 208
154.041 206
154.142 205
154.242 203
154.342 202
154.442 201
154.542 199
154.642 198
154.742 196
154.842 195
154.942 194
155.042 192
155.142 191
155.242 189
155.343 188
155.443 187
155.543 185
155.643 184
155.743 182
155.843 181
155.943 180
156.043 178
156.143 177
156.243 175
156.343 174
156.444 173
156.544 171
156.644 170
156.744 168
156.844 167
156.944 166
157.044 164
157.144 163
157.244 161
157.344 160
157.444 159
157.544 157
157.645 156
157.745 154
157.845 153
157.945 152
158.045 150
158.145 149
158.245 147
158.345 146
158.445 144
158.545 143
158.645 142
158.745 140
158.846 139
158.946 137
159.046 136
159.146 135
159.246 133
159.346 132
159.446 130
159.546 129
159.646 128
159.746 126
159.847 125
159.947 123
160.047 122
160.147 121
160.247 119
160.347 118
160.447 116
160.547 115
160.647 114
160.747 112
160.847 111
160.947 109
161.048 108
161.148 107
161.248 105
161.348 104
161.448 102
161.548 101
161.648 100
161.748 98
161.848 97
161.948 95
162.048 94
162.148 93
162.249 91
162.349 90
162.449 88
162.549 87
162.649 86
162.749 84
162.849 83
162.949 81
163.049 80
163.149 79
163.249 77
163.35 76
163.45 74
163.55 73
163.65 72
163.75 70
163.85 69
163.95 67
164.05 66
164.15 65
164.25 63
164.35 62
164.45 60
164.551 59
164.651 58
164.751 56
164.851 55
164.951 53
165.051 52
165.151 51
165.251 49
165.351 48
165.451 46
165.551 45
165.651 44
165.752 42
165.852 41
165.952 39
166.052 38
166.152 37
166.252 35
166.352 34
166.452 32
166.552 31
166.652 30
166.752 28
166.852 27
166.953 25
167.053 24
167.153 23
167.253 21
167.353 20
167.453 19
167.553 17
167.653 16
167.753 14
167.853 13
167.954 12
168.054 10
168.154 9
168.254 7
168.354 6
168.454 5
168.554 3
168.654 2
168.754 0
