1.052e-06 0
0.100302 6
0.200409 18
0.300483 30
0.400562 42
0.500644 50
0.600729 50
0.700805 50
0.800884 50
0.900981 50
1.00105 50
1.10114 50
1.20122 50
1.3013 50
1.40138 50
1.50147 50
1.60154 50
1.70163 50
1.80171 50
1.90179 50
2.00186 50
2.10196 50
2.20207 50
2.30216 50
2.40226 50
2.50234 50
2.60245 50
2.70256 50
2.80265 50
2.90353 50
3.00654 50
3.10662 50
3.20673 50
3.30685 50
3.40698 50
3.50708 50
3.60715 50
3.70724 50
3.80732 50
3.90741 50
4.0075 50
4.10757 50
4.20765 50
4.30774 50
4.40782 50
4.50793 50
4.60802 50
4.70811 50
4.80819 50
4.90828 50
5.00835 50
5.10844 50
5.20852 50
5.30859 50
5.40866 50
5.50874 50
5.60882 50
5.70892 50
5.809 50
5.90908 50
6.00916 50
6.10924 49
6.20932 50
6.30942 48
6.4095 50
6.50962 50
6.6097 50
6.70978 50
6.80986 48
6.90994 50
7.01002 48
7.1101 50
7.21017 50
7.31025 48
7.41032 50
7.5104 50
7.61048 50
7.71056 50
7.81066 49
7.91074 50
8.01082 47
8.1109 50
8.21098 50
8.31107 47
8.41118 49
8.51128 49
8.61137 48
8.71145 48
8.81153 48
8.91163 48
9.01172 45
9.11179 46
9.21188 45
9.31199 42
9.41207 41
9.51216 38
9.61224 40
9.71233 40
9.81244 37
9.91252 37
10.0126 34
10.1127 32
10.2127 29
10.3128 26
10.4129 24
10.513 18
10.6131 17
10.7132 15
10.8132 11
10.9133 9
11.0134 2
11.1135 3
11.2136 0
11.3136 0
11.4137 0
11.5138 0
11.6139 0
11.714 0
11.814 0
11.9141 0
12.0142 0
12.1143 0
12.2144 0
12.3145 0
12.4146 0
12.5153 0
12.6174 0
12.7175 0
12.8177 0
12.9177 0
13.0183 0
13.1184 0
13.2185 0
13.3188 0
13.4189 0
13.519 0
13.6191 0
13.7192 0
13.8193 0
13.9194 0
14.0195 0
14.1196 0
14.2196 0
14.3197 0
14.4198 0
14.5199 0
14.62 0
14.72 0
14.8201 0
14.9202 0
15.0204 0
15.1204 0
15.2205 0
15.3206 0
15.4207 0
15.5208 0
15.6209 0
15.7209 0
15.821 0
15.9211 0
16.0212 0
16.1213 0
16.2214 0
16.3214 0
16.4215 0
16.5216 0
16.6217 0
16.7218 0
16.8219 0
16.9219 0
17.0221 0
17.1221 0
17.2222 0
17.3223 0
17.4224 0
17.5225 0
17.6225 0
17.7226 0
17.8227 0
17.9228 0
18.0228 0
18.1229 0
18.223 0
18.3231 0
18.4232 0
18.5233 0
18.6233 0
18.7234 0
18.8235 0
18.9236 0
19.0236 0
19.1237 0
19.2238 0
19.3239 0
19.424 0
19.5241 0
19.6242 0
19.7243 0
19.8244 0
19.9245 0
20.0246 0
20.1247 0
20.2248 0
20.3249 0
20.425 0
20.5251 0
20.6252 0
20.7253 0
20.8255 0
20.9256 0
21.0257 0
21.1258 0
21.2259 0
21.326 0
21.4261 0
21.5261 0
21.6262 0
21.7263 0
21.8264 0
21.9265 0
22.0266 0
22.1271 0
22.2273 0
22.328 0
22.4282 0
22.5283 0
22.6284 0
22.7285 0
22.8287 0
22.9293 0
23.0297 0
23.1301 0
23.2302 0
23.3303 0
23.4304 0
23.5305 0
23.6306 0
23.7307 0
23.8308 0
23.9309 0
24.031 0
24.131 0
24.2311 0
24.3312 0
24.4313 0
24.5314 0
24.6315 0
24.7316 0
24.8317 0
24.9317 0
25.0318 0
25.1319 0
25.232 0
25.3321 0
25.4322 0
25.5323 0
25.6324 0
25.7325 0
25.8326 0
25.9326 0
26.0327 0
26.1328 0
26.2329 0
26.333 0
26.4331 0
26.5332 0
26.6333 0
26.7334 0
26.8334 0
26.9336 0
27.0337 0
27.1338 0
27.2339 0
27.3339 0
27.434 0
27.5341 0
27.6342 0
27.7343 0
27.8344 0
27.9345 0
28.0346 0
28.1347 0
28.2347 0
28.3348 0
28.4349 0
28.535 0
28.6351 0
28.7352 0
28.8353 0
28.9353 0
29.0354 0
29.1355 0
29.2356 0
29.3357 0
29.4358 0
29.5358 0
29.6359 0
29.736 0
29.8361 0
29.9362 0
30.0363 0
30.1363 0
30.2364 0
30.3365 0
30.4366 0
30.5367 0
30.6368 0
30.7369 0
30.837 0
30.9371 0
31.0372 0
31.1373 0
31.2374 0
31.3375 0
31.4375 0
31.5376 0
31.6377 0
31.7378 0
31.8379 0
31.938 0
32.0381 0
32.1382 0
32.2383 0
32.3384 0
32.4385 0
32.539 0
32.6391 0
32.7393 0
32.8394 0
32.9395 0
33.0395 0
33.1396 0
33.2397 0
33.3398 0
33.4399 0
33.54 0
33.6401 0
33.7402 0
33.8403 0
33.9404 0
34.0405 0
34.1406 0
34.2407 0
34.3407 0
34.4408 0
34.5409 0
34.641 0
34.7411 0
34.8412 0
34.9413 0
35.0414 0
35.1414 0
35.2415 0
35.3416 0
35.4417 0
35.5418 0
35.6419 0
35.742 0
35.8421 0
35.9422 0
36.0423 0
36.1424 0
36.2424 0
36.3425 0
36.4426 0
36.5427 0
36.6428 0
36.7429 0
36.8429 0
36.943 0
37.0431 0
37.1432 0
37.2433 0
37.3433 0
37.4434 0
37.5435 0
37.6436 0
37.7437 0
37.8438 0
37.9438 0
38.0439 0
38.144 0
38.2441 0
38.3442 0
38.4443 0
38.5444 0
38.6445 0
38.7446 0
38.8447 0
38.9448 0
39.0449 0
39.145 0
39.2451 0
39.3452 0
39.4453 0
39.5454 0
39.6454 0
39.7455 0
39.8457 0
39.9458 0
40.0458 0
40.1459 0
40.246 0
40.3461 0
40.4462 0
40.5463 0
40.6463 0
40.7464 0
40.8465 0
40.9466 0
41.0467 0
41.1468 0
41.2469 0
41.347 0
41.4471 0
41.5471 0
41.6472 0
41.7477 1
41.8477 0
41.9478 0
42.0479 0
42.1483 0
42.2484 0
42.3485 0
42.4492 0
42.5492 0
42.6494 0
42.7495 0
42.8495 0
42.9497 0
43.0498 0
43.1499 0
43.25 0
43.3501 0
43.4502 0
43.5503 0
43.6504 0
43.7504 0
43.8505 0
43.9506 0
44.0507 0
44.1508 0
44.2508 0
44.3509 0
44.451 0
44.5511 0
44.6512 0
44.7512 0
44.8513 0
44.9514 0
45.0515 0
45.1515 0
45.2516 0
45.3517 0
45.4518 0
45.5519 0
45.652 0
45.7521 0
45.8522 0
45.9523 0
46.0524 0
46.1525 0
46.2525 0
46.3526 0
46.4527 0
46.5528 0
46.6529 0
46.753 0
46.8531 0
46.9531 0
47.0532 0
47.1533 0
47.2534 0
47.3535 0
47.4536 0
47.5537 0
47.6538 0
47.7539 0
47.854 0
47.954 0
48.0541 0
48.1542 0
48.2543 0
48.3544 0
48.4544 0
48.5545 0
48.6546 0
48.7547 0
48.8548 0
48.9549 0
49.055 0
49.155 0
49.2551 0
49.3552 0
49.4553 0
49.5554 0
49.6555 0
49.7556 0
49.8557 0
49.9557 0
50.0558 0
50.1559 0
50.256 0
50.3561 0
50.4562 0
50.5562 0
50.6563 0
50.7564 0
50.8565 0
50.9566 0
51.0567 0
51.1568 0
51.2569 0
51.3569 0
51.457 0
51.5571 0
51.6576 0
51.7577 0
51.8578 0
51.9579 0
52.058 0
52.1581 1
52.2582 0
52.3583 0
52.4584 0
52.5585 0
52.6588 0
52.7589 0
52.859 0
52.9591 0
53.0592 0
53.1593 0
53.2594 0
53.3595 0
53.4596 0
53.5597 0
53.6597 0
53.7598 0
53.8599 0
53.96 0
54.0601 0
54.1601 0
54.2602 0
54.3603 0
54.4604 0
54.5605 0
54.6605 0
54.7606 0
54.8607 0
54.9608 0
55.0609 0
55.1609 0
55.2611 0
55.3612 0
55.4612 0
55.5613 0
55.6614 0
55.7615 0
