1.913e-06 0
0.100461 8
0.200551 20
0.300655 20
0.400734 20
0.500818 20
0.600887 20
0.700965 20
0.80104 20
0.901114 20
1.0012 20
1.1013 20
1.2014 20
1.30147 20
1.40155 20
1.50163 20
1.6017 20
1.70178 20
1.80186 20
1.90193 20
2.002 20
2.10207 20
2.20214 20
2.30222 20
2.4023 20
2.50239 20
2.60249 20
2.70257 20
2.80264 20
2.90272 20
3.00281 20
3.10289 20
3.20297 20
3.30304 20
3.40312 20
3.50319 20
3.60327 20
3.70334 20
3.80343 20
3.9035 20
4.00359 20
4.10367 20
4.20376 20
4.30387 20
4.40395 20
4.50402 20
4.60411 20
4.70419 20
4.80427 20
4.90434 20
5.00442 20
5.1045 20
5.20458 20
5.30466 20
5.40474 20
5.50484 20
5.60495 20
5.70504 20
5.80512 20
5.9052 20
6.0053 19
6.10539 20
6.20549 20
6.30559 19
6.40569 20
6.50577 18
6.60588 20
6.70737 20
6.80744 18
6.90752 20
7.00759 17
7.10766 20
7.20773 20
7.30781 17
7.40791 20
7.50798 17
7.60811 18
7.7082 20
7.80832 18
7.90842 20
8.00854 17
8.10886 17
8.20899 20
8.30912 16
8.40922 19
8.50932 16
8.60943 17
8.71055 18
8.81108 14
8.91116 17
9.01125 17
9.11137 12
9.21146 13
9.3116 7
9.41172 9
9.51184 5
9.61195 5
9.71207 5
9.81216 1
9.91224 4
10.0123 0
10.1124 0
10.2125 0
10.3126 0
10.4127 0
10.5128 0
10.6129 0
10.713 0
10.813 0
10.9131 0
11.0132 0
11.1133 0
11.2133 0
11.3134 0
11.4135 0
11.5135 0
11.6136 0
11.7137 0
11.8138 0
11.9139 0
12.0139 0
12.114 0
12.2141 0
12.3141 0
12.4142 0
12.5143 0
12.6144 0
12.7145 0
12.8146 0
12.9146 0
13.0147 0
13.1148 0
13.2149 0
13.3149 0
13.415 0
13.5151 0
13.6152 0
13.7152 0
13.8153 0
13.9154 0
14.0155 0
14.1155 0
14.2156 0
14.3157 0
14.4158 0
14.5158 0
14.6159 0
14.716 0
14.8161 0
14.9162 0
15.0162 0
15.1163 0
15.2165 0
15.3166 0
15.4167 0
15.5168 0
15.6169 0
15.717 0
15.8171 0
15.9172 0
16.0173 0
16.1174 0
16.2175 0
16.3176 0
16.4177 0
16.5178 0
16.6178 0
16.7179 0
16.818 0
16.9181 0
17.0182 0
17.1182 0
17.2183 0
17.3184 0
17.4185 0
17.5186 0
17.6189 0
17.719 0
17.8191 0
17.9192 0
18.0193 0
18.1198 0
18.2199 0
18.32 0
18.4205 0
18.5206 0
18.6207 0
18.7208 0
18.8209 0
18.921 0
19.0211 0
19.1212 0
19.2213 0
19.3213 0
19.4214 0
19.5215 0
19.6216 0
19.7217 0
19.8217 0
19.9218 0
20.0219 0
20.122 0
20.2221 0
20.3222 0
20.4222 0
20.5223 0
20.6224 0
20.7225 0
20.8226 0
20.9227 0
21.0228 0
21.1228 0
21.2229 0
21.323 0
21.4231 0
21.5232 0
21.6232 0
21.7233 0
21.8234 0
21.9235 0
22.0236 0
22.1237 0
22.2237 0
22.3238 0
22.4239 0
22.524 0
22.6241 0
22.7242 0
22.8242 0
22.9243 0
23.0244 0
23.1245 0
23.2246 0
23.3247 0
23.4248 0
23.5249 0
23.6249 0
23.7251 0
23.8251 0
23.9252 0
24.0253 0
24.1254 0
24.2255 0
24.3256 0
24.4256 0
24.5257 0
24.6258 0
24.7259 0
24.826 0
24.9261 0
25.0262 0
25.1263 0
25.2264 0
25.3265 0
25.4266 0
25.5266 0
25.6267 0
25.7268 0
25.8269 0
25.927 0
26.0271 0
26.1271 0
26.2272 0
26.3273 0
26.4274 0
26.5275 0
26.6275 0
26.7276 0
26.8277 0
26.9278 0
27.0279 0
27.1279 0
27.228 0
27.3281 0
27.4289 0
27.5291 0
27.6292 0
27.7293 0
27.8294 0
27.9295 0
28.0296 0
28.1297 0
28.2298 0
28.3299 0
28.43 0
28.5301 0
28.6302 0
28.7303 0
28.8304 0
28.9305 0
29.0306 0
29.1306 0
29.2307 0
29.3308 0
29.4309 0
29.531 0
29.631 0
29.7311 0
29.8312 0
29.9313 0
30.0314 0
30.1315 0
30.2315 0
30.3316 0
30.4317 0
30.5317 0
30.6318 0
30.7319 0
30.832 0
30.9321 0
31.0322 0
31.1322 0
31.2323 0
31.3324 0
31.4325 0
31.5326 0
31.6326 0
31.7327 0
31.8328 0
31.9329 0
32.033 0
32.133 0
32.2331 0
32.3332 0
32.4333 0
32.5334 0
32.6335 0
32.7336 0
32.8337 0
32.9338 0
33.0338 0
33.1339 0
33.234 0
33.3341 0
33.4341 0
33.5342 0
33.6343 0
33.7344 0
33.8345 0
33.9345 0
34.0346 0
34.1347 0
34.2348 0
34.3349 0
34.4349 0
34.535 0
34.6351 0
34.7352 0
34.8353 0
34.9353 0
35.0354 0
35.1355 0
35.2356 0
35.3357 0
35.4359 0
35.5359 0
35.636 0
35.7361 0
35.8362 0
35.9363 0
36.0364 0
36.1364 0
36.2365 0
36.3366 0
36.4367 0
36.5368 0
36.6368 0
36.7369 0
36.837 0
36.9371 0
37.0372 0
37.1372 0
37.2373 0
37.3375 0
37.438 0
37.5386 0
37.6388 0
37.7389 0
37.839 0
37.9391 0
38.0392 0
38.1393 0
38.2398 0
38.34 0
38.4401 0
38.5405 0
38.6406 0
38.7407 0
38.8408 0
38.9409 0
39.041 0
39.1411 0
39.2411 0
39.3412 0
39.4413 0
39.5414 0
39.6414 0
39.7415 0
39.8416 0
39.9417 0
40.0418 0
40.1419 0
40.242 0
40.3421 0
40.4421 0
40.5422 0
40.6423 0
40.7424 0
40.8425 0
40.9426 0
41.0427 0
41.1428 0
41.2428 0
41.3429 0
41.443 0
41.5431 0
41.6432 0
41.7433 0
41.8434 0
41.9435 0
42.0435 0
42.1436 0
42.2437 0
42.3438 0
42.4439 0
42.544 0
42.6441 0
42.7442 0
42.8443 0
42.9444 0
43.0445 0
43.1446 0
43.2447 0
43.3448 0
43.4448 0
43.5449 0
43.645 0
43.7451 0
43.8452 0
43.9452 0
44.0453 0
44.1454 0
44.2455 0
44.3456 0
44.4457 0
44.5457 0
44.6458 0
44.7459 0
44.846 0
44.9461 0
45.0462 0
45.1462 0
45.2463 0
45.3464 0
45.4465 0
45.5466 0
45.6467 0
45.7468 0
45.8468 0
45.9469 0
46.047 0
46.1471 0
46.2472 0
46.3472 0
46.4473 0
46.5474 0
46.6475 0
46.7476 0
46.8477 0
46.9477 0
47.0478 0
47.148 0
47.2481 0
47.3482 0
47.4483 0
47.5485 0
47.6489 0
47.749 0
47.8492 0
47.9495 0
48.0496 0
48.1497 0
48.2498 0
48.3499 0
48.4505 0
48.551 0
48.6512 0
48.7513 0
48.8514 0
48.9515 0
49.0516 0
49.1517 0
49.2519 0
49.352 0
49.4521 0
49.5522 0
49.6523 1
49.7524 0
49.8525 0
49.9526 0
50.0528 0
50.1529 0
50.253 0
50.3532 0
50.4533 0
50.5534 0
50.6535 0
50.7536 0
50.8537 0
50.9538 0
51.0539 0
51.154 0
51.2541 0
51.3542 0
51.4543 0
51.5544 0
51.6545 0
51.7546 0
51.8546 0
51.9547 0
52.0548 0
52.1549 0
52.255 0
52.355 0
52.4551 0
52.5552 0
52.6553 0
52.7555 0
52.8556 0
52.9557 0
53.0558 0
53.1558 0
53.256 0
53.356 1
53.4562 0
53.5562 0
53.6563 0
53.7565 0
53.8566 0
53.9567 0
54.0568 0
54.1569 0
54.257 0
54.3571 0
54.4572 0
54.5573 0
54.6574 0
54.7575 0
