1.243e-06 0
0.100693 8
0.200793 21
0.300882 33
0.40096 43
0.501043 55
0.601125 66
0.701217 77
0.801269 86
0.901356 98
1.00144 108
1.10153 119
1.20168 130
1.30178 142
1.40186 153
1.50195 164
1.60205 175
1.70216 187
1.80226 199
1.90236 200
2.00244 200
2.10254 200
2.20262 200
2.30271 200
2.40282 200
2.50291 200
2.60301 200
2.70312 200
2.80322 200
2.90332 200
3.0034 200
3.10347 200
3.20358 200
3.3037 200
3.40378 200
3.50385 200
3.60393 200
3.70401 200
3.80411 200
3.9042 200
4.00428 200
4.10436 200
4.20446 200
4.30458 200
4.40466 200
4.50474 200
4.60482 200
4.70492 200
4.80501 200
4.9051 200
5.00518 200
5.10525 200
5.20534 200
5.30541 200
5.40548 200
5.50555 200
5.60562 200
5.70572 200
5.8058 200
5.90589 200
6.00599 199
6.1061 200
6.20617 200
6.30625 199
6.40633 200
6.5064 199
6.60647 200
6.70654 200
6.80662 199
6.90671 200
7.00678 198
7.10686 200
7.20692 200
7.307 200
7.40708 200
7.50715 198
7.60722 200
7.70729 200
7.80736 200
7.90744 200
8.00751 197
8.10758 200
8.20765 198
8.30773 199
8.40781 200
8.50789 197
8.60796 200
8.70804 198
8.80811 199
8.90818 200
9.00829 196
9.1084 200
9.20847 199
9.30854 197
9.40863 200
9.5087 196
9.60878 198
9.70885 197
9.80893 198
9.909 198
10.0091 194
10.1092 196
10.2093 195
10.3093 192
10.4094 191
10.5095 187
10.6096 190
10.7096 185
10.8097 186
10.9098 178
11.0099 168
11.11 164
11.2101 153
11.3101 146
11.4102 137
11.5103 127
11.6104 122
11.7105 110
11.8105 104
11.9106 95
12.0107 85
12.1108 80
12.2109 68
12.311 44
12.4111 25
12.5112 0
12.6113 0
12.7114 0
12.8115 0
12.9115 0
13.0116 0
13.1117 0
13.2118 0
13.3119 0
13.412 0
13.5121 0
13.6121 0
13.7122 0
13.8123 0
13.9124 0
14.0125 0
14.1126 0
14.2127 0
14.3128 0
14.4129 0
14.5129 0
14.613 0
14.7131 0
14.8132 0
14.9133 0
15.0134 0
15.1135 0
15.2136 0
15.3136 0
15.4137 0
15.5138 0
15.6139 0
15.714 0
15.8141 0
15.9142 0
16.0142 0
16.1144 0
16.2145 0
16.3145 0
16.4146 0
16.5147 0
16.6148 0
16.7149 0
16.815 0
16.9151 0
17.0152 0
17.1153 0
17.2153 0
17.3154 0
17.4155 0
17.5156 0
17.6157 0
17.7157 0
17.8158 0
17.9159 0
18.016 0
18.1161 0
18.2162 0
18.3163 0
18.4163 0
18.5164 0
18.6165 0
18.7166 0
18.8166 0
18.9167 0
19.0168 0
19.1169 0
19.217 0
19.3171 0
19.4171 0
19.5172 1
19.6173 0
19.7174 0
19.8175 0
19.9176 0
20.0177 1
20.1178 0
20.2178 1
20.3179 1
20.418 0
20.5181 2
20.6182 0
20.7183 1
20.8183 0
20.9184 0
21.0185 3
21.1186 4
21.2187 7
21.3188 11
21.4189 12
21.519 17
21.6191 19
21.7192 22
21.8193 25
21.9193 26
22.0194 30
22.1195 32
22.2196 35
22.3197 39
22.4197 40
22.5198 44
22.6199 47
22.72 49
22.8201 53
22.9202 55
23.0203 59
23.1203 61
23.2204 63
23.3205 68
23.4206 69
23.5207 73
23.6207 75
23.7208 77
23.8209 81
23.921 82
24.0211 86
24.1212 88
24.2213 90
24.3214 94
24.4214 96
24.5215 100
24.6216 102
24.7217 104
24.8218 109
24.9219 110
25.022 114
25.1221 117
25.2222 126
25.3222 134
25.4223 143
25.5224 151
25.6225 160
25.7226 169
25.8227 176
25.9228 186
26.0229 192
26.123 197
26.2231 200
26.3231 200
26.4232 200
26.5233 200
26.6234 200
26.7235 200
26.8236 200
26.9237 200
27.0237 200
27.1238 200
27.2239 200
27.324 200
27.4241 200
27.5242 200
27.6243 200
27.7243 200
27.8244 200
27.9245 200
28.0246 200
28.1247 200
28.2248 200
28.3249 200
28.4249 200
28.525 200
28.6251 200
28.7252 200
28.8253 200
28.9254 200
29.0254 200
29.1255 200
29.2256 200
29.3257 200
29.4258 200
29.5258 200
29.6259 200
29.726 200
29.8261 200
29.9262 200
30.0263 199
30.1263 200
30.2264 200
30.3265 200
30.4266 200
30.5266 200
30.6267 200
30.7268 200
30.8269 200
30.927 200
31.027 198
31.1271 200
31.2272 199
31.3273 200
31.4274 199
31.5274 198
31.6275 200
31.7276 198
31.8277 200
31.9277 200
32.0278 198
32.1279 199
32.228 196
32.3281 197
32.4281 198
32.5282 198
32.6283 200
32.7284 197
32.8284 198
32.9285 197
33.0286 196
33.1287 197
33.2287 193
33.3288 192
33.4289 192
33.529 189
33.6291 191
33.7291 186
33.8292 186
33.9293 182
34.0294 181
34.1295 182
34.2295 175
34.3296 174
34.4297 164
34.5298 157
34.6299 152
34.7299 141
34.83 134
34.9301 122
35.0302 115
35.1303 108
35.2303 98
35.3304 92
35.4305 79
35.5306 73
35.6307 65
35.7307 44
35.8308 20
35.9309 0
36.031 0
36.1311 0
36.2312 0
36.3313 0
36.4313 0
36.5314 0
36.6315 0
36.7316 0
36.8317 0
36.9318 0
37.0319 0
37.132 0
37.2321 0
37.3321 0
37.4322 0
37.5323 0
37.6324 0
37.7325 0
37.8325 0
37.9326 0
38.0327 0
38.1328 0
38.2329 0
38.333 0
38.433 0
38.5331 0
38.6332 0
38.7333 0
38.8333 0
38.9334 0
39.0335 0
39.1336 0
39.2337 0
39.3338 0
39.4338 0
39.5339 0
39.634 0
39.7341 0
39.8342 0
39.9342 0
40.0343 0
40.1344 0
40.2345 0
40.3346 0
40.4347 0
40.5348 0
40.6349 0
40.735 0
40.8351 0
40.9352 0
41.0353 0
41.1353 0
41.2354 0
41.3356 0
41.4357 0
41.5357 0
41.6358 0
41.7359 0
41.836 0
41.9361 0
42.0362 0
42.1363 0
42.2364 0
42.3364 0
42.4365 0
42.5366 0
42.6367 0
42.7368 0
42.8368 0
42.9369 0
43.037 0
43.1371 1
43.2372 1
43.3373 1
43.4373 0
43.5374 1
43.6375 0
43.7376 2
43.8377 2
43.9377 2
44.0378 3
44.1379 6
44.238 9
44.3381 13
44.4382 14
44.5383 18
44.6384 21
44.7385 24
44.8386 26
44.9387 28
45.0388 32
45.1388 34
45.2389 37
45.339 39
45.4391 42
45.5392 46
45.6393 49
45.7393 50
45.8394 53
45.9395 55
46.0396 59
46.1397 62
46.2398 65
46.3399 67
46.44 70
46.5401 73
46.6402 76
46.7403 78
46.8404 82
46.9404 84
47.0405 87
47.1406 90
47.2407 92
47.3408 96
47.4409 98
47.541 101
47.6411 104
47.7412 105
47.8412 110
47.9413 112
48.0414 115
48.1415 117
48.2416 119
48.3417 123
48.4418 126
48.5418 129
48.6419 131
48.742 137
48.8421 144
48.9422 153
49.0423 162
49.1424 169
49.2425 178
49.3426 187
49.4427 195
49.5428 200
49.6429 200
49.743 200
49.8431 200
49.9432 200
50.0433 200
50.1434 200
50.2434 200
50.3435 200
50.4436 200
50.5437 200
50.6438 200
50.7439 200
50.844 200
50.9441 200
51.0442 200
51.1443 200
51.2443 200
51.3444 200
51.4445 200
51.5446 200
51.6447 200
51.7448 200
51.8449 200
51.945 200
52.0451 200
52.1451 200
52.2452 200
52.3453 200
52.4454 200
52.5455 200
52.6456 200
52.7457 200
52.8458 200
52.9459 200
53.046 200
53.1461 200
53.2462 200
53.3463 200
53.4463 200
53.5464 200
53.6465 200
53.7466 200
53.8467 200
53.9468 200
54.0469 200
54.147 200
54.2471 200
54.3472 200
54.4473 200
54.5474 200
54.6475 200
54.7475 200
54.8476 200
54.9477 200
55.0478 200
55.1479 199
55.248 200
55.3481 200
55.4482 200
55.5483 200
55.6483 199
55.7484 200
55.8485 200
55.9486 200
56.0487 200
56.1488 199
56.2489 198
56.349 198
56.449 199
56.5491 199
56.6492 197
56.7493 199
56.8494 200
56.9495 200
57.0496 199
57.1497 197
57.2498 198
57.3499 195
57.4499 192
57.55 192
57.6501 188
57.7502 187
57.8503 187
57.9504 185
58.0505 184
58.1506 180
58.2507 178
58.3507 175
58.4508 165
58.5509 152
58.651 136
58.7511 124
58.8512 108
58.9513 95
59.0514 81
59.1514 66
59.2515 54
59.3516 38
59.4517 25
59.5518 11
59.6519 0
