1.594e-06 0
0.100785 8
0.200873 21
0.30096 33
0.401047 43
0.501136 55
0.601222 66
0.701313 77
0.801425 86
0.901531 98
1.0016 108
1.10171 119
1.20179 130
1.30187 142
1.40197 153
1.50206 165
1.60214 175
1.70223 187
1.80233 199
1.90242 200
2.00249 200
2.10257 200
2.20267 200
2.30277 200
2.40284 200
2.50293 200
2.60301 200
2.7031 200
2.80318 200
2.90326 200
3.00333 200
3.10342 200
3.2035 200
3.30359 200
3.40368 200
3.50376 200
3.60385 200
3.70394 200
3.80402 200
3.90411 200
4.00419 200
4.10428 200
4.20437 200
4.30445 200
4.40455 200
4.50464 200
4.60472 200
4.7048 200
4.80489 200
4.90498 200
5.00505 200
5.10516 200
5.20525 200
5.30535 200
5.40546 200
5.50557 200
5.60565 200
5.70574 200
5.80583 200
5.90593 200
6.006 200
6.10608 200
6.20618 200
6.30628 199
6.40636 200
6.50645 200
6.60653 200
6.70662 200
6.8067 199
6.90678 200
7.00685 198
7.10694 200
7.20702 200
7.30712 200
7.40721 200
7.5073 198
7.60738 200
7.70747 200
7.80756 200
7.90764 200
8.00772 197
8.1078 200
8.20788 198
8.30798 199
8.40807 200
8.50815 197
8.60823 200
8.70831 199
8.80839 199
8.90847 200
9.00855 196
9.10865 200
9.20874 199
9.30884 198
9.40893 200
9.50902 198
9.60911 199
9.7092 198
9.8093 197
9.90939 199
10.0095 194
10.1096 196
10.2097 194
10.3098 192
10.4099 192
10.51 187
10.6101 190
10.7101 186
10.8102 186
10.9103 180
11.0104 169
11.1105 165
11.2106 155
11.3107 146
11.4107 139
11.5108 127
11.6109 123
11.711 112
11.8111 104
11.9111 97
12.0112 85
12.1113 81
12.2114 67
12.3114 44
12.4115 24
12.5116 0
12.6117 0
12.7118 0
12.8118 0
12.9119 0
13.012 0
13.1121 0
13.2121 0
13.3122 0
13.4123 0
13.5124 0
13.6125 0
13.7125 0
13.8126 0
13.9127 0
14.0128 0
14.1129 0
14.2129 0
14.313 0
14.4131 0
14.5132 0
14.6133 0
14.7133 0
14.8134 0
14.9135 0
15.0136 0
15.1137 0
15.2137 0
15.3138 0
15.4139 0
15.514 0
15.614 0
15.7141 0
15.8142 0
15.9143 0
16.0144 0
16.1145 0
16.2146 0
16.3147 0
16.4148 0
16.5149 0
16.615 0
16.7151 0
16.8151 0
16.9152 0
17.0153 0
17.1154 0
17.2155 0
17.3155 0
17.4156 0
17.5157 0
17.6158 0
17.7158 0
17.8159 0
17.916 0
18.0161 0
18.1163 0
18.2164 0
18.3165 0
18.4166 0
18.5167 0
18.6167 0
18.7168 0
18.8169 0
18.917 0
19.0171 0
19.1172 0
19.2173 0
19.3173 0
19.4174 0
19.5175 0
19.6176 0
19.7177 0
19.8178 0
19.9179 0
20.0179 0
20.118 2
20.2181 0
20.3182 1
20.4183 1
20.5184 0
20.6185 2
20.7185 0
20.8186 0
20.9187 1
21.0188 1
21.1189 6
21.219 7
21.3191 11
21.4192 14
21.5193 16
21.6194 21
21.7194 22
21.8195 25
21.9196 28
22.0197 30
22.1198 34
22.2199 36
22.32 38
22.4201 41
22.5201 44
22.6202 49
22.7203 50
22.8204 53
22.9205 56
23.0206 59
23.1207 63
23.2208 64
23.3209 69
23.421 71
23.521 73
23.6211 77
23.7212 78
23.8213 82
23.9214 84
24.0215 86
24.1216 89
24.2217 91
24.3217 95
24.4218 97
24.5219 99
24.622 103
24.7221 105
24.8222 110
24.9223 112
25.0224 114
25.1225 118
25.2226 126
25.3227 136
25.4228 145
25.5229 153
25.623 161
25.7231 171
25.8231 178
25.9232 186
26.0233 195
26.1234 200
26.2235 200
26.3236 200
26.4237 200
26.5238 200
26.6239 200
26.724 200
26.824 200
26.9241 200
27.0242 200
27.1243 200
27.2244 200
27.3245 200
27.4246 200
27.5247 200
27.6248 200
27.7249 200
27.825 200
27.9251 200
28.0251 200
28.1252 200
28.2253 200
28.3254 200
28.4255 200
28.5256 200
28.6257 200
28.7258 200
28.8259 200
28.926 200
29.0261 200
29.1261 200
29.2262 200
29.3263 200
29.4264 200
29.5265 200
29.6266 200
29.7267 200
29.8268 200
29.9269 200
30.027 200
30.1271 200
30.2272 200
30.3273 200
30.4274 200
30.5275 199
30.6276 200
30.7276 200
30.8277 200
30.9278 200
31.0279 199
31.128 200
31.2281 199
31.3281 200
31.4283 199
31.5283 199
31.6284 200
31.7285 199
31.8286 200
31.9287 200
32.0288 198
32.1289 200
32.229 195
32.3291 198
32.4292 197
32.5293 198
32.6294 200
32.7294 196
32.8296 198
32.9297 196
33.0298 197
33.1299 198
33.23 192
33.3301 193
33.4302 190
33.5303 189
33.6304 188
33.7304 185
33.8305 187
33.9306 182
34.0307 182
34.1308 180
34.2309 175
34.3309 175
34.431 164
34.5311 158
34.6312 149
34.7313 140
34.8314 134
34.9315 122
35.0316 116
35.1316 106
35.2317 98
35.3318 92
35.4319 79
35.532 73
35.6321 65
35.7321 41
35.8322 20
35.9323 0
36.0324 0
36.1325 0
36.2326 0
36.3327 0
36.4327 0
36.5328 0
36.6329 0
36.733 0
36.8331 0
36.9332 0
37.0332 0
37.1333 0
37.2334 0
37.3335 0
37.4336 0
37.5337 0
37.6338 0
37.7338 0
37.8339 0
37.934 0
38.0341 0
38.1342 0
38.2342 0
38.3343 0
38.4344 0
38.5345 0
38.6346 0
38.7346 0
38.8347 0
38.9348 0
39.0349 0
39.1349 0
39.235 0
39.3351 0
39.4352 0
39.5353 0
39.6353 0
39.7354 0
39.8355 0
39.9356 0
40.0357 0
40.1358 0
40.2359 0
40.336 0
40.4361 0
40.5362 0
40.6362 0
40.7363 0
40.8364 0
40.9365 0
41.0366 0
41.1367 0
41.2368 0
41.3369 0
41.4369 0
41.537 0
41.6371 0
41.7372 0
41.8373 0
41.9374 0
42.0375 0
42.1376 0
42.2377 0
42.3378 0
42.4379 0
42.538 0
42.6381 0
42.7381 0
42.8382 0
42.9383 1
43.0384 0
43.1385 0
43.2386 0
43.3387 0
43.4388 2
43.5389 1
43.639 1
43.739 1
43.8391 2
43.9392 3
44.0393 2
44.1394 5
44.2395 9
44.3395 11
44.4396 14
44.5397 17
44.6398 20
44.7399 23
44.8399 25
44.94 28
45.0401 30
45.1402 33
45.2403 36
45.3404 39
45.4405 42
45.5406 45
45.6407 47
45.7408 50
45.8409 53
45.941 56
46.041 59
46.1411 61
46.2412 64
46.3413 66
46.4414 70
46.5415 73
46.6416 75
46.7417 78
46.8418 81
46.9419 84
47.0419 87
47.142 90
47.2422 93
47.3423 96
47.4424 98
47.5425 101
47.6427 103
47.7428 106
47.8429 110
47.943 111
48.0431 114
48.1431 117
48.2432 120
48.3433 124
48.4434 125
48.5435 129
48.6436 131
48.7437 139
48.8438 146
48.9439 155
49.0439 161
49.144 165
49.2441 172
49.3442 180
49.4443 186
49.5444 190
49.6445 196
49.7446 200
49.8447 200
49.9448 200
50.0449 200
50.145 200
50.245 200
50.3452 200
50.4453 200
50.5454 200
50.6455 200
50.7456 200
50.8457 200
50.9458 200
51.0459 200
51.146 200
51.246 200
51.3461 200
51.4462 200
51.5463 200
51.6464 200
51.7465 200
51.8466 200
51.9467 200
52.0468 200
52.1468 200
52.2469 200
52.347 200
52.4471 200
52.5472 200
52.6473 200
52.7474 200
52.8475 200
52.9475 200
53.0476 200
53.1477 200
53.2478 200
53.3479 200
53.448 198
53.5481 200
53.6481 200
53.7482 199
53.8483 200
53.9484 198
54.0485 200
54.1486 200
54.2487 199
54.3488 200
54.4489 197
54.549 200
54.6491 199
54.7491 200
54.8492 200
54.9493 198
55.0494 199
55.1495 198
55.2496 198
55.3497 198
55.4497 194
55.5498 198
55.6499 196
55.75 197
55.8501 199
55.9502 197
56.0503 200
56.1503 195
56.2504 195
56.3505 196
56.4506 191
56.5507 195
56.6508 186
56.7508 188
56.8509 186
56.951 183
57.0511 185
57.1512 178
57.2513 177
57.3514 176
57.4514 169
57.5515 167
57.6516 150
57.7517 137
57.8518 125
57.9518 107
58.0519 97
58.152 78
58.2521 67
58.3522 55
58.4523 37
58.5524 27
58.6524 8
58.7525 0
