1.382e-06 0
0.100605 8
0.200719 21
0.300803 33
0.400889 43
0.500978 55
0.601064 66
0.701157 77
0.801251 87
0.901337 98
1.00142 108
1.10151 119
1.2016 131
1.30169 142
1.40177 153
1.50186 165
1.60195 176
1.70204 187
1.80213 200
1.90222 200
2.00231 200
2.1024 200
2.20247 200
2.30255 200
2.40264 200
2.50271 200
2.60278 200
2.70288 200
2.80296 200
2.90304 200
3.00311 200
3.10319 200
3.20327 200
3.30335 200
3.40343 200
3.5035 200
3.60359 200
3.70368 200
3.80376 200
3.90385 200
4.00393 200
4.10402 200
4.20409 200
4.30417 200
4.40425 200
4.50433 200
4.60442 200
4.70454 200
4.80464 200
4.90475 200
5.00486 200
5.105 200
5.20513 200
5.30521 200
5.40528 200
5.50536 200
5.60544 200
5.70552 200
5.80561 200
5.90569 200
6.00578 199
6.10586 200
6.20594 200
6.30601 199
6.40609 200
6.50617 199
6.60625 200
6.70634 200
6.80642 199
6.9065 200
7.00658 198
7.10667 200
7.20675 200
7.30682 199
7.4069 200
7.50697 198
7.60706 200
7.70713 200
7.80721 200
7.90729 200
8.00738 197
8.10745 200
8.20752 200
8.3076 199
8.40768 200
8.50778 197
8.60787 200
8.70794 199
8.80803 199
8.90812 200
9.00821 196
9.10833 200
9.20841 199
9.3085 198
9.40859 200
9.50869 196
9.60877 199
9.70885 198
9.80892 197
9.90899 199
10.0091 194
10.1092 196
10.2092 192
10.3093 192
10.4094 193
10.5095 187
10.6096 190
10.7097 184
10.8097 186
10.9098 181
11.0099 168
11.11 165
11.21 152
11.3101 146
11.4102 139
11.5103 126
11.6103 123
11.7104 109
11.8105 104
11.9106 96
12.0106 84
12.1107 81
12.2108 67
12.3109 44
12.411 25
12.511 0
12.6111 0
12.7112 0
12.8113 0
12.9113 0
13.0114 0
13.1115 0
13.2116 0
13.3117 0
13.4118 0
13.5118 0
13.6119 0
13.712 0
13.8121 0
13.9122 0
14.0122 0
14.1124 0
14.2124 0
14.3125 0
14.4126 0
14.5127 0
14.6127 0
14.7128 0
14.8129 0
14.913 0
15.0131 0
15.1132 0
15.2132 0
15.3133 0
15.4134 0
15.5135 0
15.6136 0
15.7136 0
15.8137 0
15.9138 0
16.0138 0
16.1139 0
16.214 0
16.3141 0
16.4142 0
16.5142 0
16.6143 0
16.7144 0
16.8145 0
16.9145 0
17.0146 0
17.1147 0
17.2148 0
17.3148 0
17.4149 0
17.515 0
17.6151 0
17.7152 0
17.8152 0
17.9153 0
18.0154 0
18.1155 0
18.2155 0
18.3156 0
18.4157 0
18.5158 0
18.6159 0
18.7159 0
18.816 0
18.9161 0
19.0162 0
19.1162 0
19.2163 0
19.3164 0
19.4165 0
19.5165 0
19.6166 0
19.7167 0
19.8168 0
19.9168 0
20.0169 0
20.117 0
20.2171 1
20.3171 0
20.4172 1
20.5173 1
20.6174 1
20.7175 2
20.8176 0
20.9177 1
21.0177 2
21.1178 5
21.2179 9
21.318 10
21.418 14
21.5181 16
21.6182 20
21.7183 23
21.8184 24
21.9184 28
22.0185 31
22.1186 34
22.2187 37
22.3188 38
22.4188 42
22.5189 44
22.619 48
22.7191 51
22.8192 53
22.9192 57
23.0193 59
23.1194 63
23.2195 66
23.3196 67
23.4197 71
23.5198 74
23.6198 75
23.7199 79
23.82 80
23.9201 84
24.0202 86
24.1202 89
24.2203 92
24.3204 94
24.4205 98
24.5206 100
24.6207 102
24.7208 106
24.8209 108
24.9209 112
25.021 115
25.1211 115
25.2212 125
25.3213 134
25.4214 143
25.5214 151
25.6215 161
25.7216 167
25.8217 175
25.9217 184
26.0218 191
26.1219 197
26.222 200
26.3221 200
26.4221 200
26.5222 200
26.6223 200
26.7224 200
26.8224 200
26.9225 200
27.0226 200
27.1227 200
27.2228 200
27.3229 200
27.4229 200
27.523 200
27.6231 200
27.7232 200
27.8233 200
27.9234 200
28.0235 200
28.1236 200
28.2237 200
28.3237 200
28.4238 200
28.5239 200
28.624 200
28.7241 200
28.8242 200
28.9243 200
29.0244 200
29.1244 200
29.2246 200
29.3246 200
29.4247 200
29.5248 200
29.6249 200
29.725 200
29.8251 200
29.9251 200
30.0252 200
30.1253 200
30.2254 200
30.3255 200
30.4256 200
30.5257 200
30.6258 200
30.7258 200
30.8259 200
30.926 200
31.0261 199
31.1262 200
31.2263 200
31.3264 200
31.4265 200
31.5266 199
31.6267 200
31.7268 200
31.8269 198
31.9269 200
32.027 198
32.1271 199
32.2272 195
32.3273 197
32.4274 200
32.5274 198
32.6275 198
32.7276 197
32.8277 198
32.9278 199
33.0278 197
33.1279 198
33.228 194
33.3281 193
33.4282 191
33.5282 189
33.6283 188
33.7284 185
33.8285 186
33.9286 184
34.0286 181
34.1287 180
34.2288 175
34.3289 174
34.429 168
34.5291 159
34.6292 153
34.7293 141
34.8293 135
34.9294 125
35.0295 117
35.1296 111
35.2297 99
35.3298 93
35.4299 83
35.53 75
35.63 68
35.7301 48
35.8302 25
35.9303 3
36.0304 0
36.1305 0
36.2305 0
36.3306 0
36.4307 0
36.5308 0
36.6309 0
36.731 0
36.8311 0
36.9312 0
37.0313 0
37.1314 0
37.2315 0
37.3316 0
37.4317 0
37.5317 0
37.6318 0
37.7319 0
37.832 0
37.9321 0
38.0322 0
38.1323 0
38.2324 0
38.3325 0
38.4326 0
38.5327 0
38.6328 0
38.7329 0
38.833 0
38.9331 0
39.0332 0
39.1332 0
39.2333 0
39.3334 0
39.4335 0
39.5336 0
39.6337 0
39.7338 0
39.8339 0
39.934 0
40.0341 0
40.1341 0
40.2342 0
40.3343 0
40.4344 0
40.5345 0
40.6346 0
40.7347 0
40.8348 0
40.9349 0
41.0349 0
41.135 0
41.2351 0
41.3352 0
41.4353 0
41.5354 0
41.6355 0
41.7356 0
41.8356 0
41.9358 0
42.0358 0
42.1359 0
42.236 0
42.3361 1
42.4362 0
42.5363 1
42.6364 0
42.7364 0
42.8365 1
42.9366 0
43.0367 0
43.1368 1
43.2369 0
43.337 2
43.4371 0
43.5372 1
43.6373 1
43.7374 1
43.8375 3
43.9376 2
44.0377 5
44.1377 7
44.2378 8
44.3379 13
44.438 15
44.5381 17
44.6382 21
44.7383 23
44.8384 28
44.9385 29
45.0386 31
45.1387 35
45.2388 36
45.3389 41
45.4389 43
45.539 45
45.6391 50
45.7392 51
45.8393 55
45.9393 56
46.0394 59
46.1395 63
46.2396 64
46.3396 68
46.4397 71
46.5398 72
46.6399 75
46.74 79
46.8401 80
46.9402 85
47.0403 87
47.1404 88
47.2404 93
47.3405 95
47.4406 98
47.5407 101
47.6407 102
47.7408 108
47.8409 109
47.941 111
48.0411 115
48.1411 116
48.2412 121
48.3413 122
48.4414 125
48.5414 129
48.6415 130
48.7416 136
48.8417 142
48.9417 148
49.0418 157
49.1419 167
49.242 174
49.342 182
49.4421 191
49.5422 200
49.6423 200
49.7424 200
49.8424 200
49.9425 200
50.0426 200
50.1426 200
50.2427 200
50.3428 200
50.4429 200
50.5429 200
50.643 200
50.7431 200
50.8432 200
50.9433 200
51.0434 200
51.1434 200
51.2435 200
51.3436 200
51.4437 200
51.5438 200
51.6439 200
51.744 200
51.8441 200
51.9442 200
52.0443 200
52.1444 200
52.2444 200
52.3445 200
52.4446 200
52.5447 200
52.6447 200
52.7448 200
52.8449 200
52.945 200
53.0451 200
53.1452 200
53.2452 200
53.3453 200
53.4454 199
53.5455 200
53.6456 200
53.7457 200
53.8458 200
53.9458 199
54.0459 200
54.146 200
54.2461 199
54.3461 200
54.4462 198
54.5463 200
54.6464 200
54.7464 200
54.8465 200
54.9466 198
55.0467 200
55.1467 200
55.2468 199
55.3469 200
55.447 197
55.5471 200
55.6471 200
55.7472 199
55.8473 200
55.9473 197
56.0474 200
56.1475 198
56.2477 196
56.3478 199
56.4479 195
56.5479 199
56.648 197
56.7481 197
56.8482 200
56.9483 197
57.0484 199
57.1484 194
57.2485 196
57.3486 197
57.4487 191
57.5488 192
57.6489 188
57.749 186
57.8491 187
57.9491 184
58.0492 184
58.1493 178
58.2494 177
58.3495 176
58.4495 166
58.5496 156
58.6497 137
58.7498 126
58.8499 114
58.95 96
59.05 86
59.1501 67
59.2502 56
59.3503 43
59.4504 26
59.5504 15
59.6505 0
