1.333e-06 0
0.100716 8
0.200795 21
0.30088 33
0.400986 43
0.501066 55
0.60115 66
0.70127 77
0.801372 87
0.901462 98
1.00153 108
1.10162 119
1.2017 131
1.3018 142
1.40191 153
1.50198 164
1.60205 176
1.70214 187
1.80223 199
1.90231 200
2.00239 200
2.10249 200
2.20258 200
2.30267 200
2.40275 200
2.50284 200
2.60295 200
2.70303 200
2.80311 200
2.9032 200
3.00329 200
3.10339 200
3.20348 200
3.30357 200
3.40366 200
3.50374 200
3.60383 200
3.70391 200
3.80401 200
3.9041 200
4.00419 200
4.10431 200
4.2044 200
4.30449 200
4.40456 200
4.50464 200
4.60473 200
4.70481 200
4.80489 200
4.90498 200
5.00506 200
5.10514 200
5.20522 200
5.3053 200
5.4054 200
5.50548 200
5.60557 200
5.70566 200
5.80573 200
5.90581 200
6.0059 199
6.10599 200
6.20606 200
6.30614 199
6.40624 200
6.50632 199
6.6064 200
6.70649 200
6.80657 199
6.90667 200
7.00677 198
7.10689 199
7.20696 200
7.30705 198
7.40713 200
7.5072 198
7.60728 200
7.70738 200
7.80747 199
7.90755 200
8.00763 197
8.10771 200
8.20778 200
8.30787 198
8.40798 200
8.50807 197
8.60819 200
8.70828 200
8.80837 199
8.90845 200
9.00853 196
9.1086 200
9.20869 200
9.30876 197
9.40884 200
9.50892 196
9.609 198
9.70908 196
9.80916 197
9.90924 199
10.0093 194
10.1094 196
10.2095 192
10.3096 192
10.4097 192
10.5097 187
10.6098 190
10.7099 184
10.81 186
10.9101 180
11.0101 168
11.1102 165
11.2103 152
11.3104 146
11.4105 139
11.5105 126
11.6106 123
11.7107 109
11.8108 104
11.9109 97
12.011 84
12.1111 81
12.2112 67
12.3112 44
12.4113 25
12.5114 0
12.6115 0
12.7116 0
12.8117 0
12.9118 0
13.0118 0
13.1119 0
13.212 0
13.3121 0
13.4122 0
13.5123 0
13.6124 0
13.7125 0
13.8125 0
13.9126 0
14.0127 0
14.1128 0
14.2129 0
14.3129 0
14.413 0
14.5131 0
14.6132 0
14.7133 0
14.8133 0
14.9134 0
15.0135 0
15.1136 0
15.2137 0
15.3138 0
15.4139 0
15.5139 0
15.614 0
15.7141 0
15.8142 0
15.9143 0
16.0144 0
16.1144 0
16.2145 0
16.3146 0
16.4147 0
16.5148 0
16.6148 0
16.7149 0
16.815 0
16.9151 0
17.0152 0
17.1153 0
17.2153 0
17.3154 0
17.4155 0
17.5156 0
17.6157 0
17.7158 0
17.8159 0
17.9159 0
18.016 0
18.1161 0
18.2162 0
18.3163 0
18.4163 0
18.5164 0
18.6165 0
18.7166 0
18.8167 0
18.9167 0
19.0168 0
19.1169 0
19.217 0
19.3171 0
19.4172 0
19.5173 0
19.6173 0
19.7174 0
19.8175 0
19.9176 1
20.0176 0
20.1177 0
20.2178 1
20.3179 0
20.418 2
20.5181 0
20.6182 1
20.7183 1
20.8184 0
20.9184 1
21.0185 1
21.1186 5
21.2187 8
21.3188 10
21.4188 14
21.5189 15
21.619 20
21.7191 22
21.8192 24
21.9193 28
22.0194 30
22.1194 34
22.2195 36
22.3196 38
22.4197 42
22.5198 43
22.6198 47
22.7199 50
22.82 53
22.9201 57
23.0202 58
23.1203 62
23.2204 65
23.3205 67
23.4206 71
23.5207 72
23.6208 76
23.7209 78
23.821 80
23.9211 84
24.0212 85
24.1212 89
24.2213 92
24.3214 94
24.4215 98
24.5216 99
24.6216 103
24.7218 105
24.8218 108
24.9219 112
25.022 113
25.1221 117
25.2222 127
25.3223 136
25.4224 145
25.5225 152
25.6226 161
25.7227 170
25.8228 176
25.9229 186
26.0229 193
26.123 199
26.2231 200
26.3232 200
26.4232 200
26.5233 200
26.6234 200
26.7235 200
26.8236 200
26.9237 200
27.0237 200
27.1238 200
27.2239 200
27.324 200
27.424 200
27.5241 200
27.6242 200
27.7243 200
27.8244 200
27.9244 200
28.0245 200
28.1246 200
28.2247 200
28.3248 200
28.4248 200
28.5249 200
28.625 200
28.7251 200
28.8251 200
28.9252 200
29.0253 200
29.1254 200
29.2254 200
29.3255 200
29.4256 200
29.5256 200
29.6257 200
29.7258 200
29.8258 200
29.9259 200
30.026 199
30.1261 200
30.2262 200
30.3263 200
30.4263 200
30.5264 200
30.6265 200
30.7266 200
30.8267 200
30.9267 200
31.0268 198
31.1269 200
31.227 199
31.3271 200
31.4271 198
31.5272 199
31.6273 200
31.7274 198
31.8275 200
31.9276 199
32.0276 197
32.1277 200
32.2278 195
32.3279 197
32.4279 198
32.528 197
32.6281 199
32.7282 196
32.8282 199
32.9283 197
33.0284 197
33.1285 197
33.2286 192
33.3287 193
33.4288 191
33.5289 190
33.6289 189
33.729 185
33.8291 186
33.9292 183
34.0293 182
34.1294 180
34.2294 173
34.3295 175
34.4296 164
34.5297 159
34.6298 151
34.7299 140
34.83 135
34.93 122
35.0301 117
35.1302 108
35.2303 98
35.3304 93
35.4305 79
35.5306 75
35.6307 66
35.7307 45
35.8308 21
35.9309 0
36.031 0
36.1311 0
36.2312 0
36.3312 0
36.4313 0
36.5314 0
36.6315 0
36.7316 0
36.8317 0
36.9318 0
37.0318 0
37.1319 0
37.232 0
37.3321 0
37.4322 0
37.5323 0
37.6323 0
37.7324 0
37.8325 0
37.9326 0
38.0327 0
38.1328 0
38.2329 0
38.333 0
38.4331 1
38.5331 0
38.6332 0
38.7333 0
38.8334 0
38.9335 0
39.0336 0
39.1337 0
39.2338 0
39.3338 0
39.4339 0
39.534 0
39.6341 0
39.7342 0
39.8343 0
39.9344 0
40.0345 0
40.1346 0
40.2347 0
40.3348 0
40.4349 0
40.5349 0
40.635 0
40.7351 0
40.8352 0
40.9353 0
41.0354 0
41.1355 0
41.2356 0
41.3357 0
41.4358 0
41.5359 0
41.636 0
41.7361 0
41.8362 0
41.9363 0
42.0364 0
42.1365 0
42.2366 0
42.3367 0
42.4367 0
42.5368 1
42.6369 0
42.737 0
42.8371 0
42.9372 0
43.0373 1
43.1373 0
43.2374 0
43.3375 0
43.4376 0
43.5377 1
43.6378 0
43.7379 1
43.838 2
43.9381 3
44.0381 4
44.1382 5
44.2383 8
44.3384 12
44.4385 15
44.5386 18
44.6387 20
44.7388 23
44.8388 26
44.9389 29
45.039 32
45.1391 33
45.2392 36
45.3393 39
45.4394 43
45.5395 47
45.6396 48
45.7397 50
45.8397 53
45.9398 57
46.0399 60
46.14 61
46.2401 64
46.3401 67
46.4402 71
46.5403 74
46.6404 75
46.7405 78
46.8406 82
46.9406 85
47.0407 88
47.1408 90
47.2409 93
47.341 96
47.4411 98
47.5412 102
47.6412 105
47.7413 107
47.8415 110
47.9415 112
48.0416 116
48.1417 117
48.2418 120
48.3419 124
48.4419 126
48.542 131
48.6421 132
48.7422 138
48.8423 146
48.9424 154
49.0424 163
49.1425 171
49.2426 178
49.3427 187
49.4428 196
49.5429 200
49.643 200
49.7431 200
49.8431 200
49.9432 200
50.0433 200
50.1434 200
50.2435 200
50.3436 200
50.4437 200
50.5438 200
50.6438 200
50.744 200
50.844 200
50.9441 200
51.0442 200
51.1443 200
51.2444 200
51.3444 200
51.4445 200
51.5446 200
51.6447 200
51.7448 200
51.8449 200
51.945 200
52.0451 200
52.1452 200
52.2453 200
52.3454 200
52.4455 200
52.5456 200
52.6457 200
52.7458 200
52.8459 200
52.946 200
53.0461 200
53.1462 200
53.2463 200
53.3464 200
53.4465 200
53.5466 200
53.6467 200
53.7468 200
53.8469 200
53.947 200
54.047 199
54.1471 200
54.2472 200
54.3473 200
54.4474 200
54.5475 198
54.6476 200
54.7477 200
54.8477 200
54.9478 200
55.0479 198
55.148 200
55.2481 199
55.3482 200
55.4482 200
55.5483 199
55.6484 200
55.7485 198
55.8486 200
55.9487 199
56.0487 198
56.1488 199
56.2489 196
56.349 198
56.4491 196
56.5491 199
56.6492 198
56.7493 196
56.8494 200
56.9495 198
57.0496 199
57.1496 198
57.2497 194
57.3498 197
57.4499 193
57.55 191
57.6501 190
57.7502 185
57.8503 188
57.9504 184
58.0505 182
58.1506 181
58.2507 175
58.3508 176
58.4509 165
58.551 154
58.6511 139
58.7511 124
58.8512 113
58.9513 95
59.0514 84
59.1515 68
59.2516 54
59.3516 42
59.4517 25
59.5518 14
59.6519 0
