2.495e-06 0
0.10043 8
0.200521 21
0.3006 33
0.400677 43
0.500758 55
0.60085 66
0.700949 77
0.801057 88
0.90116 98
1.00125 108
1.10133 120
1.20142 132
1.30149 142
1.40156 153
1.50166 165
1.60176 177
1.70184 188
1.80192 199
1.90204 200
2.00215 200
2.10226 200
2.20235 200
2.30243 200
2.4025 200
2.50259 200
2.60269 200
2.70278 200
2.80287 200
2.90296 200
3.00308 200
3.10318 200
3.20326 200
3.30334 200
3.40343 200
3.50354 200
3.60364 200
3.70375 200
3.80386 200
3.904 200
4.0041 200
4.1042 200
4.2043 200
4.30441 200
4.40453 200
4.50464 200
4.60474 200
4.70482 200
4.8049 200
4.90499 200
5.00506 200
5.10514 200
5.20521 200
5.3053 200
5.40537 200
5.50544 200
5.60552 200
5.70562 200
5.8057 200
5.90579 200
6.00588 199
6.10596 200
6.20606 200
6.30614 200
6.40626 200
6.50635 199
6.60643 200
6.70651 200
6.80661 199
6.90673 200
7.00681 198
7.10688 200
7.20695 200
7.30703 200
7.4071 200
7.50718 198
7.60727 200
7.70739 200
7.80747 200
7.90757 200
8.00765 197
8.10772 200
8.20779 197
8.30788 199
8.40797 200
8.50805 198
8.60813 200
8.70821 198
8.80825 200
8.90836 200
9.00845 199
9.10853 200
9.2086 199
9.30869 199
9.40877 199
9.50886 198
9.60893 199
9.70901 197
9.8091 198
9.90919 199
10.0092 196
10.1093 196
10.2094 194
10.3095 193
10.4096 192
10.5096 188
10.6097 189
10.7098 185
10.8099 186
10.91 181
11.0101 170
11.1102 164
11.2103 153
11.3104 146
11.4105 139
11.5106 127
11.6107 122
11.7108 110
11.8109 104
11.9109 97
12.011 85
12.1111 79
12.2112 68
12.3113 44
12.4113 23
12.5114 0
12.6115 0
12.7116 0
12.8117 0
12.9118 0
13.0119 0
13.1119 0
13.212 0
13.3121 0
13.4122 0
13.5123 0
13.6124 0
13.7125 0
13.8125 0
13.9126 0
14.0127 0
14.1128 0
14.2129 0
14.313 0
14.413 0
14.5131 0
14.6132 0
14.7133 0
14.8134 0
14.9135 0
15.0136 0
15.1137 0
15.2138 0
15.3138 0
15.4139 0
15.514 0
15.6141 0
15.7142 0
15.8143 0
15.9144 0
16.0144 0
16.1145 0
16.2146 0
16.3147 0
16.4148 0
16.5148 0
16.6149 0
16.715 0
16.8151 0
16.9151 0
17.0152 0
17.1153 0
17.2154 0
17.3155 0
17.4156 0
17.5157 0
17.6157 0
17.7158 0
17.8159 0
17.916 0
18.0161 0
18.1162 0
18.2163 0
18.3163 0
18.4164 0
18.5166 0
18.6167 0
18.7168 0
18.8168 0
18.9169 0
19.017 0
19.1171 0
19.2172 0
19.3173 0
19.4173 0
19.5174 0
19.6175 0
19.7176 0
19.8177 0
19.9178 0
20.018 0
20.1181 0
20.2181 1
20.3182 0
20.4183 2
20.5184 0
20.6185 1
20.7186 1
20.8186 0
20.9187 1
21.0188 1
21.1189 5
21.219 7
21.319 10
21.4191 14
21.5193 16
21.6194 19
21.7194 22
21.8195 24
21.9196 28
22.0197 30
22.1197 32
22.2198 36
22.3199 37
22.4201 42
22.5203 44
22.6204 46
22.7204 50
22.8205 52
22.9206 56
23.0207 59
23.1208 61
23.2209 64
23.321 67
23.421 71
23.5211 73
23.6212 74
23.7213 78
23.8214 80
23.9215 84
24.0216 86
24.1216 87
24.2217 91
24.3218 93
24.4219 97
24.522 99
24.6221 101
24.7221 105
24.8222 108
24.9223 112
25.0224 114
25.1225 115
25.2226 124
25.3227 133
25.4227 143
25.5228 151
25.6229 159
25.723 169
25.8231 176
25.9233 185
26.0234 192
26.1234 197
26.2235 200
26.3236 200
26.4237 200
26.5238 200
26.6239 200
26.724 200
26.8241 200
26.9242 200
27.0243 200
27.1244 200
27.2245 200
27.3246 200
27.4247 200
27.5248 200
27.6249 200
27.725 200
27.8251 200
27.9252 200
28.0253 200
28.1254 200
28.2255 200
28.3256 200
28.4257 200
28.5258 200
28.6259 199
28.726 200
28.8261 200
28.9262 200
29.0263 200
29.1264 200
29.2265 199
29.3266 200
29.4267 200
29.5268 200
29.6269 200
29.727 200
29.8272 200
29.9273 200
30.0274 200
30.1275 200
30.2276 200
30.3276 200
30.4277 200
30.5278 200
30.6279 200
30.728 200
30.8281 200
30.9281 199
31.0282 200
31.1283 200
31.2284 200
31.3285 200
31.4286 199
31.5287 200
31.6288 200
31.7289 198
31.829 200
31.9291 199
32.0291 199
32.1292 198
32.2293 196
32.3294 198
32.4295 198
32.5295 198
32.6296 198
32.7297 196
32.8299 200
32.93 199
33.0301 197
33.1302 196
33.2303 194
33.3303 194
33.4304 192
33.5305 190
33.6306 190
33.7307 185
33.8307 186
33.9308 184
34.0309 182
34.131 180
34.2311 173
34.3312 175
34.4313 167
34.5313 159
34.6314 151
34.7315 140
34.8316 135
34.9318 124
35.0319 117
35.132 109
35.2321 98
35.3323 93
35.4324 81
35.5325 75
35.6326 67
35.7328 45
35.8329 21
35.933 0
36.0331 0
36.1332 0
36.2333 0
36.3334 0
36.4335 0
36.5336 0
36.6337 0
36.7338 0
36.8339 0
36.934 0
37.034 0
37.1341 0
37.2342 0
37.3343 0
37.4344 0
37.5345 0
37.6346 0
37.7347 0
37.8348 0
37.9349 0
38.035 0
38.1351 0
38.2352 0
38.3353 0
38.4354 0
38.5355 0
38.6356 0
38.7357 0
38.8358 0
38.9359 0
39.036 0
39.1361 0
39.2362 0
39.3363 0
39.4364 0
39.5365 0
39.6366 0
39.7366 0
39.8367 0
39.9368 0
40.0369 0
40.137 0
40.2371 0
40.3372 0
40.4373 0
40.5374 0
40.6374 0
40.7375 0
40.8376 0
40.9377 0
41.0378 0
41.1379 0
41.238 0
41.3381 0
41.4382 0
41.5382 0
41.6383 0
41.7384 0
41.8385 0
41.9386 0
42.0387 0
42.1388 0
42.2388 0
42.3389 0
42.439 0
42.5391 0
42.6392 0
42.7393 0
42.8394 1
42.9395 0
43.0396 0
43.1397 1
43.2398 0
43.3399 0
43.44 0
43.5401 0
43.6403 2
43.7404 0
43.8405 1
43.9405 2
44.0406 3
44.1407 6
44.2408 8
44.3409 10
44.4409 14
44.541 17
44.6411 20
44.7412 23
44.8413 25
44.9414 29
45.0416 31
45.1417 34
45.2418 37
45.3419 39
45.442 43
45.542 44
45.6421 47
45.7422 51
45.8424 53
45.9424 57
46.0425 58
46.1426 61
46.2427 64
46.3428 66
46.4429 70
46.543 71
46.6431 76
46.7432 78
46.8433 80
46.9434 83
47.0435 86
47.1436 88
47.2437 92
47.3438 94
47.4439 98
47.5441 100
47.6442 102
47.7443 107
47.8444 109
47.9445 112
48.0446 114
48.1447 116
48.2448 121
48.3449 121
48.445 124
48.5452 128
48.6453 131
48.7454 133
48.8455 137
48.9456 145
49.0457 152
49.1458 161
49.2459 170
49.346 177
49.4461 185
49.5463 192
49.6464 200
49.7465 200
49.8466 200
49.9467 200
50.0468 200
50.1469 200
50.247 200
50.3471 200
50.4472 200
50.5473 200
50.6474 200
50.7475 200
50.8476 200
50.9477 200
51.0478 200
51.1479 200
51.248 200
51.3482 200
51.4482 200
51.5483 200
51.6484 200
51.7485 200
51.8486 200
51.9488 200
52.049 200
52.1491 200
52.2492 200
52.3493 200
52.4494 200
52.5495 200
52.6495 200
52.7496 200
52.8497 200
52.9498 200
53.0499 200
53.15 200
53.2501 200
53.3502 200
53.4503 200
53.5504 200
53.6505 200
53.7506 200
53.8506 200
53.9508 200
54.0509 200
54.151 200
54.2511 200
54.3512 200
54.4513 200
54.5513 200
54.6514 200
54.7515 200
54.8516 200
54.9517 199
55.0517 200
55.1518 199
55.2519 200
55.352 200
55.4521 199
55.5523 200
55.6524 199
55.7524 200
55.8525 200
55.9526 198
56.0527 200
56.1529 196
56.253 197
56.353 199
56.4531 195
56.5532 198
56.6534 197
56.7535 197
56.8536 199
56.9537 198
57.0538 199
57.154 195
57.2541 198
57.3542 195
57.4543 191
57.5544 193
57.6545 188
57.7546 188
57.8547 186
57.9548 184
58.0549 185
58.1549 177
58.255 179
58.3551 173
58.4552 168
58.5553 157
58.6554 138
58.7555 128
58.8556 112
58.9557 98
59.0559 87
59.156 68
59.2562 58
59.3563 41
59.4564 28
59.5565 16
59.6567 0
