1.874e-06 0
0.10038 8
0.200491 21
0.300574 33
0.400671 43
0.500755 55
0.600834 66
0.70092 77
0.801006 88
0.901085 98
1.00117 108
1.10127 120
1.20136 132
1.30145 142
1.40153 153
1.50161 165
1.60168 176
1.70178 187
1.80188 200
1.90197 200
2.00205 200
2.10216 200
2.20225 200
2.30233 200
2.40243 200
2.50251 200
2.6026 200
2.70268 200
2.80276 200
2.90285 200
3.00296 200
3.10305 200
3.20313 200
3.30323 200
3.40331 200
3.50339 200
3.60349 200
3.70356 200
3.80365 200
3.90374 200
4.00385 200
4.10393 200
4.20401 200
4.30409 200
4.40418 200
4.50426 200
4.60438 200
4.7045 200
4.80458 200
4.90468 200
5.00476 200
5.10484 200
5.20492 200
5.305 200
5.40509 200
5.50517 200
5.60525 200
5.70535 200
5.80542 200
5.9055 200
6.00558 200
6.10566 200
6.20575 200
6.30582 199
6.40591 200
6.50599 199
6.60607 200
6.70616 200
6.80626 199
6.90635 200
7.00644 198
7.10655 200
7.20664 200
7.30672 199
7.40681 200
7.50689 198
7.60697 200
7.70705 200
7.80713 200
7.90721 200
8.00729 198
8.10739 200
8.20749 200
8.30757 199
8.40766 200
8.50777 197
8.60786 200
8.70796 199
8.80807 199
8.90815 200
9.00824 196
9.10836 200
9.20845 200
9.30854 198
9.40862 200
9.5087 197
9.60878 199
9.70886 198
9.80894 197
9.90905 199
10.0093 194
10.1094 196
10.2095 193
10.3096 192
10.4097 193
10.5098 187
10.6098 190
10.71 185
10.81 186
10.9101 182
11.0102 168
11.1103 165
11.2104 153
11.3105 146
11.4105 140
11.5106 126
11.6107 122
11.7108 110
11.8109 104
11.911 96
12.011 84
12.1111 80
12.2112 68
12.3113 44
12.4114 25
12.5114 0
12.6115 0
12.7116 0
12.8117 0
12.9118 0
13.0119 0
13.112 0
13.2121 0
13.3121 0
13.4122 0
13.5123 0
13.6125 0
13.7126 0
13.8126 0
13.9127 0
14.0128 0
14.1129 0
14.213 0
14.3131 0
14.4131 0
14.5132 0
14.6133 0
14.7134 0
14.8135 0
14.9136 0
15.0137 0
15.1138 0
15.2138 0
15.3139 0
15.414 0
15.5141 0
15.6142 0
15.7143 0
15.8144 0
15.9144 0
16.0145 0
16.1146 0
16.2147 0
16.3148 0
16.4149 0
16.5149 0
16.615 0
16.7151 0
16.8152 0
16.9153 0
17.0154 0
17.1155 0
17.2156 0
17.3156 0
17.4157 0
17.5158 0
17.6159 0
17.716 0
17.816 0
17.9161 0
18.0162 0
18.1163 0
18.2165 0
18.3165 0
18.4167 0
18.5167 0
18.6168 0
18.7169 0
18.817 0
18.9171 0
19.0172 0
19.1173 0
19.2174 0
19.3174 0
19.4175 0
19.5176 0
19.6177 0
19.7178 0
19.8179 0
19.918 0
20.018 0
20.1181 0
20.2182 0
20.3183 0
20.4184 0
20.5185 1
20.6186 0
20.7186 1
20.8187 0
20.9188 0
21.0189 2
21.119 4
21.2191 7
21.3192 10
21.4192 12
21.5193 16
21.6194 19
21.7195 23
21.8196 24
21.9197 26
22.0198 31
22.1199 33
22.22 37
22.32 38
22.4201 40
22.5202 44
22.6203 46
22.7204 51
22.8205 53
22.9206 55
23.0207 59
23.1207 60
23.2208 66
23.3209 67
23.421 69
23.5211 73
23.6212 74
23.7213 79
23.8213 80
23.9214 82
24.0215 86
24.1216 87
24.2217 93
24.3218 94
24.4218 96
24.5219 100
24.622 101
24.7221 106
24.8222 108
24.9222 110
25.0223 114
25.1224 116
25.2225 126
25.3226 134
25.4227 143
25.5227 151
25.6228 160
25.7229 168
25.823 176
25.9231 186
26.0231 192
26.1232 196
26.2233 200
26.3234 200
26.4235 200
26.5236 200
26.6236 200
26.7237 200
26.8238 200
26.9239 200
27.024 200
27.1241 199
27.2242 200
27.3243 200
27.4244 200
27.5244 200
27.6245 200
27.7246 200
27.8247 200
27.9248 200
28.0248 200
28.1249 200
28.225 200
28.3251 200
28.4252 200
28.5253 200
28.6253 200
28.7254 200
28.8255 200
28.9256 200
29.0257 200
29.1258 200
29.2258 200
29.3259 199
29.426 200
29.5261 200
29.6262 200
29.7262 200
29.8263 200
29.9264 200
30.0265 199
30.1266 200
30.2266 200
30.3267 200
30.4268 200
30.5269 200
30.627 200
30.7271 200
30.8272 200
30.9273 200
31.0273 198
31.1274 200
31.2275 199
31.3276 200
31.4277 198
31.5278 199
31.6278 200
31.7279 199
31.828 199
31.9281 199
32.0282 196
32.1283 200
32.2283 196
32.3284 198
32.4285 197
32.5286 196
32.6287 200
32.7288 197
32.8289 199
32.929 197
33.029 195
33.1291 198
33.2293 193
33.3294 193
33.4294 190
33.5295 189
33.6296 191
33.7297 185
33.8298 186
33.9299 182
34.0299 181
34.13 180
34.2301 174
34.3302 175
34.4303 165
34.5304 158
34.6304 150
34.7305 140
34.8306 135
34.9307 122
35.0307 116
35.1308 108
35.2309 98
35.331 93
35.4311 80
35.5312 74
35.6313 65
35.7313 45
35.8314 21
35.9315 0
36.0316 0
36.1317 0
36.2318 0
36.3318 0
36.4319 0
36.532 0
36.6321 0
36.7322 0
36.8323 0
36.9324 0
37.0325 0
37.1326 0
37.2327 0
37.3328 0
37.4328 0
37.5329 0
37.633 0
37.7331 0
37.8332 0
37.9333 0
38.0334 0
38.1334 0
38.2335 0
38.3336 0
38.4337 0
38.5338 0
38.6339 0
38.734 0
38.834 0
38.9341 0
39.0342 0
39.1343 0
39.2344 0
39.3345 0
39.4346 0
39.5346 0
39.6347 0
39.7348 0
39.8349 0
39.935 0
40.0351 0
40.1352 0
40.2353 0
40.3354 0
40.4354 0
40.5355 0
40.6356 0
40.7357 0
40.8358 0
40.9359 0
41.036 0
41.1361 0
41.2362 0
41.3363 0
41.4364 0
41.5364 0
41.6365 0
41.7366 0
41.8367 0
41.9368 0
42.0368 0
42.1369 0
42.237 0
42.3371 0
42.4372 0
42.5373 0
42.6374 0
42.7375 1
42.8375 0
42.9376 0
43.0377 0
43.1378 0
43.2379 2
43.3379 0
43.438 0
43.5381 1
43.6382 0
43.7383 3
43.8384 1
43.9384 2
44.0385 4
44.1386 5
44.2387 10
44.3388 12
44.4388 15
44.5389 19
44.639 20
44.7391 25
44.8392 26
44.9393 29
45.0394 32
45.1394 33
45.2395 38
45.3396 39
45.4397 43
45.5398 47
45.6399 48
45.7399 52
45.84 53
45.9401 56
46.0402 60
46.1403 60
46.2404 66
46.3405 67
46.4406 70
46.5406 73
46.6407 76
46.7408 79
46.8409 81
46.941 84
47.0411 88
47.1411 90
47.2412 95
47.3413 96
47.4414 99
47.5415 102
47.6416 104
47.7417 108
47.8418 109
47.9418 113
48.0419 116
48.142 117
48.2421 122
48.3422 123
48.4423 127
48.5424 130
48.6424 132
48.7425 139
48.8426 147
48.9427 155
49.0428 162
49.1429 171
49.243 181
49.3431 188
49.4432 197
49.5433 200
49.6434 200
49.7434 200
49.8435 200
49.9436 200
50.0437 200
50.1438 200
50.2439 200
50.344 200
50.4441 200
50.5442 200
50.6442 200
50.7443 200
50.8444 200
50.9445 200
51.0446 200
51.1447 200
51.2448 200
51.3448 200
51.4449 200
51.545 200
51.6451 200
51.7452 200
51.8453 200
51.9454 200
52.0454 200
52.1455 200
52.2456 200
52.3457 200
52.4458 200
52.5459 200
52.646 200
52.7461 200
52.8462 200
52.9462 200
53.0463 200
53.1464 200
53.2465 200
53.3466 200
53.4467 200
53.5468 200
53.6469 200
53.7469 200
53.847 200
53.9471 200
54.0472 200
54.1473 200
54.2474 200
54.3475 200
54.4476 200
54.5477 200
54.6478 200
54.7479 200
54.848 200
54.948 200
55.0481 200
55.1482 200
55.2483 199
55.3484 200
55.4485 199
55.5486 200
55.6487 200
55.7488 198
55.8489 200
55.949 199
56.0491 200
56.1492 199
56.2492 197
56.3493 199
56.4494 198
56.5495 199
56.6496 197
56.7496 199
56.8497 200
56.9498 199
57.0499 199
57.15 195
57.2501 196
57.3502 195
57.4502 191
57.5503 193
57.6504 186
57.7505 186
57.8506 186
57.9506 183
58.0507 185
58.1508 178
58.2509 176
58.351 174
58.4511 163
58.5512 153
58.6513 135
58.7514 123
58.8514 108
58.9515 93
59.0516 83
59.1517 65
59.2518 53
59.3519 38
59.452 23
59.5521 13
59.6522 0
