1.072e-06 0
0.100508 8
0.200588 21
0.300664 33
0.400743 43
0.50082 55
0.600906 66
0.700985 77
0.801062 86
0.901134 98
1.0012 108
1.10128 119
1.20136 130
1.30143 142
1.40151 153
1.50158 164
1.60166 176
1.70174 187
1.80181 199
1.90189 200
2.00196 200
2.10204 200
2.20212 200
2.3022 200
2.40227 200
2.50235 200
2.60244 200
2.70252 200
2.80259 200
2.90267 200
3.00273 200
3.10281 200
3.2029 200
3.30299 200
3.40306 200
3.50315 200
3.60323 200
3.70332 200
3.8034 200
3.90347 200
4.00353 200
4.10362 200
4.20371 200
4.3038 200
4.40388 200
4.50395 200
4.60403 200
4.70411 200
4.80418 200
4.90425 200
5.00432 200
5.1044 200
5.20448 200
5.30456 200
5.40464 200
5.50473 200
5.60482 200
5.70493 200
5.80502 200
5.90509 200
6.00516 199
6.10524 200
6.20532 200
6.3054 199
6.40547 200
6.50555 199
6.60562 200
6.7057 200
6.80578 199
6.90586 200
7.00593 198
7.106 200
7.20608 200
7.30617 200
7.40625 200
7.50632 198
7.6064 200
7.70648 200
7.80656 200
7.90664 200
8.00673 197
8.10681 200
8.2069 199
8.30698 199
8.40707 200
8.50715 197
8.60723 200
8.70731 199
8.80739 199
8.90747 200
9.00753 196
9.10761 200
9.2077 200
9.30778 197
9.40788 200
9.50796 196
9.60805 198
9.70813 197
9.80822 196
9.9083 200
10.0084 194
10.1085 196
10.2089 194
10.309 192
10.4091 191
10.5091 188
10.6092 189
10.7093 187
10.8094 186
10.9095 181
11.0096 169
11.1097 164
11.2097 156
11.3098 146
11.4099 140
11.51 126
11.6101 122
11.7101 114
11.8102 104
11.9103 97
12.0104 84
12.1104 80
12.2105 71
12.3106 47
12.4107 26
12.5108 0
12.6109 0
12.7109 0
12.811 0
12.9111 0
13.0112 0
13.1113 0
13.2114 0
13.3115 0
13.4116 0
13.5117 0
13.6117 0
13.7118 0
13.8119 0
13.912 0
14.012 0
14.1121 0
14.2122 0
14.3123 0
14.4124 0
14.5125 0
14.6126 0
14.7127 0
14.8128 0
14.9128 0
15.0129 0
15.113 0
15.2131 0
15.3132 0
15.4133 0
15.5134 0
15.6134 0
15.7135 0
15.8136 0
15.9137 0
16.0137 0
16.1138 0
16.2139 0
16.314 0
16.4141 0
16.5142 0
16.6143 0
16.7144 0
16.8144 0
16.9145 0
17.0146 0
17.1147 0
17.2148 0
17.3149 0
17.4149 0
17.515 0
17.6151 0
17.7152 0
17.8153 0
17.9154 0
18.0155 0
18.1156 0
18.2157 0
18.3158 0
18.4158 0
18.5159 0
18.616 0
18.7161 0
18.8162 0
18.9162 0
19.0163 0
19.1164 0
19.2165 0
19.3166 0
19.4167 0
19.5168 0
19.6168 0
19.7169 0
19.817 0
19.9171 0
20.0172 0
20.1172 0
20.2173 1
20.3174 0
20.4175 1
20.5176 1
20.6176 0
20.7177 1
20.8178 0
20.9179 1
21.0179 1
21.118 3
21.2181 8
21.3182 9
21.4183 14
21.5184 15
21.6185 18
21.7186 22
21.8187 23
21.9188 28
22.0188 30
22.1189 32
22.219 36
22.3191 37
22.4192 41
22.5193 44
22.6194 46
22.7194 50
22.8195 53
22.9196 55
23.0197 58
23.1198 61
23.2199 65
23.32 66
23.42 68
23.5201 72
23.6202 74
23.7203 78
23.8204 79
23.9204 82
24.0205 85
24.1206 87
24.2207 91
24.3207 93
24.4208 95
24.5209 99
24.621 101
24.7211 104
24.8212 107
24.9213 109
25.0213 113
25.1214 115
25.2215 124
25.3216 132
25.4217 141
25.5218 150
25.6218 158
25.7219 166
25.822 173
25.9221 183
26.0222 190
26.1223 196
26.2223 200
26.3224 200
26.4225 200
26.5226 200
26.6227 200
26.7228 200
26.8228 200
26.9229 200
27.023 200
27.1231 200
27.2232 200
27.3232 200
27.4233 200
27.5234 200
27.6235 200
27.7236 200
27.8236 200
27.9237 200
28.0239 200
28.124 200
28.224 200
28.3241 200
28.4242 200
28.5243 200
28.6244 200
28.7245 200
28.8245 200
28.9246 200
29.0247 200
29.1248 200
29.2249 200
29.325 200
29.4251 200
29.5251 200
29.6252 200
29.7253 200
29.8254 200
29.9255 200
30.0256 199
30.1257 200
30.2258 200
30.3259 200
30.426 200
30.526 200
30.6261 200
30.7262 200
30.8263 200
30.9264 200
31.0265 199
31.1266 200
31.2267 199
31.3267 200
31.4268 200
31.5269 199
31.627 200
31.7271 199
31.8272 199
31.9273 200
32.0273 198
32.1274 199
32.2275 197
32.3276 198
32.4277 198
32.5278 197
32.6278 199
32.7279 197
32.828 199
32.9281 198
33.0282 197
33.1283 197
33.2284 194
33.3285 193
33.4285 191
33.5286 190
33.6287 191
33.7288 185
33.8289 187
33.929 182
34.0291 182
34.1291 182
34.2292 174
34.3293 174
34.4294 165
34.5295 158
34.6296 152
34.7297 141
34.8297 134
34.9298 122
35.0299 116
35.13 108
35.2301 99
35.3301 92
35.4302 80
35.5303 74
35.6304 65
35.7305 46
35.8305 20
35.9307 0
36.0307 0
36.1308 0
36.2309 0
36.331 0
36.4311 0
36.5312 0
36.6313 0
36.7313 0
36.8314 0
36.9316 0
37.0317 0
37.1318 0
37.2319 0
37.332 0
37.432 0
37.5321 0
37.6322 0
37.7323 0
37.8324 0
37.9325 0
38.0326 0
38.1327 0
38.2328 0
38.3329 0
38.433 0
38.533 0
38.6332 0
38.7332 0
38.8333 0
38.9334 0
39.0335 0
39.1336 0
39.2337 0
39.3338 0
39.4338 0
39.5339 0
39.634 0
39.7341 0
39.8342 0
39.9343 0
40.0344 0
40.1345 0
40.2345 0
40.3346 0
40.4347 0
40.5348 0
40.6349 0
40.735 0
40.8351 0
40.9352 0
41.0353 0
41.1354 0
41.2355 0
41.3356 0
41.4357 0
41.5358 0
41.6359 0
41.736 0
41.8361 0
41.9362 0
42.0363 0
42.1364 0
42.2365 0
42.3367 0
42.4368 0
42.5368 0
42.6369 0
42.737 0
42.8371 0
42.9371 0
43.0372 1
43.1373 0
43.2374 1
43.3375 0
43.4376 0
43.5377 2
43.6378 0
43.7379 2
43.838 1
43.9381 1
44.0382 4
44.1382 5
44.2383 9
44.3384 12
44.4385 14
44.5386 19
44.6387 20
44.7387 24
44.8388 26
44.939 28
45.039 32
45.1391 33
45.2392 38
45.3393 40
45.4394 42
45.5394 47
45.6395 48
45.7397 52
45.8397 54
45.9398 57
46.0399 60
46.14 62
46.2401 65
46.3402 67
46.4402 71
46.5403 74
46.6404 76
46.7405 79
46.8406 82
46.9407 85
47.0408 88
47.1408 90
47.2409 94
47.341 96
47.4411 99
47.5412 102
47.6413 105
47.7414 107
47.8415 110
47.9415 113
48.0416 116
48.1418 118
48.2418 121
48.3419 123
48.442 127
48.5421 130
48.6422 132
48.7423 138
48.8424 147
48.9424 155
49.0425 163
49.1426 172
49.2427 181
49.3428 188
49.4429 197
49.543 200
49.6431 200
49.7431 200
49.8432 200
49.9433 200
50.0434 200
50.1435 200
50.2436 200
50.3437 200
50.4437 200
50.5438 200
50.6439 200
50.744 200
50.8441 200
50.9442 200
51.0442 200
51.1443 200
51.2444 200
51.3445 200
51.4446 200
51.5447 200
51.6448 200
51.7449 200
51.8449 200
51.945 200
52.0451 200
52.1452 200
52.2453 200
52.3454 200
52.4455 200
52.5455 200
52.6456 200
52.7457 200
52.8458 200
52.9459 200
53.046 200
53.146 200
53.2461 200
53.3462 200
53.4463 200
53.5464 200
53.6465 200
53.7465 200
53.8466 200
53.9467 200
54.0468 200
54.1469 200
54.247 200
54.3471 200
54.4472 200
54.5473 200
54.6474 200
54.7475 199
54.8476 200
54.9477 200
55.0477 200
55.1478 200
55.2479 199
55.348 200
55.4481 199
55.5481 200
55.6482 200
55.7484 198
55.8485 200
55.9486 199
56.0487 200
56.1488 199
56.2489 196
56.3489 199
56.449 197
56.5491 199
56.6492 198
56.7493 198
56.8494 200
56.9494 198
57.0495 199
57.1496 197
57.2497 196
57.3498 196
57.4498 190
57.5499 192
57.65 187
57.7501 186
57.8502 187
57.9503 183
58.0504 184
58.1505 178
58.2506 177
58.3507 176
58.4508 163
58.5509 152
58.651 135
58.751 123
58.8511 108
58.9512 93
59.0513 82
59.1514 65
59.2515 53
59.3515 38
59.4516 23
59.5517 12
59.6518 0
