3.035e-06 0
0.100402 8
0.20051 21
0.300568 33
0.400686 43
0.500765 55
0.600844 66
0.700922 77
0.801007 87
0.901087 98
1.00117 108
1.10125 120
1.20134 131
1.30142 142
1.4015 153
1.50159 165
1.60167 177
1.70174 187
1.80182 199
1.9019 200
2.00197 200
2.10207 200
2.20216 200
2.30224 200
2.40232 200
2.50238 200
2.60246 200
2.70254 200
2.80261 200
2.90268 200
3.00275 200
3.10284 200
3.20292 200
3.303 200
3.40309 200
3.50318 200
3.60328 200
3.70336 200
3.80343 200
3.9035 200
4.00358 200
4.10366 200
4.20374 200
4.30381 200
4.40388 200
4.50395 200
4.60403 200
4.70411 200
4.80418 200
4.90425 200
5.00433 200
5.10441 200
5.20448 200
5.30456 200
5.40463 200
5.5047 200
5.60478 200
5.70486 200
5.80494 200
5.90502 200
6.0051 199
6.10519 200
6.20529 200
6.30537 200
6.40546 200
6.50554 199
6.60562 200
6.7057 200
6.80578 199
6.90587 200
7.00595 198
7.10603 200
7.20611 200
7.3062 200
7.40629 200
7.50637 198
7.60644 200
7.70658 200
7.80672 200
7.9068 200
8.0069 197
8.10701 200
8.2071 199
8.30718 199
8.40728 200
8.50739 198
8.60747 199
8.70755 200
8.80763 198
8.9077 200
9.0078 197
9.10788 200
9.20796 200
9.30807 198
9.40816 200
9.50826 196
9.60835 199
9.70842 197
9.8085 197
9.90857 199
10.0087 194
10.1087 196
10.2088 194
10.3089 192
10.409 192
10.5091 187
10.6091 190
10.7092 184
10.8093 186
10.9094 181
11.0095 168
11.1095 164
11.2096 153
11.3097 146
11.4098 140
11.5099 126
11.61 123
11.71 111
11.8101 104
11.9102 97
12.0103 84
12.1104 80
12.2105 68
12.3105 44
12.4106 25
12.5107 0
12.6108 0
12.7109 0
12.811 0
12.911 0
13.0111 0
13.1112 0
13.2113 0
13.3114 0
13.4115 0
13.5116 0
13.6117 0
13.7118 0
13.8119 0
13.912 0
14.0121 0
14.1122 0
14.2122 0
14.3124 0
14.4124 0
14.5125 0
14.6126 0
14.7127 0
14.8128 0
14.9129 0
15.0129 0
15.113 0
15.2131 0
15.3132 0
15.4133 0
15.5134 0
15.6135 0
15.7136 0
15.8136 0
15.9137 0
16.0138 0
16.1139 0
16.214 0
16.3141 0
16.4142 0
16.5143 0
16.6144 0
16.7144 0
16.8145 0
16.9146 0
17.0147 0
17.1148 0
17.2149 0
17.315 0
17.4151 0
17.5151 0
17.6152 0
17.7153 0
17.8154 0
17.9155 0
18.0156 0
18.1157 1
18.2158 0
18.3159 0
18.4159 0
18.516 0
18.6161 0
18.7162 0
18.8163 0
18.9163 0
19.0164 0
19.1165 0
19.2166 0
19.3167 0
19.4167 0
19.5168 0
19.6169 0
19.717 0
19.817 0
19.9171 0
20.0172 0
20.1173 1
20.2174 0
20.3174 0
20.4175 1
20.5176 1
20.6177 0
20.7178 0
20.8179 0
20.918 0
21.018 2
21.1181 3
21.2182 6
21.3183 10
21.4184 13
21.5185 15
21.6185 19
21.7186 21
21.8187 24
21.9188 27
22.0189 29
22.119 32
22.2191 35
22.3192 38
22.4192 41
22.5193 43
22.6194 46
22.7195 50
22.8196 52
22.9197 56
23.0198 58
23.1198 60
23.2199 64
23.32 67
23.4201 70
23.5202 72
23.6202 74
23.7203 78
23.8204 80
23.9205 83
24.0206 85
24.1206 87
24.2207 90
24.3208 93
24.4209 97
24.521 99
24.6211 101
24.7211 105
24.8212 107
24.9213 111
25.0214 113
25.1214 116
25.2215 125
25.3216 134
25.4217 143
25.5218 151
25.6219 160
25.722 167
25.8221 176
25.9221 186
26.0222 191
26.1223 196
26.2224 200
26.3225 200
26.4226 200
26.5227 200
26.6228 200
26.7229 200
26.823 200
26.9231 200
27.0231 200
27.1232 200
27.2233 200
27.3234 200
27.4235 200
27.5236 200
27.6236 200
27.7237 200
27.8238 200
27.9239 200
28.024 200
28.1241 200
28.2241 200
28.3242 200
28.4243 200
28.5244 200
28.6245 200
28.7245 200
28.8246 200
28.9247 200
29.0248 200
29.1249 200
29.2249 200
29.325 200
29.4251 200
29.5252 200
29.6253 200
29.7253 200
29.8254 200
29.9255 200
30.0256 200
30.1257 200
30.2258 200
30.3259 200
30.4259 200
30.526 200
30.6261 200
30.7262 200
30.8263 200
30.9264 200
31.0265 200
31.1266 200
31.2266 200
31.3267 200
31.4268 199
31.5269 200
31.627 200
31.7271 199
31.8271 200
31.9272 199
32.0273 198
32.1274 199
32.2275 196
32.3276 199
32.4277 197
32.5278 197
32.6279 199
32.728 197
32.8281 199
32.9282 198
33.0282 197
33.1283 197
33.2284 194
33.3285 192
33.4286 192
33.5286 190
33.6287 191
33.7288 187
33.8289 186
33.929 183
34.0291 181
34.1291 180
34.2292 175
34.3293 174
34.4294 165
34.5295 159
34.6295 149
34.7296 142
34.8297 134
34.9298 122
35.0299 117
35.1299 107
35.23 99
35.3301 92
35.4302 80
35.5303 75
35.6303 65
35.7304 45
35.8305 21
35.9306 0
36.0307 0
36.1308 0
36.2309 0
36.331 0
36.4311 0
36.5312 0
36.6313 0
36.7314 0
36.8314 0
36.9315 0
37.0316 0
37.1317 0
37.2318 0
37.3319 0
37.432 0
37.532 0
37.6321 0
37.7322 0
37.8323 0
37.9324 0
38.0325 0
38.1326 0
38.2326 0
38.3327 0
38.4328 0
38.5329 0
38.633 0
38.7331 0
38.8332 0
38.9332 0
39.0333 0
39.1334 0
39.2335 0
39.3336 0
39.4337 0
39.5337 0
39.6338 0
39.7339 0
39.834 0
39.9341 0
40.0342 0
40.1343 0
40.2344 0
40.3345 0
40.4346 0
40.5347 0
40.6348 0
40.7348 0
40.8349 0
40.935 0
41.0351 0
41.1352 0
41.2352 0
41.3353 0
41.4354 0
41.5355 0
41.6356 0
41.7357 0
41.8358 0
41.9359 0
42.036 0
42.1361 0
42.2362 0
42.3363 0
42.4364 0
42.5365 0
42.6365 0
42.7366 0
42.8367 0
42.9368 0
43.0369 0
43.137 1
43.2371 0
43.3372 1
43.4372 0
43.5373 1
43.6374 1
43.7375 1
43.8376 2
43.9376 3
44.0377 3
44.1378 6
44.2379 8
44.338 13
44.4381 15
44.5382 18
44.6382 21
44.7383 23
44.8384 27
44.9385 29
45.0386 30
45.1387 34
45.2388 37
45.3388 41
45.4389 43
45.539 45
45.6391 49
45.7392 51
45.8392 55
45.9393 57
46.0394 59
46.1395 62
46.2396 64
46.3397 68
46.4397 71
46.5398 73
46.6399 76
46.74 78
46.8401 83
46.9402 85
47.0403 87
47.1404 90
47.2404 93
47.3405 97
47.4406 99
47.5407 101
47.6408 105
47.7409 106
47.8409 111
47.941 113
48.0411 114
48.1412 118
48.2413 120
48.3414 125
48.4414 127
48.5415 130
48.6416 132
48.7417 139
48.8418 147
48.9419 154
49.042 163
49.142 172
49.2421 180
49.3422 188
49.4423 197
49.5424 200
49.6425 200
49.7426 200
49.8427 200
49.9428 200
50.0429 200
50.143 200
50.2431 200
50.3431 200
50.4432 200
50.5433 200
50.6434 200
50.7435 200
50.8436 200
50.9438 200
51.0439 200
51.144 200
51.244 200
51.3441 200
51.4442 200
51.5443 200
51.6444 200
51.7445 200
51.8446 200
51.9447 200
52.0448 200
52.1449 200
52.245 200
52.345 200
52.4451 200
52.5452 200
52.6453 200
52.7454 200
52.8455 200
52.9456 200
53.0457 200
53.1458 200
53.2459 200
53.346 200
53.446 199
53.5461 200
53.6462 200
53.7463 200
53.8464 200
53.9465 200
54.0465 200
54.1467 200
54.2467 200
54.3468 200
54.4469 199
54.547 199
54.6471 199
54.7472 200
54.8473 200
54.9474 200
55.0474 200
55.1475 199
55.2476 200
55.3477 200
55.4478 200
55.5479 200
55.6479 199
55.748 200
55.8481 200
55.9482 199
56.0483 200
56.1484 196
56.2485 198
56.3486 199
56.4487 197
56.5487 199
56.6488 197
56.7489 198
56.849 200
56.9491 198
57.0492 199
57.1493 195
57.2494 197
57.3494 194
57.4495 192
57.5496 193
57.6497 186
57.7498 187
57.8499 186
57.95 185
58.0501 184
58.1501 178
58.2502 177
58.3503 175
58.4504 165
58.5505 152
58.6506 135
58.7507 124
58.8508 109
58.9509 95
59.051 82
59.1511 65
59.2511 54
59.3512 38
59.4513 25
59.5514 12
59.6515 0
